Log file open, 08/30/20 00:17:19
LogInit: Display: Running engine for game: FPSGame
LogPlatformFile: Not using cached read wrapper
LogTaskGraph: Started task graph with 5 named threads and 35 total threads with 3 sets of task threads.
LogStats: Stats thread started at 0.260751
LogD3D11RHI: Loaded GFSDK_Aftermath_Lib.x64.dll
LogICUInternationalization: ICU TimeZone Detection - Raw Offset: -5:00, Platform Override: ''
LogPluginManager: Mounting plugin Paper2D
LogPluginManager: Mounting plugin AISupport
LogPluginManager: Mounting plugin LightPropagationVolume
LogPluginManager: Mounting plugin CameraShakePreviewer
LogPluginManager: Mounting plugin ActorLayerUtilities
LogPluginManager: Mounting plugin AnimationSharing
LogPluginManager: Mounting plugin CLionSourceCodeAccess
LogPluginManager: Mounting plugin CodeLiteSourceCodeAccess
LogPluginManager: Mounting plugin GitSourceControl
LogPluginManager: Mounting plugin KDevelopSourceCodeAccess
LogPluginManager: Mounting plugin NullSourceCodeAccess
LogPluginManager: Mounting plugin PerforceSourceControl
LogPluginManager: Mounting plugin PlasticSourceControl
LogPluginManager: Mounting plugin RiderSourceCodeAccess
LogPluginManager: Mounting plugin SubversionSourceControl
LogPluginManager: Mounting plugin UObjectPlugin
LogPluginManager: Mounting plugin VisualStudioCodeSourceCodeAccess
LogPluginManager: Mounting plugin VisualStudioSourceCodeAccess
LogPluginManager: Mounting plugin XCodeSourceCodeAccess
LogPluginManager: Mounting plugin AssetManagerEditor
LogPluginManager: Mounting plugin CryptoKeys
LogPluginManager: Mounting plugin CurveEditorTools
LogPluginManager: Mounting plugin DataValidation
LogPluginManager: Mounting plugin EditorScriptingUtilities
LogPluginManager: Mounting plugin FacialAnimation
LogPluginManager: Mounting plugin GameplayTagsEditor
LogPluginManager: Mounting plugin GeometryMode
LogPluginManager: Mounting plugin MacGraphicsSwitching
LogPluginManager: Mounting plugin MaterialAnalyzer
LogPluginManager: Mounting plugin MobileLauncherProfileWizard
LogPluginManager: Mounting plugin PluginBrowser
LogPluginManager: Mounting plugin SpeedTreeImporter
LogPluginManager: Mounting plugin DatasmithContent
LogPluginManager: Mounting plugin VariantManagerContent
LogPluginManager: Mounting plugin AlembicImporter
LogPluginManager: Mounting plugin AutomationUtils
LogPluginManager: Mounting plugin BackChannel
LogPluginManager: Mounting plugin ChaosCloth
LogPluginManager: Mounting plugin ChaosClothEditor
LogPluginManager: Mounting plugin ChaosEditor
LogPluginManager: Mounting plugin ChaosNiagara
LogPluginManager: Mounting plugin ChaosSolverPlugin
LogPluginManager: Mounting plugin CharacterAI
LogPluginManager: Mounting plugin GeometryCache
LogPluginManager: Mounting plugin GeometryCollectionPlugin
LogPluginManager: Mounting plugin GeometryProcessing
LogPluginManager: Mounting plugin PlanarCut
LogPluginManager: Mounting plugin PlatformCrypto
LogPluginManager: Mounting plugin ProxyLODPlugin
LogPluginManager: Mounting plugin SkeletalReduction
LogPluginManager: Mounting plugin Niagara
LogPluginManager: Mounting plugin MagicLeap
LogPluginManager: Mounting plugin MagicLeapLightEstimation
LogPluginManager: Mounting plugin MagicLeapMedia
LogPluginManager: Mounting plugin MagicLeapPassableWorld
LogPluginManager: Mounting plugin MLSDK
LogPluginManager: Mounting plugin AndroidMedia
LogPluginManager: Mounting plugin AvfMedia
LogPluginManager: Mounting plugin ImgMedia
LogPluginManager: Mounting plugin MediaCompositing
LogPluginManager: Mounting plugin MediaPlayerEditor
LogPluginManager: Mounting plugin WebMMedia
LogPluginManager: Mounting plugin WmfMedia
LogPluginManager: Mounting plugin MeshPainting
LogPluginManager: Mounting plugin TcpMessaging
LogPluginManager: Mounting plugin UdpMessaging
LogPluginManager: Mounting plugin ActorSequence
LogPluginManager: Mounting plugin LevelSequenceEditor
LogPluginManager: Mounting plugin MatineeToLevelSequence
LogPluginManager: Mounting plugin MovieRenderPipeline
LogPluginManager: Mounting plugin TemplateSequence
LogPluginManager: Mounting plugin NetcodeUnitTest
LogPluginManager: Mounting plugin NUTUnrealEngine4
LogPluginManager: Mounting plugin OnlineSubsystemGooglePlay
LogPluginManager: Mounting plugin OnlineSubsystemIOS
LogPluginManager: Mounting plugin OnlineSubsystem
LogPluginManager: Mounting plugin OnlineSubsystemNull
LogPluginManager: Mounting plugin OnlineSubsystemUtils
LogPluginManager: Mounting plugin LauncherChunkInstaller
LogPluginManager: Mounting plugin AndroidDeviceProfileSelector
LogPluginManager: Mounting plugin AndroidMoviePlayer
LogPluginManager: Mounting plugin AndroidPermission
LogPluginManager: Mounting plugin AppleImageUtils
LogPluginManager: Mounting plugin AppleMoviePlayer
LogPluginManager: Mounting plugin ArchVisCharacter
LogPluginManager: Mounting plugin AssetTags
LogPluginManager: Mounting plugin AudioCapture
LogPluginManager: Mounting plugin CableComponent
LogPluginManager: Mounting plugin CustomMeshComponent
LogPluginManager: Mounting plugin EditableMesh
LogPluginManager: Mounting plugin ExampleDeviceProfileSelector
LogPluginManager: Mounting plugin GoogleCloudMessaging
LogPluginManager: Mounting plugin GooglePAD
LogPluginManager: Mounting plugin IOSDeviceProfileSelector
LogPluginManager: Mounting plugin LinuxDeviceProfileSelector
LogPluginManager: Mounting plugin LocationServicesBPLibrary
LogPluginManager: Mounting plugin MobilePatchingUtils
LogPluginManager: Mounting plugin OculusVR
LogPluginManager: Mounting plugin PhysXVehicles
LogPluginManager: Mounting plugin PostSplashScreen
LogPluginManager: Mounting plugin ProceduralMeshComponent
LogPluginManager: Mounting plugin RuntimePhysXCooking
LogPluginManager: Mounting plugin SignificanceManager
LogPluginManager: Mounting plugin SoundFields
LogPluginManager: Mounting plugin SteamVR
LogPluginManager: Mounting plugin Synthesis
LogPluginManager: Mounting plugin WebMMoviePlayer
LogPluginManager: Mounting plugin WindowsMoviePlayer
LogPluginManager: Mounting plugin ScreenshotTools
LogInit: Using libcurl 7.55.1-DEV
LogInit:  - built for x86_64-pc-win32
LogInit:  - supports SSL with OpenSSL/1.1.1
LogInit:  - supports HTTP deflate (compression) using libz 1.2.8
LogInit:  - other features:
LogInit:      CURL_VERSION_SSL
LogInit:      CURL_VERSION_LIBZ
LogInit:      CURL_VERSION_IPV6
LogInit:      CURL_VERSION_ASYNCHDNS
LogInit:      CURL_VERSION_LARGEFILE
LogInit:      CURL_VERSION_IDN
LogInit:  CurlRequestOptions (configurable via config and command line):
LogInit:  - bVerifyPeer = true  - Libcurl will verify peer certificate
LogInit:  - bUseHttpProxy = false  - Libcurl will NOT use HTTP proxy
LogInit:  - bDontReuseConnections = false  - Libcurl will reuse connections
LogInit:  - MaxHostConnections = 16  - Libcurl will limit the number of connections to a host
LogInit:  - LocalHostAddr = Default
LogInit:  - BufferSize = 65536
LogOnline: OSS: Creating online subsystem instance for: NULL
LogInit: WinSock: version 1.1 (2.2), MaxSocks=32767, MaxUdp=65467
LogOnline: OSS: TryLoadSubsystemAndSetDefault: Loaded subsystem for module [NULL]
LogInit: Build: ++UE4+Release-4.25-CL-13942748
LogInit: Engine Version: 4.25.3-13942748+++UE4+Release-4.25
LogInit: Compatible Engine Version: 4.25.0-13144385+++UE4+Release-4.25
LogInit: Net CL: 13144385
LogInit: OS: Windows 10 (Release 1909) (), CPU: AMD Ryzen 5 3600 6-Core Processor              , GPU: NVIDIA GeForce RTX 2060
LogInit: Compiled (64-bit): Jul 25 2020 02:07:48
LogInit: Compiled with Visual C++: 19.24.28315.00
LogInit: Build Configuration: Development
LogInit: Branch Name: ++UE4+Release-4.25
LogInit: Command Line:  -skipcompile
LogInit: Base Directory: C:/Program Files/Epic Games/UE_4.25/Engine/Binaries/Win64/
LogInit: Allocator: TBB
LogInit: Installed Engine Build: 1
LogDevObjectVersion: Number of dev versions registered: 26
LogDevObjectVersion:   Dev-Blueprints (B0D832E4-1F89-4F0D-ACCF-7EB736FD4AA2): 10
LogDevObjectVersion:   Dev-Build (E1C64328-A22C-4D53-A36C-8E866417BD8C): 0
LogDevObjectVersion:   Dev-Core (375EC13C-06E4-48FB-B500-84F0262A717E): 4
LogDevObjectVersion:   Dev-Editor (E4B068ED-F494-42E9-A231-DA0B2E46BB41): 38
LogDevObjectVersion:   Dev-Framework (CFFC743F-43B0-4480-9391-14DF171D2073): 37
LogDevObjectVersion:   Dev-Mobile (B02B49B5-BB20-44E9-A304-32B752E40360): 2
LogDevObjectVersion:   Dev-Networking (A4E4105C-59A1-49B5-A7C5-40C4547EDFEE): 0
LogDevObjectVersion:   Dev-Online (39C831C9-5AE6-47DC-9A44-9C173E1C8E7C): 0
LogDevObjectVersion:   Dev-Physics (78F01B33-EBEA-4F98-B9B4-84EACCB95AA2): 4
LogDevObjectVersion:   Dev-Platform (6631380F-2D4D-43E0-8009-CF276956A95A): 0
LogDevObjectVersion:   Dev-Rendering (12F88B9F-8875-4AFC-A67C-D90C383ABD29): 43
LogDevObjectVersion:   Dev-Sequencer (7B5AE74C-D270-4C10-A958-57980B212A5A): 12
LogDevObjectVersion:   Dev-VR (D7296918-1DD6-4BDD-9DE2-64A83CC13884): 3
LogDevObjectVersion:   Dev-LoadTimes (C2A15278-BFE7-4AFE-6C17-90FF531DF755): 1
LogDevObjectVersion:   Private-Geometry (6EACA3D4-40EC-4CC1-B786-8BED09428FC5): 3
LogDevObjectVersion:   Dev-AnimPhys (29E575DD-E0A3-4627-9D10-D276232CDCEA): 17
LogDevObjectVersion:   Dev-Anim (AF43A65D-7FD3-4947-9873-3E8ED9C1BB05): 7
LogDevObjectVersion:   Dev-ReflectionCapture (6B266CEC-1EC7-4B8F-A30B-E4D90942FC07): 1
LogDevObjectVersion:   Dev-Automation (0DF73D61-A23F-47EA-B727-89E90C41499A): 1
LogDevObjectVersion:   FortniteMain (601D1886-AC64-4F84-AA16-D3DE0DEAC7D6): 31
LogDevObjectVersion:   Dev-Enterprise (9DFFBCD6-494F-0158-E221-12823C92A888): 10
LogDevObjectVersion:   Dev-Niagara (F2AED0AC-9AFE-416F-8664-AA7FFA26D6FC): 1
LogDevObjectVersion:   Dev-Destruction (174F1F0B-B4C6-45A5-B13F-2EE8D0FB917D): 10
LogDevObjectVersion:   Dev-Physics-Ext (35F94A83-E258-406C-A318-09F59610247C): 37
LogDevObjectVersion:   Dev-PhysicsMaterial-Chaos (B68FC16E-8B1B-42E2-B453-215C058844FE): 1
LogDevObjectVersion:   Dev-CineCamera (B2E18506-4273-CFC2-A54E-F4BB758BBA07): 1
LogInit: Presizing for max 25165824 objects, including 0 objects not considered by GC, pre-allocating 0 bytes for permanent pool.
LogConfig: Applying CVar settings from Section [/Script/Engine.StreamingSettings] File [C:/Users/iylek/Desktop/Unreal/StealthGame/StealthGame_ProjectBase_4.25/StealthGame/Saved/Config/Windows/Engine.ini]
LogConfig: Setting CVar [[s.MinBulkDataSizeForAsyncLoading:131072]]
LogConfig: Setting CVar [[s.AsyncLoadingThreadEnabled:0]]
LogConfig: Setting CVar [[s.EventDrivenLoaderEnabled:1]]
LogConfig: Setting CVar [[s.WarnIfTimeLimitExceeded:0]]
LogConfig: Setting CVar [[s.TimeLimitExceededMultiplier:1.5]]
LogConfig: Setting CVar [[s.TimeLimitExceededMinTime:0.005]]
LogConfig: Setting CVar [[s.UseBackgroundLevelStreaming:1]]
LogConfig: Setting CVar [[s.PriorityAsyncLoadingExtraTime:15.0]]
LogConfig: Setting CVar [[s.LevelStreamingActorsUpdateTimeLimit:5.0]]
LogConfig: Setting CVar [[s.PriorityLevelStreamingActorsUpdateExtraTime:5.0]]
LogConfig: Setting CVar [[s.LevelStreamingComponentsRegistrationGranularity:10]]
LogConfig: Setting CVar [[s.UnregisterComponentsTimeLimit:1.0]]
LogConfig: Setting CVar [[s.LevelStreamingComponentsUnregistrationGranularity:5]]
LogConfig: Setting CVar [[s.FlushStreamingOnExit:1]]
LogInit: Object subsystem initialized
LogConfig: Setting CVar [[con.DebugEarlyDefault:1]]
LogConfig: Setting CVar [[r.setres:1280x720]]
[2020.08.30-04.17.19:687][  0]LogConfig: Setting CVar [[r.VSync:0]]
[2020.08.30-04.17.19:687][  0]LogConfig: Setting CVar [[r.RHICmdBypass:0]]
[2020.08.30-04.17.19:688][  0]LogConfig: Applying CVar settings from Section [/Script/Engine.RendererSettings] File [C:/Users/iylek/Desktop/Unreal/StealthGame/StealthGame_ProjectBase_4.25/StealthGame/Saved/Config/Windows/Engine.ini]
[2020.08.30-04.17.19:688][  0]LogConfig: Setting CVar [[r.GPUCrashDebugging:0]]
[2020.08.30-04.17.19:688][  0]LogConfig: Applying CVar settings from Section [/Script/Engine.RendererOverrideSettings] File [C:/Users/iylek/Desktop/Unreal/StealthGame/StealthGame_ProjectBase_4.25/StealthGame/Saved/Config/Windows/Engine.ini]
[2020.08.30-04.17.19:688][  0]LogConfig: Applying CVar settings from Section [/Script/Engine.StreamingSettings] File [C:/Users/iylek/Desktop/Unreal/StealthGame/StealthGame_ProjectBase_4.25/StealthGame/Saved/Config/Windows/Engine.ini]
[2020.08.30-04.17.19:688][  0]LogConfig: Setting CVar [[s.MinBulkDataSizeForAsyncLoading:131072]]
[2020.08.30-04.17.19:688][  0]LogConfig: Setting CVar [[s.AsyncLoadingThreadEnabled:0]]
[2020.08.30-04.17.19:688][  0]LogConfig: Setting CVar [[s.EventDrivenLoaderEnabled:1]]
[2020.08.30-04.17.19:688][  0]LogConfig: Setting CVar [[s.WarnIfTimeLimitExceeded:0]]
[2020.08.30-04.17.19:688][  0]LogConfig: Setting CVar [[s.TimeLimitExceededMultiplier:1.5]]
[2020.08.30-04.17.19:688][  0]LogConfig: Setting CVar [[s.TimeLimitExceededMinTime:0.005]]
[2020.08.30-04.17.19:688][  0]LogConfig: Setting CVar [[s.UseBackgroundLevelStreaming:1]]
[2020.08.30-04.17.19:688][  0]LogConfig: Setting CVar [[s.PriorityAsyncLoadingExtraTime:15.0]]
[2020.08.30-04.17.19:688][  0]LogConfig: Setting CVar [[s.LevelStreamingActorsUpdateTimeLimit:5.0]]
[2020.08.30-04.17.19:688][  0]LogConfig: Setting CVar [[s.PriorityLevelStreamingActorsUpdateExtraTime:5.0]]
[2020.08.30-04.17.19:688][  0]LogConfig: Setting CVar [[s.LevelStreamingComponentsRegistrationGranularity:10]]
[2020.08.30-04.17.19:688][  0]LogConfig: Setting CVar [[s.UnregisterComponentsTimeLimit:1.0]]
[2020.08.30-04.17.19:688][  0]LogConfig: Setting CVar [[s.LevelStreamingComponentsUnregistrationGranularity:5]]
[2020.08.30-04.17.19:688][  0]LogConfig: Setting CVar [[s.FlushStreamingOnExit:1]]
[2020.08.30-04.17.19:688][  0]LogConfig: Applying CVar settings from Section [/Script/Engine.GarbageCollectionSettings] File [C:/Users/iylek/Desktop/Unreal/StealthGame/StealthGame_ProjectBase_4.25/StealthGame/Saved/Config/Windows/Engine.ini]
[2020.08.30-04.17.19:689][  0]LogConfig: Setting CVar [[gc.MaxObjectsNotConsideredByGC:1]]
[2020.08.30-04.17.19:689][  0]LogConfig: Setting CVar [[gc.SizeOfPermanentObjectPool:0]]
[2020.08.30-04.17.19:689][  0]LogConfig: Setting CVar [[gc.FlushStreamingOnGC:0]]
[2020.08.30-04.17.19:689][  0]LogConfig: Setting CVar [[gc.NumRetriesBeforeForcingGC:10]]
[2020.08.30-04.17.19:689][  0]LogConfig: Setting CVar [[gc.AllowParallelGC:1]]
[2020.08.30-04.17.19:689][  0]LogConfig: Setting CVar [[gc.TimeBetweenPurgingPendingKillObjects:61.1]]
[2020.08.30-04.17.19:689][  0]LogConfig: Setting CVar [[gc.MaxObjectsInEditor:25165824]]
[2020.08.30-04.17.19:689][  0]LogConfig: Setting CVar [[gc.IncrementalBeginDestroyEnabled:1]]
[2020.08.30-04.17.19:689][  0]LogConfig: Setting CVar [[gc.CreateGCClusters:1]]
[2020.08.30-04.17.19:689][  0]LogConfig: Setting CVar [[gc.MinGCClusterSize:5]]
[2020.08.30-04.17.19:689][  0]LogConfig: Setting CVar [[gc.ActorClusteringEnabled:0]]
[2020.08.30-04.17.19:689][  0]LogConfig: Setting CVar [[gc.BlueprintClusteringEnabled:0]]
[2020.08.30-04.17.19:689][  0]LogConfig: Setting CVar [[gc.UseDisregardForGCOnDedicatedServers:0]]
[2020.08.30-04.17.19:689][  0]LogConfig: Applying CVar settings from Section [/Script/Engine.NetworkSettings] File [C:/Users/iylek/Desktop/Unreal/StealthGame/StealthGame_ProjectBase_4.25/StealthGame/Saved/Config/Windows/Engine.ini]
[2020.08.30-04.17.19:689][  0]LogConfig: Applying CVar settings from Section [/Script/UnrealEd.CookerSettings] File [C:/Users/iylek/Desktop/Unreal/StealthGame/StealthGame_ProjectBase_4.25/StealthGame/Saved/Config/Windows/Engine.ini]
[2020.08.30-04.17.19:696][  0]LogConfig: Applying CVar settings from Section [ViewDistanceQuality@3] File [C:/Users/iylek/Desktop/Unreal/StealthGame/StealthGame_ProjectBase_4.25/StealthGame/Saved/Config/Windows/Scalability.ini]
[2020.08.30-04.17.19:696][  0]LogConfig: Setting CVar [[r.SkeletalMeshLODBias:0]]
[2020.08.30-04.17.19:696][  0]LogConfig: Setting CVar [[r.ViewDistanceScale:1.0]]
[2020.08.30-04.17.19:696][  0]LogConfig: Applying CVar settings from Section [AntiAliasingQuality@3] File [C:/Users/iylek/Desktop/Unreal/StealthGame/StealthGame_ProjectBase_4.25/StealthGame/Saved/Config/Windows/Scalability.ini]
[2020.08.30-04.17.19:696][  0]LogConfig: Setting CVar [[r.PostProcessAAQuality:4]]
[2020.08.30-04.17.19:697][  0]LogConfig: Applying CVar settings from Section [ShadowQuality@3] File [C:/Users/iylek/Desktop/Unreal/StealthGame/StealthGame_ProjectBase_4.25/StealthGame/Saved/Config/Windows/Scalability.ini]
[2020.08.30-04.17.19:697][  0]LogConfig: Setting CVar [[r.LightFunctionQuality:1]]
[2020.08.30-04.17.19:697][  0]LogConfig: Setting CVar [[r.ShadowQuality:5]]
[2020.08.30-04.17.19:697][  0]LogConfig: Setting CVar [[r.Shadow.CSM.MaxCascades:10]]
[2020.08.30-04.17.19:697][  0]LogConfig: Setting CVar [[r.Shadow.MaxResolution:2048]]
[2020.08.30-04.17.19:697][  0]LogConfig: Setting CVar [[r.Shadow.MaxCSMResolution:2048]]
[2020.08.30-04.17.19:697][  0]LogConfig: Setting CVar [[r.Shadow.RadiusThreshold:0.01]]
[2020.08.30-04.17.19:697][  0]LogConfig: Setting CVar [[r.Shadow.DistanceScale:1.0]]
[2020.08.30-04.17.19:697][  0]LogConfig: Setting CVar [[r.Shadow.CSM.TransitionScale:1.0]]
[2020.08.30-04.17.19:697][  0]LogConfig: Setting CVar [[r.Shadow.PreShadowResolutionFactor:1.0]]
[2020.08.30-04.17.19:697][  0]LogConfig: Setting CVar [[r.DistanceFieldShadowing:1]]
[2020.08.30-04.17.19:697][  0]LogConfig: Setting CVar [[r.DistanceFieldAO:1]]
[2020.08.30-04.17.19:697][  0]LogConfig: Setting CVar [[r.AOQuality:2]]
[2020.08.30-04.17.19:697][  0]LogConfig: Setting CVar [[r.VolumetricFog:1]]
[2020.08.30-04.17.19:697][  0]LogConfig: Setting CVar [[r.VolumetricFog.GridPixelSize:8]]
[2020.08.30-04.17.19:697][  0]LogConfig: Setting CVar [[r.VolumetricFog.GridSizeZ:128]]
[2020.08.30-04.17.19:697][  0]LogConfig: Setting CVar [[r.VolumetricFog.HistoryMissSupersampleCount:4]]
[2020.08.30-04.17.19:697][  0]LogConfig: Setting CVar [[r.LightMaxDrawDistanceScale:1]]
[2020.08.30-04.17.19:697][  0]LogConfig: Setting CVar [[r.CapsuleShadows:1]]
[2020.08.30-04.17.19:697][  0]LogConfig: Applying CVar settings from Section [PostProcessQuality@3] File [C:/Users/iylek/Desktop/Unreal/StealthGame/StealthGame_ProjectBase_4.25/StealthGame/Saved/Config/Windows/Scalability.ini]
[2020.08.30-04.17.19:698][  0]LogConfig: Setting CVar [[r.MotionBlurQuality:4]]
[2020.08.30-04.17.19:698][  0]LogConfig: Setting CVar [[r.AmbientOcclusionMipLevelFactor:0.4]]
[2020.08.30-04.17.19:698][  0]LogConfig: Setting CVar [[r.AmbientOcclusionMaxQuality:100]]
[2020.08.30-04.17.19:698][  0]LogConfig: Setting CVar [[r.AmbientOcclusionLevels:-1]]
[2020.08.30-04.17.19:698][  0]LogConfig: Setting CVar [[r.AmbientOcclusionRadiusScale:1.0]]
[2020.08.30-04.17.19:698][  0]LogConfig: Setting CVar [[r.DepthOfFieldQuality:2]]
[2020.08.30-04.17.19:698][  0]LogConfig: Setting CVar [[r.RenderTargetPoolMin:400]]
[2020.08.30-04.17.19:698][  0]LogConfig: Setting CVar [[r.LensFlareQuality:2]]
[2020.08.30-04.17.19:698][  0]LogConfig: Setting CVar [[r.SceneColorFringeQuality:1]]
[2020.08.30-04.17.19:698][  0]LogConfig: Setting CVar [[r.EyeAdaptationQuality:2]]
[2020.08.30-04.17.19:698][  0]LogConfig: Setting CVar [[r.BloomQuality:5]]
[2020.08.30-04.17.19:698][  0]LogConfig: Setting CVar [[r.FastBlurThreshold:100]]
[2020.08.30-04.17.19:698][  0]LogConfig: Setting CVar [[r.Upscale.Quality:3]]
[2020.08.30-04.17.19:698][  0]LogConfig: Setting CVar [[r.Tonemapper.GrainQuantization:1]]
[2020.08.30-04.17.19:698][  0]LogConfig: Setting CVar [[r.LightShaftQuality:1]]
[2020.08.30-04.17.19:698][  0]LogConfig: Setting CVar [[r.Filter.SizeScale:1]]
[2020.08.30-04.17.19:698][  0]LogConfig: Setting CVar [[r.Tonemapper.Quality:5]]
[2020.08.30-04.17.19:698][  0]LogConfig: Setting CVar [[r.DOF.Gather.AccumulatorQuality:1        ; higher gathering accumulator quality]]
[2020.08.30-04.17.19:698][  0]LogConfig: Setting CVar [[r.DOF.Gather.PostfilterMethod:1          ; Median3x3 postfilering method]]
[2020.08.30-04.17.19:698][  0]LogConfig: Setting CVar [[r.DOF.Gather.EnableBokehSettings:0       ; no bokeh simulation when gathering]]
[2020.08.30-04.17.19:698][  0]LogConfig: Setting CVar [[r.DOF.Gather.RingCount:4                 ; medium number of samples when gathering]]
[2020.08.30-04.17.19:699][  0]LogConfig: Setting CVar [[r.DOF.Scatter.ForegroundCompositing:1    ; additive foreground scattering]]
[2020.08.30-04.17.19:699][  0]LogConfig: Setting CVar [[r.DOF.Scatter.BackgroundCompositing:2    ; additive background scattering]]
[2020.08.30-04.17.19:699][  0]LogConfig: Setting CVar [[r.DOF.Scatter.EnableBokehSettings:1      ; bokeh simulation when scattering]]
[2020.08.30-04.17.19:699][  0]LogConfig: Setting CVar [[r.DOF.Scatter.MaxSpriteRatio:0.1         ; only a maximum of 10% of scattered bokeh]]
[2020.08.30-04.17.19:699][  0]LogConfig: Setting CVar [[r.DOF.Recombine.Quality:1                ; cheap slight out of focus]]
[2020.08.30-04.17.19:699][  0]LogConfig: Setting CVar [[r.DOF.Recombine.EnableBokehSettings:0    ; no bokeh simulation on slight out of focus]]
[2020.08.30-04.17.19:699][  0]LogConfig: Setting CVar [[r.DOF.TemporalAAQuality:1                ; more stable temporal accumulation]]
[2020.08.30-04.17.19:699][  0]LogConfig: Setting CVar [[r.DOF.Kernel.MaxForegroundRadius:0.025]]
[2020.08.30-04.17.19:699][  0]LogConfig: Setting CVar [[r.DOF.Kernel.MaxBackgroundRadius:0.025]]
[2020.08.30-04.17.19:699][  0]LogConfig: Applying CVar settings from Section [TextureQuality@3] File [C:/Users/iylek/Desktop/Unreal/StealthGame/StealthGame_ProjectBase_4.25/StealthGame/Saved/Config/Windows/Scalability.ini]
[2020.08.30-04.17.19:699][  0]LogConfig: Setting CVar [[r.Streaming.MipBias:0]]
[2020.08.30-04.17.19:699][  0]LogConfig: Setting CVar [[r.Streaming.AmortizeCPUToGPUCopy:0]]
[2020.08.30-04.17.19:699][  0]LogConfig: Setting CVar [[r.Streaming.MaxNumTexturesToStreamPerFrame:0]]
[2020.08.30-04.17.19:699][  0]LogConfig: Setting CVar [[r.Streaming.Boost:1]]
[2020.08.30-04.17.19:699][  0]LogConfig: Setting CVar [[r.MaxAnisotropy:8]]
[2020.08.30-04.17.19:699][  0]LogConfig: Setting CVar [[r.VT.MaxAnisotropy:8]]
[2020.08.30-04.17.19:699][  0]LogConfig: Setting CVar [[r.Streaming.LimitPoolSizeToVRAM:0]]
[2020.08.30-04.17.19:699][  0]LogConfig: Setting CVar [[r.Streaming.PoolSize:1000]]
[2020.08.30-04.17.19:699][  0]LogConfig: Setting CVar [[r.Streaming.MaxEffectiveScreenSize:0]]
[2020.08.30-04.17.19:700][  0]LogConfig: Applying CVar settings from Section [EffectsQuality@3] File [C:/Users/iylek/Desktop/Unreal/StealthGame/StealthGame_ProjectBase_4.25/StealthGame/Saved/Config/Windows/Scalability.ini]
[2020.08.30-04.17.19:700][  0]LogConfig: Setting CVar [[r.TranslucencyLightingVolumeDim:64]]
[2020.08.30-04.17.19:700][  0]LogConfig: Setting CVar [[r.RefractionQuality:2]]
[2020.08.30-04.17.19:700][  0]LogConfig: Setting CVar [[r.SSR.Quality:3]]
[2020.08.30-04.17.19:700][  0]LogConfig: Setting CVar [[r.SSR.HalfResSceneColor:0]]
[2020.08.30-04.17.19:700][  0]LogConfig: Setting CVar [[r.SceneColorFormat:4]]
[2020.08.30-04.17.19:700][  0]LogConfig: Setting CVar [[r.DetailMode:2]]
[2020.08.30-04.17.19:700][  0]LogConfig: Setting CVar [[r.TranslucencyVolumeBlur:1]]
[2020.08.30-04.17.19:700][  0]LogConfig: Setting CVar [[r.MaterialQualityLevel:1 ; High quality]]
[2020.08.30-04.17.19:700][  0]LogConfig: Setting CVar [[r.SSS.Scale:1]]
[2020.08.30-04.17.19:700][  0]LogConfig: Setting CVar [[r.SSS.SampleSet:2]]
[2020.08.30-04.17.19:700][  0]LogConfig: Setting CVar [[r.SSS.Quality:1]]
[2020.08.30-04.17.19:700][  0]LogConfig: Setting CVar [[r.SSS.HalfRes:0]]
[2020.08.30-04.17.19:700][  0]LogConfig: Setting CVar [[r.SSGI.Quality:3]]
[2020.08.30-04.17.19:700][  0]LogConfig: Setting CVar [[r.EmitterSpawnRateScale:1.0]]
[2020.08.30-04.17.19:700][  0]LogConfig: Setting CVar [[r.ParticleLightQuality:2]]
[2020.08.30-04.17.19:700][  0]LogConfig: Setting CVar [[r.SkyAtmosphere.AerialPerspectiveLUT.FastApplyOnOpaque:1 ; Always have FastSkyLUT 1 in this case to avoid wrong sky]]
[2020.08.30-04.17.19:700][  0]LogConfig: Setting CVar [[r.SkyAtmosphere.AerialPerspectiveLUT.SampleCountPerSlice:1]]
[2020.08.30-04.17.19:700][  0]LogConfig: Setting CVar [[r.SkyAtmosphere.AerialPerspectiveLUT.DepthResolution:16.0]]
[2020.08.30-04.17.19:701][  0]LogConfig: Setting CVar [[r.SkyAtmosphere.FastSkyLUT:1]]
[2020.08.30-04.17.19:701][  0]LogConfig: Setting CVar [[r.SkyAtmosphere.FastSkyLUT.SampleCountMin:4.0]]
[2020.08.30-04.17.19:701][  0]LogConfig: Setting CVar [[r.SkyAtmosphere.FastSkyLUT.SampleCountMax:32.0]]
[2020.08.30-04.17.19:701][  0]LogConfig: Setting CVar [[r.SkyAtmosphere.SampleCountMin:4.0]]
[2020.08.30-04.17.19:701][  0]LogConfig: Setting CVar [[r.SkyAtmosphere.SampleCountMax:32.0]]
[2020.08.30-04.17.19:701][  0]LogConfig: Setting CVar [[r.SkyAtmosphere.TransmittanceLUT.UseSmallFormat:0]]
[2020.08.30-04.17.19:701][  0]LogConfig: Setting CVar [[r.SkyAtmosphere.TransmittanceLUT.SampleCount:10.0]]
[2020.08.30-04.17.19:701][  0]LogConfig: Setting CVar [[r.SkyAtmosphere.MultiScatteringLUT.SampleCount:15.0]]
[2020.08.30-04.17.19:701][  0]LogConfig: Applying CVar settings from Section [FoliageQuality@3] File [C:/Users/iylek/Desktop/Unreal/StealthGame/StealthGame_ProjectBase_4.25/StealthGame/Saved/Config/Windows/Scalability.ini]
[2020.08.30-04.17.19:701][  0]LogConfig: Setting CVar [[foliage.DensityScale:1.0]]
[2020.08.30-04.17.19:701][  0]LogConfig: Setting CVar [[grass.DensityScale:1.0]]
[2020.08.30-04.17.19:701][  0]LogConfig: Applying CVar settings from Section [ShadingQuality@3] File [C:/Users/iylek/Desktop/Unreal/StealthGame/StealthGame_ProjectBase_4.25/StealthGame/Saved/Config/Windows/Scalability.ini]
[2020.08.30-04.17.19:701][  0]LogConfig: Setting CVar [[r.HairStrands.SkyLighting.SampleCount:16]]
[2020.08.30-04.17.19:701][  0]LogConfig: Setting CVar [[r.HairStrands.SkyLighting.JitterIntegration:0]]
[2020.08.30-04.17.19:701][  0]LogConfig: Setting CVar [[r.HairStrands.SkyAO.SampleCount:16]]
[2020.08.30-04.17.19:701][  0]LogConfig: Setting CVar [[r.HairStrands.DeepShadow.SuperSampling:0]]
[2020.08.30-04.17.19:701][  0]LogConfig: Setting CVar [[r.HairStrands.VisibilityPPLL:0]]
[2020.08.30-04.17.19:701][  0]LogConfig: Setting CVar [[r.HairStrands.RasterizationScale:0.5]]
[2020.08.30-04.17.19:701][  0]LogConfig: Setting CVar [[r.HairStrands.VelocityRasterizationScale:1]]
[2020.08.30-04.17.19:701][  0]LogInit: Selected Device Profile: [Windows]
[2020.08.30-04.17.19:702][  0]LogInit: Applying CVar settings loaded from the selected device profile: [Windows]
[2020.08.30-04.17.19:702][  0]LogHAL: Display: Platform has ~ 16 GB [17126752256 / 17179869184 / 16], which maps to Larger [LargestMinGB=32, LargerMinGB=12, DefaultMinGB=8, SmallerMinGB=6, SmallestMinGB=0)
[2020.08.30-04.17.19:702][  0]LogInit: Going up to parent DeviceProfile []
[2020.08.30-04.17.19:702][  0]LogConfig: Applying CVar settings from Section [ViewDistanceQuality@3] File [C:/Users/iylek/Desktop/Unreal/StealthGame/StealthGame_ProjectBase_4.25/StealthGame/Saved/Config/Windows/Scalability.ini]
[2020.08.30-04.17.19:702][  0]LogConfig: Setting CVar [[r.SkeletalMeshLODBias:0]]
[2020.08.30-04.17.19:702][  0]LogConfig: Setting CVar [[r.ViewDistanceScale:1.0]]
[2020.08.30-04.17.19:702][  0]LogConfig: Applying CVar settings from Section [AntiAliasingQuality@3] File [C:/Users/iylek/Desktop/Unreal/StealthGame/StealthGame_ProjectBase_4.25/StealthGame/Saved/Config/Windows/Scalability.ini]
[2020.08.30-04.17.19:702][  0]LogConfig: Setting CVar [[r.PostProcessAAQuality:4]]
[2020.08.30-04.17.19:702][  0]LogConfig: Applying CVar settings from Section [ShadowQuality@3] File [C:/Users/iylek/Desktop/Unreal/StealthGame/StealthGame_ProjectBase_4.25/StealthGame/Saved/Config/Windows/Scalability.ini]
[2020.08.30-04.17.19:702][  0]LogConfig: Setting CVar [[r.LightFunctionQuality:1]]
[2020.08.30-04.17.19:702][  0]LogConfig: Setting CVar [[r.ShadowQuality:5]]
[2020.08.30-04.17.19:702][  0]LogConfig: Setting CVar [[r.Shadow.CSM.MaxCascades:10]]
[2020.08.30-04.17.19:702][  0]LogConfig: Setting CVar [[r.Shadow.MaxResolution:2048]]
[2020.08.30-04.17.19:702][  0]LogConfig: Setting CVar [[r.Shadow.MaxCSMResolution:2048]]
[2020.08.30-04.17.19:702][  0]LogConfig: Setting CVar [[r.Shadow.RadiusThreshold:0.01]]
[2020.08.30-04.17.19:702][  0]LogConfig: Setting CVar [[r.Shadow.DistanceScale:1.0]]
[2020.08.30-04.17.19:702][  0]LogConfig: Setting CVar [[r.Shadow.CSM.TransitionScale:1.0]]
[2020.08.30-04.17.19:703][  0]LogConfig: Setting CVar [[r.Shadow.PreShadowResolutionFactor:1.0]]
[2020.08.30-04.17.19:703][  0]LogConfig: Setting CVar [[r.DistanceFieldShadowing:1]]
[2020.08.30-04.17.19:703][  0]LogConfig: Setting CVar [[r.DistanceFieldAO:1]]
[2020.08.30-04.17.19:703][  0]LogConfig: Setting CVar [[r.AOQuality:2]]
[2020.08.30-04.17.19:703][  0]LogConfig: Setting CVar [[r.VolumetricFog:1]]
[2020.08.30-04.17.19:703][  0]LogConfig: Setting CVar [[r.VolumetricFog.GridPixelSize:8]]
[2020.08.30-04.17.19:703][  0]LogConfig: Setting CVar [[r.VolumetricFog.GridSizeZ:128]]
[2020.08.30-04.17.19:703][  0]LogConfig: Setting CVar [[r.VolumetricFog.HistoryMissSupersampleCount:4]]
[2020.08.30-04.17.19:703][  0]LogConfig: Setting CVar [[r.LightMaxDrawDistanceScale:1]]
[2020.08.30-04.17.19:703][  0]LogConfig: Setting CVar [[r.CapsuleShadows:1]]
[2020.08.30-04.17.19:703][  0]LogConfig: Applying CVar settings from Section [PostProcessQuality@3] File [C:/Users/iylek/Desktop/Unreal/StealthGame/StealthGame_ProjectBase_4.25/StealthGame/Saved/Config/Windows/Scalability.ini]
[2020.08.30-04.17.19:703][  0]LogConfig: Setting CVar [[r.MotionBlurQuality:4]]
[2020.08.30-04.17.19:703][  0]LogConfig: Setting CVar [[r.AmbientOcclusionMipLevelFactor:0.4]]
[2020.08.30-04.17.19:703][  0]LogConfig: Setting CVar [[r.AmbientOcclusionMaxQuality:100]]
[2020.08.30-04.17.19:703][  0]LogConfig: Setting CVar [[r.AmbientOcclusionLevels:-1]]
[2020.08.30-04.17.19:703][  0]LogConfig: Setting CVar [[r.AmbientOcclusionRadiusScale:1.0]]
[2020.08.30-04.17.19:703][  0]LogConfig: Setting CVar [[r.DepthOfFieldQuality:2]]
[2020.08.30-04.17.19:703][  0]LogConfig: Setting CVar [[r.RenderTargetPoolMin:400]]
[2020.08.30-04.17.19:703][  0]LogConfig: Setting CVar [[r.LensFlareQuality:2]]
[2020.08.30-04.17.19:703][  0]LogConfig: Setting CVar [[r.SceneColorFringeQuality:1]]
[2020.08.30-04.17.19:703][  0]LogConfig: Setting CVar [[r.EyeAdaptationQuality:2]]
[2020.08.30-04.17.19:703][  0]LogConfig: Setting CVar [[r.BloomQuality:5]]
[2020.08.30-04.17.19:704][  0]LogConfig: Setting CVar [[r.FastBlurThreshold:100]]
[2020.08.30-04.17.19:704][  0]LogConfig: Setting CVar [[r.Upscale.Quality:3]]
[2020.08.30-04.17.19:704][  0]LogConfig: Setting CVar [[r.Tonemapper.GrainQuantization:1]]
[2020.08.30-04.17.19:704][  0]LogConfig: Setting CVar [[r.LightShaftQuality:1]]
[2020.08.30-04.17.19:704][  0]LogConfig: Setting CVar [[r.Filter.SizeScale:1]]
[2020.08.30-04.17.19:704][  0]LogConfig: Setting CVar [[r.Tonemapper.Quality:5]]
[2020.08.30-04.17.19:704][  0]LogConfig: Setting CVar [[r.DOF.Gather.AccumulatorQuality:1        ; higher gathering accumulator quality]]
[2020.08.30-04.17.19:704][  0]LogConfig: Setting CVar [[r.DOF.Gather.PostfilterMethod:1          ; Median3x3 postfilering method]]
[2020.08.30-04.17.19:704][  0]LogConfig: Setting CVar [[r.DOF.Gather.EnableBokehSettings:0       ; no bokeh simulation when gathering]]
[2020.08.30-04.17.19:704][  0]LogConfig: Setting CVar [[r.DOF.Gather.RingCount:4                 ; medium number of samples when gathering]]
[2020.08.30-04.17.19:704][  0]LogConfig: Setting CVar [[r.DOF.Scatter.ForegroundCompositing:1    ; additive foreground scattering]]
[2020.08.30-04.17.19:704][  0]LogConfig: Setting CVar [[r.DOF.Scatter.BackgroundCompositing:2    ; additive background scattering]]
[2020.08.30-04.17.19:704][  0]LogConfig: Setting CVar [[r.DOF.Scatter.EnableBokehSettings:1      ; bokeh simulation when scattering]]
[2020.08.30-04.17.19:704][  0]LogConfig: Setting CVar [[r.DOF.Scatter.MaxSpriteRatio:0.1         ; only a maximum of 10% of scattered bokeh]]
[2020.08.30-04.17.19:704][  0]LogConfig: Setting CVar [[r.DOF.Recombine.Quality:1                ; cheap slight out of focus]]
[2020.08.30-04.17.19:704][  0]LogConfig: Setting CVar [[r.DOF.Recombine.EnableBokehSettings:0    ; no bokeh simulation on slight out of focus]]
[2020.08.30-04.17.19:704][  0]LogConfig: Setting CVar [[r.DOF.TemporalAAQuality:1                ; more stable temporal accumulation]]
[2020.08.30-04.17.19:704][  0]LogConfig: Setting CVar [[r.DOF.Kernel.MaxForegroundRadius:0.025]]
[2020.08.30-04.17.19:705][  0]LogConfig: Setting CVar [[r.DOF.Kernel.MaxBackgroundRadius:0.025]]
[2020.08.30-04.17.19:705][  0]LogConfig: Applying CVar settings from Section [TextureQuality@3] File [C:/Users/iylek/Desktop/Unreal/StealthGame/StealthGame_ProjectBase_4.25/StealthGame/Saved/Config/Windows/Scalability.ini]
[2020.08.30-04.17.19:705][  0]LogConfig: Setting CVar [[r.Streaming.MipBias:0]]
[2020.08.30-04.17.19:705][  0]LogConfig: Setting CVar [[r.Streaming.AmortizeCPUToGPUCopy:0]]
[2020.08.30-04.17.19:705][  0]LogConfig: Setting CVar [[r.Streaming.MaxNumTexturesToStreamPerFrame:0]]
[2020.08.30-04.17.19:705][  0]LogConfig: Setting CVar [[r.Streaming.Boost:1]]
[2020.08.30-04.17.19:705][  0]LogConfig: Setting CVar [[r.MaxAnisotropy:8]]
[2020.08.30-04.17.19:705][  0]LogConfig: Setting CVar [[r.VT.MaxAnisotropy:8]]
[2020.08.30-04.17.19:705][  0]LogConfig: Setting CVar [[r.Streaming.LimitPoolSizeToVRAM:0]]
[2020.08.30-04.17.19:705][  0]LogConfig: Setting CVar [[r.Streaming.PoolSize:1000]]
[2020.08.30-04.17.19:705][  0]LogConfig: Setting CVar [[r.Streaming.MaxEffectiveScreenSize:0]]
[2020.08.30-04.17.19:705][  0]LogConfig: Applying CVar settings from Section [EffectsQuality@3] File [C:/Users/iylek/Desktop/Unreal/StealthGame/StealthGame_ProjectBase_4.25/StealthGame/Saved/Config/Windows/Scalability.ini]
[2020.08.30-04.17.19:705][  0]LogConfig: Setting CVar [[r.TranslucencyLightingVolumeDim:64]]
[2020.08.30-04.17.19:705][  0]LogConfig: Setting CVar [[r.RefractionQuality:2]]
[2020.08.30-04.17.19:705][  0]LogConfig: Setting CVar [[r.SSR.Quality:3]]
[2020.08.30-04.17.19:705][  0]LogConfig: Setting CVar [[r.SSR.HalfResSceneColor:0]]
[2020.08.30-04.17.19:705][  0]LogConfig: Setting CVar [[r.SceneColorFormat:4]]
[2020.08.30-04.17.19:705][  0]LogConfig: Setting CVar [[r.DetailMode:2]]
[2020.08.30-04.17.19:705][  0]LogConfig: Setting CVar [[r.TranslucencyVolumeBlur:1]]
[2020.08.30-04.17.19:705][  0]LogConfig: Setting CVar [[r.MaterialQualityLevel:1 ; High quality]]
[2020.08.30-04.17.19:706][  0]LogConfig: Setting CVar [[r.SSS.Scale:1]]
[2020.08.30-04.17.19:706][  0]LogConfig: Setting CVar [[r.SSS.SampleSet:2]]
[2020.08.30-04.17.19:706][  0]LogConfig: Setting CVar [[r.SSS.Quality:1]]
[2020.08.30-04.17.19:706][  0]LogConfig: Setting CVar [[r.SSS.HalfRes:0]]
[2020.08.30-04.17.19:706][  0]LogConfig: Setting CVar [[r.SSGI.Quality:3]]
[2020.08.30-04.17.19:706][  0]LogConfig: Setting CVar [[r.EmitterSpawnRateScale:1.0]]
[2020.08.30-04.17.19:706][  0]LogConfig: Setting CVar [[r.ParticleLightQuality:2]]
[2020.08.30-04.17.19:706][  0]LogConfig: Setting CVar [[r.SkyAtmosphere.AerialPerspectiveLUT.FastApplyOnOpaque:1 ; Always have FastSkyLUT 1 in this case to avoid wrong sky]]
[2020.08.30-04.17.19:706][  0]LogConfig: Setting CVar [[r.SkyAtmosphere.AerialPerspectiveLUT.SampleCountPerSlice:1]]
[2020.08.30-04.17.19:706][  0]LogConfig: Setting CVar [[r.SkyAtmosphere.AerialPerspectiveLUT.DepthResolution:16.0]]
[2020.08.30-04.17.19:706][  0]LogConfig: Setting CVar [[r.SkyAtmosphere.FastSkyLUT:1]]
[2020.08.30-04.17.19:706][  0]LogConfig: Setting CVar [[r.SkyAtmosphere.FastSkyLUT.SampleCountMin:4.0]]
[2020.08.30-04.17.19:706][  0]LogConfig: Setting CVar [[r.SkyAtmosphere.FastSkyLUT.SampleCountMax:32.0]]
[2020.08.30-04.17.19:706][  0]LogConfig: Setting CVar [[r.SkyAtmosphere.SampleCountMin:4.0]]
[2020.08.30-04.17.19:706][  0]LogConfig: Setting CVar [[r.SkyAtmosphere.SampleCountMax:32.0]]
[2020.08.30-04.17.19:706][  0]LogConfig: Setting CVar [[r.SkyAtmosphere.TransmittanceLUT.UseSmallFormat:0]]
[2020.08.30-04.17.19:706][  0]LogConfig: Setting CVar [[r.SkyAtmosphere.TransmittanceLUT.SampleCount:10.0]]
[2020.08.30-04.17.19:706][  0]LogConfig: Setting CVar [[r.SkyAtmosphere.MultiScatteringLUT.SampleCount:15.0]]
[2020.08.30-04.17.19:707][  0]LogConfig: Applying CVar settings from Section [FoliageQuality@3] File [C:/Users/iylek/Desktop/Unreal/StealthGame/StealthGame_ProjectBase_4.25/StealthGame/Saved/Config/Windows/Scalability.ini]
[2020.08.30-04.17.19:707][  0]LogConfig: Setting CVar [[foliage.DensityScale:1.0]]
[2020.08.30-04.17.19:707][  0]LogConfig: Setting CVar [[grass.DensityScale:1.0]]
[2020.08.30-04.17.19:707][  0]LogConfig: Applying CVar settings from Section [ShadingQuality@3] File [C:/Users/iylek/Desktop/Unreal/StealthGame/StealthGame_ProjectBase_4.25/StealthGame/Saved/Config/Windows/Scalability.ini]
[2020.08.30-04.17.19:707][  0]LogConfig: Setting CVar [[r.HairStrands.SkyLighting.SampleCount:16]]
[2020.08.30-04.17.19:707][  0]LogConfig: Setting CVar [[r.HairStrands.SkyLighting.JitterIntegration:0]]
[2020.08.30-04.17.19:707][  0]LogConfig: Setting CVar [[r.HairStrands.SkyAO.SampleCount:16]]
[2020.08.30-04.17.19:707][  0]LogConfig: Setting CVar [[r.HairStrands.DeepShadow.SuperSampling:0]]
[2020.08.30-04.17.19:707][  0]LogConfig: Setting CVar [[r.HairStrands.VisibilityPPLL:0]]
[2020.08.30-04.17.19:707][  0]LogConfig: Setting CVar [[r.HairStrands.RasterizationScale:0.5]]
[2020.08.30-04.17.19:707][  0]LogConfig: Setting CVar [[r.HairStrands.VelocityRasterizationScale:1]]
[2020.08.30-04.17.19:707][  0]LogConfig: Applying CVar settings from Section [Startup] File [../../../Engine/Config/ConsoleVariables.ini]
[2020.08.30-04.17.19:707][  0]LogConfig: Setting CVar [[net.UseAdaptiveNetUpdateFrequency:0]]
[2020.08.30-04.17.19:708][  0]LogConfig: Setting CVar [[p.chaos.AllowCreatePhysxBodies:1]]
[2020.08.30-04.17.19:708][  0]LogConfig: Setting CVar [[fx.SkipVectorVMBackendOptimizations:1]]
[2020.08.30-04.17.19:708][  0]LogConfig: Applying CVar settings from Section [ConsoleVariables] File [C:/Users/iylek/Desktop/Unreal/StealthGame/StealthGame_ProjectBase_4.25/StealthGame/Saved/Config/Windows/Engine.ini]
[2020.08.30-04.17.19:708][  0]LogInit: Computer: DESKTOP-AOUSEP6
[2020.08.30-04.17.19:708][  0]LogInit: User: iylek
[2020.08.30-04.17.19:708][  0]LogInit: CPU Page size=4096, Cores=6
[2020.08.30-04.17.19:708][  0]LogInit: High frequency timer resolution =10.000000 MHz
[2020.08.30-04.17.19:708][  0]LogMemory: Memory total: Physical=16.0GB (16GB approx)
[2020.08.30-04.17.19:708][  0]LogMemory: Platform Memory Stats for Windows
[2020.08.30-04.17.19:708][  0]LogMemory: Process Physical Memory: 115.44 MB used, 115.44 MB peak
[2020.08.30-04.17.19:708][  0]LogMemory: Process Virtual Memory: 99.17 MB used, 99.17 MB peak
[2020.08.30-04.17.19:708][  0]LogMemory: Physical Memory: 8932.97 MB used,  7400.37 MB free, 16333.34 MB total
[2020.08.30-04.17.19:708][  0]LogMemory: Virtual Memory: 5166.95 MB used,  134212560.00 MB free, 134217728.00 MB total
[2020.08.30-04.17.19:718][  0]LogWindows: WindowsPlatformFeatures enabled
[2020.08.30-04.17.19:921][  0]LogInit: Physics initialised using underlying interface: PhysX
[2020.08.30-04.17.19:922][  0]LogInit: Using OS detected language (en-US).
[2020.08.30-04.17.19:922][  0]LogInit: Using OS detected locale (en-CA).
[2020.08.30-04.17.19:925][  0]LogTextLocalizationManager: No specific localization for 'en-US' exists, so the 'en' localization will be used.
[2020.08.30-04.17.20:114][  0]LogInit: Setting process to per monitor DPI aware
[2020.08.30-04.17.20:175][  0]LogSlate: New Slate User Created.  User Index 0, Is Virtual User: 0
[2020.08.30-04.17.20:175][  0]LogSlate: Slate User Registered.  User Index 0, Is Virtual User: 0
[2020.08.30-04.17.20:312][  0]LogHMD: Failed to initialize OpenVR with code 110
[2020.08.30-04.17.20:312][  0]LogD3D11RHI: D3D11 min allowed feature level: 11_0
[2020.08.30-04.17.20:312][  0]LogD3D11RHI: D3D11 max allowed feature level: 11_0
[2020.08.30-04.17.20:312][  0]LogD3D11RHI: D3D11 adapters:
[2020.08.30-04.17.20:407][  0]LogD3D11RHI:    0. 'NVIDIA GeForce RTX 2060' (Feature Level 11_0)
[2020.08.30-04.17.20:407][  0]LogD3D11RHI:       5980/0/8166 MB DedicatedVideo/DedicatedSystem/SharedSystem, Outputs:2, VendorId:0x10de
[2020.08.30-04.17.20:413][  0]LogD3D11RHI:    1. 'Microsoft Basic Render Driver' (Feature Level 11_0)
[2020.08.30-04.17.20:413][  0]LogD3D11RHI:       0/0/8166 MB DedicatedVideo/DedicatedSystem/SharedSystem, Outputs:0, VendorId:0x1414
[2020.08.30-04.17.20:413][  0]LogD3D11RHI: Chosen D3D11 Adapter: 0
[2020.08.30-04.17.20:422][  0]LogD3D11RHI: Creating new Direct3DDevice
[2020.08.30-04.17.20:422][  0]LogD3D11RHI:     GPU DeviceId: 0x1f08 (for the marketing name, search the web for "GPU Device Id")
[2020.08.30-04.17.20:423][  0]LogWindows: EnumDisplayDevices:
[2020.08.30-04.17.20:423][  0]LogWindows:    0. 'NVIDIA GeForce RTX 2060' (P:1 D:1)
[2020.08.30-04.17.20:423][  0]LogWindows:    1. 'NVIDIA GeForce RTX 2060' (P:0 D:1)
[2020.08.30-04.17.20:423][  0]LogWindows:    2. 'NVIDIA GeForce RTX 2060' (P:0 D:0)
[2020.08.30-04.17.20:424][  0]LogWindows:    3. 'NVIDIA GeForce RTX 2060' (P:0 D:0)
[2020.08.30-04.17.20:424][  0]LogWindows: DebugString: FoundDriverCount:4 
[2020.08.30-04.17.20:424][  0]LogD3D11RHI:     Adapter Name: NVIDIA GeForce RTX 2060
[2020.08.30-04.17.20:424][  0]LogD3D11RHI:   Driver Version: 452.06 (internal:27.21.14.5206, unified:452.06)
[2020.08.30-04.17.20:424][  0]LogD3D11RHI:      Driver Date: 8-12-2020
[2020.08.30-04.17.20:424][  0]LogRHI: Texture pool is 4186 MB (70% of 5980 MB)
[2020.08.30-04.17.20:490][  0]LogD3D11RHI: RHI has support for 64 bit atomics
[2020.08.30-04.17.20:492][  0]LogD3D11RHI: [Aftermath] Enabled and primed
[2020.08.30-04.17.20:493][  0]LogD3D11RHI: Async texture creation enabled
[2020.08.30-04.17.20:493][  0]LogD3D11RHI: Array index from any shader is supported
[2020.08.30-04.17.20:529][  0]LogD3D11RHI: GPU Timing Frequency: 1000.000000 (Debug: 2 1)
[2020.08.30-04.17.20:821][  0]LogTargetPlatformManager: Display: Loaded TargetPlatform 'AllDesktop'
[2020.08.30-04.17.20:848][  0]LogTargetPlatformManager: Display: Loaded TargetPlatform 'Android'
[2020.08.30-04.17.20:848][  0]LogTargetPlatformManager: Display: Loaded TargetPlatform 'Android_ASTC'
[2020.08.30-04.17.20:848][  0]LogTargetPlatformManager: Display: Loaded TargetPlatform 'Android_DXT'
[2020.08.30-04.17.20:848][  0]LogTargetPlatformManager: Display: Loaded TargetPlatform 'Android_ETC2'
[2020.08.30-04.17.20:848][  0]LogTargetPlatformManager: Display: Loaded TargetPlatform 'AndroidClient'
[2020.08.30-04.17.20:849][  0]LogTargetPlatformManager: Display: Loaded TargetPlatform 'Android_ASTCClient'
[2020.08.30-04.17.20:849][  0]LogTargetPlatformManager: Display: Loaded TargetPlatform 'Android_DXTClient'
[2020.08.30-04.17.20:849][  0]LogTargetPlatformManager: Display: Loaded TargetPlatform 'Android_ETC2Client'
[2020.08.30-04.17.20:849][  0]LogTargetPlatformManager: Display: Loaded TargetPlatform 'Android_Multi'
[2020.08.30-04.17.20:849][  0]LogTargetPlatformManager: Display: Loaded TargetPlatform 'Android_MultiClient'
[2020.08.30-04.17.20:884][  0]LogTargetPlatformManager: Display: Loaded TargetPlatform 'IOSClient'
[2020.08.30-04.17.20:884][  0]LogTargetPlatformManager: Display: Loaded TargetPlatform 'IOS'
[2020.08.30-04.17.20:897][  0]LogTargetPlatformManager: Display: Loaded TargetPlatform 'Linux'
[2020.08.30-04.17.20:909][  0]LogTargetPlatformManager: Display: Loaded TargetPlatform 'LinuxNoEditor'
[2020.08.30-04.17.20:921][  0]LogTargetPlatformManager: Display: Loaded TargetPlatform 'LinuxClient'
[2020.08.30-04.17.20:934][  0]LogTargetPlatformManager: Display: Loaded TargetPlatform 'LinuxServer'
[2020.08.30-04.17.20:947][  0]LogTargetPlatformManager: Display: Loaded TargetPlatform 'LinuxAArch64NoEditor'
[2020.08.30-04.17.20:958][  0]LogTargetPlatformManager: Display: Loaded TargetPlatform 'LinuxAArch64Client'
[2020.08.30-04.17.20:969][  0]LogTargetPlatformManager: Display: Loaded TargetPlatform 'LinuxAArch64Server'
[2020.08.30-04.17.21:000][  0]LogTargetPlatformManager: Display: Loaded TargetPlatform 'Lumin'
[2020.08.30-04.17.21:000][  0]LogTargetPlatformManager: Display: Loaded TargetPlatform 'LuminClient'
[2020.08.30-04.17.21:020][  0]LogTargetPlatformManager: Display: Loaded TargetPlatform 'TVOSClient'
[2020.08.30-04.17.21:020][  0]LogTargetPlatformManager: Display: Loaded TargetPlatform 'TVOS'
[2020.08.30-04.17.21:032][  0]LogTargetPlatformManager: Display: Loaded TargetPlatform 'WindowsNoEditor'
[2020.08.30-04.17.21:046][  0]LogTargetPlatformManager: Display: Loaded TargetPlatform 'Windows'
[2020.08.30-04.17.21:059][  0]LogTargetPlatformManager: Display: Loaded TargetPlatform 'WindowsClient'
[2020.08.30-04.17.21:072][  0]LogTargetPlatformManager: Display: Loaded TargetPlatform 'WindowsServer'
[2020.08.30-04.17.21:073][  0]LogTargetPlatformManager: Display: Building Assets For Windows
[2020.08.30-04.17.21:094][  0]LogAudioDebug: Display: Lib vorbis DLL was dynamically loaded.
[2020.08.30-04.17.21:215][  0]LogShaderCompilers: Guid format shader working directory is -52 characters bigger than the processId version (../../../../../../Users/iylek/Desktop/Unreal/StealthGame/StealthGame_ProjectBase_4.25/StealthGame/Intermediate/Shaders/WorkingDirectory/14900/).
[2020.08.30-04.17.21:215][  0]LogShaderCompilers: Cleaned the shader compiler working directory 'C:/Users/iylek/AppData/Local/Temp/UnrealShaderWorkingDir/9D44298E4EF72B1140B515B060E66C53/'.
[2020.08.30-04.17.21:216][  0]LogXGEController: Cleaning working directory: C:/Users/iylek/AppData/Local/Temp/UnrealXGEWorkingDir/
[2020.08.30-04.17.21:216][  0]LogXGEController: Cannot use XGE Controller as Incredibuild is not installed on this machine.
[2020.08.30-04.17.21:216][  0]LogShaderCompilers: Cannot use XGE Shader Compiler as Incredibuild is not installed on this machine.
[2020.08.30-04.17.21:216][  0]LogShaderCompilers: Display: Using Local Shader Compiler.
[2020.08.30-04.17.21:968][  0]LogDerivedDataCache: Display: Max Cache Size: 512 MB
[2020.08.30-04.17.22:012][  0]LogDerivedDataCache: Loaded boot cache 0.04s 77MB C:/Users/iylek/AppData/Local/UnrealEngine/4.25/DerivedDataCache/Boot.ddc.
[2020.08.30-04.17.22:012][  0]LogDerivedDataCache: Display: Loaded Boot cache: C:/Users/iylek/AppData/Local/UnrealEngine/4.25/DerivedDataCache/Boot.ddc
[2020.08.30-04.17.22:012][  0]LogDerivedDataCache: FDerivedDataBackendGraph:  Pak pak cache file ../../../../../../Users/iylek/Desktop/Unreal/StealthGame/StealthGame_ProjectBase_4.25/StealthGame/DerivedDataCache/DDC.ddp not found, will not use a pak cache.
[2020.08.30-04.17.22:012][  0]LogDerivedDataCache: Unable to find inner node Pak for hierarchical cache Hierarchy.
[2020.08.30-04.17.22:013][  0]LogDerivedDataCache: FDerivedDataBackendGraph:  CompressedPak pak cache file ../../../../../../Users/iylek/Desktop/Unreal/StealthGame/StealthGame_ProjectBase_4.25/StealthGame/DerivedDataCache/Compressed.ddp not found, will not use a pak cache.
[2020.08.30-04.17.22:013][  0]LogDerivedDataCache: Unable to find inner node CompressedPak for hierarchical cache Hierarchy.
[2020.08.30-04.17.22:023][  0]LogDerivedDataCache: Display: Pak cache opened for reading ../../../Engine/DerivedDataCache/Compressed.ddp.
[2020.08.30-04.17.22:024][  0]LogDerivedDataCache: FDerivedDataBackendGraph:  EnterprisePak pak cache file ../../../Enterprise/DerivedDataCache/Compressed.ddp not found, will not use a pak cache.
[2020.08.30-04.17.22:024][  0]LogDerivedDataCache: Unable to find inner node EnterprisePak for hierarchical cache Hierarchy.
[2020.08.30-04.17.22:026][  0]LogDerivedDataCache: Using Local data cache path C:/Users/iylek/AppData/Local/UnrealEngine/Common/DerivedDataCache: Writable
[2020.08.30-04.17.22:026][  0]LogDerivedDataCache: Shared data cache path not found in *engine.ini, will not use an Shared cache.
[2020.08.30-04.17.22:026][  0]LogDerivedDataCache: Unable to find inner node Shared for hierarchical cache Hierarchy.
[2020.08.30-04.17.22:076][  0]LogSlate: Using FreeType 2.10.0
[2020.08.30-04.17.22:076][  0]LogSlate: SlateFontServices - WITH_FREETYPE: 1, WITH_HARFBUZZ: 1
[2020.08.30-04.17.22:104][  0]LogAssetRegistry: FAssetRegistry took 0.0057 seconds to start up
[2020.08.30-04.17.22:358][  0]LogInit: Selected Device Profile: [Windows]
[2020.08.30-04.17.22:496][  0]LogMeshReduction: Using QuadricMeshReduction for automatic static mesh reduction
[2020.08.30-04.17.22:496][  0]LogMeshReduction: Using SimplygonMeshReduction for automatic skeletal mesh reduction
[2020.08.30-04.17.22:497][  0]LogMeshReduction: Using ProxyLODMeshReduction for automatic mesh merging
[2020.08.30-04.17.22:497][  0]LogMeshReduction: No distributed automatic mesh merging module available
[2020.08.30-04.17.22:497][  0]LogMeshMerging: No distributed automatic mesh merging module available
[2020.08.30-04.17.22:516][  0]LogNetVersion: FPSGame 1.0.0, NetCL: 13144385, EngineNetVer: 14, GameNetVer: 0 (Checksum: 1304077534)
[2020.08.30-04.17.22:911][  0]LogAISub: UAISubsystem::UAISubsystem AISubsystem (000001AFE8A20380), frame # 0
[2020.08.30-04.17.22:911][  0]LogAISub: UAISubsystem::UAISubsystem AIPerceptionSystem (000001AFE894B740), frame # 0
[2020.08.30-04.17.22:913][  0]LogAISub: UAISubsystem::UAISubsystem EnvQueryManager (000001AFE89A9E00), frame # 0
[2020.08.30-04.17.23:008][  0]LogPackageLocalizationCache: Processed 19 localized package path(s) for 1 prioritized culture(s) in 0.087416 seconds
[2020.08.30-04.17.23:014][  0]LogUObjectArray: 15917 objects as part of root set at end of initial load.
[2020.08.30-04.17.23:014][  0]LogUObjectAllocator: 3965568 out of 0 bytes used by permanent object pool.
[2020.08.30-04.17.23:014][  0]LogUObjectArray: CloseDisregardForGC: 0/0 objects in disregard for GC pool
[2020.08.30-04.17.23:538][  0]LogTcpMessaging: Initializing TcpMessaging bridge
[2020.08.30-04.17.23:547][  0]LogUdpMessaging: Initializing bridge on interface 0.0.0.0:0 to multicast group 230.0.0.1:6666.
[2020.08.30-04.17.23:854][  0]SourceControl: Source control is disabled
[2020.08.30-04.17.23:854][  0]SourceControl: Source control is disabled
[2020.08.30-04.17.23:859][  0]SourceControl: Source control is disabled
[2020.08.30-04.17.23:865][  0]SourceControl: Source control is disabled
[2020.08.30-04.17.23:877][  0]SourceControl: Source control is disabled
[2020.08.30-04.17.24:282][  0]LogAndroidPermission: UAndroidPermissionCallbackProxy::GetInstance
[2020.08.30-04.17.24:322][  0]LogAudioCaptureCore: Display: No Audio Capture implementations found. Audio input will be silent.
[2020.08.30-04.17.24:323][  0]LogAudioCaptureCore: Display: No Audio Capture implementations found. Audio input will be silent.
[2020.08.30-04.17.24:390][  0]LogOcInput: OculusInput pre-init called
[2020.08.30-04.17.24:407][  0]LogWindows: Failed to load 'OVRPlugin.dll' (GetLastError=126)
[2020.08.30-04.17.24:407][  0]LogWindows: File 'OVRPlugin.dll' does not exist
[2020.08.30-04.17.24:491][  0]LogEngine: Initializing Engine...
[2020.08.30-04.17.24:493][  0]LogHMD: Failed to initialize OpenVR with code 110
[2020.08.30-04.17.24:493][  0]LogMagicLeap: Warning: VR disabled because ZI is not enabled.  To enable, in the editor, Edit -> Project Settings -> Plugins -> Magic Leap Plugin -> Enable Zero Iteration
[2020.08.30-04.17.24:494][  0]LogStats: UGameplayTagsManager::InitializeManager -  0.000 s
[2020.08.30-04.17.24:607][  0]LogInit: Initializing FReadOnlyCVARCache
[2020.08.30-04.17.24:618][  0]LogAIModule: Creating AISystem for world Untitled
[2020.08.30-04.17.24:619][  0]LogAISub: UAISubsystem::UAISubsystem EnvQueryManager (000001AFEEA1E000), frame # 0
[2020.08.30-04.17.24:619][  0]LogAISub: UAISubsystem::UAISubsystem AIPerceptionSystem (000001AFEEA03B00), frame # 0
[2020.08.30-04.17.24:636][  0]LogAudioMixer: Display: Audio Mixer Platform Settings:
[2020.08.30-04.17.24:636][  0]LogAudioMixer: Display: 	Sample Rate:						  48000
[2020.08.30-04.17.24:636][  0]LogAudioMixer: Display: 	Callback Buffer Frame Size Requested: 1024
[2020.08.30-04.17.24:636][  0]LogAudioMixer: Display: 	Callback Buffer Frame Size To Use:	  1024
[2020.08.30-04.17.24:636][  0]LogAudioMixer: Display: 	Number of buffers to queue:			  2
[2020.08.30-04.17.24:636][  0]LogAudioMixer: Display: 	Max Channels (voices):				  32
[2020.08.30-04.17.24:636][  0]LogAudioMixer: Display: 	Number of Async Source Workers:		  0
[2020.08.30-04.17.24:636][  0]LogAudio: Display: AudioDevice MaxSources: 32
[2020.08.30-04.17.24:637][  0]LogAudio: Display: Using built-in audio occlusion.
[2020.08.30-04.17.24:637][  0]LogAudioMixer: Display: Initializing audio mixer.
[2020.08.30-04.17.24:655][  0]LogAudioMixer: Display: 0: FrontLeft
[2020.08.30-04.17.24:655][  0]LogAudioMixer: Display: 1: FrontRight
[2020.08.30-04.17.24:706][  0]LogAudioMixer: Display: Using Audio Device Headset Earphone (HyperX Virtual Surround Sound)
[2020.08.30-04.17.24:710][  0]LogAudioMixer: Display: Initializing Sound Submixes...
[2020.08.30-04.17.24:712][  0]LogAudioMixer: Display: Creating Master Submix 'MasterSubmixDefault'
[2020.08.30-04.17.24:713][  0]LogAudioMixer: Display: Creating Master Submix 'MasterReverbSubmixDefault'
[2020.08.30-04.17.24:713][  0]LogAudioMixer: Display: Creating Master Submix 'MasterEQSubmixDefault'
[2020.08.30-04.17.24:716][  0]LogInit: FAudioDevice initialized.
[2020.08.30-04.17.24:716][  0]LogNetVersion: Set ProjectVersion to 1.0.0.0. Version Checksum will be recalculated on next use.
[2020.08.30-04.17.24:818][  0]LogDerivedDataCache: Saved boot cache 0.10s 77MB C:/Users/iylek/AppData/Local/UnrealEngine/4.25/DerivedDataCache/Boot.ddc.
[2020.08.30-04.17.24:823][  0]LogInit: Texture streaming: Enabled
[2020.08.30-04.17.24:846][  0]LogEngineSessionManager: EngineSessionManager initialized
[2020.08.30-04.17.24:847][  0]LogEngineSessionManager: EngineSessionManager sent abnormal shutdown report. Type=Debugger, SessionId={07411A56-4131-270D-7A54-EE943795B86E}
[2020.08.30-04.17.24:847][  0]LogEditorSessionSummary: Verbose: Initializing EditorSessionSummaryWriter for editor session tracking
[2020.08.30-04.17.24:848][  0]LogEditorSessionSummary: EditorSessionSummaryWriter initialized
[2020.08.30-04.17.24:912][  0]LogInit: Transaction tracking system initialized
[2020.08.30-04.17.24:946][  0]BlueprintLog: New page: Editor Load
[2020.08.30-04.17.25:059][  0]LocalizationService: Localization service is disabled
[2020.08.30-04.17.25:272][  0]LogCook: Display: Max memory allowance for cook 16384mb min free memory 0mb
[2020.08.30-04.17.25:272][  0]LogCook: Display: Mobile HDR setting 1
[2020.08.30-04.17.25:475][  0]LogFileCache: Scanning file cache for directory 'C:/Users/iylek/Desktop/Unreal/StealthGame/StealthGame_ProjectBase_4.25/StealthGame/Content/' took 0.00s
[2020.08.30-04.17.25:655][  0]SourceControl: Source control is disabled
[2020.08.30-04.17.25:655][  0]LogUnrealEdMisc: Loading editor; pre map load, took 7.741
[2020.08.30-04.17.25:655][  0]Cmd: MAP LOAD FILE="../../../../../../Users/iylek/Desktop/Unreal/StealthGame/StealthGame_ProjectBase_4.25/StealthGame/Content/Maps/FirstPersonExampleMap.umap" TEMPLATE=0 SHOWPROGRESS=1 FEATURELEVEL=3
[2020.08.30-04.17.25:656][  0]LightingResults: New page: Lighting Build
[2020.08.30-04.17.25:656][  0]LogWorld: UWorld::CleanupWorld for Untitled, bSessionEnded=true, bCleanupResources=true
[2020.08.30-04.17.25:657][  0]LogSlate: InvalidateAllWidgets triggered.  All widgets were invalidated
[2020.08.30-04.17.25:657][  0]MapCheck: New page: Map Check
[2020.08.30-04.17.25:657][  0]LightingResults: New page: Lighting Build
[2020.08.30-04.17.25:670][  0]LogAISub: UAISubsystem::~UAISubsystem EnvQueryManager (000001AFEEA1E000), frame # 0
[2020.08.30-04.17.25:671][  0]LogAISub: UAISubsystem::~UAISubsystem AIPerceptionSystem (000001AFEEA03B00), frame # 0
[2020.08.30-04.17.25:672][  0]LogUObjectHash: Compacting FUObjectHashTables data took   0.81ms
[2020.08.30-04.17.25:770][  0]LogAIModule: Creating AISystem for world FirstPersonExampleMap
[2020.08.30-04.17.25:770][  0]LogAISub: UAISubsystem::UAISubsystem EnvQueryManager (000001AFE005E200), frame # 0
[2020.08.30-04.17.25:770][  0]LogAISub: UAISubsystem::UAISubsystem AIPerceptionSystem (000001AFE00B20C0), frame # 0
[2020.08.30-04.17.25:776][  0]LogEditorServer: Finished looking for orphan Actors (0.000 secs)
[2020.08.30-04.17.25:795][  0]LogUObjectHash: Compacting FUObjectHashTables data took   0.98ms
[2020.08.30-04.17.25:796][  0]Cmd: MAP CHECKDEP NOCLEARLOG
[2020.08.30-04.17.25:796][  0]MapCheck: Map check complete: 0 Error(s), 0 Warning(s), took 0.244ms to complete.
[2020.08.30-04.17.25:796][  0]LogFileHelpers: Loading map 'FirstPersonExampleMap' took 0.141
[2020.08.30-04.17.25:799][  0]LogUnrealEdMisc: Total Editor Startup Time, took 7.885
[2020.08.30-04.17.25:949][  0]LogSlate: Updating window title bar state: overlay mode, drag disabled, window buttons hidden, title bar hidden
[2020.08.30-04.17.25:956][  0]LogSlate: Updating window title bar state: overlay mode, drag disabled, window buttons hidden, title bar hidden
[2020.08.30-04.17.25:962][  0]LogSlate: Updating window title bar state: overlay mode, drag disabled, window buttons hidden, title bar hidden
[2020.08.30-04.17.25:970][  0]LogSlate: Updating window title bar state: overlay mode, drag disabled, window buttons hidden, title bar hidden
[2020.08.30-04.17.25:982][  0]LogCollectionManager: Loaded 0 collections in 0.002246 seconds
[2020.08.30-04.17.26:004][  0]LogFileCache: Scanning file cache for directory 'C:/Users/iylek/Desktop/Unreal/StealthGame/StealthGame_ProjectBase_4.25/StealthGame/Saved/Collections/' took 0.00s
[2020.08.30-04.17.26:004][  0]LogFileCache: Scanning file cache for directory 'C:/Users/iylek/Desktop/Unreal/StealthGame/StealthGame_ProjectBase_4.25/StealthGame/Content/Developers/iylek/Collections/' took 0.00s
[2020.08.30-04.17.26:004][  0]LogFileCache: Scanning file cache for directory 'C:/Users/iylek/Desktop/Unreal/StealthGame/StealthGame_ProjectBase_4.25/StealthGame/Content/Collections/' took 0.00s
[2020.08.30-04.17.26:004][  0]LogContentBrowser: Native class hierarchy populated in 0.0103 seconds. Added 3437 classes and 824 folders.
[2020.08.30-04.17.26:008][  0]LogContentBrowser: Native class hierarchy updated for 'WidgetCarousel' in 0.0003 seconds. Added 0 classes and 0 folders.
[2020.08.30-04.17.26:052][  0]LogContentBrowser: Native class hierarchy updated for 'AddContentDialog' in 0.0004 seconds. Added 0 classes and 0 folders.
[2020.08.30-04.17.26:054][  0]LogContentBrowser: Native class hierarchy updated for 'SceneOutliner' in 0.0003 seconds. Added 2 classes and 0 folders.
[2020.08.30-04.17.26:099][  0]LogSlate: Took 0.000150 seconds to synchronously load lazily loaded font '../../../Engine/Content/Slate/Fonts/Roboto-Regular.ttf' (155K)
[2020.08.30-04.17.26:101][  0]LogSlate: Took 0.000172 seconds to synchronously load lazily loaded font '../../../Engine/Content/Slate/Fonts/Roboto-Bold.ttf' (160K)
[2020.08.30-04.17.26:106][  0]LogSlate: Took 0.000169 seconds to synchronously load lazily loaded font '../../../Engine/Content/Editor/Slate/Fonts/FontAwesome.ttf' (139K)
[2020.08.30-04.17.26:165][  0]LogRenderer: Reallocating scene render targets to support 1208x600 Format 10 NumSamples 1 (Frame:1).
[2020.08.30-04.17.26:261][  0]LogContentBrowser: Native class hierarchy updated for 'HierarchicalLODOutliner' in 0.0004 seconds. Added 0 classes and 0 folders.
[2020.08.30-04.17.26:261][  0]LogLoad: (Engine Initialization) Total time: 8.35 seconds
[2020.08.30-04.17.26:261][  0]LogLoad: (Engine Initialization) Total Blueprint compile time: 0.00 seconds
[2020.08.30-04.17.26:300][  0]LogAssetRegistry: Asset discovery search completed in 4.2002 seconds
[2020.08.30-04.17.26:304][  0]LogCollectionManager: Fixed up redirectors for 0 collections in 0.000002 seconds (updated 0 objects)
[2020.08.30-04.17.26:321][  0]LogContentStreaming: Texture pool size now 1000 MB
[2020.08.30-04.17.26:364][  0]LogSlate: Took 0.000136 seconds to synchronously load lazily loaded font '../../../Engine/Content/Slate/Fonts/Roboto-Light.ttf' (167K)
[2020.08.30-04.17.35:827][961]LogTemp: Repeating last play command: Selected Viewport
[2020.08.30-04.17.35:866][961]LogPlayLevel: PlayLevel: No blueprints needed recompiling
[2020.08.30-04.17.35:867][961]PIE: New page: PIE session: FirstPersonExampleMap (Aug. 29, 2020, 8:17:35 p.m.)
[2020.08.30-04.17.35:868][961]LogOnline: OSS: Creating online subsystem instance for: NULL
[2020.08.30-04.17.35:871][961]LogOnline: OSS: TryLoadSubsystemAndSetDefault: Loaded subsystem for module [NULL]
[2020.08.30-04.17.35:871][961]LogPlayLevel: Creating play world package: /Game/Maps/UEDPIE_0_FirstPersonExampleMap
[2020.08.30-04.17.35:887][961]LogPlayLevel: PIE: StaticDuplicateObject took: (0.016223s)
[2020.08.30-04.17.35:889][961]LogAIModule: Creating AISystem for world FirstPersonExampleMap
[2020.08.30-04.17.35:889][961]LogAISub: UAISubsystem::UAISubsystem EnvQueryManager (000001AF9F8C7E00), frame # 961
[2020.08.30-04.17.35:889][961]LogAISub: UAISubsystem::UAISubsystem AIPerceptionSystem (000001AFE0014E00), frame # 961
[2020.08.30-04.17.35:889][961]LogPlayLevel: PIE: World Init took: (0.001763s)
[2020.08.30-04.17.35:889][961]LogPlayLevel: PIE: Created PIE world by copying editor world from /Game/Maps/FirstPersonExampleMap.FirstPersonExampleMap to /Game/Maps/UEDPIE_0_FirstPersonExampleMap.FirstPersonExampleMap (0.018438s)
[2020.08.30-04.17.35:904][961]LogUObjectHash: Compacting FUObjectHashTables data took   0.91ms
[2020.08.30-04.17.35:905][961]LogAudioMixer: Display: Audio Mixer Platform Settings:
[2020.08.30-04.17.35:906][961]LogAudioMixer: Display: 	Sample Rate:						  48000
[2020.08.30-04.17.35:906][961]LogAudioMixer: Display: 	Callback Buffer Frame Size Requested: 1024
[2020.08.30-04.17.35:906][961]LogAudioMixer: Display: 	Callback Buffer Frame Size To Use:	  1024
[2020.08.30-04.17.35:906][961]LogAudioMixer: Display: 	Number of buffers to queue:			  2
[2020.08.30-04.17.35:906][961]LogAudioMixer: Display: 	Max Channels (voices):				  32
[2020.08.30-04.17.35:906][961]LogAudioMixer: Display: 	Number of Async Source Workers:		  0
[2020.08.30-04.17.35:906][961]LogAudio: Display: AudioDevice MaxSources: 32
[2020.08.30-04.17.35:907][961]LogAudio: Display: Using built-in audio occlusion.
[2020.08.30-04.17.35:907][961]LogAudioMixer: Display: Initializing audio mixer.
[2020.08.30-04.17.35:909][961]LogAudioMixer: Display: 0: FrontLeft
[2020.08.30-04.17.35:909][961]LogAudioMixer: Display: 1: FrontRight
[2020.08.30-04.17.35:937][961]LogAudioMixer: Display: Using Audio Device Headset Earphone (HyperX Virtual Surround Sound)
[2020.08.30-04.17.35:937][961]LogAudioMixer: Display: Initializing Sound Submixes...
[2020.08.30-04.17.35:937][961]LogAudioMixer: Display: Creating Master Submix 'MasterSubmixDefault'
[2020.08.30-04.17.35:937][961]LogAudioMixer: Display: Creating Master Submix 'MasterReverbSubmixDefault'
[2020.08.30-04.17.35:938][961]LogAudioMixer: Display: Creating Master Submix 'MasterEQSubmixDefault'
[2020.08.30-04.17.35:951][961]LogInit: FAudioDevice initialized.
[2020.08.30-04.17.35:962][961]LogLoad: Game class is 'BP_GameMode_C'
[2020.08.30-04.17.35:965][961]LogWorld: Bringing World /Game/Maps/UEDPIE_0_FirstPersonExampleMap.FirstPersonExampleMap up for play (max tick rate 0) at 2020.08.30-00.17.35
[2020.08.30-04.17.35:966][961]LogWorld: Bringing up level for play took: 0.002702
[2020.08.30-04.17.35:967][961]LogOnline: OSS: Creating online subsystem instance for: :Context_4
[2020.08.30-04.17.35:971][961]LogContentBrowser: Native class hierarchy updated for 'MovieSceneCapture' in 0.0005 seconds. Added 20 classes and 0 folders.
[2020.08.30-04.17.35:973][961]PIE: Server logged in
[2020.08.30-04.17.35:974][961]PIE: Play in editor total start time 0.109 seconds.
[2020.08.30-04.17.39:898][418]LogSlate: Updating window title bar state: overlay mode, drag disabled, window buttons hidden, title bar hidden
[2020.08.30-04.17.39:898][418]LogWorld: BeginTearingDown for /Game/Maps/UEDPIE_0_FirstPersonExampleMap
[2020.08.30-04.17.39:898][418]LogWorld: UWorld::CleanupWorld for FirstPersonExampleMap, bSessionEnded=true, bCleanupResources=true
[2020.08.30-04.17.39:899][418]LogSlate: InvalidateAllWidgets triggered.  All widgets were invalidated
[2020.08.30-04.17.39:914][418]LogPlayLevel: Display: Shutting down PIE online subsystems
[2020.08.30-04.17.39:917][418]LogSlate: InvalidateAllWidgets triggered.  All widgets were invalidated
[2020.08.30-04.17.39:954][418]LogSlate: Updating window title bar state: overlay mode, drag disabled, window buttons hidden, title bar hidden
[2020.08.30-04.17.39:955][418]LogAISub: UAISubsystem::~UAISubsystem EnvQueryManager (000001AF9F8C7E00), frame # 1418
[2020.08.30-04.17.39:955][418]LogAISub: UAISubsystem::~UAISubsystem AIPerceptionSystem (000001AFE0014E00), frame # 1418
[2020.08.30-04.17.39:956][418]LogUObjectHash: Compacting FUObjectHashTables data took   0.68ms
[2020.08.30-04.17.39:988][419]Cmd: SELECT NONE
[2020.08.30-04.17.40:005][419]Cmd: SELECT NONE
[2020.08.30-04.17.40:005][419]LogPlayLevel: Display: Destroying online subsystem :Context_4
[2020.08.30-04.17.44:044][887]LogEditorViewport: Clicking on Actor (LMB): BP_Guard_C (BP_Guard)
[2020.08.30-04.17.48:362][359]LogTemp: Repeating last play command: Selected Viewport
[2020.08.30-04.17.48:384][359]LogPlayLevel: PlayLevel: No blueprints needed recompiling
[2020.08.30-04.17.48:384][359]PIE: New page: PIE session: FirstPersonExampleMap (Aug. 29, 2020, 8:17:48 p.m.)
[2020.08.30-04.17.48:384][359]LogPlayLevel: Creating play world package: /Game/Maps/UEDPIE_0_FirstPersonExampleMap
[2020.08.30-04.17.48:396][359]LogPlayLevel: PIE: StaticDuplicateObject took: (0.011805s)
[2020.08.30-04.17.48:398][359]LogAIModule: Creating AISystem for world FirstPersonExampleMap
[2020.08.30-04.17.48:398][359]LogAISub: UAISubsystem::UAISubsystem EnvQueryManager (000001AF8721FE00), frame # 2359
[2020.08.30-04.17.48:404][359]LogAISub: UAISubsystem::UAISubsystem AIPerceptionSystem (000001AF8722BB00), frame # 2359
[2020.08.30-04.17.48:405][359]LogPlayLevel: PIE: World Init took: (0.008609s)
[2020.08.30-04.17.48:405][359]LogPlayLevel: PIE: Created PIE world by copying editor world from /Game/Maps/FirstPersonExampleMap.FirstPersonExampleMap to /Game/Maps/UEDPIE_0_FirstPersonExampleMap.FirstPersonExampleMap (0.020987s)
[2020.08.30-04.17.48:418][359]LogUObjectHash: Compacting FUObjectHashTables data took   0.65ms
[2020.08.30-04.17.48:420][359]LogAudioMixer: Display: Audio Mixer Platform Settings:
[2020.08.30-04.17.48:420][359]LogAudioMixer: Display: 	Sample Rate:						  48000
[2020.08.30-04.17.48:420][359]LogAudioMixer: Display: 	Callback Buffer Frame Size Requested: 1024
[2020.08.30-04.17.48:420][359]LogAudioMixer: Display: 	Callback Buffer Frame Size To Use:	  1024
[2020.08.30-04.17.48:420][359]LogAudioMixer: Display: 	Number of buffers to queue:			  2
[2020.08.30-04.17.48:420][359]LogAudioMixer: Display: 	Max Channels (voices):				  32
[2020.08.30-04.17.48:420][359]LogAudioMixer: Display: 	Number of Async Source Workers:		  0
[2020.08.30-04.17.48:420][359]LogAudio: Display: AudioDevice MaxSources: 32
[2020.08.30-04.17.48:421][359]LogAudio: Display: Using built-in audio occlusion.
[2020.08.30-04.17.48:421][359]LogAudioMixer: Display: Initializing audio mixer.
[2020.08.30-04.17.48:423][359]LogAudioMixer: Display: 0: FrontLeft
[2020.08.30-04.17.48:424][359]LogAudioMixer: Display: 1: FrontRight
[2020.08.30-04.17.48:451][359]LogAudioMixer: Display: Using Audio Device Headset Earphone (HyperX Virtual Surround Sound)
[2020.08.30-04.17.48:451][359]LogAudioMixer: Display: Initializing Sound Submixes...
[2020.08.30-04.17.48:451][359]LogAudioMixer: Display: Creating Master Submix 'MasterSubmixDefault'
[2020.08.30-04.17.48:451][359]LogAudioMixer: Display: Creating Master Submix 'MasterReverbSubmixDefault'
[2020.08.30-04.17.48:452][359]LogAudioMixer: Display: Creating Master Submix 'MasterEQSubmixDefault'
[2020.08.30-04.17.48:465][359]LogInit: FAudioDevice initialized.
[2020.08.30-04.17.48:476][359]LogLoad: Game class is 'BP_GameMode_C'
[2020.08.30-04.17.48:478][359]LogWorld: Bringing World /Game/Maps/UEDPIE_0_FirstPersonExampleMap.FirstPersonExampleMap up for play (max tick rate 0) at 2020.08.30-00.17.48
[2020.08.30-04.17.48:479][359]LogWorld: Bringing up level for play took: 0.001949
[2020.08.30-04.17.48:479][359]LogOnline: OSS: Creating online subsystem instance for: :Context_8
[2020.08.30-04.17.48:483][359]PIE: Server logged in
[2020.08.30-04.17.48:484][359]PIE: Play in editor total start time 0.104 seconds.
[2020.08.30-04.17.55:718][190]LogSlate: Updating window title bar state: overlay mode, drag disabled, window buttons hidden, title bar hidden
[2020.08.30-04.17.55:718][190]LogWorld: BeginTearingDown for /Game/Maps/UEDPIE_0_FirstPersonExampleMap
[2020.08.30-04.17.55:718][190]LogWorld: UWorld::CleanupWorld for FirstPersonExampleMap, bSessionEnded=true, bCleanupResources=true
[2020.08.30-04.17.55:719][190]LogSlate: InvalidateAllWidgets triggered.  All widgets were invalidated
[2020.08.30-04.17.55:729][190]LogPlayLevel: Display: Shutting down PIE online subsystems
[2020.08.30-04.17.55:730][190]LogSlate: InvalidateAllWidgets triggered.  All widgets were invalidated
[2020.08.30-04.17.55:741][190]LogSlate: Updating window title bar state: overlay mode, drag disabled, window buttons hidden, title bar hidden
[2020.08.30-04.17.55:767][190]LogAISub: UAISubsystem::~UAISubsystem AIPerceptionSystem (000001AF8722BB00), frame # 3190
[2020.08.30-04.17.55:768][190]LogAISub: UAISubsystem::~UAISubsystem EnvQueryManager (000001AF8721FE00), frame # 3190
[2020.08.30-04.17.55:769][190]LogUObjectHash: Compacting FUObjectHashTables data took   0.76ms
[2020.08.30-04.17.55:802][191]LogPlayLevel: Display: Destroying online subsystem :Context_8
[2020.08.30-04.18.21:248][857]LogSlate: Took 0.000195 seconds to synchronously load lazily loaded font '../../../Engine/Content/Slate/Fonts/Roboto-Light.ttf' (167K)
[2020.08.30-04.18.21:273][857]LogAssetEditorSubsystem: Opening Asset editor for Blueprint /Game/Blueprints/BP_GameMode.BP_GameMode
[2020.08.30-04.18.21:447][857]LogContentBrowser: Native class hierarchy updated for 'BlueprintGraph' in 0.0006 seconds. Added 125 classes and 0 folders.
[2020.08.30-04.18.22:292][857]LogSlate: Took 0.000201 seconds to synchronously load lazily loaded font '../../../Engine/Content/Slate/Fonts/Roboto-BoldCondensed.ttf' (158K)
[2020.08.30-04.18.22:369][858]LogSlate: Took 0.000270 seconds to synchronously load lazily loaded font '../../../Engine/Content/Slate/Fonts/Roboto-Italic.ttf' (157K)
[2020.08.30-04.18.24:340][ 47]LogSlate: Window 'BP_GameMode' being destroyed
[2020.08.30-04.18.46:538][675]LogAssetEditorSubsystem: Opening Asset editor for WidgetBlueprint /Game/UI/Widget_Game_Over.Widget_Game_Over
[2020.08.30-04.19.04:609][722]LogBlueprint: Warning: [Compiler Widget_Game_Over] Variable bMissionSuccess is marked as 'Expose on Spawn' but not marked as 'Editable'; please make it 'Editable'
[2020.08.30-04.19.07:544][ 57]BlueprintLog: New page: Compile Widget_Game_Over
[2020.08.30-04.19.07:545][ 57]LogBlueprint: Warning: [Compiler Widget_Game_Over] Variable bMissionSuccess is marked as 'Expose on Spawn' but not marked as 'Editable'; please make it 'Editable'
[2020.08.30-04.19.07:552][ 57]LogBlueprint: Warning: [Compiler Widget_Game_Over] Variable bMissionSuccess is marked as 'Expose on Spawn' but not marked as 'Editable'; please make it 'Editable'
[2020.08.30-04.19.07:613][ 57]LogUObjectHash: Compacting FUObjectHashTables data took   3.62ms
[2020.08.30-04.19.07:666][ 57]LogSlate: Took 0.008314 seconds to synchronously load lazily loaded font '../../../Engine/Content/Slate/Fonts/DroidSansMono.ttf' (77K)
[2020.08.30-04.19.13:926][787]BlueprintLog: New page: Compile Widget_Game_Over
[2020.08.30-04.19.13:962][787]LogUObjectHash: Compacting FUObjectHashTables data took   3.08ms
[2020.08.30-04.19.14:016][787]LogSavePackage: Moving '../../../../../../Users/iylek/Desktop/Unreal/StealthGame/StealthGame_ProjectBase_4.25/StealthGame/Saved/Widget_Game_OverD57AB44B44B4DF83FEEBA2A6C6FB1B54.tmp' to '../../../../../../Users/iylek/Desktop/Unreal/StealthGame/StealthGame_ProjectBase_4.25/StealthGame/Content/UI/Widget_Game_Over.uasset'
[2020.08.30-04.19.14:029][787]AssetCheck: New page: Asset Save: Widget_Game_Over
[2020.08.30-04.19.14:030][787]LogContentValidation: Display: Validating WidgetBlueprint /Game/UI/Widget_Game_Over.Widget_Game_Over
[2020.08.30-04.19.36:858][479]BlueprintLog: New page: Compile BP_GameMode
[2020.08.30-04.19.36:897][479]LogUObjectHash: Compacting FUObjectHashTables data took   3.05ms
[2020.08.30-04.19.36:948][479]LogSavePackage: Moving '../../../../../../Users/iylek/Desktop/Unreal/StealthGame/StealthGame_ProjectBase_4.25/StealthGame/Saved/BP_GameMode2409078D4E4A3D3547D6EEA925C3D6E2.tmp' to '../../../../../../Users/iylek/Desktop/Unreal/StealthGame/StealthGame_ProjectBase_4.25/StealthGame/Content/Blueprints/BP_GameMode.uasset'
[2020.08.30-04.19.36:967][479]AssetCheck: New page: Asset Save: BP_GameMode
[2020.08.30-04.19.36:967][479]LogContentValidation: Display: Validating Blueprint /Game/Blueprints/BP_GameMode.BP_GameMode
[2020.08.30-04.19.38:031][596]LogSavePackage: Moving '../../../../../../Users/iylek/Desktop/Unreal/StealthGame/StealthGame_ProjectBase_4.25/StealthGame/Saved/BP_GameMode29F7A9CD4CD38520B44CE78633CEE6A6.tmp' to '../../../../../../Users/iylek/Desktop/Unreal/StealthGame/StealthGame_ProjectBase_4.25/StealthGame/Content/Blueprints/BP_GameMode.uasset'
[2020.08.30-04.19.38:051][596]AssetCheck: New page: Asset Save: BP_GameMode
[2020.08.30-04.19.38:052][596]LogContentValidation: Display: Validating Blueprint /Game/Blueprints/BP_GameMode.BP_GameMode
[2020.08.30-04.20.26:721][344]LogSlate: Took 0.007096 seconds to synchronously load lazily loaded font '../../../Engine/Content/Slate/Fonts/Roboto-BoldCondensedItalic.ttf' (160K)
[2020.08.30-04.20.58:576][131]BlueprintLog: New page: Compile Widget_Game_Over
[2020.08.30-04.20.58:614][131]LogUObjectHash: Compacting FUObjectHashTables data took   4.00ms
[2020.08.30-04.20.58:657][131]LogSavePackage: Moving '../../../../../../Users/iylek/Desktop/Unreal/StealthGame/StealthGame_ProjectBase_4.25/StealthGame/Saved/Widget_Game_Over91BD64DC4674D93B696D82BDCF2E2FC4.tmp' to '../../../../../../Users/iylek/Desktop/Unreal/StealthGame/StealthGame_ProjectBase_4.25/StealthGame/Content/UI/Widget_Game_Over.uasset'
[2020.08.30-04.20.58:672][131]AssetCheck: New page: Asset Save: Widget_Game_Over
[2020.08.30-04.20.58:673][131]LogContentValidation: Display: Validating WidgetBlueprint /Game/UI/Widget_Game_Over.Widget_Game_Over
[2020.08.30-04.20.59:270][197]LogSavePackage: Moving '../../../../../../Users/iylek/Desktop/Unreal/StealthGame/StealthGame_ProjectBase_4.25/StealthGame/Saved/Widget_Game_Over7EA2048941E03D3DC0558CBFC43D761F.tmp' to '../../../../../../Users/iylek/Desktop/Unreal/StealthGame/StealthGame_ProjectBase_4.25/StealthGame/Content/UI/Widget_Game_Over.uasset'
[2020.08.30-04.20.59:283][197]AssetCheck: New page: Asset Save: Widget_Game_Over
[2020.08.30-04.20.59:283][197]LogContentValidation: Display: Validating WidgetBlueprint /Game/UI/Widget_Game_Over.Widget_Game_Over
[2020.08.30-04.21.04:085][476]LogUObjectHash: Compacting FUObjectHashTables data took   3.45ms
[2020.08.30-04.21.04:134][476]LogSavePackage: Moving '../../../../../../Users/iylek/Desktop/Unreal/StealthGame/StealthGame_ProjectBase_4.25/StealthGame/Saved/FirstPersonExampleMapE5EBCE334C72A36153A3E5897AC4EBBD.tmp' to '../../../../../../Users/iylek/Desktop/Unreal/StealthGame/StealthGame_ProjectBase_4.25/StealthGame/Content/Maps/FirstPersonExampleMap.umap'
[2020.08.30-04.21.04:183][476]AssetCheck: New page: Asset Save: FirstPersonExampleMap
[2020.08.30-04.21.04:183][476]LogContentValidation: Display: Validating World /Game/Maps/FirstPersonExampleMap.FirstPersonExampleMap
[2020.08.30-04.21.05:244][596]LogTemp: Repeating last play command: Selected Viewport
[2020.08.30-04.21.05:267][596]LogPlayLevel: PlayLevel: No blueprints needed recompiling
[2020.08.30-04.21.05:267][596]PIE: New page: PIE session: FirstPersonExampleMap (Aug. 29, 2020, 8:21:05 p.m.)
[2020.08.30-04.21.05:267][596]LogPlayLevel: Creating play world package: /Game/Maps/UEDPIE_0_FirstPersonExampleMap
[2020.08.30-04.21.05:281][596]LogPlayLevel: PIE: StaticDuplicateObject took: (0.013719s)
[2020.08.30-04.21.05:282][596]LogAIModule: Creating AISystem for world FirstPersonExampleMap
[2020.08.30-04.21.05:282][596]LogAISub: UAISubsystem::UAISubsystem EnvQueryManager (000001B01453AC00), frame # 22596
[2020.08.30-04.21.05:283][596]LogAISub: UAISubsystem::UAISubsystem AIPerceptionSystem (000001AF8ADF5A80), frame # 22596
[2020.08.30-04.21.05:283][596]LogPlayLevel: PIE: World Init took: (0.001812s)
[2020.08.30-04.21.05:283][596]LogPlayLevel: PIE: Created PIE world by copying editor world from /Game/Maps/FirstPersonExampleMap.FirstPersonExampleMap to /Game/Maps/UEDPIE_0_FirstPersonExampleMap.FirstPersonExampleMap (0.015896s)
[2020.08.30-04.21.05:313][596]LogUObjectHash: Compacting FUObjectHashTables data took   2.41ms
[2020.08.30-04.21.05:314][596]LogAudioMixer: Display: Audio Mixer Platform Settings:
[2020.08.30-04.21.05:314][596]LogAudioMixer: Display: 	Sample Rate:						  48000
[2020.08.30-04.21.05:314][596]LogAudioMixer: Display: 	Callback Buffer Frame Size Requested: 1024
[2020.08.30-04.21.05:314][596]LogAudioMixer: Display: 	Callback Buffer Frame Size To Use:	  1024
[2020.08.30-04.21.05:315][596]LogAudioMixer: Display: 	Number of buffers to queue:			  2
[2020.08.30-04.21.05:315][596]LogAudioMixer: Display: 	Max Channels (voices):				  32
[2020.08.30-04.21.05:315][596]LogAudioMixer: Display: 	Number of Async Source Workers:		  0
[2020.08.30-04.21.05:315][596]LogAudio: Display: AudioDevice MaxSources: 32
[2020.08.30-04.21.05:315][596]LogAudio: Display: Using built-in audio occlusion.
[2020.08.30-04.21.05:315][596]LogAudioMixer: Display: Initializing audio mixer.
[2020.08.30-04.21.05:318][596]LogAudioMixer: Display: 0: FrontLeft
[2020.08.30-04.21.05:318][596]LogAudioMixer: Display: 1: FrontRight
[2020.08.30-04.21.05:349][596]LogAudioMixer: Display: Using Audio Device Headset Earphone (HyperX Virtual Surround Sound)
[2020.08.30-04.21.05:349][596]LogAudioMixer: Display: Initializing Sound Submixes...
[2020.08.30-04.21.05:349][596]LogAudioMixer: Display: Creating Master Submix 'MasterSubmixDefault'
[2020.08.30-04.21.05:349][596]LogAudioMixer: Display: Creating Master Submix 'MasterReverbSubmixDefault'
[2020.08.30-04.21.05:350][596]LogAudioMixer: Display: Creating Master Submix 'MasterEQSubmixDefault'
[2020.08.30-04.21.05:362][596]LogInit: FAudioDevice initialized.
[2020.08.30-04.21.05:377][596]LogLoad: Game class is 'BP_GameMode_C'
[2020.08.30-04.21.05:378][596]LogWorld: Bringing World /Game/Maps/UEDPIE_0_FirstPersonExampleMap.FirstPersonExampleMap up for play (max tick rate 0) at 2020.08.30-00.21.05
[2020.08.30-04.21.05:379][596]LogWorld: Bringing up level for play took: 0.001629
[2020.08.30-04.21.05:379][596]LogOnline: OSS: Creating online subsystem instance for: :Context_12
[2020.08.30-04.21.05:383][596]PIE: Server logged in
[2020.08.30-04.21.05:384][596]PIE: Play in editor total start time 0.118 seconds.
[2020.08.30-04.21.18:248][131]LogSlate: Updating window title bar state: overlay mode, drag disabled, window buttons hidden, title bar hidden
[2020.08.30-04.21.18:248][131]LogWorld: BeginTearingDown for /Game/Maps/UEDPIE_0_FirstPersonExampleMap
[2020.08.30-04.21.18:249][131]LogWorld: UWorld::CleanupWorld for FirstPersonExampleMap, bSessionEnded=true, bCleanupResources=true
[2020.08.30-04.21.18:249][131]LogSlate: InvalidateAllWidgets triggered.  All widgets were invalidated
[2020.08.30-04.21.18:262][131]LogPlayLevel: Display: Shutting down PIE online subsystems
[2020.08.30-04.21.18:267][131]LogSlate: InvalidateAllWidgets triggered.  All widgets were invalidated
[2020.08.30-04.21.18:322][131]LogSlate: Updating window title bar state: overlay mode, drag disabled, window buttons hidden, title bar hidden
[2020.08.30-04.21.18:323][131]LogAISub: UAISubsystem::~UAISubsystem AIPerceptionSystem (000001AF8ADF5A80), frame # 24131
[2020.08.30-04.21.18:323][131]LogAISub: UAISubsystem::~UAISubsystem EnvQueryManager (000001B01453AC00), frame # 24131
[2020.08.30-04.21.18:326][131]LogUObjectHash: Compacting FUObjectHashTables data took   2.36ms
[2020.08.30-04.21.18:365][132]LogPlayLevel: Display: Destroying online subsystem :Context_12
[2020.08.30-04.21.36:486][761]LogTemp: Repeating last play command: Selected Viewport
[2020.08.30-04.21.36:506][761]LogPlayLevel: PlayLevel: No blueprints needed recompiling
[2020.08.30-04.21.36:506][761]PIE: New page: PIE session: FirstPersonExampleMap (Aug. 29, 2020, 8:21:36 p.m.)
[2020.08.30-04.21.36:527][761]LogPlayLevel: Creating play world package: /Game/Maps/UEDPIE_0_FirstPersonExampleMap
[2020.08.30-04.21.36:541][761]LogPlayLevel: PIE: StaticDuplicateObject took: (0.013620s)
[2020.08.30-04.21.36:542][761]LogAIModule: Creating AISystem for world FirstPersonExampleMap
[2020.08.30-04.21.36:542][761]LogAISub: UAISubsystem::UAISubsystem EnvQueryManager (000001AF9B388400), frame # 24761
[2020.08.30-04.21.36:542][761]LogAISub: UAISubsystem::UAISubsystem AIPerceptionSystem (000001AF9A91A340), frame # 24761
[2020.08.30-04.21.36:543][761]LogPlayLevel: PIE: World Init took: (0.001915s)
[2020.08.30-04.21.36:543][761]LogPlayLevel: PIE: Created PIE world by copying editor world from /Game/Maps/FirstPersonExampleMap.FirstPersonExampleMap to /Game/Maps/UEDPIE_0_FirstPersonExampleMap.FirstPersonExampleMap (0.016046s)
[2020.08.30-04.21.36:570][761]LogUObjectHash: Compacting FUObjectHashTables data took   2.46ms
[2020.08.30-04.21.36:575][761]LogAudioMixer: Display: Audio Mixer Platform Settings:
[2020.08.30-04.21.36:575][761]LogAudioMixer: Display: 	Sample Rate:						  48000
[2020.08.30-04.21.36:575][761]LogAudioMixer: Display: 	Callback Buffer Frame Size Requested: 1024
[2020.08.30-04.21.36:575][761]LogAudioMixer: Display: 	Callback Buffer Frame Size To Use:	  1024
[2020.08.30-04.21.36:575][761]LogAudioMixer: Display: 	Number of buffers to queue:			  2
[2020.08.30-04.21.36:575][761]LogAudioMixer: Display: 	Max Channels (voices):				  32
[2020.08.30-04.21.36:575][761]LogAudioMixer: Display: 	Number of Async Source Workers:		  0
[2020.08.30-04.21.36:576][761]LogAudio: Display: AudioDevice MaxSources: 32
[2020.08.30-04.21.36:576][761]LogAudio: Display: Using built-in audio occlusion.
[2020.08.30-04.21.36:576][761]LogAudioMixer: Display: Initializing audio mixer.
[2020.08.30-04.21.36:579][761]LogAudioMixer: Display: 0: FrontLeft
[2020.08.30-04.21.36:579][761]LogAudioMixer: Display: 1: FrontRight
[2020.08.30-04.21.36:607][761]LogAudioMixer: Display: Using Audio Device Headset Earphone (HyperX Virtual Surround Sound)
[2020.08.30-04.21.36:607][761]LogAudioMixer: Display: Initializing Sound Submixes...
[2020.08.30-04.21.36:608][761]LogAudioMixer: Display: Creating Master Submix 'MasterSubmixDefault'
[2020.08.30-04.21.36:608][761]LogAudioMixer: Display: Creating Master Submix 'MasterReverbSubmixDefault'
[2020.08.30-04.21.36:608][761]LogAudioMixer: Display: Creating Master Submix 'MasterEQSubmixDefault'
[2020.08.30-04.21.36:621][761]LogInit: FAudioDevice initialized.
[2020.08.30-04.21.36:632][761]LogLoad: Game class is 'BP_GameMode_C'
[2020.08.30-04.21.36:635][761]LogWorld: Bringing World /Game/Maps/UEDPIE_0_FirstPersonExampleMap.FirstPersonExampleMap up for play (max tick rate 0) at 2020.08.30-00.21.36
[2020.08.30-04.21.36:635][761]LogWorld: Bringing up level for play took: 0.002253
[2020.08.30-04.21.36:636][761]LogOnline: OSS: Creating online subsystem instance for: :Context_13
[2020.08.30-04.21.36:640][761]PIE: Server logged in
[2020.08.30-04.21.36:641][761]PIE: Play in editor total start time 0.136 seconds.
[2020.08.30-04.21.43:708][606]LogTemp: Overlapped with extraction zone!
[2020.08.30-04.21.45:387][804]LogSlate: Updating window title bar state: overlay mode, drag disabled, window buttons hidden, title bar hidden
[2020.08.30-04.21.45:388][804]LogWorld: BeginTearingDown for /Game/Maps/UEDPIE_0_FirstPersonExampleMap
[2020.08.30-04.21.45:388][804]LogWorld: UWorld::CleanupWorld for FirstPersonExampleMap, bSessionEnded=true, bCleanupResources=true
[2020.08.30-04.21.45:388][804]LogSlate: InvalidateAllWidgets triggered.  All widgets were invalidated
[2020.08.30-04.21.45:402][804]LogPlayLevel: Display: Shutting down PIE online subsystems
[2020.08.30-04.21.45:407][804]LogSlate: InvalidateAllWidgets triggered.  All widgets were invalidated
[2020.08.30-04.21.45:458][804]LogSlate: Updating window title bar state: overlay mode, drag disabled, window buttons hidden, title bar hidden
[2020.08.30-04.21.45:459][804]LogAISub: UAISubsystem::~UAISubsystem AIPerceptionSystem (000001AF9A91A340), frame # 25804
[2020.08.30-04.21.45:459][804]LogAISub: UAISubsystem::~UAISubsystem EnvQueryManager (000001AF9B388400), frame # 25804
[2020.08.30-04.21.45:462][804]LogUObjectHash: Compacting FUObjectHashTables data took   2.51ms
[2020.08.30-04.21.45:498][805]LogPlayLevel: Display: Destroying online subsystem :Context_13
[2020.08.30-04.24.04:841][186]LogUObjectHash: Compacting FUObjectHashTables data took   2.50ms
[2020.08.30-04.24.06:774][186]LogSlate: Window 'Delete Assets' being destroyed
[2020.08.30-04.24.06:874][186]LogUObjectHash: Compacting FUObjectHashTables data took   1.95ms
[2020.08.30-04.24.20:975][243]LogAssetEditorSubsystem: Opening Asset editor for WidgetBlueprint /Game/UI/WPB_GuardState.WPB_GuardState
[2020.08.30-04.25.47:794][864]LogSlate: Window 'Color Picker' being destroyed
[2020.08.30-04.25.50:068][132]BlueprintLog: New page: Compile WPB_GuardState
[2020.08.30-04.25.50:115][132]LogUObjectHash: Compacting FUObjectHashTables data took   3.84ms
[2020.08.30-04.25.50:186][132]Cmd: OBJ SAVEPACKAGE PACKAGE="/Game/UI/WPB_GuardState" FILE="../../../../../../Users/iylek/Desktop/Unreal/StealthGame/StealthGame_ProjectBase_4.25/StealthGame/Content/UI/WPB_GuardState.uasset" SILENT=true
[2020.08.30-04.25.50:198][132]LogSavePackage: Moving '../../../../../../Users/iylek/Desktop/Unreal/StealthGame/StealthGame_ProjectBase_4.25/StealthGame/Saved/WPB_GuardState720AA3F34103C3E09A5D15B959C39B4C.tmp' to '../../../../../../Users/iylek/Desktop/Unreal/StealthGame/StealthGame_ProjectBase_4.25/StealthGame/Content/UI/WPB_GuardState.uasset'
[2020.08.30-04.25.50:214][132]AssetCheck: New page: Asset Save: WPB_GuardState
[2020.08.30-04.25.50:214][132]LogContentValidation: Display: Validating WidgetBlueprint /Game/UI/WPB_GuardState.WPB_GuardState
[2020.08.30-04.25.58:837][132]LogAssetEditorSubsystem: Opening Asset editor for Blueprint /Game/Blueprints/BP_Guard.BP_Guard
[2020.08.30-04.26.00:569][294]LogWorld: UWorld::CleanupWorld for World_11, bSessionEnded=true, bCleanupResources=true
[2020.08.30-04.26.00:569][294]LogSlate: InvalidateAllWidgets triggered.  All widgets were invalidated
[2020.08.30-04.26.00:635][294]LogAssetEditorSubsystem: Opening Asset editor for Blueprint /Game/Blueprints/BP_Guard.BP_Guard
[2020.08.30-04.26.40:720][230]LogRenderer: Reallocating scene render targets to support 1208x940 Format 10 NumSamples 1 (Frame:1).
[2020.08.30-04.27.35:100][870]BlueprintLog: New page: Compile BP_Guard
[2020.08.30-04.27.35:160][870]LogUObjectHash: Compacting FUObjectHashTables data took   3.39ms
[2020.08.30-04.27.35:227][870]LogSavePackage: Moving '../../../../../../Users/iylek/Desktop/Unreal/StealthGame/StealthGame_ProjectBase_4.25/StealthGame/Saved/BP_GuardEEC3E2C547CBDF5C05028F821D2CC9A0.tmp' to '../../../../../../Users/iylek/Desktop/Unreal/StealthGame/StealthGame_ProjectBase_4.25/StealthGame/Content/Blueprints/BP_Guard.uasset'
[2020.08.30-04.27.35:245][870]AssetCheck: New page: Asset Save: BP_Guard
[2020.08.30-04.27.35:245][870]LogContentValidation: Display: Validating Blueprint /Game/Blueprints/BP_Guard.BP_Guard
[2020.08.30-04.27.35:687][910]LogSavePackage: Moving '../../../../../../Users/iylek/Desktop/Unreal/StealthGame/StealthGame_ProjectBase_4.25/StealthGame/Saved/BP_Guard7DC1D32346CAF91B349BFD96F5EB8592.tmp' to '../../../../../../Users/iylek/Desktop/Unreal/StealthGame/StealthGame_ProjectBase_4.25/StealthGame/Content/Blueprints/BP_Guard.uasset'
[2020.08.30-04.27.35:697][910]AssetCheck: New page: Asset Save: BP_Guard
[2020.08.30-04.27.35:697][910]LogContentValidation: Display: Validating Blueprint /Game/Blueprints/BP_Guard.BP_Guard
[2020.08.30-04.27.41:793][614]LogUObjectHash: Compacting FUObjectHashTables data took   2.96ms
[2020.08.30-04.27.41:843][614]LogSavePackage: Moving '../../../../../../Users/iylek/Desktop/Unreal/StealthGame/StealthGame_ProjectBase_4.25/StealthGame/Saved/FirstPersonExampleMap1EF114484172FD998ADE72A8EC16C06B.tmp' to '../../../../../../Users/iylek/Desktop/Unreal/StealthGame/StealthGame_ProjectBase_4.25/StealthGame/Content/Maps/FirstPersonExampleMap.umap'
[2020.08.30-04.27.41:894][614]AssetCheck: New page: Asset Save: FirstPersonExampleMap
[2020.08.30-04.27.41:895][614]LogContentValidation: Display: Validating World /Game/Maps/FirstPersonExampleMap.FirstPersonExampleMap
[2020.08.30-04.27.42:566][691]LogTemp: Repeating last play command: Selected Viewport
[2020.08.30-04.27.42:586][691]BlueprintLog: New page: Pre-Play auto-recompile
[2020.08.30-04.27.42:586][691]LogPlayLevel: [PlayLevel] Compiling WPB_GuardState before play...
[2020.08.30-04.27.42:669][691]Cmd: OBJ SAVEPACKAGE PACKAGE="/Game/UI/WPB_GuardState" FILE="../../../../../../Users/iylek/Desktop/Unreal/StealthGame/StealthGame_ProjectBase_4.25/StealthGame/Content/UI/WPB_GuardState.uasset" SILENT=true
[2020.08.30-04.27.42:691][691]LogSavePackage: Moving '../../../../../../Users/iylek/Desktop/Unreal/StealthGame/StealthGame_ProjectBase_4.25/StealthGame/Saved/WPB_GuardState8C44380F4FBE2BF87C1BD7A5212DB7A4.tmp' to '../../../../../../Users/iylek/Desktop/Unreal/StealthGame/StealthGame_ProjectBase_4.25/StealthGame/Content/UI/WPB_GuardState.uasset'
[2020.08.30-04.27.42:734][691]LogUObjectHash: Compacting FUObjectHashTables data took   3.13ms
[2020.08.30-04.27.42:736][691]LogPlayLevel: PlayLevel: Blueprint regeneration took 150 ms (1 blueprints)
[2020.08.30-04.27.42:736][691]PIE: New page: PIE session: FirstPersonExampleMap (Aug. 29, 2020, 8:27:42 p.m.)
[2020.08.30-04.27.42:756][691]LogPlayLevel: Creating play world package: /Game/Maps/UEDPIE_0_FirstPersonExampleMap
[2020.08.30-04.27.42:771][691]LogPlayLevel: PIE: StaticDuplicateObject took: (0.014284s)
[2020.08.30-04.27.42:773][691]LogAIModule: Creating AISystem for world FirstPersonExampleMap
[2020.08.30-04.27.42:773][691]LogAISub: UAISubsystem::UAISubsystem EnvQueryManager (000001B0572D9E00), frame # 47691
[2020.08.30-04.27.42:773][691]LogAISub: UAISubsystem::UAISubsystem AIPerceptionSystem (000001B03F54CB80), frame # 47691
[2020.08.30-04.27.42:773][691]LogPlayLevel: PIE: World Init took: (0.002322s)
[2020.08.30-04.27.42:774][691]LogPlayLevel: PIE: Created PIE world by copying editor world from /Game/Maps/FirstPersonExampleMap.FirstPersonExampleMap to /Game/Maps/UEDPIE_0_FirstPersonExampleMap.FirstPersonExampleMap (0.017150s)
[2020.08.30-04.27.42:810][691]LogUObjectHash: Compacting FUObjectHashTables data took   2.39ms
[2020.08.30-04.27.42:811][691]LogAudioMixer: Display: Audio Mixer Platform Settings:
[2020.08.30-04.27.42:811][691]LogAudioMixer: Display: 	Sample Rate:						  48000
[2020.08.30-04.27.42:811][691]LogAudioMixer: Display: 	Callback Buffer Frame Size Requested: 1024
[2020.08.30-04.27.42:811][691]LogAudioMixer: Display: 	Callback Buffer Frame Size To Use:	  1024
[2020.08.30-04.27.42:811][691]LogAudioMixer: Display: 	Number of buffers to queue:			  2
[2020.08.30-04.27.42:811][691]LogAudioMixer: Display: 	Max Channels (voices):				  32
[2020.08.30-04.27.42:811][691]LogAudioMixer: Display: 	Number of Async Source Workers:		  0
[2020.08.30-04.27.42:812][691]LogAudio: Display: AudioDevice MaxSources: 32
[2020.08.30-04.27.42:812][691]LogAudio: Display: Using built-in audio occlusion.
[2020.08.30-04.27.42:812][691]LogAudioMixer: Display: Initializing audio mixer.
[2020.08.30-04.27.42:815][691]LogAudioMixer: Display: 0: FrontLeft
[2020.08.30-04.27.42:815][691]LogAudioMixer: Display: 1: FrontRight
[2020.08.30-04.27.42:848][691]LogAudioMixer: Display: Using Audio Device Headset Earphone (HyperX Virtual Surround Sound)
[2020.08.30-04.27.42:848][691]LogAudioMixer: Display: Initializing Sound Submixes...
[2020.08.30-04.27.42:848][691]LogAudioMixer: Display: Creating Master Submix 'MasterSubmixDefault'
[2020.08.30-04.27.42:848][691]LogAudioMixer: Display: Creating Master Submix 'MasterReverbSubmixDefault'
[2020.08.30-04.27.42:849][691]LogAudioMixer: Display: Creating Master Submix 'MasterEQSubmixDefault'
[2020.08.30-04.27.42:864][691]LogInit: FAudioDevice initialized.
[2020.08.30-04.27.42:877][691]LogLoad: Game class is 'BP_GameMode_C'
[2020.08.30-04.27.42:880][691]LogWorld: Bringing World /Game/Maps/UEDPIE_0_FirstPersonExampleMap.FirstPersonExampleMap up for play (max tick rate 0) at 2020.08.30-00.27.42
[2020.08.30-04.27.42:880][691]LogWorld: Bringing up level for play took: 0.002455
[2020.08.30-04.27.42:881][691]LogOnline: OSS: Creating online subsystem instance for: :Context_18
[2020.08.30-04.27.42:886][691]PIE: Server logged in
[2020.08.30-04.27.42:888][691]PIE: Play in editor total start time 0.305 seconds.
[2020.08.30-04.27.42:911][692]AssetCheck: New page: Asset Save: WPB_GuardState
[2020.08.30-04.27.42:912][692]LogContentValidation: Display: Validating WidgetBlueprint /Game/UI/WPB_GuardState.WPB_GuardState
[2020.08.30-04.27.46:107][ 63]LogSlate: Updating window title bar state: overlay mode, drag disabled, window buttons hidden, title bar hidden
[2020.08.30-04.27.46:108][ 63]LogWorld: BeginTearingDown for /Game/Maps/UEDPIE_0_FirstPersonExampleMap
[2020.08.30-04.27.46:108][ 63]LogWorld: UWorld::CleanupWorld for FirstPersonExampleMap, bSessionEnded=true, bCleanupResources=true
[2020.08.30-04.27.46:108][ 63]LogSlate: InvalidateAllWidgets triggered.  All widgets were invalidated
[2020.08.30-04.27.46:120][ 63]LogPlayLevel: Display: Shutting down PIE online subsystems
[2020.08.30-04.27.46:125][ 63]LogSlate: InvalidateAllWidgets triggered.  All widgets were invalidated
[2020.08.30-04.27.46:154][ 63]LogSlate: Updating window title bar state: overlay mode, drag disabled, window buttons hidden, title bar hidden
[2020.08.30-04.27.46:184][ 63]LogAISub: UAISubsystem::~UAISubsystem AIPerceptionSystem (000001B03F54CB80), frame # 48063
[2020.08.30-04.27.46:184][ 63]LogAISub: UAISubsystem::~UAISubsystem EnvQueryManager (000001B0572D9E00), frame # 48063
[2020.08.30-04.27.46:187][ 63]LogUObjectHash: Compacting FUObjectHashTables data took   2.62ms
[2020.08.30-04.27.46:223][ 64]LogPlayLevel: Display: Destroying online subsystem :Context_18
[2020.08.30-04.27.50:989][609]LogSlate: FontCache flush requested. Reason: Font Atlases Full; 2/1 Pages; frames since last flush: 48609
[2020.08.30-04.27.50:990][609]LogSlate: InvalidateAllWidgets triggered.  All widgets were invalidated
[2020.08.30-04.27.50:995][610]LogSlate: Took 0.000194 seconds to synchronously load lazily loaded font '../../../Engine/Content/Slate/Fonts/Roboto-Regular.ttf' (155K)
[2020.08.30-04.27.51:000][610]LogSlate: Took 0.000226 seconds to synchronously load lazily loaded font '../../../Engine/Content/Slate/Fonts/Roboto-Light.ttf' (167K)
[2020.08.30-04.27.51:000][610]LogSlate: Took 0.000129 seconds to synchronously load lazily loaded font '../../../Engine/Content/Slate/Fonts/Roboto-Bold.ttf' (160K)
[2020.08.30-04.27.51:002][610]LogSlate: Took 0.000139 seconds to synchronously load lazily loaded font '../../../Engine/Content/Editor/Slate/Fonts/FontAwesome.ttf' (139K)
[2020.08.30-04.27.51:004][610]LogSlate: Took 0.000123 seconds to synchronously load lazily loaded font '../../../Engine/Content/Slate/Fonts/Roboto-BoldCondensed.ttf' (158K)
[2020.08.30-04.27.51:066][616]LogSlate: FontCache flush requested. Reason: Font Atlases Full; 2/1 Pages; frames since last flush: 7
[2020.08.30-04.27.51:067][616]LogSlate: InvalidateAllWidgets triggered.  All widgets were invalidated
[2020.08.30-04.27.51:074][617]LogSlate: Took 0.000155 seconds to synchronously load lazily loaded font '../../../Engine/Content/Slate/Fonts/Roboto-Regular.ttf' (155K)
[2020.08.30-04.27.51:080][617]LogSlate: Took 0.000141 seconds to synchronously load lazily loaded font '../../../Engine/Content/Slate/Fonts/Roboto-Light.ttf' (167K)
[2020.08.30-04.27.51:081][617]LogSlate: Took 0.000149 seconds to synchronously load lazily loaded font '../../../Engine/Content/Slate/Fonts/Roboto-Bold.ttf' (160K)
[2020.08.30-04.27.51:082][617]LogSlate: Took 0.000098 seconds to synchronously load lazily loaded font '../../../Engine/Content/Editor/Slate/Fonts/FontAwesome.ttf' (139K)
[2020.08.30-04.27.51:084][617]LogSlate: Took 0.000101 seconds to synchronously load lazily loaded font '../../../Engine/Content/Slate/Fonts/Roboto-BoldCondensed.ttf' (158K)
[2020.08.30-04.28.27:067][417]BlueprintLog: New page: Compile WPB_GuardState
[2020.08.30-04.28.27:116][417]LogUObjectHash: Compacting FUObjectHashTables data took   2.96ms
[2020.08.30-04.28.27:188][417]Cmd: OBJ SAVEPACKAGE PACKAGE="/Game/UI/WPB_GuardState" FILE="../../../../../../Users/iylek/Desktop/Unreal/StealthGame/StealthGame_ProjectBase_4.25/StealthGame/Content/UI/WPB_GuardState.uasset" SILENT=true
[2020.08.30-04.28.27:204][417]LogSavePackage: Moving '../../../../../../Users/iylek/Desktop/Unreal/StealthGame/StealthGame_ProjectBase_4.25/StealthGame/Saved/WPB_GuardState3EA7AE3D42FEE7D36253AD92DAC64994.tmp' to '../../../../../../Users/iylek/Desktop/Unreal/StealthGame/StealthGame_ProjectBase_4.25/StealthGame/Content/UI/WPB_GuardState.uasset'
[2020.08.30-04.28.27:220][417]AssetCheck: New page: Asset Save: WPB_GuardState
[2020.08.30-04.28.27:220][417]LogContentValidation: Display: Validating WidgetBlueprint /Game/UI/WPB_GuardState.WPB_GuardState
[2020.08.30-04.28.27:851][486]Cmd: OBJ SAVEPACKAGE PACKAGE="/Game/UI/WPB_GuardState" FILE="../../../../../../Users/iylek/Desktop/Unreal/StealthGame/StealthGame_ProjectBase_4.25/StealthGame/Content/UI/WPB_GuardState.uasset" SILENT=true
[2020.08.30-04.28.27:866][486]LogSavePackage: Moving '../../../../../../Users/iylek/Desktop/Unreal/StealthGame/StealthGame_ProjectBase_4.25/StealthGame/Saved/WPB_GuardStateCAFCA79443746136BECF66ACB747AA22.tmp' to '../../../../../../Users/iylek/Desktop/Unreal/StealthGame/StealthGame_ProjectBase_4.25/StealthGame/Content/UI/WPB_GuardState.uasset'
[2020.08.30-04.28.27:878][486]AssetCheck: New page: Asset Save: WPB_GuardState
[2020.08.30-04.28.27:878][486]LogContentValidation: Display: Validating WidgetBlueprint /Game/UI/WPB_GuardState.WPB_GuardState
