Log file open, 08/30/20 00:52:55
LogInit: Display: Running engine for game: FPSGame
LogPlatformFile: Not using cached read wrapper
LogTaskGraph: Started task graph with 5 named threads and 35 total threads with 3 sets of task threads.
LogStats: Stats thread started at 0.262021
LogD3D11RHI: Loaded GFSDK_Aftermath_Lib.x64.dll
LogICUInternationalization: ICU TimeZone Detection - Raw Offset: -5:00, Platform Override: ''
LogPluginManager: Mounting plugin Paper2D
LogPluginManager: Mounting plugin AISupport
LogPluginManager: Mounting plugin LightPropagationVolume
LogPluginManager: Mounting plugin CameraShakePreviewer
LogPluginManager: Mounting plugin ActorLayerUtilities
LogPluginManager: Mounting plugin AnimationSharing
LogPluginManager: Mounting plugin CLionSourceCodeAccess
LogPluginManager: Mounting plugin CodeLiteSourceCodeAccess
LogPluginManager: Mounting plugin GitSourceControl
LogPluginManager: Mounting plugin KDevelopSourceCodeAccess
LogPluginManager: Mounting plugin NullSourceCodeAccess
LogPluginManager: Mounting plugin PerforceSourceControl
LogPluginManager: Mounting plugin PlasticSourceControl
LogPluginManager: Mounting plugin RiderSourceCodeAccess
LogPluginManager: Mounting plugin SubversionSourceControl
LogPluginManager: Mounting plugin UObjectPlugin
LogPluginManager: Mounting plugin VisualStudioCodeSourceCodeAccess
LogPluginManager: Mounting plugin VisualStudioSourceCodeAccess
LogPluginManager: Mounting plugin XCodeSourceCodeAccess
LogPluginManager: Mounting plugin AssetManagerEditor
LogPluginManager: Mounting plugin CryptoKeys
LogPluginManager: Mounting plugin CurveEditorTools
LogPluginManager: Mounting plugin DataValidation
LogPluginManager: Mounting plugin EditorScriptingUtilities
LogPluginManager: Mounting plugin FacialAnimation
LogPluginManager: Mounting plugin GameplayTagsEditor
LogPluginManager: Mounting plugin GeometryMode
LogPluginManager: Mounting plugin MacGraphicsSwitching
LogPluginManager: Mounting plugin MaterialAnalyzer
LogPluginManager: Mounting plugin MobileLauncherProfileWizard
LogPluginManager: Mounting plugin PluginBrowser
LogPluginManager: Mounting plugin SpeedTreeImporter
LogPluginManager: Mounting plugin DatasmithContent
LogPluginManager: Mounting plugin VariantManagerContent
LogPluginManager: Mounting plugin AlembicImporter
LogPluginManager: Mounting plugin AutomationUtils
LogPluginManager: Mounting plugin BackChannel
LogPluginManager: Mounting plugin ChaosCloth
LogPluginManager: Mounting plugin ChaosClothEditor
LogPluginManager: Mounting plugin ChaosEditor
LogPluginManager: Mounting plugin ChaosNiagara
LogPluginManager: Mounting plugin ChaosSolverPlugin
LogPluginManager: Mounting plugin CharacterAI
LogPluginManager: Mounting plugin GeometryCache
LogPluginManager: Mounting plugin GeometryCollectionPlugin
LogPluginManager: Mounting plugin GeometryProcessing
LogPluginManager: Mounting plugin PlanarCut
LogPluginManager: Mounting plugin PlatformCrypto
LogPluginManager: Mounting plugin ProxyLODPlugin
LogPluginManager: Mounting plugin SkeletalReduction
LogPluginManager: Mounting plugin Niagara
LogPluginManager: Mounting plugin MagicLeap
LogPluginManager: Mounting plugin MagicLeapLightEstimation
LogPluginManager: Mounting plugin MagicLeapMedia
LogPluginManager: Mounting plugin MagicLeapPassableWorld
LogPluginManager: Mounting plugin MLSDK
LogPluginManager: Mounting plugin AndroidMedia
LogPluginManager: Mounting plugin AvfMedia
LogPluginManager: Mounting plugin ImgMedia
LogPluginManager: Mounting plugin MediaCompositing
LogPluginManager: Mounting plugin MediaPlayerEditor
LogPluginManager: Mounting plugin WebMMedia
LogPluginManager: Mounting plugin WmfMedia
LogPluginManager: Mounting plugin MeshPainting
LogPluginManager: Mounting plugin TcpMessaging
LogPluginManager: Mounting plugin UdpMessaging
LogPluginManager: Mounting plugin ActorSequence
LogPluginManager: Mounting plugin LevelSequenceEditor
LogPluginManager: Mounting plugin MatineeToLevelSequence
LogPluginManager: Mounting plugin MovieRenderPipeline
LogPluginManager: Mounting plugin TemplateSequence
LogPluginManager: Mounting plugin NetcodeUnitTest
LogPluginManager: Mounting plugin NUTUnrealEngine4
LogPluginManager: Mounting plugin OnlineSubsystemGooglePlay
LogPluginManager: Mounting plugin OnlineSubsystemIOS
LogPluginManager: Mounting plugin OnlineSubsystem
LogPluginManager: Mounting plugin OnlineSubsystemNull
LogPluginManager: Mounting plugin OnlineSubsystemUtils
LogPluginManager: Mounting plugin LauncherChunkInstaller
LogPluginManager: Mounting plugin AndroidDeviceProfileSelector
LogPluginManager: Mounting plugin AndroidMoviePlayer
LogPluginManager: Mounting plugin AndroidPermission
LogPluginManager: Mounting plugin AppleImageUtils
LogPluginManager: Mounting plugin AppleMoviePlayer
LogPluginManager: Mounting plugin ArchVisCharacter
LogPluginManager: Mounting plugin AssetTags
LogPluginManager: Mounting plugin AudioCapture
LogPluginManager: Mounting plugin CableComponent
LogPluginManager: Mounting plugin CustomMeshComponent
LogPluginManager: Mounting plugin EditableMesh
LogPluginManager: Mounting plugin ExampleDeviceProfileSelector
LogPluginManager: Mounting plugin GoogleCloudMessaging
LogPluginManager: Mounting plugin GooglePAD
LogPluginManager: Mounting plugin IOSDeviceProfileSelector
LogPluginManager: Mounting plugin LinuxDeviceProfileSelector
LogPluginManager: Mounting plugin LocationServicesBPLibrary
LogPluginManager: Mounting plugin MobilePatchingUtils
LogPluginManager: Mounting plugin OculusVR
LogPluginManager: Mounting plugin PhysXVehicles
LogPluginManager: Mounting plugin PostSplashScreen
LogPluginManager: Mounting plugin ProceduralMeshComponent
LogPluginManager: Mounting plugin RuntimePhysXCooking
LogPluginManager: Mounting plugin SignificanceManager
LogPluginManager: Mounting plugin SoundFields
LogPluginManager: Mounting plugin SteamVR
LogPluginManager: Mounting plugin Synthesis
LogPluginManager: Mounting plugin WebMMoviePlayer
LogPluginManager: Mounting plugin WindowsMoviePlayer
LogPluginManager: Mounting plugin ScreenshotTools
LogInit: Using libcurl 7.55.1-DEV
LogInit:  - built for x86_64-pc-win32
LogInit:  - supports SSL with OpenSSL/1.1.1
LogInit:  - supports HTTP deflate (compression) using libz 1.2.8
LogInit:  - other features:
LogInit:      CURL_VERSION_SSL
LogInit:      CURL_VERSION_LIBZ
LogInit:      CURL_VERSION_IPV6
LogInit:      CURL_VERSION_ASYNCHDNS
LogInit:      CURL_VERSION_LARGEFILE
LogInit:      CURL_VERSION_IDN
LogInit:  CurlRequestOptions (configurable via config and command line):
LogInit:  - bVerifyPeer = true  - Libcurl will verify peer certificate
LogInit:  - bUseHttpProxy = false  - Libcurl will NOT use HTTP proxy
LogInit:  - bDontReuseConnections = false  - Libcurl will reuse connections
LogInit:  - MaxHostConnections = 16  - Libcurl will limit the number of connections to a host
LogInit:  - LocalHostAddr = Default
LogInit:  - BufferSize = 65536
LogOnline: OSS: Creating online subsystem instance for: NULL
LogInit: WinSock: version 1.1 (2.2), MaxSocks=32767, MaxUdp=65467
LogOnline: OSS: TryLoadSubsystemAndSetDefault: Loaded subsystem for module [NULL]
LogInit: Build: ++UE4+Release-4.25-CL-13942748
LogInit: Engine Version: 4.25.3-13942748+++UE4+Release-4.25
LogInit: Compatible Engine Version: 4.25.0-13144385+++UE4+Release-4.25
LogInit: Net CL: 13144385
LogInit: OS: Windows 10 (Release 1909) (), CPU: AMD Ryzen 5 3600 6-Core Processor              , GPU: NVIDIA GeForce RTX 2060
LogInit: Compiled (64-bit): Jul 25 2020 02:07:48
LogInit: Compiled with Visual C++: 19.24.28315.00
LogInit: Build Configuration: Development
LogInit: Branch Name: ++UE4+Release-4.25
LogInit: Command Line:  -skipcompile
LogInit: Base Directory: C:/Program Files/Epic Games/UE_4.25/Engine/Binaries/Win64/
LogInit: Allocator: TBB
LogInit: Installed Engine Build: 1
LogDevObjectVersion: Number of dev versions registered: 26
LogDevObjectVersion:   Dev-Blueprints (B0D832E4-1F89-4F0D-ACCF-7EB736FD4AA2): 10
LogDevObjectVersion:   Dev-Build (E1C64328-A22C-4D53-A36C-8E866417BD8C): 0
LogDevObjectVersion:   Dev-Core (375EC13C-06E4-48FB-B500-84F0262A717E): 4
LogDevObjectVersion:   Dev-Editor (E4B068ED-F494-42E9-A231-DA0B2E46BB41): 38
LogDevObjectVersion:   Dev-Framework (CFFC743F-43B0-4480-9391-14DF171D2073): 37
LogDevObjectVersion:   Dev-Mobile (B02B49B5-BB20-44E9-A304-32B752E40360): 2
LogDevObjectVersion:   Dev-Networking (A4E4105C-59A1-49B5-A7C5-40C4547EDFEE): 0
LogDevObjectVersion:   Dev-Online (39C831C9-5AE6-47DC-9A44-9C173E1C8E7C): 0
LogDevObjectVersion:   Dev-Physics (78F01B33-EBEA-4F98-B9B4-84EACCB95AA2): 4
LogDevObjectVersion:   Dev-Platform (6631380F-2D4D-43E0-8009-CF276956A95A): 0
LogDevObjectVersion:   Dev-Rendering (12F88B9F-8875-4AFC-A67C-D90C383ABD29): 43
LogDevObjectVersion:   Dev-Sequencer (7B5AE74C-D270-4C10-A958-57980B212A5A): 12
LogDevObjectVersion:   Dev-VR (D7296918-1DD6-4BDD-9DE2-64A83CC13884): 3
LogDevObjectVersion:   Dev-LoadTimes (C2A15278-BFE7-4AFE-6C17-90FF531DF755): 1
LogDevObjectVersion:   Private-Geometry (6EACA3D4-40EC-4CC1-B786-8BED09428FC5): 3
LogDevObjectVersion:   Dev-AnimPhys (29E575DD-E0A3-4627-9D10-D276232CDCEA): 17
LogDevObjectVersion:   Dev-Anim (AF43A65D-7FD3-4947-9873-3E8ED9C1BB05): 7
LogDevObjectVersion:   Dev-ReflectionCapture (6B266CEC-1EC7-4B8F-A30B-E4D90942FC07): 1
LogDevObjectVersion:   Dev-Automation (0DF73D61-A23F-47EA-B727-89E90C41499A): 1
LogDevObjectVersion:   FortniteMain (601D1886-AC64-4F84-AA16-D3DE0DEAC7D6): 31
LogDevObjectVersion:   Dev-Enterprise (9DFFBCD6-494F-0158-E221-12823C92A888): 10
LogDevObjectVersion:   Dev-Niagara (F2AED0AC-9AFE-416F-8664-AA7FFA26D6FC): 1
LogDevObjectVersion:   Dev-Destruction (174F1F0B-B4C6-45A5-B13F-2EE8D0FB917D): 10
LogDevObjectVersion:   Dev-Physics-Ext (35F94A83-E258-406C-A318-09F59610247C): 37
LogDevObjectVersion:   Dev-PhysicsMaterial-Chaos (B68FC16E-8B1B-42E2-B453-215C058844FE): 1
LogDevObjectVersion:   Dev-CineCamera (B2E18506-4273-CFC2-A54E-F4BB758BBA07): 1
LogInit: Presizing for max 25165824 objects, including 0 objects not considered by GC, pre-allocating 0 bytes for permanent pool.
LogConfig: Applying CVar settings from Section [/Script/Engine.StreamingSettings] File [C:/Users/iylek/Desktop/Unreal/StealthGame/StealthGame_ProjectBase_4.25/StealthGame/Saved/Config/Windows/Engine.ini]
LogConfig: Setting CVar [[s.MinBulkDataSizeForAsyncLoading:131072]]
LogConfig: Setting CVar [[s.AsyncLoadingThreadEnabled:0]]
LogConfig: Setting CVar [[s.EventDrivenLoaderEnabled:1]]
LogConfig: Setting CVar [[s.WarnIfTimeLimitExceeded:0]]
LogConfig: Setting CVar [[s.TimeLimitExceededMultiplier:1.5]]
LogConfig: Setting CVar [[s.TimeLimitExceededMinTime:0.005]]
LogConfig: Setting CVar [[s.UseBackgroundLevelStreaming:1]]
LogConfig: Setting CVar [[s.PriorityAsyncLoadingExtraTime:15.0]]
LogConfig: Setting CVar [[s.LevelStreamingActorsUpdateTimeLimit:5.0]]
LogConfig: Setting CVar [[s.PriorityLevelStreamingActorsUpdateExtraTime:5.0]]
LogConfig: Setting CVar [[s.LevelStreamingComponentsRegistrationGranularity:10]]
LogConfig: Setting CVar [[s.UnregisterComponentsTimeLimit:1.0]]
LogConfig: Setting CVar [[s.LevelStreamingComponentsUnregistrationGranularity:5]]
LogConfig: Setting CVar [[s.FlushStreamingOnExit:1]]
LogInit: Object subsystem initialized
LogConfig: Setting CVar [[con.DebugEarlyDefault:1]]
LogConfig: Setting CVar [[r.setres:1280x720]]
[2020.08.30-04.52.55:729][  0]LogConfig: Setting CVar [[r.VSync:0]]
[2020.08.30-04.52.55:729][  0]LogConfig: Setting CVar [[r.RHICmdBypass:0]]
[2020.08.30-04.52.55:729][  0]LogConfig: Applying CVar settings from Section [/Script/Engine.RendererSettings] File [C:/Users/iylek/Desktop/Unreal/StealthGame/StealthGame_ProjectBase_4.25/StealthGame/Saved/Config/Windows/Engine.ini]
[2020.08.30-04.52.55:729][  0]LogConfig: Setting CVar [[r.GPUCrashDebugging:0]]
[2020.08.30-04.52.55:729][  0]LogConfig: Applying CVar settings from Section [/Script/Engine.RendererOverrideSettings] File [C:/Users/iylek/Desktop/Unreal/StealthGame/StealthGame_ProjectBase_4.25/StealthGame/Saved/Config/Windows/Engine.ini]
[2020.08.30-04.52.55:729][  0]LogConfig: Applying CVar settings from Section [/Script/Engine.StreamingSettings] File [C:/Users/iylek/Desktop/Unreal/StealthGame/StealthGame_ProjectBase_4.25/StealthGame/Saved/Config/Windows/Engine.ini]
[2020.08.30-04.52.55:729][  0]LogConfig: Setting CVar [[s.MinBulkDataSizeForAsyncLoading:131072]]
[2020.08.30-04.52.55:729][  0]LogConfig: Setting CVar [[s.AsyncLoadingThreadEnabled:0]]
[2020.08.30-04.52.55:729][  0]LogConfig: Setting CVar [[s.EventDrivenLoaderEnabled:1]]
[2020.08.30-04.52.55:729][  0]LogConfig: Setting CVar [[s.WarnIfTimeLimitExceeded:0]]
[2020.08.30-04.52.55:729][  0]LogConfig: Setting CVar [[s.TimeLimitExceededMultiplier:1.5]]
[2020.08.30-04.52.55:729][  0]LogConfig: Setting CVar [[s.TimeLimitExceededMinTime:0.005]]
[2020.08.30-04.52.55:729][  0]LogConfig: Setting CVar [[s.UseBackgroundLevelStreaming:1]]
[2020.08.30-04.52.55:729][  0]LogConfig: Setting CVar [[s.PriorityAsyncLoadingExtraTime:15.0]]
[2020.08.30-04.52.55:729][  0]LogConfig: Setting CVar [[s.LevelStreamingActorsUpdateTimeLimit:5.0]]
[2020.08.30-04.52.55:729][  0]LogConfig: Setting CVar [[s.PriorityLevelStreamingActorsUpdateExtraTime:5.0]]
[2020.08.30-04.52.55:729][  0]LogConfig: Setting CVar [[s.LevelStreamingComponentsRegistrationGranularity:10]]
[2020.08.30-04.52.55:729][  0]LogConfig: Setting CVar [[s.UnregisterComponentsTimeLimit:1.0]]
[2020.08.30-04.52.55:730][  0]LogConfig: Setting CVar [[s.LevelStreamingComponentsUnregistrationGranularity:5]]
[2020.08.30-04.52.55:730][  0]LogConfig: Setting CVar [[s.FlushStreamingOnExit:1]]
[2020.08.30-04.52.55:730][  0]LogConfig: Applying CVar settings from Section [/Script/Engine.GarbageCollectionSettings] File [C:/Users/iylek/Desktop/Unreal/StealthGame/StealthGame_ProjectBase_4.25/StealthGame/Saved/Config/Windows/Engine.ini]
[2020.08.30-04.52.55:730][  0]LogConfig: Setting CVar [[gc.MaxObjectsNotConsideredByGC:1]]
[2020.08.30-04.52.55:730][  0]LogConfig: Setting CVar [[gc.SizeOfPermanentObjectPool:0]]
[2020.08.30-04.52.55:730][  0]LogConfig: Setting CVar [[gc.FlushStreamingOnGC:0]]
[2020.08.30-04.52.55:730][  0]LogConfig: Setting CVar [[gc.NumRetriesBeforeForcingGC:10]]
[2020.08.30-04.52.55:730][  0]LogConfig: Setting CVar [[gc.AllowParallelGC:1]]
[2020.08.30-04.52.55:730][  0]LogConfig: Setting CVar [[gc.TimeBetweenPurgingPendingKillObjects:61.1]]
[2020.08.30-04.52.55:730][  0]LogConfig: Setting CVar [[gc.MaxObjectsInEditor:25165824]]
[2020.08.30-04.52.55:730][  0]LogConfig: Setting CVar [[gc.IncrementalBeginDestroyEnabled:1]]
[2020.08.30-04.52.55:730][  0]LogConfig: Setting CVar [[gc.CreateGCClusters:1]]
[2020.08.30-04.52.55:730][  0]LogConfig: Setting CVar [[gc.MinGCClusterSize:5]]
[2020.08.30-04.52.55:730][  0]LogConfig: Setting CVar [[gc.ActorClusteringEnabled:0]]
[2020.08.30-04.52.55:730][  0]LogConfig: Setting CVar [[gc.BlueprintClusteringEnabled:0]]
[2020.08.30-04.52.55:730][  0]LogConfig: Setting CVar [[gc.UseDisregardForGCOnDedicatedServers:0]]
[2020.08.30-04.52.55:730][  0]LogConfig: Applying CVar settings from Section [/Script/Engine.NetworkSettings] File [C:/Users/iylek/Desktop/Unreal/StealthGame/StealthGame_ProjectBase_4.25/StealthGame/Saved/Config/Windows/Engine.ini]
[2020.08.30-04.52.55:730][  0]LogConfig: Applying CVar settings from Section [/Script/UnrealEd.CookerSettings] File [C:/Users/iylek/Desktop/Unreal/StealthGame/StealthGame_ProjectBase_4.25/StealthGame/Saved/Config/Windows/Engine.ini]
[2020.08.30-04.52.55:737][  0]LogConfig: Applying CVar settings from Section [ViewDistanceQuality@3] File [C:/Users/iylek/Desktop/Unreal/StealthGame/StealthGame_ProjectBase_4.25/StealthGame/Saved/Config/Windows/Scalability.ini]
[2020.08.30-04.52.55:737][  0]LogConfig: Setting CVar [[r.SkeletalMeshLODBias:0]]
[2020.08.30-04.52.55:737][  0]LogConfig: Setting CVar [[r.ViewDistanceScale:1.0]]
[2020.08.30-04.52.55:737][  0]LogConfig: Applying CVar settings from Section [AntiAliasingQuality@3] File [C:/Users/iylek/Desktop/Unreal/StealthGame/StealthGame_ProjectBase_4.25/StealthGame/Saved/Config/Windows/Scalability.ini]
[2020.08.30-04.52.55:738][  0]LogConfig: Setting CVar [[r.PostProcessAAQuality:4]]
[2020.08.30-04.52.55:738][  0]LogConfig: Applying CVar settings from Section [ShadowQuality@3] File [C:/Users/iylek/Desktop/Unreal/StealthGame/StealthGame_ProjectBase_4.25/StealthGame/Saved/Config/Windows/Scalability.ini]
[2020.08.30-04.52.55:738][  0]LogConfig: Setting CVar [[r.LightFunctionQuality:1]]
[2020.08.30-04.52.55:738][  0]LogConfig: Setting CVar [[r.ShadowQuality:5]]
[2020.08.30-04.52.55:738][  0]LogConfig: Setting CVar [[r.Shadow.CSM.MaxCascades:10]]
[2020.08.30-04.52.55:738][  0]LogConfig: Setting CVar [[r.Shadow.MaxResolution:2048]]
[2020.08.30-04.52.55:738][  0]LogConfig: Setting CVar [[r.Shadow.MaxCSMResolution:2048]]
[2020.08.30-04.52.55:738][  0]LogConfig: Setting CVar [[r.Shadow.RadiusThreshold:0.01]]
[2020.08.30-04.52.55:738][  0]LogConfig: Setting CVar [[r.Shadow.DistanceScale:1.0]]
[2020.08.30-04.52.55:738][  0]LogConfig: Setting CVar [[r.Shadow.CSM.TransitionScale:1.0]]
[2020.08.30-04.52.55:738][  0]LogConfig: Setting CVar [[r.Shadow.PreShadowResolutionFactor:1.0]]
[2020.08.30-04.52.55:738][  0]LogConfig: Setting CVar [[r.DistanceFieldShadowing:1]]
[2020.08.30-04.52.55:738][  0]LogConfig: Setting CVar [[r.DistanceFieldAO:1]]
[2020.08.30-04.52.55:738][  0]LogConfig: Setting CVar [[r.AOQuality:2]]
[2020.08.30-04.52.55:738][  0]LogConfig: Setting CVar [[r.VolumetricFog:1]]
[2020.08.30-04.52.55:738][  0]LogConfig: Setting CVar [[r.VolumetricFog.GridPixelSize:8]]
[2020.08.30-04.52.55:738][  0]LogConfig: Setting CVar [[r.VolumetricFog.GridSizeZ:128]]
[2020.08.30-04.52.55:738][  0]LogConfig: Setting CVar [[r.VolumetricFog.HistoryMissSupersampleCount:4]]
[2020.08.30-04.52.55:738][  0]LogConfig: Setting CVar [[r.LightMaxDrawDistanceScale:1]]
[2020.08.30-04.52.55:738][  0]LogConfig: Setting CVar [[r.CapsuleShadows:1]]
[2020.08.30-04.52.55:739][  0]LogConfig: Applying CVar settings from Section [PostProcessQuality@3] File [C:/Users/iylek/Desktop/Unreal/StealthGame/StealthGame_ProjectBase_4.25/StealthGame/Saved/Config/Windows/Scalability.ini]
[2020.08.30-04.52.55:739][  0]LogConfig: Setting CVar [[r.MotionBlurQuality:4]]
[2020.08.30-04.52.55:739][  0]LogConfig: Setting CVar [[r.AmbientOcclusionMipLevelFactor:0.4]]
[2020.08.30-04.52.55:739][  0]LogConfig: Setting CVar [[r.AmbientOcclusionMaxQuality:100]]
[2020.08.30-04.52.55:739][  0]LogConfig: Setting CVar [[r.AmbientOcclusionLevels:-1]]
[2020.08.30-04.52.55:739][  0]LogConfig: Setting CVar [[r.AmbientOcclusionRadiusScale:1.0]]
[2020.08.30-04.52.55:739][  0]LogConfig: Setting CVar [[r.DepthOfFieldQuality:2]]
[2020.08.30-04.52.55:739][  0]LogConfig: Setting CVar [[r.RenderTargetPoolMin:400]]
[2020.08.30-04.52.55:739][  0]LogConfig: Setting CVar [[r.LensFlareQuality:2]]
[2020.08.30-04.52.55:739][  0]LogConfig: Setting CVar [[r.SceneColorFringeQuality:1]]
[2020.08.30-04.52.55:739][  0]LogConfig: Setting CVar [[r.EyeAdaptationQuality:2]]
[2020.08.30-04.52.55:739][  0]LogConfig: Setting CVar [[r.BloomQuality:5]]
[2020.08.30-04.52.55:739][  0]LogConfig: Setting CVar [[r.FastBlurThreshold:100]]
[2020.08.30-04.52.55:739][  0]LogConfig: Setting CVar [[r.Upscale.Quality:3]]
[2020.08.30-04.52.55:739][  0]LogConfig: Setting CVar [[r.Tonemapper.GrainQuantization:1]]
[2020.08.30-04.52.55:739][  0]LogConfig: Setting CVar [[r.LightShaftQuality:1]]
[2020.08.30-04.52.55:739][  0]LogConfig: Setting CVar [[r.Filter.SizeScale:1]]
[2020.08.30-04.52.55:739][  0]LogConfig: Setting CVar [[r.Tonemapper.Quality:5]]
[2020.08.30-04.52.55:740][  0]LogConfig: Setting CVar [[r.DOF.Gather.AccumulatorQuality:1        ; higher gathering accumulator quality]]
[2020.08.30-04.52.55:740][  0]LogConfig: Setting CVar [[r.DOF.Gather.PostfilterMethod:1          ; Median3x3 postfilering method]]
[2020.08.30-04.52.55:740][  0]LogConfig: Setting CVar [[r.DOF.Gather.EnableBokehSettings:0       ; no bokeh simulation when gathering]]
[2020.08.30-04.52.55:740][  0]LogConfig: Setting CVar [[r.DOF.Gather.RingCount:4                 ; medium number of samples when gathering]]
[2020.08.30-04.52.55:740][  0]LogConfig: Setting CVar [[r.DOF.Scatter.ForegroundCompositing:1    ; additive foreground scattering]]
[2020.08.30-04.52.55:740][  0]LogConfig: Setting CVar [[r.DOF.Scatter.BackgroundCompositing:2    ; additive background scattering]]
[2020.08.30-04.52.55:740][  0]LogConfig: Setting CVar [[r.DOF.Scatter.EnableBokehSettings:1      ; bokeh simulation when scattering]]
[2020.08.30-04.52.55:740][  0]LogConfig: Setting CVar [[r.DOF.Scatter.MaxSpriteRatio:0.1         ; only a maximum of 10% of scattered bokeh]]
[2020.08.30-04.52.55:740][  0]LogConfig: Setting CVar [[r.DOF.Recombine.Quality:1                ; cheap slight out of focus]]
[2020.08.30-04.52.55:740][  0]LogConfig: Setting CVar [[r.DOF.Recombine.EnableBokehSettings:0    ; no bokeh simulation on slight out of focus]]
[2020.08.30-04.52.55:740][  0]LogConfig: Setting CVar [[r.DOF.TemporalAAQuality:1                ; more stable temporal accumulation]]
[2020.08.30-04.52.55:740][  0]LogConfig: Setting CVar [[r.DOF.Kernel.MaxForegroundRadius:0.025]]
[2020.08.30-04.52.55:740][  0]LogConfig: Setting CVar [[r.DOF.Kernel.MaxBackgroundRadius:0.025]]
[2020.08.30-04.52.55:740][  0]LogConfig: Applying CVar settings from Section [TextureQuality@3] File [C:/Users/iylek/Desktop/Unreal/StealthGame/StealthGame_ProjectBase_4.25/StealthGame/Saved/Config/Windows/Scalability.ini]
[2020.08.30-04.52.55:740][  0]LogConfig: Setting CVar [[r.Streaming.MipBias:0]]
[2020.08.30-04.52.55:740][  0]LogConfig: Setting CVar [[r.Streaming.AmortizeCPUToGPUCopy:0]]
[2020.08.30-04.52.55:740][  0]LogConfig: Setting CVar [[r.Streaming.MaxNumTexturesToStreamPerFrame:0]]
[2020.08.30-04.52.55:740][  0]LogConfig: Setting CVar [[r.Streaming.Boost:1]]
[2020.08.30-04.52.55:740][  0]LogConfig: Setting CVar [[r.MaxAnisotropy:8]]
[2020.08.30-04.52.55:740][  0]LogConfig: Setting CVar [[r.VT.MaxAnisotropy:8]]
[2020.08.30-04.52.55:740][  0]LogConfig: Setting CVar [[r.Streaming.LimitPoolSizeToVRAM:0]]
[2020.08.30-04.52.55:740][  0]LogConfig: Setting CVar [[r.Streaming.PoolSize:1000]]
[2020.08.30-04.52.55:740][  0]LogConfig: Setting CVar [[r.Streaming.MaxEffectiveScreenSize:0]]
[2020.08.30-04.52.55:741][  0]LogConfig: Applying CVar settings from Section [EffectsQuality@3] File [C:/Users/iylek/Desktop/Unreal/StealthGame/StealthGame_ProjectBase_4.25/StealthGame/Saved/Config/Windows/Scalability.ini]
[2020.08.30-04.52.55:741][  0]LogConfig: Setting CVar [[r.TranslucencyLightingVolumeDim:64]]
[2020.08.30-04.52.55:741][  0]LogConfig: Setting CVar [[r.RefractionQuality:2]]
[2020.08.30-04.52.55:741][  0]LogConfig: Setting CVar [[r.SSR.Quality:3]]
[2020.08.30-04.52.55:741][  0]LogConfig: Setting CVar [[r.SSR.HalfResSceneColor:0]]
[2020.08.30-04.52.55:741][  0]LogConfig: Setting CVar [[r.SceneColorFormat:4]]
[2020.08.30-04.52.55:741][  0]LogConfig: Setting CVar [[r.DetailMode:2]]
[2020.08.30-04.52.55:741][  0]LogConfig: Setting CVar [[r.TranslucencyVolumeBlur:1]]
[2020.08.30-04.52.55:741][  0]LogConfig: Setting CVar [[r.MaterialQualityLevel:1 ; High quality]]
[2020.08.30-04.52.55:741][  0]LogConfig: Setting CVar [[r.SSS.Scale:1]]
[2020.08.30-04.52.55:741][  0]LogConfig: Setting CVar [[r.SSS.SampleSet:2]]
[2020.08.30-04.52.55:741][  0]LogConfig: Setting CVar [[r.SSS.Quality:1]]
[2020.08.30-04.52.55:741][  0]LogConfig: Setting CVar [[r.SSS.HalfRes:0]]
[2020.08.30-04.52.55:741][  0]LogConfig: Setting CVar [[r.SSGI.Quality:3]]
[2020.08.30-04.52.55:741][  0]LogConfig: Setting CVar [[r.EmitterSpawnRateScale:1.0]]
[2020.08.30-04.52.55:741][  0]LogConfig: Setting CVar [[r.ParticleLightQuality:2]]
[2020.08.30-04.52.55:741][  0]LogConfig: Setting CVar [[r.SkyAtmosphere.AerialPerspectiveLUT.FastApplyOnOpaque:1 ; Always have FastSkyLUT 1 in this case to avoid wrong sky]]
[2020.08.30-04.52.55:741][  0]LogConfig: Setting CVar [[r.SkyAtmosphere.AerialPerspectiveLUT.SampleCountPerSlice:1]]
[2020.08.30-04.52.55:742][  0]LogConfig: Setting CVar [[r.SkyAtmosphere.AerialPerspectiveLUT.DepthResolution:16.0]]
[2020.08.30-04.52.55:742][  0]LogConfig: Setting CVar [[r.SkyAtmosphere.FastSkyLUT:1]]
[2020.08.30-04.52.55:742][  0]LogConfig: Setting CVar [[r.SkyAtmosphere.FastSkyLUT.SampleCountMin:4.0]]
[2020.08.30-04.52.55:742][  0]LogConfig: Setting CVar [[r.SkyAtmosphere.FastSkyLUT.SampleCountMax:32.0]]
[2020.08.30-04.52.55:742][  0]LogConfig: Setting CVar [[r.SkyAtmosphere.SampleCountMin:4.0]]
[2020.08.30-04.52.55:742][  0]LogConfig: Setting CVar [[r.SkyAtmosphere.SampleCountMax:32.0]]
[2020.08.30-04.52.55:742][  0]LogConfig: Setting CVar [[r.SkyAtmosphere.TransmittanceLUT.UseSmallFormat:0]]
[2020.08.30-04.52.55:742][  0]LogConfig: Setting CVar [[r.SkyAtmosphere.TransmittanceLUT.SampleCount:10.0]]
[2020.08.30-04.52.55:742][  0]LogConfig: Setting CVar [[r.SkyAtmosphere.MultiScatteringLUT.SampleCount:15.0]]
[2020.08.30-04.52.55:742][  0]LogConfig: Applying CVar settings from Section [FoliageQuality@3] File [C:/Users/iylek/Desktop/Unreal/StealthGame/StealthGame_ProjectBase_4.25/StealthGame/Saved/Config/Windows/Scalability.ini]
[2020.08.30-04.52.55:742][  0]LogConfig: Setting CVar [[foliage.DensityScale:1.0]]
[2020.08.30-04.52.55:742][  0]LogConfig: Setting CVar [[grass.DensityScale:1.0]]
[2020.08.30-04.52.55:742][  0]LogConfig: Applying CVar settings from Section [ShadingQuality@3] File [C:/Users/iylek/Desktop/Unreal/StealthGame/StealthGame_ProjectBase_4.25/StealthGame/Saved/Config/Windows/Scalability.ini]
[2020.08.30-04.52.55:742][  0]LogConfig: Setting CVar [[r.HairStrands.SkyLighting.SampleCount:16]]
[2020.08.30-04.52.55:742][  0]LogConfig: Setting CVar [[r.HairStrands.SkyLighting.JitterIntegration:0]]
[2020.08.30-04.52.55:742][  0]LogConfig: Setting CVar [[r.HairStrands.SkyAO.SampleCount:16]]
[2020.08.30-04.52.55:742][  0]LogConfig: Setting CVar [[r.HairStrands.DeepShadow.SuperSampling:0]]
[2020.08.30-04.52.55:742][  0]LogConfig: Setting CVar [[r.HairStrands.VisibilityPPLL:0]]
[2020.08.30-04.52.55:742][  0]LogConfig: Setting CVar [[r.HairStrands.RasterizationScale:0.5]]
[2020.08.30-04.52.55:742][  0]LogConfig: Setting CVar [[r.HairStrands.VelocityRasterizationScale:1]]
[2020.08.30-04.52.55:743][  0]LogInit: Selected Device Profile: [Windows]
[2020.08.30-04.52.55:743][  0]LogInit: Applying CVar settings loaded from the selected device profile: [Windows]
[2020.08.30-04.52.55:743][  0]LogHAL: Display: Platform has ~ 16 GB [17126752256 / 17179869184 / 16], which maps to Larger [LargestMinGB=32, LargerMinGB=12, DefaultMinGB=8, SmallerMinGB=6, SmallestMinGB=0)
[2020.08.30-04.52.55:743][  0]LogInit: Going up to parent DeviceProfile []
[2020.08.30-04.52.55:743][  0]LogConfig: Applying CVar settings from Section [ViewDistanceQuality@3] File [C:/Users/iylek/Desktop/Unreal/StealthGame/StealthGame_ProjectBase_4.25/StealthGame/Saved/Config/Windows/Scalability.ini]
[2020.08.30-04.52.55:743][  0]LogConfig: Setting CVar [[r.SkeletalMeshLODBias:0]]
[2020.08.30-04.52.55:743][  0]LogConfig: Setting CVar [[r.ViewDistanceScale:1.0]]
[2020.08.30-04.52.55:743][  0]LogConfig: Applying CVar settings from Section [AntiAliasingQuality@3] File [C:/Users/iylek/Desktop/Unreal/StealthGame/StealthGame_ProjectBase_4.25/StealthGame/Saved/Config/Windows/Scalability.ini]
[2020.08.30-04.52.55:743][  0]LogConfig: Setting CVar [[r.PostProcessAAQuality:4]]
[2020.08.30-04.52.55:743][  0]LogConfig: Applying CVar settings from Section [ShadowQuality@3] File [C:/Users/iylek/Desktop/Unreal/StealthGame/StealthGame_ProjectBase_4.25/StealthGame/Saved/Config/Windows/Scalability.ini]
[2020.08.30-04.52.55:743][  0]LogConfig: Setting CVar [[r.LightFunctionQuality:1]]
[2020.08.30-04.52.55:743][  0]LogConfig: Setting CVar [[r.ShadowQuality:5]]
[2020.08.30-04.52.55:743][  0]LogConfig: Setting CVar [[r.Shadow.CSM.MaxCascades:10]]
[2020.08.30-04.52.55:743][  0]LogConfig: Setting CVar [[r.Shadow.MaxResolution:2048]]
[2020.08.30-04.52.55:743][  0]LogConfig: Setting CVar [[r.Shadow.MaxCSMResolution:2048]]
[2020.08.30-04.52.55:743][  0]LogConfig: Setting CVar [[r.Shadow.RadiusThreshold:0.01]]
[2020.08.30-04.52.55:743][  0]LogConfig: Setting CVar [[r.Shadow.DistanceScale:1.0]]
[2020.08.30-04.52.55:743][  0]LogConfig: Setting CVar [[r.Shadow.CSM.TransitionScale:1.0]]
[2020.08.30-04.52.55:744][  0]LogConfig: Setting CVar [[r.Shadow.PreShadowResolutionFactor:1.0]]
[2020.08.30-04.52.55:744][  0]LogConfig: Setting CVar [[r.DistanceFieldShadowing:1]]
[2020.08.30-04.52.55:744][  0]LogConfig: Setting CVar [[r.DistanceFieldAO:1]]
[2020.08.30-04.52.55:744][  0]LogConfig: Setting CVar [[r.AOQuality:2]]
[2020.08.30-04.52.55:744][  0]LogConfig: Setting CVar [[r.VolumetricFog:1]]
[2020.08.30-04.52.55:744][  0]LogConfig: Setting CVar [[r.VolumetricFog.GridPixelSize:8]]
[2020.08.30-04.52.55:744][  0]LogConfig: Setting CVar [[r.VolumetricFog.GridSizeZ:128]]
[2020.08.30-04.52.55:744][  0]LogConfig: Setting CVar [[r.VolumetricFog.HistoryMissSupersampleCount:4]]
[2020.08.30-04.52.55:744][  0]LogConfig: Setting CVar [[r.LightMaxDrawDistanceScale:1]]
[2020.08.30-04.52.55:744][  0]LogConfig: Setting CVar [[r.CapsuleShadows:1]]
[2020.08.30-04.52.55:744][  0]LogConfig: Applying CVar settings from Section [PostProcessQuality@3] File [C:/Users/iylek/Desktop/Unreal/StealthGame/StealthGame_ProjectBase_4.25/StealthGame/Saved/Config/Windows/Scalability.ini]
[2020.08.30-04.52.55:744][  0]LogConfig: Setting CVar [[r.MotionBlurQuality:4]]
[2020.08.30-04.52.55:744][  0]LogConfig: Setting CVar [[r.AmbientOcclusionMipLevelFactor:0.4]]
[2020.08.30-04.52.55:744][  0]LogConfig: Setting CVar [[r.AmbientOcclusionMaxQuality:100]]
[2020.08.30-04.52.55:744][  0]LogConfig: Setting CVar [[r.AmbientOcclusionLevels:-1]]
[2020.08.30-04.52.55:744][  0]LogConfig: Setting CVar [[r.AmbientOcclusionRadiusScale:1.0]]
[2020.08.30-04.52.55:744][  0]LogConfig: Setting CVar [[r.DepthOfFieldQuality:2]]
[2020.08.30-04.52.55:744][  0]LogConfig: Setting CVar [[r.RenderTargetPoolMin:400]]
[2020.08.30-04.52.55:744][  0]LogConfig: Setting CVar [[r.LensFlareQuality:2]]
[2020.08.30-04.52.55:744][  0]LogConfig: Setting CVar [[r.SceneColorFringeQuality:1]]
[2020.08.30-04.52.55:744][  0]LogConfig: Setting CVar [[r.EyeAdaptationQuality:2]]
[2020.08.30-04.52.55:745][  0]LogConfig: Setting CVar [[r.BloomQuality:5]]
[2020.08.30-04.52.55:745][  0]LogConfig: Setting CVar [[r.FastBlurThreshold:100]]
[2020.08.30-04.52.55:745][  0]LogConfig: Setting CVar [[r.Upscale.Quality:3]]
[2020.08.30-04.52.55:745][  0]LogConfig: Setting CVar [[r.Tonemapper.GrainQuantization:1]]
[2020.08.30-04.52.55:745][  0]LogConfig: Setting CVar [[r.LightShaftQuality:1]]
[2020.08.30-04.52.55:745][  0]LogConfig: Setting CVar [[r.Filter.SizeScale:1]]
[2020.08.30-04.52.55:745][  0]LogConfig: Setting CVar [[r.Tonemapper.Quality:5]]
[2020.08.30-04.52.55:745][  0]LogConfig: Setting CVar [[r.DOF.Gather.AccumulatorQuality:1        ; higher gathering accumulator quality]]
[2020.08.30-04.52.55:745][  0]LogConfig: Setting CVar [[r.DOF.Gather.PostfilterMethod:1          ; Median3x3 postfilering method]]
[2020.08.30-04.52.55:745][  0]LogConfig: Setting CVar [[r.DOF.Gather.EnableBokehSettings:0       ; no bokeh simulation when gathering]]
[2020.08.30-04.52.55:745][  0]LogConfig: Setting CVar [[r.DOF.Gather.RingCount:4                 ; medium number of samples when gathering]]
[2020.08.30-04.52.55:745][  0]LogConfig: Setting CVar [[r.DOF.Scatter.ForegroundCompositing:1    ; additive foreground scattering]]
[2020.08.30-04.52.55:745][  0]LogConfig: Setting CVar [[r.DOF.Scatter.BackgroundCompositing:2    ; additive background scattering]]
[2020.08.30-04.52.55:745][  0]LogConfig: Setting CVar [[r.DOF.Scatter.EnableBokehSettings:1      ; bokeh simulation when scattering]]
[2020.08.30-04.52.55:745][  0]LogConfig: Setting CVar [[r.DOF.Scatter.MaxSpriteRatio:0.1         ; only a maximum of 10% of scattered bokeh]]
[2020.08.30-04.52.55:745][  0]LogConfig: Setting CVar [[r.DOF.Recombine.Quality:1                ; cheap slight out of focus]]
[2020.08.30-04.52.55:745][  0]LogConfig: Setting CVar [[r.DOF.Recombine.EnableBokehSettings:0    ; no bokeh simulation on slight out of focus]]
[2020.08.30-04.52.55:745][  0]LogConfig: Setting CVar [[r.DOF.TemporalAAQuality:1                ; more stable temporal accumulation]]
[2020.08.30-04.52.55:745][  0]LogConfig: Setting CVar [[r.DOF.Kernel.MaxForegroundRadius:0.025]]
[2020.08.30-04.52.55:745][  0]LogConfig: Setting CVar [[r.DOF.Kernel.MaxBackgroundRadius:0.025]]
[2020.08.30-04.52.55:745][  0]LogConfig: Applying CVar settings from Section [TextureQuality@3] File [C:/Users/iylek/Desktop/Unreal/StealthGame/StealthGame_ProjectBase_4.25/StealthGame/Saved/Config/Windows/Scalability.ini]
[2020.08.30-04.52.55:746][  0]LogConfig: Setting CVar [[r.Streaming.MipBias:0]]
[2020.08.30-04.52.55:746][  0]LogConfig: Setting CVar [[r.Streaming.AmortizeCPUToGPUCopy:0]]
[2020.08.30-04.52.55:746][  0]LogConfig: Setting CVar [[r.Streaming.MaxNumTexturesToStreamPerFrame:0]]
[2020.08.30-04.52.55:746][  0]LogConfig: Setting CVar [[r.Streaming.Boost:1]]
[2020.08.30-04.52.55:746][  0]LogConfig: Setting CVar [[r.MaxAnisotropy:8]]
[2020.08.30-04.52.55:746][  0]LogConfig: Setting CVar [[r.VT.MaxAnisotropy:8]]
[2020.08.30-04.52.55:746][  0]LogConfig: Setting CVar [[r.Streaming.LimitPoolSizeToVRAM:0]]
[2020.08.30-04.52.55:746][  0]LogConfig: Setting CVar [[r.Streaming.PoolSize:1000]]
[2020.08.30-04.52.55:746][  0]LogConfig: Setting CVar [[r.Streaming.MaxEffectiveScreenSize:0]]
[2020.08.30-04.52.55:746][  0]LogConfig: Applying CVar settings from Section [EffectsQuality@3] File [C:/Users/iylek/Desktop/Unreal/StealthGame/StealthGame_ProjectBase_4.25/StealthGame/Saved/Config/Windows/Scalability.ini]
[2020.08.30-04.52.55:746][  0]LogConfig: Setting CVar [[r.TranslucencyLightingVolumeDim:64]]
[2020.08.30-04.52.55:746][  0]LogConfig: Setting CVar [[r.RefractionQuality:2]]
[2020.08.30-04.52.55:746][  0]LogConfig: Setting CVar [[r.SSR.Quality:3]]
[2020.08.30-04.52.55:746][  0]LogConfig: Setting CVar [[r.SSR.HalfResSceneColor:0]]
[2020.08.30-04.52.55:746][  0]LogConfig: Setting CVar [[r.SceneColorFormat:4]]
[2020.08.30-04.52.55:746][  0]LogConfig: Setting CVar [[r.DetailMode:2]]
[2020.08.30-04.52.55:746][  0]LogConfig: Setting CVar [[r.TranslucencyVolumeBlur:1]]
[2020.08.30-04.52.55:746][  0]LogConfig: Setting CVar [[r.MaterialQualityLevel:1 ; High quality]]
[2020.08.30-04.52.55:746][  0]LogConfig: Setting CVar [[r.SSS.Scale:1]]
[2020.08.30-04.52.55:747][  0]LogConfig: Setting CVar [[r.SSS.SampleSet:2]]
[2020.08.30-04.52.55:747][  0]LogConfig: Setting CVar [[r.SSS.Quality:1]]
[2020.08.30-04.52.55:747][  0]LogConfig: Setting CVar [[r.SSS.HalfRes:0]]
[2020.08.30-04.52.55:747][  0]LogConfig: Setting CVar [[r.SSGI.Quality:3]]
[2020.08.30-04.52.55:747][  0]LogConfig: Setting CVar [[r.EmitterSpawnRateScale:1.0]]
[2020.08.30-04.52.55:747][  0]LogConfig: Setting CVar [[r.ParticleLightQuality:2]]
[2020.08.30-04.52.55:747][  0]LogConfig: Setting CVar [[r.SkyAtmosphere.AerialPerspectiveLUT.FastApplyOnOpaque:1 ; Always have FastSkyLUT 1 in this case to avoid wrong sky]]
[2020.08.30-04.52.55:747][  0]LogConfig: Setting CVar [[r.SkyAtmosphere.AerialPerspectiveLUT.SampleCountPerSlice:1]]
[2020.08.30-04.52.55:747][  0]LogConfig: Setting CVar [[r.SkyAtmosphere.AerialPerspectiveLUT.DepthResolution:16.0]]
[2020.08.30-04.52.55:747][  0]LogConfig: Setting CVar [[r.SkyAtmosphere.FastSkyLUT:1]]
[2020.08.30-04.52.55:747][  0]LogConfig: Setting CVar [[r.SkyAtmosphere.FastSkyLUT.SampleCountMin:4.0]]
[2020.08.30-04.52.55:747][  0]LogConfig: Setting CVar [[r.SkyAtmosphere.FastSkyLUT.SampleCountMax:32.0]]
[2020.08.30-04.52.55:747][  0]LogConfig: Setting CVar [[r.SkyAtmosphere.SampleCountMin:4.0]]
[2020.08.30-04.52.55:748][  0]LogConfig: Setting CVar [[r.SkyAtmosphere.SampleCountMax:32.0]]
[2020.08.30-04.52.55:748][  0]LogConfig: Setting CVar [[r.SkyAtmosphere.TransmittanceLUT.UseSmallFormat:0]]
[2020.08.30-04.52.55:748][  0]LogConfig: Setting CVar [[r.SkyAtmosphere.TransmittanceLUT.SampleCount:10.0]]
[2020.08.30-04.52.55:748][  0]LogConfig: Setting CVar [[r.SkyAtmosphere.MultiScatteringLUT.SampleCount:15.0]]
[2020.08.30-04.52.55:748][  0]LogConfig: Applying CVar settings from Section [FoliageQuality@3] File [C:/Users/iylek/Desktop/Unreal/StealthGame/StealthGame_ProjectBase_4.25/StealthGame/Saved/Config/Windows/Scalability.ini]
[2020.08.30-04.52.55:748][  0]LogConfig: Setting CVar [[foliage.DensityScale:1.0]]
[2020.08.30-04.52.55:748][  0]LogConfig: Setting CVar [[grass.DensityScale:1.0]]
[2020.08.30-04.52.55:748][  0]LogConfig: Applying CVar settings from Section [ShadingQuality@3] File [C:/Users/iylek/Desktop/Unreal/StealthGame/StealthGame_ProjectBase_4.25/StealthGame/Saved/Config/Windows/Scalability.ini]
[2020.08.30-04.52.55:748][  0]LogConfig: Setting CVar [[r.HairStrands.SkyLighting.SampleCount:16]]
[2020.08.30-04.52.55:748][  0]LogConfig: Setting CVar [[r.HairStrands.SkyLighting.JitterIntegration:0]]
[2020.08.30-04.52.55:748][  0]LogConfig: Setting CVar [[r.HairStrands.SkyAO.SampleCount:16]]
[2020.08.30-04.52.55:748][  0]LogConfig: Setting CVar [[r.HairStrands.DeepShadow.SuperSampling:0]]
[2020.08.30-04.52.55:748][  0]LogConfig: Setting CVar [[r.HairStrands.VisibilityPPLL:0]]
[2020.08.30-04.52.55:748][  0]LogConfig: Setting CVar [[r.HairStrands.RasterizationScale:0.5]]
[2020.08.30-04.52.55:748][  0]LogConfig: Setting CVar [[r.HairStrands.VelocityRasterizationScale:1]]
[2020.08.30-04.52.55:748][  0]LogConfig: Applying CVar settings from Section [Startup] File [../../../Engine/Config/ConsoleVariables.ini]
[2020.08.30-04.52.55:749][  0]LogConfig: Setting CVar [[net.UseAdaptiveNetUpdateFrequency:0]]
[2020.08.30-04.52.55:749][  0]LogConfig: Setting CVar [[p.chaos.AllowCreatePhysxBodies:1]]
[2020.08.30-04.52.55:749][  0]LogConfig: Setting CVar [[fx.SkipVectorVMBackendOptimizations:1]]
[2020.08.30-04.52.55:749][  0]LogConfig: Applying CVar settings from Section [ConsoleVariables] File [C:/Users/iylek/Desktop/Unreal/StealthGame/StealthGame_ProjectBase_4.25/StealthGame/Saved/Config/Windows/Engine.ini]
[2020.08.30-04.52.55:749][  0]LogInit: Computer: DESKTOP-AOUSEP6
[2020.08.30-04.52.55:749][  0]LogInit: User: iylek
[2020.08.30-04.52.55:749][  0]LogInit: CPU Page size=4096, Cores=6
[2020.08.30-04.52.55:749][  0]LogInit: High frequency timer resolution =10.000000 MHz
[2020.08.30-04.52.55:749][  0]LogMemory: Memory total: Physical=16.0GB (16GB approx)
[2020.08.30-04.52.55:749][  0]LogMemory: Platform Memory Stats for Windows
[2020.08.30-04.52.55:749][  0]LogMemory: Process Physical Memory: 115.47 MB used, 115.47 MB peak
[2020.08.30-04.52.55:750][  0]LogMemory: Process Virtual Memory: 105.23 MB used, 105.23 MB peak
[2020.08.30-04.52.55:750][  0]LogMemory: Physical Memory: 11066.73 MB used,  5266.62 MB free, 16333.34 MB total
[2020.08.30-04.52.55:750][  0]LogMemory: Virtual Memory: 5173.13 MB used,  134212552.00 MB free, 134217728.00 MB total
[2020.08.30-04.52.55:758][  0]LogWindows: WindowsPlatformFeatures enabled
[2020.08.30-04.52.55:921][  0]LogInit: Physics initialised using underlying interface: PhysX
[2020.08.30-04.52.55:922][  0]LogInit: Using OS detected language (en-US).
[2020.08.30-04.52.55:922][  0]LogInit: Using OS detected locale (en-CA).
[2020.08.30-04.52.55:925][  0]LogTextLocalizationManager: No specific localization for 'en-US' exists, so the 'en' localization will be used.
[2020.08.30-04.52.56:083][  0]LogInit: Setting process to per monitor DPI aware
[2020.08.30-04.52.56:131][  0]LogSlate: New Slate User Created.  User Index 0, Is Virtual User: 0
[2020.08.30-04.52.56:131][  0]LogSlate: Slate User Registered.  User Index 0, Is Virtual User: 0
[2020.08.30-04.52.56:247][  0]LogHMD: Failed to initialize OpenVR with code 110
[2020.08.30-04.52.56:247][  0]LogD3D11RHI: D3D11 min allowed feature level: 11_0
[2020.08.30-04.52.56:247][  0]LogD3D11RHI: D3D11 max allowed feature level: 11_0
[2020.08.30-04.52.56:247][  0]LogD3D11RHI: D3D11 adapters:
[2020.08.30-04.52.56:336][  0]LogD3D11RHI:    0. 'NVIDIA GeForce RTX 2060' (Feature Level 11_0)
[2020.08.30-04.52.56:336][  0]LogD3D11RHI:       5980/0/8166 MB DedicatedVideo/DedicatedSystem/SharedSystem, Outputs:2, VendorId:0x10de
[2020.08.30-04.52.56:341][  0]LogD3D11RHI:    1. 'Microsoft Basic Render Driver' (Feature Level 11_0)
[2020.08.30-04.52.56:341][  0]LogD3D11RHI:       0/0/8166 MB DedicatedVideo/DedicatedSystem/SharedSystem, Outputs:0, VendorId:0x1414
[2020.08.30-04.52.56:341][  0]LogD3D11RHI: Chosen D3D11 Adapter: 0
[2020.08.30-04.52.56:350][  0]LogD3D11RHI: Creating new Direct3DDevice
[2020.08.30-04.52.56:350][  0]LogD3D11RHI:     GPU DeviceId: 0x1f08 (for the marketing name, search the web for "GPU Device Id")
[2020.08.30-04.52.56:350][  0]LogWindows: EnumDisplayDevices:
[2020.08.30-04.52.56:350][  0]LogWindows:    0. 'NVIDIA GeForce RTX 2060' (P:1 D:1)
[2020.08.30-04.52.56:351][  0]LogWindows:    1. 'NVIDIA GeForce RTX 2060' (P:0 D:1)
[2020.08.30-04.52.56:351][  0]LogWindows:    2. 'NVIDIA GeForce RTX 2060' (P:0 D:0)
[2020.08.30-04.52.56:351][  0]LogWindows:    3. 'NVIDIA GeForce RTX 2060' (P:0 D:0)
[2020.08.30-04.52.56:351][  0]LogWindows: DebugString: FoundDriverCount:4 
[2020.08.30-04.52.56:351][  0]LogD3D11RHI:     Adapter Name: NVIDIA GeForce RTX 2060
[2020.08.30-04.52.56:351][  0]LogD3D11RHI:   Driver Version: 452.06 (internal:27.21.14.5206, unified:452.06)
[2020.08.30-04.52.56:351][  0]LogD3D11RHI:      Driver Date: 8-12-2020
[2020.08.30-04.52.56:351][  0]LogRHI: Texture pool is 4186 MB (70% of 5980 MB)
[2020.08.30-04.52.56:405][  0]LogD3D11RHI: RHI has support for 64 bit atomics
[2020.08.30-04.52.56:407][  0]LogD3D11RHI: [Aftermath] Enabled and primed
[2020.08.30-04.52.56:407][  0]LogD3D11RHI: Async texture creation enabled
[2020.08.30-04.52.56:407][  0]LogD3D11RHI: Array index from any shader is supported
[2020.08.30-04.52.56:443][  0]LogD3D11RHI: GPU Timing Frequency: 1000.000000 (Debug: 2 1)
[2020.08.30-04.52.56:690][  0]LogTargetPlatformManager: Display: Loaded TargetPlatform 'AllDesktop'
[2020.08.30-04.52.56:713][  0]LogTargetPlatformManager: Display: Loaded TargetPlatform 'Android'
[2020.08.30-04.52.56:713][  0]LogTargetPlatformManager: Display: Loaded TargetPlatform 'Android_ASTC'
[2020.08.30-04.52.56:713][  0]LogTargetPlatformManager: Display: Loaded TargetPlatform 'Android_DXT'
[2020.08.30-04.52.56:713][  0]LogTargetPlatformManager: Display: Loaded TargetPlatform 'Android_ETC2'
[2020.08.30-04.52.56:713][  0]LogTargetPlatformManager: Display: Loaded TargetPlatform 'AndroidClient'
[2020.08.30-04.52.56:713][  0]LogTargetPlatformManager: Display: Loaded TargetPlatform 'Android_ASTCClient'
[2020.08.30-04.52.56:713][  0]LogTargetPlatformManager: Display: Loaded TargetPlatform 'Android_DXTClient'
[2020.08.30-04.52.56:713][  0]LogTargetPlatformManager: Display: Loaded TargetPlatform 'Android_ETC2Client'
[2020.08.30-04.52.56:713][  0]LogTargetPlatformManager: Display: Loaded TargetPlatform 'Android_Multi'
[2020.08.30-04.52.56:713][  0]LogTargetPlatformManager: Display: Loaded TargetPlatform 'Android_MultiClient'
[2020.08.30-04.52.56:742][  0]LogTargetPlatformManager: Display: Loaded TargetPlatform 'IOSClient'
[2020.08.30-04.52.56:742][  0]LogTargetPlatformManager: Display: Loaded TargetPlatform 'IOS'
[2020.08.30-04.52.56:754][  0]LogTargetPlatformManager: Display: Loaded TargetPlatform 'Linux'
[2020.08.30-04.52.56:765][  0]LogTargetPlatformManager: Display: Loaded TargetPlatform 'LinuxNoEditor'
[2020.08.30-04.52.56:776][  0]LogTargetPlatformManager: Display: Loaded TargetPlatform 'LinuxClient'
[2020.08.30-04.52.56:786][  0]LogTargetPlatformManager: Display: Loaded TargetPlatform 'LinuxServer'
[2020.08.30-04.52.56:797][  0]LogTargetPlatformManager: Display: Loaded TargetPlatform 'LinuxAArch64NoEditor'
[2020.08.30-04.52.56:807][  0]LogTargetPlatformManager: Display: Loaded TargetPlatform 'LinuxAArch64Client'
[2020.08.30-04.52.56:817][  0]LogTargetPlatformManager: Display: Loaded TargetPlatform 'LinuxAArch64Server'
[2020.08.30-04.52.56:843][  0]LogTargetPlatformManager: Display: Loaded TargetPlatform 'Lumin'
[2020.08.30-04.52.56:844][  0]LogTargetPlatformManager: Display: Loaded TargetPlatform 'LuminClient'
[2020.08.30-04.52.56:862][  0]LogTargetPlatformManager: Display: Loaded TargetPlatform 'TVOSClient'
[2020.08.30-04.52.56:862][  0]LogTargetPlatformManager: Display: Loaded TargetPlatform 'TVOS'
[2020.08.30-04.52.56:875][  0]LogTargetPlatformManager: Display: Loaded TargetPlatform 'WindowsNoEditor'
[2020.08.30-04.52.56:886][  0]LogTargetPlatformManager: Display: Loaded TargetPlatform 'Windows'
[2020.08.30-04.52.56:897][  0]LogTargetPlatformManager: Display: Loaded TargetPlatform 'WindowsClient'
[2020.08.30-04.52.56:908][  0]LogTargetPlatformManager: Display: Loaded TargetPlatform 'WindowsServer'
[2020.08.30-04.52.56:908][  0]LogTargetPlatformManager: Display: Building Assets For Windows
[2020.08.30-04.52.56:922][  0]LogAudioDebug: Display: Lib vorbis DLL was dynamically loaded.
[2020.08.30-04.52.57:005][  0]LogShaderCompilers: Guid format shader working directory is -52 characters bigger than the processId version (../../../../../../Users/iylek/Desktop/Unreal/StealthGame/StealthGame_ProjectBase_4.25/StealthGame/Intermediate/Shaders/WorkingDirectory/11668/).
[2020.08.30-04.52.57:006][  0]LogShaderCompilers: Cleaned the shader compiler working directory 'C:/Users/iylek/AppData/Local/Temp/UnrealShaderWorkingDir/18D2C75446F702C40500D5B97738B269/'.
[2020.08.30-04.52.57:006][  0]LogXGEController: Cleaning working directory: C:/Users/iylek/AppData/Local/Temp/UnrealXGEWorkingDir/
[2020.08.30-04.52.57:006][  0]LogXGEController: Cannot use XGE Controller as Incredibuild is not installed on this machine.
[2020.08.30-04.52.57:006][  0]LogShaderCompilers: Cannot use XGE Shader Compiler as Incredibuild is not installed on this machine.
[2020.08.30-04.52.57:006][  0]LogShaderCompilers: Display: Using Local Shader Compiler.
[2020.08.30-04.52.57:682][  0]LogDerivedDataCache: Display: Max Cache Size: 512 MB
[2020.08.30-04.52.57:731][  0]LogDerivedDataCache: Loaded boot cache 0.05s 77MB C:/Users/iylek/AppData/Local/UnrealEngine/4.25/DerivedDataCache/Boot.ddc.
[2020.08.30-04.52.57:732][  0]LogDerivedDataCache: Display: Loaded Boot cache: C:/Users/iylek/AppData/Local/UnrealEngine/4.25/DerivedDataCache/Boot.ddc
[2020.08.30-04.52.57:732][  0]LogDerivedDataCache: FDerivedDataBackendGraph:  Pak pak cache file ../../../../../../Users/iylek/Desktop/Unreal/StealthGame/StealthGame_ProjectBase_4.25/StealthGame/DerivedDataCache/DDC.ddp not found, will not use a pak cache.
[2020.08.30-04.52.57:732][  0]LogDerivedDataCache: Unable to find inner node Pak for hierarchical cache Hierarchy.
[2020.08.30-04.52.57:732][  0]LogDerivedDataCache: FDerivedDataBackendGraph:  CompressedPak pak cache file ../../../../../../Users/iylek/Desktop/Unreal/StealthGame/StealthGame_ProjectBase_4.25/StealthGame/DerivedDataCache/Compressed.ddp not found, will not use a pak cache.
[2020.08.30-04.52.57:732][  0]LogDerivedDataCache: Unable to find inner node CompressedPak for hierarchical cache Hierarchy.
[2020.08.30-04.52.57:742][  0]LogDerivedDataCache: Display: Pak cache opened for reading ../../../Engine/DerivedDataCache/Compressed.ddp.
[2020.08.30-04.52.57:743][  0]LogDerivedDataCache: FDerivedDataBackendGraph:  EnterprisePak pak cache file ../../../Enterprise/DerivedDataCache/Compressed.ddp not found, will not use a pak cache.
[2020.08.30-04.52.57:743][  0]LogDerivedDataCache: Unable to find inner node EnterprisePak for hierarchical cache Hierarchy.
[2020.08.30-04.52.57:746][  0]LogDerivedDataCache: Using Local data cache path C:/Users/iylek/AppData/Local/UnrealEngine/Common/DerivedDataCache: Writable
[2020.08.30-04.52.57:746][  0]LogDerivedDataCache: Shared data cache path not found in *engine.ini, will not use an Shared cache.
[2020.08.30-04.52.57:746][  0]LogDerivedDataCache: Unable to find inner node Shared for hierarchical cache Hierarchy.
[2020.08.30-04.52.57:795][  0]LogSlate: Using FreeType 2.10.0
[2020.08.30-04.52.57:795][  0]LogSlate: SlateFontServices - WITH_FREETYPE: 1, WITH_HARFBUZZ: 1
[2020.08.30-04.52.57:821][  0]LogAssetRegistry: FAssetRegistry took 0.0048 seconds to start up
[2020.08.30-04.52.58:033][  0]LogInit: Selected Device Profile: [Windows]
[2020.08.30-04.52.58:148][  0]LogMeshReduction: Using QuadricMeshReduction for automatic static mesh reduction
[2020.08.30-04.52.58:148][  0]LogMeshReduction: Using SimplygonMeshReduction for automatic skeletal mesh reduction
[2020.08.30-04.52.58:148][  0]LogMeshReduction: Using ProxyLODMeshReduction for automatic mesh merging
[2020.08.30-04.52.58:148][  0]LogMeshReduction: No distributed automatic mesh merging module available
[2020.08.30-04.52.58:148][  0]LogMeshMerging: No distributed automatic mesh merging module available
[2020.08.30-04.52.58:164][  0]LogNetVersion: FPSGame 1.0.0, NetCL: 13144385, EngineNetVer: 14, GameNetVer: 0 (Checksum: 1304077534)
[2020.08.30-04.52.58:509][  0]LogAISub: UAISubsystem::UAISubsystem AISubsystem (000001A2A0294380), frame # 0
[2020.08.30-04.52.58:509][  0]LogAISub: UAISubsystem::UAISubsystem AIPerceptionSystem (000001A2A01E3740), frame # 0
[2020.08.30-04.52.58:511][  0]LogAISub: UAISubsystem::UAISubsystem EnvQueryManager (000001A2A0231E00), frame # 0
[2020.08.30-04.52.58:568][  0]LogPackageLocalizationCache: Processed 19 localized package path(s) for 1 prioritized culture(s) in 0.051703 seconds
[2020.08.30-04.52.58:573][  0]LogUObjectArray: 15917 objects as part of root set at end of initial load.
[2020.08.30-04.52.58:573][  0]LogUObjectAllocator: 3965568 out of 0 bytes used by permanent object pool.
[2020.08.30-04.52.58:573][  0]LogUObjectArray: CloseDisregardForGC: 0/0 objects in disregard for GC pool
[2020.08.30-04.52.59:014][  0]LogTcpMessaging: Initializing TcpMessaging bridge
[2020.08.30-04.52.59:021][  0]LogUdpMessaging: Initializing bridge on interface 0.0.0.0:0 to multicast group 230.0.0.1:6666.
[2020.08.30-04.52.59:265][  0]SourceControl: Source control is disabled
[2020.08.30-04.52.59:265][  0]SourceControl: Source control is disabled
[2020.08.30-04.52.59:269][  0]SourceControl: Source control is disabled
[2020.08.30-04.52.59:273][  0]SourceControl: Source control is disabled
[2020.08.30-04.52.59:283][  0]SourceControl: Source control is disabled
[2020.08.30-04.52.59:626][  0]LogAndroidPermission: UAndroidPermissionCallbackProxy::GetInstance
[2020.08.30-04.52.59:657][  0]LogAudioCaptureCore: Display: No Audio Capture implementations found. Audio input will be silent.
[2020.08.30-04.52.59:657][  0]LogAudioCaptureCore: Display: No Audio Capture implementations found. Audio input will be silent.
[2020.08.30-04.52.59:722][  0]LogOcInput: OculusInput pre-init called
[2020.08.30-04.52.59:738][  0]LogWindows: Failed to load 'OVRPlugin.dll' (GetLastError=126)
[2020.08.30-04.52.59:739][  0]LogWindows: File 'OVRPlugin.dll' does not exist
[2020.08.30-04.52.59:814][  0]LogEngine: Initializing Engine...
[2020.08.30-04.52.59:815][  0]LogHMD: Failed to initialize OpenVR with code 110
[2020.08.30-04.52.59:815][  0]LogMagicLeap: Warning: VR disabled because ZI is not enabled.  To enable, in the editor, Edit -> Project Settings -> Plugins -> Magic Leap Plugin -> Enable Zero Iteration
[2020.08.30-04.52.59:817][  0]LogStats: UGameplayTagsManager::InitializeManager -  0.000 s
[2020.08.30-04.52.59:913][  0]LogInit: Initializing FReadOnlyCVARCache
[2020.08.30-04.52.59:923][  0]LogAIModule: Creating AISystem for world Untitled
[2020.08.30-04.52.59:924][  0]LogAISub: UAISubsystem::UAISubsystem EnvQueryManager (000001A2A60CE000), frame # 0
[2020.08.30-04.52.59:924][  0]LogAISub: UAISubsystem::UAISubsystem AIPerceptionSystem (000001A2A2D24680), frame # 0
[2020.08.30-04.52.59:937][  0]LogAudioMixer: Display: Audio Mixer Platform Settings:
[2020.08.30-04.52.59:937][  0]LogAudioMixer: Display: 	Sample Rate:						  48000
[2020.08.30-04.52.59:937][  0]LogAudioMixer: Display: 	Callback Buffer Frame Size Requested: 1024
[2020.08.30-04.52.59:937][  0]LogAudioMixer: Display: 	Callback Buffer Frame Size To Use:	  1024
[2020.08.30-04.52.59:937][  0]LogAudioMixer: Display: 	Number of buffers to queue:			  2
[2020.08.30-04.52.59:937][  0]LogAudioMixer: Display: 	Max Channels (voices):				  32
[2020.08.30-04.52.59:938][  0]LogAudioMixer: Display: 	Number of Async Source Workers:		  0
[2020.08.30-04.52.59:938][  0]LogAudio: Display: AudioDevice MaxSources: 32
[2020.08.30-04.52.59:938][  0]LogAudio: Display: Using built-in audio occlusion.
[2020.08.30-04.52.59:938][  0]LogAudioMixer: Display: Initializing audio mixer.
[2020.08.30-04.52.59:952][  0]LogAudioMixer: Display: 0: FrontLeft
[2020.08.30-04.52.59:952][  0]LogAudioMixer: Display: 1: FrontRight
[2020.08.30-04.53.00:001][  0]LogAudioMixer: Display: Using Audio Device Headset Earphone (HyperX Virtual Surround Sound)
[2020.08.30-04.53.00:005][  0]LogAudioMixer: Display: Initializing Sound Submixes...
[2020.08.30-04.53.00:008][  0]LogAudioMixer: Display: Creating Master Submix 'MasterSubmixDefault'
[2020.08.30-04.53.00:008][  0]LogAudioMixer: Display: Creating Master Submix 'MasterReverbSubmixDefault'
[2020.08.30-04.53.00:009][  0]LogAudioMixer: Display: Creating Master Submix 'MasterEQSubmixDefault'
[2020.08.30-04.53.00:012][  0]LogInit: FAudioDevice initialized.
[2020.08.30-04.53.00:012][  0]LogNetVersion: Set ProjectVersion to 1.0.0.0. Version Checksum will be recalculated on next use.
[2020.08.30-04.53.00:102][  0]LogDerivedDataCache: Saved boot cache 0.09s 77MB C:/Users/iylek/AppData/Local/UnrealEngine/4.25/DerivedDataCache/Boot.ddc.
[2020.08.30-04.53.00:108][  0]LogInit: Texture streaming: Enabled
[2020.08.30-04.53.00:131][  0]LogEngineSessionManager: EngineSessionManager initialized
[2020.08.30-04.53.00:131][  0]LogEngineSessionManager: EngineSessionManager sent abnormal shutdown report. Type=Debugger, SessionId={433BEB9A-4E9B-0EDD-742B-22B0CD203614}
[2020.08.30-04.53.00:131][  0]LogEditorSessionSummary: Verbose: Initializing EditorSessionSummaryWriter for editor session tracking
[2020.08.30-04.53.00:136][  0]LogEditorSessionSummary: EditorSessionSummaryWriter initialized
[2020.08.30-04.53.00:193][  0]LogInit: Transaction tracking system initialized
[2020.08.30-04.53.00:223][  0]BlueprintLog: New page: Editor Load
[2020.08.30-04.53.00:315][  0]LocalizationService: Localization service is disabled
[2020.08.30-04.53.00:494][  0]LogCook: Display: Max memory allowance for cook 16384mb min free memory 0mb
[2020.08.30-04.53.00:495][  0]LogCook: Display: Mobile HDR setting 1
[2020.08.30-04.53.00:674][  0]LogFileCache: Scanning file cache for directory 'C:/Users/iylek/Desktop/Unreal/StealthGame/StealthGame_ProjectBase_4.25/StealthGame/Content/' took 0.00s
[2020.08.30-04.53.00:849][  0]SourceControl: Source control is disabled
[2020.08.30-04.53.00:850][  0]LogUnrealEdMisc: Loading editor; pre map load, took 6.623
[2020.08.30-04.53.00:850][  0]Cmd: MAP LOAD FILE="../../../../../../Users/iylek/Desktop/Unreal/StealthGame/StealthGame_ProjectBase_4.25/StealthGame/Content/Maps/FirstPersonExampleMap.umap" TEMPLATE=0 SHOWPROGRESS=1 FEATURELEVEL=3
[2020.08.30-04.53.00:850][  0]LightingResults: New page: Lighting Build
[2020.08.30-04.53.00:851][  0]LogWorld: UWorld::CleanupWorld for Untitled, bSessionEnded=true, bCleanupResources=true
[2020.08.30-04.53.00:851][  0]LogSlate: InvalidateAllWidgets triggered.  All widgets were invalidated
[2020.08.30-04.53.00:851][  0]MapCheck: New page: Map Check
[2020.08.30-04.53.00:852][  0]LightingResults: New page: Lighting Build
[2020.08.30-04.53.00:864][  0]LogAISub: UAISubsystem::~UAISubsystem EnvQueryManager (000001A2A60CE000), frame # 0
[2020.08.30-04.53.00:864][  0]LogAISub: UAISubsystem::~UAISubsystem AIPerceptionSystem (000001A2A2D24680), frame # 0
[2020.08.30-04.53.00:865][  0]LogUObjectHash: Compacting FUObjectHashTables data took   0.77ms
[2020.08.30-04.53.00:969][  0]LogAIModule: Creating AISystem for world FirstPersonExampleMap
[2020.08.30-04.53.00:970][  0]LogAISub: UAISubsystem::UAISubsystem EnvQueryManager (000001A2A6317E00), frame # 0
[2020.08.30-04.53.00:970][  0]LogAISub: UAISubsystem::UAISubsystem AIPerceptionSystem (000001A2A63D0E00), frame # 0
[2020.08.30-04.53.00:977][  0]LogEditorServer: Finished looking for orphan Actors (0.000 secs)
[2020.08.30-04.53.00:995][  0]LogUObjectHash: Compacting FUObjectHashTables data took   0.89ms
[2020.08.30-04.53.00:995][  0]Cmd: MAP CHECKDEP NOCLEARLOG
[2020.08.30-04.53.00:996][  0]MapCheck: Map check complete: 0 Error(s), 0 Warning(s), took 0.309ms to complete.
[2020.08.30-04.53.00:996][  0]LogFileHelpers: Loading map 'FirstPersonExampleMap' took 0.146
[2020.08.30-04.53.00:999][  0]LogUnrealEdMisc: Total Editor Startup Time, took 6.772
[2020.08.30-04.53.01:153][  0]LogSlate: Updating window title bar state: overlay mode, drag disabled, window buttons hidden, title bar hidden
[2020.08.30-04.53.01:160][  0]LogSlate: Updating window title bar state: overlay mode, drag disabled, window buttons hidden, title bar hidden
[2020.08.30-04.53.01:167][  0]LogSlate: Updating window title bar state: overlay mode, drag disabled, window buttons hidden, title bar hidden
[2020.08.30-04.53.01:174][  0]LogSlate: Updating window title bar state: overlay mode, drag disabled, window buttons hidden, title bar hidden
[2020.08.30-04.53.01:183][  0]LogCollectionManager: Loaded 0 collections in 0.001786 seconds
[2020.08.30-04.53.01:207][  0]LogFileCache: Scanning file cache for directory 'C:/Users/iylek/Desktop/Unreal/StealthGame/StealthGame_ProjectBase_4.25/StealthGame/Saved/Collections/' took 0.00s
[2020.08.30-04.53.01:207][  0]LogFileCache: Scanning file cache for directory 'C:/Users/iylek/Desktop/Unreal/StealthGame/StealthGame_ProjectBase_4.25/StealthGame/Content/Developers/iylek/Collections/' took 0.00s
[2020.08.30-04.53.01:207][  0]LogFileCache: Scanning file cache for directory 'C:/Users/iylek/Desktop/Unreal/StealthGame/StealthGame_ProjectBase_4.25/StealthGame/Content/Collections/' took 0.00s
[2020.08.30-04.53.01:207][  0]LogContentBrowser: Native class hierarchy populated in 0.0102 seconds. Added 3437 classes and 824 folders.
[2020.08.30-04.53.01:212][  0]LogContentBrowser: Native class hierarchy updated for 'WidgetCarousel' in 0.0004 seconds. Added 0 classes and 0 folders.
[2020.08.30-04.53.01:254][  0]LogContentBrowser: Native class hierarchy updated for 'AddContentDialog' in 0.0003 seconds. Added 0 classes and 0 folders.
[2020.08.30-04.53.01:255][  0]LogContentBrowser: Native class hierarchy updated for 'SceneOutliner' in 0.0003 seconds. Added 2 classes and 0 folders.
[2020.08.30-04.53.01:291][  0]LogSlate: Took 0.000152 seconds to synchronously load lazily loaded font '../../../Engine/Content/Slate/Fonts/Roboto-Regular.ttf' (155K)
[2020.08.30-04.53.01:294][  0]LogSlate: Took 0.000191 seconds to synchronously load lazily loaded font '../../../Engine/Content/Slate/Fonts/Roboto-Bold.ttf' (160K)
[2020.08.30-04.53.01:298][  0]LogSlate: Took 0.000165 seconds to synchronously load lazily loaded font '../../../Engine/Content/Editor/Slate/Fonts/FontAwesome.ttf' (139K)
[2020.08.30-04.53.01:353][  0]LogRenderer: Reallocating scene render targets to support 1208x600 Format 10 NumSamples 1 (Frame:1).
[2020.08.30-04.53.01:482][  0]LogContentBrowser: Native class hierarchy updated for 'HierarchicalLODOutliner' in 0.0004 seconds. Added 0 classes and 0 folders.
[2020.08.30-04.53.01:482][  0]LogLoad: (Engine Initialization) Total time: 7.26 seconds
[2020.08.30-04.53.01:483][  0]LogLoad: (Engine Initialization) Total Blueprint compile time: 0.00 seconds
[2020.08.30-04.53.01:519][  0]LogAssetRegistry: Asset discovery search completed in 3.7017 seconds
[2020.08.30-04.53.01:522][  0]LogCollectionManager: Fixed up redirectors for 0 collections in 0.000002 seconds (updated 0 objects)
[2020.08.30-04.53.01:523][  0]LogContentStreaming: Texture pool size now 1000 MB
[2020.08.30-04.53.01:615][  0]LogSlate: Took 0.000159 seconds to synchronously load lazily loaded font '../../../Engine/Content/Slate/Fonts/Roboto-Light.ttf' (167K)
[2020.08.30-04.53.03:584][218]Candidate modules for hot reload:
[2020.08.30-04.53.03:585][218]  FPSGame
[2020.08.30-04.53.03:585][218]Launching UnrealBuildTool... [C:/Program Files/Epic Games/UE_4.25/Engine/Binaries/DotNET/UnrealBuildTool.exe  -ModuleWithSuffix=FPSGame,4937 FPSGameEditor Win64 Development -Project="C:/Users/iylek/Desktop/Unreal/StealthGame/StealthGame_ProjectBase_4.25/StealthGame/FPSGame.uproject" "C:/Users/iylek/Desktop/Unreal/StealthGame/StealthGame_ProjectBase_4.25/StealthGame/FPSGame.uproject"  -IgnoreJunk]
[2020.08.30-04.53.03:587][218]Warning: Starting HotReload took  0.0s.
[2020.08.30-04.53.05:229][369]CompilerResultsLog: New page: Compilation - Aug. 29, 2020, 8:53:05 p.m.
[2020.08.30-04.53.05:230][369]CompilerResultsLog: Building FPSGameEditor...
[2020.08.30-04.53.05:230][369]CompilerResultsLog: Using Visual Studio 2019 14.24.28316 toolchain (C:\Program Files (x86)\Microsoft Visual Studio\2019\Community\VC\Tools\MSVC\14.24.28314) and Windows 10.0.18362.0 SDK (C:\Program Files (x86)\Windows Kits\10).
[2020.08.30-04.53.05:230][369]CompilerResultsLog: [Upgrade]
[2020.08.30-04.53.05:230][369]CompilerResultsLog: [Upgrade] Using backward-compatible build settings. The latest version of UE4 sets the following values by default, which may require code changes:
[2020.08.30-04.53.05:230][369]CompilerResultsLog: [Upgrade]     bLegacyPublicIncludePaths = false                 => Omits subfolders from public include paths to reduce compiler command line length. (Previously: true).
[2020.08.30-04.53.05:230][369]CompilerResultsLog: [Upgrade]     ShadowVariableWarningLevel = WarningLevel.Error   => Treats shadowed variable warnings as errors. (Previously: WarningLevel.Warning).
[2020.08.30-04.53.05:230][369]CompilerResultsLog: [Upgrade]     PCHUsage = PCHUsageMode.UseExplicitOrSharedPCHs   => Set in build.cs files to enables IWYU-style PCH model. See https://docs.unrealengine.com/en-US/Programming/BuildTools/UnrealBuildTool/IWYU/index.html. (Previously: PCHUsageMode.UseSharedPCHs).
[2020.08.30-04.53.05:230][369]CompilerResultsLog: [Upgrade] Suppress this message by setting 'DefaultBuildSettings = BuildSettingsVersion.V2;' in FPSGameEditor.Target.cs, and explicitly overriding settings that differ from the new defaults.
[2020.08.30-04.53.05:231][369]CompilerResultsLog: [Upgrade]
[2020.08.30-04.53.05:231][369]CompilerResultsLog: Building 3 actions with 12 processes...
[2020.08.30-04.53.05:231][369]CompilerResultsLog:   [1/3] UE4Editor-FPSGame-4937.lib
[2020.08.30-04.53.05:231][369]CompilerResultsLog:      Creating library C:\Users\iylek\Desktop\Unreal\StealthGame\StealthGame_ProjectBase_4.25\StealthGame\Intermediate\Build\Win64\UE4Editor\Development\FPSGame\UE4Editor-FPSGame-4937.lib and object C:\Users\iylek\Desktop\Unreal\StealthGame\StealthGame_ProjectBase_4.25\StealthGame\Intermediate\Build\Win64\UE4Editor\Development\FPSGame\UE4Editor-FPSGame-4937.exp
[2020.08.30-04.53.05:231][369]CompilerResultsLog:   [2/3] UE4Editor-FPSGame-4937.dll
[2020.08.30-04.53.05:231][369]CompilerResultsLog:      Creating library C:\Users\iylek\Desktop\Unreal\StealthGame\StealthGame_ProjectBase_4.25\StealthGame\Intermediate\Build\Win64\UE4Editor\Development\FPSGame\UE4Editor-FPSGame-4937.suppressed.lib and object C:\Users\iylek\Desktop\Unreal\StealthGame\StealthGame_ProjectBase_4.25\StealthGame\Intermediate\Build\Win64\UE4Editor\Development\FPSGame\UE4Editor-FPSGame-4937.suppressed.exp
[2020.08.30-04.53.05:231][369]CompilerResultsLog:   [3/3] FPSGameEditor.target
[2020.08.30-04.53.05:231][369]CompilerResultsLog: Total time in Parallel executor: 0.98 seconds
[2020.08.30-04.53.05:231][369]CompilerResultsLog: Total execution time: 1.55 seconds
[2020.08.30-04.53.05:231][369]LogMainFrame: MainFrame: Module compiling took 1.650 seconds
[2020.08.30-04.53.05:269][369]LogClass: EAIState HotReload.
[2020.08.30-04.53.05:281][369]LogContentBrowser: Native class hierarchy updated for 'FPSGame' in 0.0004 seconds. Added 10 classes and 3 folders.
[2020.08.30-04.53.05:282][369]Display: HotReload successful (8 functions remapped  0 scriptstructs remapped)
[2020.08.30-04.53.05:333][369]LogContentBrowser: Native class hierarchy populated in 0.0092 seconds. Added 3437 classes and 824 folders.
[2020.08.30-04.53.05:333][369]Display: HotReload took  1.8s.
[2020.08.30-04.53.06:820][537]LogTemp: Repeating last play command: Selected Viewport
[2020.08.30-04.53.06:839][537]LogPlayLevel: PlayLevel: No blueprints needed recompiling
[2020.08.30-04.53.06:839][537]PIE: New page: PIE session: FirstPersonExampleMap (Aug. 29, 2020, 8:53:06 p.m.)
[2020.08.30-04.53.06:841][537]LogOnline: OSS: Creating online subsystem instance for: NULL
[2020.08.30-04.53.06:843][537]LogOnline: OSS: TryLoadSubsystemAndSetDefault: Loaded subsystem for module [NULL]
[2020.08.30-04.53.06:843][537]LogPlayLevel: Creating play world package: /Game/Maps/UEDPIE_0_FirstPersonExampleMap
[2020.08.30-04.53.06:858][537]LogPlayLevel: PIE: StaticDuplicateObject took: (0.014824s)
[2020.08.30-04.53.06:859][537]LogAIModule: Creating AISystem for world FirstPersonExampleMap
[2020.08.30-04.53.06:859][537]LogAISub: UAISubsystem::UAISubsystem EnvQueryManager (000001A2B92AFE00), frame # 537
[2020.08.30-04.53.06:859][537]LogAISub: UAISubsystem::UAISubsystem AIPerceptionSystem (000001A2A6B91A80), frame # 537
[2020.08.30-04.53.06:860][537]LogPlayLevel: PIE: World Init took: (0.001766s)
[2020.08.30-04.53.06:860][537]LogPlayLevel: PIE: Created PIE world by copying editor world from /Game/Maps/FirstPersonExampleMap.FirstPersonExampleMap to /Game/Maps/UEDPIE_0_FirstPersonExampleMap.FirstPersonExampleMap (0.016976s)
[2020.08.30-04.53.06:875][537]LogUObjectHash: Compacting FUObjectHashTables data took   0.68ms
[2020.08.30-04.53.06:876][537]LogAudioMixer: Display: Audio Mixer Platform Settings:
[2020.08.30-04.53.06:876][537]LogAudioMixer: Display: 	Sample Rate:						  48000
[2020.08.30-04.53.06:876][537]LogAudioMixer: Display: 	Callback Buffer Frame Size Requested: 1024
[2020.08.30-04.53.06:876][537]LogAudioMixer: Display: 	Callback Buffer Frame Size To Use:	  1024
[2020.08.30-04.53.06:876][537]LogAudioMixer: Display: 	Number of buffers to queue:			  2
[2020.08.30-04.53.06:876][537]LogAudioMixer: Display: 	Max Channels (voices):				  32
[2020.08.30-04.53.06:876][537]LogAudioMixer: Display: 	Number of Async Source Workers:		  0
[2020.08.30-04.53.06:876][537]LogAudio: Display: AudioDevice MaxSources: 32
[2020.08.30-04.53.06:877][537]LogAudio: Display: Using built-in audio occlusion.
[2020.08.30-04.53.06:877][537]LogAudioMixer: Display: Initializing audio mixer.
[2020.08.30-04.53.06:879][537]LogAudioMixer: Display: 0: FrontLeft
[2020.08.30-04.53.06:880][537]LogAudioMixer: Display: 1: FrontRight
[2020.08.30-04.53.06:904][537]LogAudioMixer: Display: Using Audio Device Headset Earphone (HyperX Virtual Surround Sound)
[2020.08.30-04.53.06:905][537]LogAudioMixer: Display: Initializing Sound Submixes...
[2020.08.30-04.53.06:905][537]LogAudioMixer: Display: Creating Master Submix 'MasterSubmixDefault'
[2020.08.30-04.53.06:905][537]LogAudioMixer: Display: Creating Master Submix 'MasterReverbSubmixDefault'
[2020.08.30-04.53.06:905][537]LogAudioMixer: Display: Creating Master Submix 'MasterEQSubmixDefault'
[2020.08.30-04.53.06:918][537]LogInit: FAudioDevice initialized.
[2020.08.30-04.53.06:927][537]LogLoad: Game class is 'BP_GameMode_C'
[2020.08.30-04.53.06:929][537]LogWorld: Bringing World /Game/Maps/UEDPIE_0_FirstPersonExampleMap.FirstPersonExampleMap up for play (max tick rate 0) at 2020.08.30-00.53.06
[2020.08.30-04.53.06:930][537]LogWorld: Bringing up level for play took: 0.001811
[2020.08.30-04.53.06:930][537]LogOnline: OSS: Creating online subsystem instance for: :Context_4
[2020.08.30-04.53.06:955][537]LogContentBrowser: Native class hierarchy updated for 'MovieSceneCapture' in 0.0004 seconds. Added 20 classes and 0 folders.
[2020.08.30-04.53.06:956][537]PIE: Server logged in
[2020.08.30-04.53.06:958][537]PIE: Play in editor total start time 0.122 seconds.
[2020.08.30-04.53.14:027][376]LogSlate: Updating window title bar state: overlay mode, drag disabled, window buttons hidden, title bar hidden
[2020.08.30-04.53.14:027][376]LogWorld: BeginTearingDown for /Game/Maps/UEDPIE_0_FirstPersonExampleMap
[2020.08.30-04.53.14:027][376]LogWorld: UWorld::CleanupWorld for FirstPersonExampleMap, bSessionEnded=true, bCleanupResources=true
[2020.08.30-04.53.14:028][376]LogSlate: InvalidateAllWidgets triggered.  All widgets were invalidated
[2020.08.30-04.53.14:040][376]LogPlayLevel: Display: Shutting down PIE online subsystems
[2020.08.30-04.53.14:041][376]LogSlate: InvalidateAllWidgets triggered.  All widgets were invalidated
[2020.08.30-04.53.14:073][376]LogSlate: Updating window title bar state: overlay mode, drag disabled, window buttons hidden, title bar hidden
[2020.08.30-04.53.14:074][376]LogAISub: UAISubsystem::~UAISubsystem EnvQueryManager (000001A2B92AFE00), frame # 1376
[2020.08.30-04.53.14:074][376]LogAISub: UAISubsystem::~UAISubsystem AIPerceptionSystem (000001A2A6B91A80), frame # 1376
[2020.08.30-04.53.14:075][376]LogUObjectHash: Compacting FUObjectHashTables data took   0.69ms
[2020.08.30-04.53.14:105][377]LogPlayLevel: Display: Destroying online subsystem :Context_4
[2020.08.30-04.53.22:735][637]LogTemp: Repeating last play command: Selected Viewport
[2020.08.30-04.53.22:752][637]LogPlayLevel: PlayLevel: No blueprints needed recompiling
[2020.08.30-04.53.22:752][637]PIE: New page: PIE session: FirstPersonExampleMap (Aug. 29, 2020, 8:53:22 p.m.)
[2020.08.30-04.53.22:776][637]LogPlayLevel: Creating play world package: /Game/Maps/UEDPIE_0_FirstPersonExampleMap
[2020.08.30-04.53.22:789][637]LogPlayLevel: PIE: StaticDuplicateObject took: (0.012472s)
[2020.08.30-04.53.22:790][637]LogAIModule: Creating AISystem for world FirstPersonExampleMap
[2020.08.30-04.53.22:790][637]LogAISub: UAISubsystem::UAISubsystem EnvQueryManager (000001A2B92ADE00), frame # 1637
[2020.08.30-04.53.22:790][637]LogAISub: UAISubsystem::UAISubsystem AIPerceptionSystem (000001A2A2ADEC00), frame # 1637
[2020.08.30-04.53.22:790][637]LogPlayLevel: PIE: World Init took: (0.001638s)
[2020.08.30-04.53.22:791][637]LogPlayLevel: PIE: Created PIE world by copying editor world from /Game/Maps/FirstPersonExampleMap.FirstPersonExampleMap to /Game/Maps/UEDPIE_0_FirstPersonExampleMap.FirstPersonExampleMap (0.014648s)
[2020.08.30-04.53.22:803][637]LogUObjectHash: Compacting FUObjectHashTables data took   0.62ms
[2020.08.30-04.53.22:805][637]LogAudioMixer: Display: Audio Mixer Platform Settings:
[2020.08.30-04.53.22:805][637]LogAudioMixer: Display: 	Sample Rate:						  48000
[2020.08.30-04.53.22:805][637]LogAudioMixer: Display: 	Callback Buffer Frame Size Requested: 1024
[2020.08.30-04.53.22:806][637]LogAudioMixer: Display: 	Callback Buffer Frame Size To Use:	  1024
[2020.08.30-04.53.22:806][637]LogAudioMixer: Display: 	Number of buffers to queue:			  2
[2020.08.30-04.53.22:806][637]LogAudioMixer: Display: 	Max Channels (voices):				  32
[2020.08.30-04.53.22:806][637]LogAudioMixer: Display: 	Number of Async Source Workers:		  0
[2020.08.30-04.53.22:806][637]LogAudio: Display: AudioDevice MaxSources: 32
[2020.08.30-04.53.22:806][637]LogAudio: Display: Using built-in audio occlusion.
[2020.08.30-04.53.22:806][637]LogAudioMixer: Display: Initializing audio mixer.
[2020.08.30-04.53.22:809][637]LogAudioMixer: Display: 0: FrontLeft
[2020.08.30-04.53.22:809][637]LogAudioMixer: Display: 1: FrontRight
[2020.08.30-04.53.22:835][637]LogAudioMixer: Display: Using Audio Device Headset Earphone (HyperX Virtual Surround Sound)
[2020.08.30-04.53.22:835][637]LogAudioMixer: Display: Initializing Sound Submixes...
[2020.08.30-04.53.22:835][637]LogAudioMixer: Display: Creating Master Submix 'MasterSubmixDefault'
[2020.08.30-04.53.22:836][637]LogAudioMixer: Display: Creating Master Submix 'MasterReverbSubmixDefault'
[2020.08.30-04.53.22:836][637]LogAudioMixer: Display: Creating Master Submix 'MasterEQSubmixDefault'
[2020.08.30-04.53.22:848][637]LogInit: FAudioDevice initialized.
[2020.08.30-04.53.22:857][637]LogLoad: Game class is 'BP_GameMode_C'
[2020.08.30-04.53.22:859][637]LogWorld: Bringing World /Game/Maps/UEDPIE_0_FirstPersonExampleMap.FirstPersonExampleMap up for play (max tick rate 0) at 2020.08.30-00.53.22
[2020.08.30-04.53.22:860][637]LogWorld: Bringing up level for play took: 0.001747
[2020.08.30-04.53.22:860][637]LogOnline: OSS: Creating online subsystem instance for: :Context_5
[2020.08.30-04.53.22:863][637]PIE: Server logged in
[2020.08.30-04.53.22:864][637]PIE: Play in editor total start time 0.113 seconds.
[2020.08.30-04.53.31:262][604]LogSlate: Took 0.000215 seconds to synchronously load lazily loaded font '../../../Engine/Content/Slate/Fonts/Roboto-Italic.ttf' (157K)
[2020.08.30-04.53.44:100][117]LogAssetEditorSubsystem: Opening Asset editor for Blueprint /Game/Blueprints/BP_Guard.BP_Guard
[2020.08.30-04.53.44:269][117]LogContentBrowser: Native class hierarchy updated for 'BlueprintGraph' in 0.0006 seconds. Added 125 classes and 0 folders.
[2020.08.30-04.53.45:029][117]LogSlate: Took 0.000195 seconds to synchronously load lazily loaded font '../../../Engine/Content/Slate/Fonts/Roboto-BoldCondensed.ttf' (158K)
[2020.08.30-04.54.13:015][383]LogSlate: Window 'BP_Guard' being destroyed
[2020.08.30-04.54.13:020][383]LogSlate: Window 'BP_Guard' being destroyed
[2020.08.30-04.54.13:044][383]LogWorld: UWorld::CleanupWorld for World_6, bSessionEnded=true, bCleanupResources=true
[2020.08.30-04.54.13:044][383]LogSlate: InvalidateAllWidgets triggered.  All widgets were invalidated
[2020.08.30-04.54.24:599][707]LogAssetEditorSubsystem: Opening Asset editor for Blueprint /Game/Blueprints/BP_HUD.BP_HUD
[2020.08.30-04.54.30:635][257]LogRenderer: Reallocating scene render targets to support 1208x940 Format 10 NumSamples 1 (Frame:1).
[2020.08.30-04.54.31:617][349]LogSlate: Window 'BP_HUD' being destroyed
[2020.08.30-04.54.31:623][349]LogSlate: Window 'BP_HUD' being destroyed
[2020.08.30-04.54.31:645][349]LogWorld: UWorld::CleanupWorld for World_7, bSessionEnded=true, bCleanupResources=true
[2020.08.30-04.54.31:645][349]LogSlate: InvalidateAllWidgets triggered.  All widgets were invalidated
[2020.08.30-04.54.36:081][868]LogAssetEditorSubsystem: Opening Asset editor for WidgetBlueprint /Game/UI/WPB_GuardState.WPB_GuardState
[2020.08.30-04.54.36:774][868]LogSlate: Took 0.000205 seconds to synchronously load lazily loaded font '../../../Engine/Content/Slate/Fonts/Roboto-Light.ttf' (167K)
[2020.08.30-04.55.05:109][515]LogSlate: Window 'WPB_GuardState' being destroyed
[2020.08.30-04.55.09:537][ 29]LogSlate: Updating window title bar state: overlay mode, drag disabled, window buttons hidden, title bar hidden
[2020.08.30-04.55.09:537][ 29]LogWorld: BeginTearingDown for /Game/Maps/UEDPIE_0_FirstPersonExampleMap
[2020.08.30-04.55.09:538][ 29]LogWorld: UWorld::CleanupWorld for FirstPersonExampleMap, bSessionEnded=true, bCleanupResources=true
[2020.08.30-04.55.09:538][ 29]LogSlate: InvalidateAllWidgets triggered.  All widgets were invalidated
[2020.08.30-04.55.09:553][ 29]LogPlayLevel: Display: Shutting down PIE online subsystems
[2020.08.30-04.55.09:558][ 29]LogSlate: InvalidateAllWidgets triggered.  All widgets were invalidated
[2020.08.30-04.55.09:578][ 29]LogSlate: Updating window title bar state: overlay mode, drag disabled, window buttons hidden, title bar hidden
[2020.08.30-04.55.09:610][ 29]LogAISub: UAISubsystem::~UAISubsystem AIPerceptionSystem (000001A2A2ADEC00), frame # 12029
[2020.08.30-04.55.09:610][ 29]LogAISub: UAISubsystem::~UAISubsystem EnvQueryManager (000001A2B92ADE00), frame # 12029
[2020.08.30-04.55.09:632][ 29]LogUObjectHash: Compacting FUObjectHashTables data took   3.64ms
[2020.08.30-04.55.09:667][ 30]LogPlayLevel: Display: Destroying online subsystem :Context_5
