Log file open, 11/25/20 18:20:51
LogInit: Display: Running engine for game: FPSGame
LogPlatformFile: Not using cached read wrapper
LogTaskGraph: Started task graph with 5 named threads and 35 total threads with 3 sets of task threads.
LogStats: Stats thread started at 0.239758
LogD3D11RHI: Loaded GFSDK_Aftermath_Lib.x64.dll
LogICUInternationalization: ICU TimeZone Detection - Raw Offset: -5:00, Platform Override: ''
LogPluginManager: Mounting plugin Paper2D
LogPluginManager: Mounting plugin AISupport
LogPluginManager: Mounting plugin LightPropagationVolume
LogPluginManager: Mounting plugin CameraShakePreviewer
LogPluginManager: Mounting plugin ActorLayerUtilities
LogPluginManager: Mounting plugin AnimationSharing
LogPluginManager: Mounting plugin CLionSourceCodeAccess
LogPluginManager: Mounting plugin CodeLiteSourceCodeAccess
LogPluginManager: Mounting plugin GitSourceControl
LogPluginManager: Mounting plugin KDevelopSourceCodeAccess
LogPluginManager: Mounting plugin NullSourceCodeAccess
LogPluginManager: Mounting plugin PerforceSourceControl
LogPluginManager: Mounting plugin PlasticSourceControl
LogPluginManager: Mounting plugin RiderSourceCodeAccess
LogPluginManager: Mounting plugin SubversionSourceControl
LogPluginManager: Mounting plugin UObjectPlugin
LogPluginManager: Mounting plugin VisualStudioCodeSourceCodeAccess
LogPluginManager: Mounting plugin VisualStudioSourceCodeAccess
LogPluginManager: Mounting plugin XCodeSourceCodeAccess
LogPluginManager: Mounting plugin AssetManagerEditor
LogPluginManager: Mounting plugin CryptoKeys
LogPluginManager: Mounting plugin CurveEditorTools
LogPluginManager: Mounting plugin DataValidation
LogPluginManager: Mounting plugin EditorScriptingUtilities
LogPluginManager: Mounting plugin FacialAnimation
LogPluginManager: Mounting plugin GameplayTagsEditor
LogPluginManager: Mounting plugin GeometryMode
LogPluginManager: Mounting plugin MacGraphicsSwitching
LogPluginManager: Mounting plugin MaterialAnalyzer
LogPluginManager: Mounting plugin MobileLauncherProfileWizard
LogPluginManager: Mounting plugin PluginBrowser
LogPluginManager: Mounting plugin SpeedTreeImporter
LogPluginManager: Mounting plugin DatasmithContent
LogPluginManager: Mounting plugin VariantManagerContent
LogPluginManager: Mounting plugin AlembicImporter
LogPluginManager: Mounting plugin AutomationUtils
LogPluginManager: Mounting plugin BackChannel
LogPluginManager: Mounting plugin ChaosCloth
LogPluginManager: Mounting plugin ChaosClothEditor
LogPluginManager: Mounting plugin ChaosEditor
LogPluginManager: Mounting plugin ChaosNiagara
LogPluginManager: Mounting plugin ChaosSolverPlugin
LogPluginManager: Mounting plugin CharacterAI
LogPluginManager: Mounting plugin GeometryCache
LogPluginManager: Mounting plugin GeometryCollectionPlugin
LogPluginManager: Mounting plugin GeometryProcessing
LogPluginManager: Mounting plugin PlanarCut
LogPluginManager: Mounting plugin PlatformCrypto
LogPluginManager: Mounting plugin ProxyLODPlugin
LogPluginManager: Mounting plugin SkeletalReduction
LogPluginManager: Mounting plugin Niagara
LogPluginManager: Mounting plugin MagicLeap
LogPluginManager: Mounting plugin MagicLeapLightEstimation
LogPluginManager: Mounting plugin MagicLeapMedia
LogPluginManager: Mounting plugin MagicLeapPassableWorld
LogPluginManager: Mounting plugin MLSDK
LogPluginManager: Mounting plugin AndroidMedia
LogPluginManager: Mounting plugin AvfMedia
LogPluginManager: Mounting plugin ImgMedia
LogPluginManager: Mounting plugin MediaCompositing
LogPluginManager: Mounting plugin MediaPlayerEditor
LogPluginManager: Mounting plugin WebMMedia
LogPluginManager: Mounting plugin WmfMedia
LogPluginManager: Mounting plugin MeshPainting
LogPluginManager: Mounting plugin TcpMessaging
LogPluginManager: Mounting plugin UdpMessaging
LogPluginManager: Mounting plugin ActorSequence
LogPluginManager: Mounting plugin LevelSequenceEditor
LogPluginManager: Mounting plugin MatineeToLevelSequence
LogPluginManager: Mounting plugin MovieRenderPipeline
LogPluginManager: Mounting plugin TemplateSequence
LogPluginManager: Mounting plugin NetcodeUnitTest
LogPluginManager: Mounting plugin NUTUnrealEngine4
LogPluginManager: Mounting plugin OnlineSubsystemGooglePlay
LogPluginManager: Mounting plugin OnlineSubsystemIOS
LogPluginManager: Mounting plugin OnlineSubsystem
LogPluginManager: Mounting plugin OnlineSubsystemNull
LogPluginManager: Mounting plugin OnlineSubsystemUtils
LogPluginManager: Mounting plugin LauncherChunkInstaller
LogPluginManager: Mounting plugin AndroidDeviceProfileSelector
LogPluginManager: Mounting plugin AndroidMoviePlayer
LogPluginManager: Mounting plugin AndroidPermission
LogPluginManager: Mounting plugin AppleImageUtils
LogPluginManager: Mounting plugin AppleMoviePlayer
LogPluginManager: Mounting plugin ArchVisCharacter
LogPluginManager: Mounting plugin AssetTags
LogPluginManager: Mounting plugin AudioCapture
LogPluginManager: Mounting plugin CableComponent
LogPluginManager: Mounting plugin CustomMeshComponent
LogPluginManager: Mounting plugin EditableMesh
LogPluginManager: Mounting plugin ExampleDeviceProfileSelector
LogPluginManager: Mounting plugin GoogleCloudMessaging
LogPluginManager: Mounting plugin GooglePAD
LogPluginManager: Mounting plugin IOSDeviceProfileSelector
LogPluginManager: Mounting plugin LinuxDeviceProfileSelector
LogPluginManager: Mounting plugin LocationServicesBPLibrary
LogPluginManager: Mounting plugin MobilePatchingUtils
LogPluginManager: Mounting plugin OculusVR
LogPluginManager: Mounting plugin PhysXVehicles
LogPluginManager: Mounting plugin PostSplashScreen
LogPluginManager: Mounting plugin ProceduralMeshComponent
LogPluginManager: Mounting plugin RuntimePhysXCooking
LogPluginManager: Mounting plugin SignificanceManager
LogPluginManager: Mounting plugin SoundFields
LogPluginManager: Mounting plugin SteamVR
LogPluginManager: Mounting plugin Synthesis
LogPluginManager: Mounting plugin WebMMoviePlayer
LogPluginManager: Mounting plugin WindowsMoviePlayer
LogPluginManager: Mounting plugin ScreenshotTools
LogPluginManager: Mounting plugin LaunchPadPlugin
LogInit: Using libcurl 7.55.1-DEV
LogInit:  - built for x86_64-pc-win32
LogInit:  - supports SSL with OpenSSL/1.1.1
LogInit:  - supports HTTP deflate (compression) using libz 1.2.8
LogInit:  - other features:
LogInit:      CURL_VERSION_SSL
LogInit:      CURL_VERSION_LIBZ
LogInit:      CURL_VERSION_IPV6
LogInit:      CURL_VERSION_ASYNCHDNS
LogInit:      CURL_VERSION_LARGEFILE
LogInit:      CURL_VERSION_IDN
LogInit:  CurlRequestOptions (configurable via config and command line):
LogInit:  - bVerifyPeer = true  - Libcurl will verify peer certificate
LogInit:  - bUseHttpProxy = false  - Libcurl will NOT use HTTP proxy
LogInit:  - bDontReuseConnections = false  - Libcurl will reuse connections
LogInit:  - MaxHostConnections = 16  - Libcurl will limit the number of connections to a host
LogInit:  - LocalHostAddr = Default
LogInit:  - BufferSize = 65536
LogOnline: OSS: Creating online subsystem instance for: NULL
LogInit: WinSock: version 1.1 (2.2), MaxSocks=32767, MaxUdp=65467
LogOnline: OSS: TryLoadSubsystemAndSetDefault: Loaded subsystem for module [NULL]
LogInit: Build: ++UE4+Release-4.25-CL-14469661
LogInit: Engine Version: 4.25.4-14469661+++UE4+Release-4.25
LogInit: Compatible Engine Version: 4.25.0-13144385+++UE4+Release-4.25
LogInit: Net CL: 13144385
LogInit: OS: Windows 10 (Release 1909) (), CPU: AMD Ryzen 5 3600 6-Core Processor              , GPU: NVIDIA GeForce RTX 2060
LogInit: Compiled (64-bit): Oct 11 2020 08:10:49
LogInit: Compiled with Visual C++: 19.24.28315.00
LogInit: Build Configuration: Development
LogInit: Branch Name: ++UE4+Release-4.25
LogInit: Command Line:  -skipcompile
LogInit: Base Directory: C:/Program Files/Epic Games/UE_4.25/Engine/Binaries/Win64/
LogInit: Allocator: TBB
LogInit: Installed Engine Build: 1
LogDevObjectVersion: Number of dev versions registered: 26
LogDevObjectVersion:   Dev-Blueprints (B0D832E4-1F89-4F0D-ACCF-7EB736FD4AA2): 10
LogDevObjectVersion:   Dev-Build (E1C64328-A22C-4D53-A36C-8E866417BD8C): 0
LogDevObjectVersion:   Dev-Core (375EC13C-06E4-48FB-B500-84F0262A717E): 4
LogDevObjectVersion:   Dev-Editor (E4B068ED-F494-42E9-A231-DA0B2E46BB41): 38
LogDevObjectVersion:   Dev-Framework (CFFC743F-43B0-4480-9391-14DF171D2073): 37
LogDevObjectVersion:   Dev-Mobile (B02B49B5-BB20-44E9-A304-32B752E40360): 2
LogDevObjectVersion:   Dev-Networking (A4E4105C-59A1-49B5-A7C5-40C4547EDFEE): 0
LogDevObjectVersion:   Dev-Online (39C831C9-5AE6-47DC-9A44-9C173E1C8E7C): 0
LogDevObjectVersion:   Dev-Physics (78F01B33-EBEA-4F98-B9B4-84EACCB95AA2): 4
LogDevObjectVersion:   Dev-Platform (6631380F-2D4D-43E0-8009-CF276956A95A): 0
LogDevObjectVersion:   Dev-Rendering (12F88B9F-8875-4AFC-A67C-D90C383ABD29): 43
LogDevObjectVersion:   Dev-Sequencer (7B5AE74C-D270-4C10-A958-57980B212A5A): 12
LogDevObjectVersion:   Dev-VR (D7296918-1DD6-4BDD-9DE2-64A83CC13884): 3
LogDevObjectVersion:   Dev-LoadTimes (C2A15278-BFE7-4AFE-6C17-90FF531DF755): 1
LogDevObjectVersion:   Private-Geometry (6EACA3D4-40EC-4CC1-B786-8BED09428FC5): 3
LogDevObjectVersion:   Dev-AnimPhys (29E575DD-E0A3-4627-9D10-D276232CDCEA): 17
LogDevObjectVersion:   Dev-Anim (AF43A65D-7FD3-4947-9873-3E8ED9C1BB05): 7
LogDevObjectVersion:   Dev-ReflectionCapture (6B266CEC-1EC7-4B8F-A30B-E4D90942FC07): 1
LogDevObjectVersion:   Dev-Automation (0DF73D61-A23F-47EA-B727-89E90C41499A): 1
LogDevObjectVersion:   FortniteMain (601D1886-AC64-4F84-AA16-D3DE0DEAC7D6): 31
LogDevObjectVersion:   Dev-Enterprise (9DFFBCD6-494F-0158-E221-12823C92A888): 10
LogDevObjectVersion:   Dev-Niagara (F2AED0AC-9AFE-416F-8664-AA7FFA26D6FC): 1
LogDevObjectVersion:   Dev-Destruction (174F1F0B-B4C6-45A5-B13F-2EE8D0FB917D): 10
LogDevObjectVersion:   Dev-Physics-Ext (35F94A83-E258-406C-A318-09F59610247C): 37
LogDevObjectVersion:   Dev-PhysicsMaterial-Chaos (B68FC16E-8B1B-42E2-B453-215C058844FE): 1
LogDevObjectVersion:   Dev-CineCamera (B2E18506-4273-CFC2-A54E-F4BB758BBA07): 1
LogInit: Presizing for max 25165824 objects, including 0 objects not considered by GC, pre-allocating 0 bytes for permanent pool.
LogConfig: Applying CVar settings from Section [/Script/Engine.StreamingSettings] File [C:/Users/iylek/Desktop/Unreal/StealthGame/StealthGame_ProjectBase_4.25/StealthGame/Saved/Config/Windows/Engine.ini]
LogConfig: Setting CVar [[s.MinBulkDataSizeForAsyncLoading:131072]]
LogConfig: Setting CVar [[s.AsyncLoadingThreadEnabled:0]]
LogConfig: Setting CVar [[s.EventDrivenLoaderEnabled:1]]
LogConfig: Setting CVar [[s.WarnIfTimeLimitExceeded:0]]
LogConfig: Setting CVar [[s.TimeLimitExceededMultiplier:1.5]]
LogConfig: Setting CVar [[s.TimeLimitExceededMinTime:0.005]]
LogConfig: Setting CVar [[s.UseBackgroundLevelStreaming:1]]
LogConfig: Setting CVar [[s.PriorityAsyncLoadingExtraTime:15.0]]
LogConfig: Setting CVar [[s.LevelStreamingActorsUpdateTimeLimit:5.0]]
LogConfig: Setting CVar [[s.PriorityLevelStreamingActorsUpdateExtraTime:5.0]]
LogConfig: Setting CVar [[s.LevelStreamingComponentsRegistrationGranularity:10]]
LogConfig: Setting CVar [[s.UnregisterComponentsTimeLimit:1.0]]
LogConfig: Setting CVar [[s.LevelStreamingComponentsUnregistrationGranularity:5]]
LogConfig: Setting CVar [[s.FlushStreamingOnExit:1]]
LogInit: Object subsystem initialized
LogConfig: Setting CVar [[con.DebugEarlyDefault:1]]
LogConfig: Setting CVar [[r.setres:1280x720]]
[2020.11.25-23.20.52:116][  0]LogConfig: Setting CVar [[r.VSync:0]]
[2020.11.25-23.20.52:116][  0]LogConfig: Setting CVar [[r.RHICmdBypass:0]]
[2020.11.25-23.20.52:116][  0]LogConfig: Applying CVar settings from Section [/Script/Engine.RendererSettings] File [C:/Users/iylek/Desktop/Unreal/StealthGame/StealthGame_ProjectBase_4.25/StealthGame/Saved/Config/Windows/Engine.ini]
[2020.11.25-23.20.52:116][  0]LogConfig: Setting CVar [[r.GPUCrashDebugging:0]]
[2020.11.25-23.20.52:116][  0]LogConfig: Applying CVar settings from Section [/Script/Engine.RendererOverrideSettings] File [C:/Users/iylek/Desktop/Unreal/StealthGame/StealthGame_ProjectBase_4.25/StealthGame/Saved/Config/Windows/Engine.ini]
[2020.11.25-23.20.52:116][  0]LogConfig: Applying CVar settings from Section [/Script/Engine.StreamingSettings] File [C:/Users/iylek/Desktop/Unreal/StealthGame/StealthGame_ProjectBase_4.25/StealthGame/Saved/Config/Windows/Engine.ini]
[2020.11.25-23.20.52:116][  0]LogConfig: Setting CVar [[s.MinBulkDataSizeForAsyncLoading:131072]]
[2020.11.25-23.20.52:116][  0]LogConfig: Setting CVar [[s.AsyncLoadingThreadEnabled:0]]
[2020.11.25-23.20.52:116][  0]LogConfig: Setting CVar [[s.EventDrivenLoaderEnabled:1]]
[2020.11.25-23.20.52:116][  0]LogConfig: Setting CVar [[s.WarnIfTimeLimitExceeded:0]]
[2020.11.25-23.20.52:117][  0]LogConfig: Setting CVar [[s.TimeLimitExceededMultiplier:1.5]]
[2020.11.25-23.20.52:117][  0]LogConfig: Setting CVar [[s.TimeLimitExceededMinTime:0.005]]
[2020.11.25-23.20.52:117][  0]LogConfig: Setting CVar [[s.UseBackgroundLevelStreaming:1]]
[2020.11.25-23.20.52:117][  0]LogConfig: Setting CVar [[s.PriorityAsyncLoadingExtraTime:15.0]]
[2020.11.25-23.20.52:117][  0]LogConfig: Setting CVar [[s.LevelStreamingActorsUpdateTimeLimit:5.0]]
[2020.11.25-23.20.52:117][  0]LogConfig: Setting CVar [[s.PriorityLevelStreamingActorsUpdateExtraTime:5.0]]
[2020.11.25-23.20.52:117][  0]LogConfig: Setting CVar [[s.LevelStreamingComponentsRegistrationGranularity:10]]
[2020.11.25-23.20.52:117][  0]LogConfig: Setting CVar [[s.UnregisterComponentsTimeLimit:1.0]]
[2020.11.25-23.20.52:117][  0]LogConfig: Setting CVar [[s.LevelStreamingComponentsUnregistrationGranularity:5]]
[2020.11.25-23.20.52:117][  0]LogConfig: Setting CVar [[s.FlushStreamingOnExit:1]]
[2020.11.25-23.20.52:117][  0]LogConfig: Applying CVar settings from Section [/Script/Engine.GarbageCollectionSettings] File [C:/Users/iylek/Desktop/Unreal/StealthGame/StealthGame_ProjectBase_4.25/StealthGame/Saved/Config/Windows/Engine.ini]
[2020.11.25-23.20.52:117][  0]LogConfig: Setting CVar [[gc.MaxObjectsNotConsideredByGC:1]]
[2020.11.25-23.20.52:117][  0]LogConfig: Setting CVar [[gc.SizeOfPermanentObjectPool:0]]
[2020.11.25-23.20.52:117][  0]LogConfig: Setting CVar [[gc.FlushStreamingOnGC:0]]
[2020.11.25-23.20.52:117][  0]LogConfig: Setting CVar [[gc.NumRetriesBeforeForcingGC:10]]
[2020.11.25-23.20.52:117][  0]LogConfig: Setting CVar [[gc.AllowParallelGC:1]]
[2020.11.25-23.20.52:117][  0]LogConfig: Setting CVar [[gc.TimeBetweenPurgingPendingKillObjects:61.1]]
[2020.11.25-23.20.52:117][  0]LogConfig: Setting CVar [[gc.MaxObjectsInEditor:25165824]]
[2020.11.25-23.20.52:118][  0]LogConfig: Setting CVar [[gc.IncrementalBeginDestroyEnabled:1]]
[2020.11.25-23.20.52:118][  0]LogConfig: Setting CVar [[gc.CreateGCClusters:1]]
[2020.11.25-23.20.52:118][  0]LogConfig: Setting CVar [[gc.MinGCClusterSize:5]]
[2020.11.25-23.20.52:118][  0]LogConfig: Setting CVar [[gc.ActorClusteringEnabled:0]]
[2020.11.25-23.20.52:118][  0]LogConfig: Setting CVar [[gc.BlueprintClusteringEnabled:0]]
[2020.11.25-23.20.52:118][  0]LogConfig: Setting CVar [[gc.UseDisregardForGCOnDedicatedServers:0]]
[2020.11.25-23.20.52:118][  0]LogConfig: Applying CVar settings from Section [/Script/Engine.NetworkSettings] File [C:/Users/iylek/Desktop/Unreal/StealthGame/StealthGame_ProjectBase_4.25/StealthGame/Saved/Config/Windows/Engine.ini]
[2020.11.25-23.20.52:118][  0]LogConfig: Applying CVar settings from Section [/Script/UnrealEd.CookerSettings] File [C:/Users/iylek/Desktop/Unreal/StealthGame/StealthGame_ProjectBase_4.25/StealthGame/Saved/Config/Windows/Engine.ini]
[2020.11.25-23.20.52:126][  0]LogConfig: Applying CVar settings from Section [ViewDistanceQuality@3] File [C:/Users/iylek/Desktop/Unreal/StealthGame/StealthGame_ProjectBase_4.25/StealthGame/Saved/Config/Windows/Scalability.ini]
[2020.11.25-23.20.52:126][  0]LogConfig: Setting CVar [[r.SkeletalMeshLODBias:0]]
[2020.11.25-23.20.52:126][  0]LogConfig: Setting CVar [[r.ViewDistanceScale:1.0]]
[2020.11.25-23.20.52:127][  0]LogConfig: Applying CVar settings from Section [AntiAliasingQuality@3] File [C:/Users/iylek/Desktop/Unreal/StealthGame/StealthGame_ProjectBase_4.25/StealthGame/Saved/Config/Windows/Scalability.ini]
[2020.11.25-23.20.52:127][  0]LogConfig: Setting CVar [[r.PostProcessAAQuality:4]]
[2020.11.25-23.20.52:127][  0]LogConfig: Applying CVar settings from Section [ShadowQuality@3] File [C:/Users/iylek/Desktop/Unreal/StealthGame/StealthGame_ProjectBase_4.25/StealthGame/Saved/Config/Windows/Scalability.ini]
[2020.11.25-23.20.52:127][  0]LogConfig: Setting CVar [[r.LightFunctionQuality:1]]
[2020.11.25-23.20.52:127][  0]LogConfig: Setting CVar [[r.ShadowQuality:5]]
[2020.11.25-23.20.52:127][  0]LogConfig: Setting CVar [[r.Shadow.CSM.MaxCascades:10]]
[2020.11.25-23.20.52:127][  0]LogConfig: Setting CVar [[r.Shadow.MaxResolution:2048]]
[2020.11.25-23.20.52:127][  0]LogConfig: Setting CVar [[r.Shadow.MaxCSMResolution:2048]]
[2020.11.25-23.20.52:127][  0]LogConfig: Setting CVar [[r.Shadow.RadiusThreshold:0.01]]
[2020.11.25-23.20.52:127][  0]LogConfig: Setting CVar [[r.Shadow.DistanceScale:1.0]]
[2020.11.25-23.20.52:127][  0]LogConfig: Setting CVar [[r.Shadow.CSM.TransitionScale:1.0]]
[2020.11.25-23.20.52:127][  0]LogConfig: Setting CVar [[r.Shadow.PreShadowResolutionFactor:1.0]]
[2020.11.25-23.20.52:127][  0]LogConfig: Setting CVar [[r.DistanceFieldShadowing:1]]
[2020.11.25-23.20.52:127][  0]LogConfig: Setting CVar [[r.DistanceFieldAO:1]]
[2020.11.25-23.20.52:127][  0]LogConfig: Setting CVar [[r.AOQuality:2]]
[2020.11.25-23.20.52:127][  0]LogConfig: Setting CVar [[r.VolumetricFog:1]]
[2020.11.25-23.20.52:127][  0]LogConfig: Setting CVar [[r.VolumetricFog.GridPixelSize:8]]
[2020.11.25-23.20.52:127][  0]LogConfig: Setting CVar [[r.VolumetricFog.GridSizeZ:128]]
[2020.11.25-23.20.52:127][  0]LogConfig: Setting CVar [[r.VolumetricFog.HistoryMissSupersampleCount:4]]
[2020.11.25-23.20.52:128][  0]LogConfig: Setting CVar [[r.LightMaxDrawDistanceScale:1]]
[2020.11.25-23.20.52:128][  0]LogConfig: Setting CVar [[r.CapsuleShadows:1]]
[2020.11.25-23.20.52:128][  0]LogConfig: Applying CVar settings from Section [PostProcessQuality@3] File [C:/Users/iylek/Desktop/Unreal/StealthGame/StealthGame_ProjectBase_4.25/StealthGame/Saved/Config/Windows/Scalability.ini]
[2020.11.25-23.20.52:128][  0]LogConfig: Setting CVar [[r.MotionBlurQuality:4]]
[2020.11.25-23.20.52:128][  0]LogConfig: Setting CVar [[r.AmbientOcclusionMipLevelFactor:0.4]]
[2020.11.25-23.20.52:128][  0]LogConfig: Setting CVar [[r.AmbientOcclusionMaxQuality:100]]
[2020.11.25-23.20.52:128][  0]LogConfig: Setting CVar [[r.AmbientOcclusionLevels:-1]]
[2020.11.25-23.20.52:128][  0]LogConfig: Setting CVar [[r.AmbientOcclusionRadiusScale:1.0]]
[2020.11.25-23.20.52:128][  0]LogConfig: Setting CVar [[r.DepthOfFieldQuality:2]]
[2020.11.25-23.20.52:128][  0]LogConfig: Setting CVar [[r.RenderTargetPoolMin:400]]
[2020.11.25-23.20.52:128][  0]LogConfig: Setting CVar [[r.LensFlareQuality:2]]
[2020.11.25-23.20.52:128][  0]LogConfig: Setting CVar [[r.SceneColorFringeQuality:1]]
[2020.11.25-23.20.52:128][  0]LogConfig: Setting CVar [[r.EyeAdaptationQuality:2]]
[2020.11.25-23.20.52:128][  0]LogConfig: Setting CVar [[r.BloomQuality:5]]
[2020.11.25-23.20.52:128][  0]LogConfig: Setting CVar [[r.FastBlurThreshold:100]]
[2020.11.25-23.20.52:128][  0]LogConfig: Setting CVar [[r.Upscale.Quality:3]]
[2020.11.25-23.20.52:128][  0]LogConfig: Setting CVar [[r.Tonemapper.GrainQuantization:1]]
[2020.11.25-23.20.52:128][  0]LogConfig: Setting CVar [[r.LightShaftQuality:1]]
[2020.11.25-23.20.52:129][  0]LogConfig: Setting CVar [[r.Filter.SizeScale:1]]
[2020.11.25-23.20.52:129][  0]LogConfig: Setting CVar [[r.Tonemapper.Quality:5]]
[2020.11.25-23.20.52:129][  0]LogConfig: Setting CVar [[r.DOF.Gather.AccumulatorQuality:1        ; higher gathering accumulator quality]]
[2020.11.25-23.20.52:129][  0]LogConfig: Setting CVar [[r.DOF.Gather.PostfilterMethod:1          ; Median3x3 postfilering method]]
[2020.11.25-23.20.52:129][  0]LogConfig: Setting CVar [[r.DOF.Gather.EnableBokehSettings:0       ; no bokeh simulation when gathering]]
[2020.11.25-23.20.52:129][  0]LogConfig: Setting CVar [[r.DOF.Gather.RingCount:4                 ; medium number of samples when gathering]]
[2020.11.25-23.20.52:129][  0]LogConfig: Setting CVar [[r.DOF.Scatter.ForegroundCompositing:1    ; additive foreground scattering]]
[2020.11.25-23.20.52:129][  0]LogConfig: Setting CVar [[r.DOF.Scatter.BackgroundCompositing:2    ; additive background scattering]]
[2020.11.25-23.20.52:129][  0]LogConfig: Setting CVar [[r.DOF.Scatter.EnableBokehSettings:1      ; bokeh simulation when scattering]]
[2020.11.25-23.20.52:129][  0]LogConfig: Setting CVar [[r.DOF.Scatter.MaxSpriteRatio:0.1         ; only a maximum of 10% of scattered bokeh]]
[2020.11.25-23.20.52:129][  0]LogConfig: Setting CVar [[r.DOF.Recombine.Quality:1                ; cheap slight out of focus]]
[2020.11.25-23.20.52:129][  0]LogConfig: Setting CVar [[r.DOF.Recombine.EnableBokehSettings:0    ; no bokeh simulation on slight out of focus]]
[2020.11.25-23.20.52:129][  0]LogConfig: Setting CVar [[r.DOF.TemporalAAQuality:1                ; more stable temporal accumulation]]
[2020.11.25-23.20.52:129][  0]LogConfig: Setting CVar [[r.DOF.Kernel.MaxForegroundRadius:0.025]]
[2020.11.25-23.20.52:129][  0]LogConfig: Setting CVar [[r.DOF.Kernel.MaxBackgroundRadius:0.025]]
[2020.11.25-23.20.52:129][  0]LogConfig: Applying CVar settings from Section [TextureQuality@3] File [C:/Users/iylek/Desktop/Unreal/StealthGame/StealthGame_ProjectBase_4.25/StealthGame/Saved/Config/Windows/Scalability.ini]
[2020.11.25-23.20.52:129][  0]LogConfig: Setting CVar [[r.Streaming.MipBias:0]]
[2020.11.25-23.20.52:129][  0]LogConfig: Setting CVar [[r.Streaming.AmortizeCPUToGPUCopy:0]]
[2020.11.25-23.20.52:130][  0]LogConfig: Setting CVar [[r.Streaming.MaxNumTexturesToStreamPerFrame:0]]
[2020.11.25-23.20.52:130][  0]LogConfig: Setting CVar [[r.Streaming.Boost:1]]
[2020.11.25-23.20.52:130][  0]LogConfig: Setting CVar [[r.MaxAnisotropy:8]]
[2020.11.25-23.20.52:130][  0]LogConfig: Setting CVar [[r.VT.MaxAnisotropy:8]]
[2020.11.25-23.20.52:130][  0]LogConfig: Setting CVar [[r.Streaming.LimitPoolSizeToVRAM:0]]
[2020.11.25-23.20.52:130][  0]LogConfig: Setting CVar [[r.Streaming.PoolSize:1000]]
[2020.11.25-23.20.52:130][  0]LogConfig: Setting CVar [[r.Streaming.MaxEffectiveScreenSize:0]]
[2020.11.25-23.20.52:130][  0]LogConfig: Applying CVar settings from Section [EffectsQuality@3] File [C:/Users/iylek/Desktop/Unreal/StealthGame/StealthGame_ProjectBase_4.25/StealthGame/Saved/Config/Windows/Scalability.ini]
[2020.11.25-23.20.52:130][  0]LogConfig: Setting CVar [[r.TranslucencyLightingVolumeDim:64]]
[2020.11.25-23.20.52:130][  0]LogConfig: Setting CVar [[r.RefractionQuality:2]]
[2020.11.25-23.20.52:130][  0]LogConfig: Setting CVar [[r.SSR.Quality:3]]
[2020.11.25-23.20.52:130][  0]LogConfig: Setting CVar [[r.SSR.HalfResSceneColor:0]]
[2020.11.25-23.20.52:130][  0]LogConfig: Setting CVar [[r.SceneColorFormat:4]]
[2020.11.25-23.20.52:130][  0]LogConfig: Setting CVar [[r.DetailMode:2]]
[2020.11.25-23.20.52:130][  0]LogConfig: Setting CVar [[r.TranslucencyVolumeBlur:1]]
[2020.11.25-23.20.52:130][  0]LogConfig: Setting CVar [[r.MaterialQualityLevel:1 ; High quality]]
[2020.11.25-23.20.52:130][  0]LogConfig: Setting CVar [[r.SSS.Scale:1]]
[2020.11.25-23.20.52:130][  0]LogConfig: Setting CVar [[r.SSS.SampleSet:2]]
[2020.11.25-23.20.52:130][  0]LogConfig: Setting CVar [[r.SSS.Quality:1]]
[2020.11.25-23.20.52:131][  0]LogConfig: Setting CVar [[r.SSS.HalfRes:0]]
[2020.11.25-23.20.52:131][  0]LogConfig: Setting CVar [[r.SSGI.Quality:3]]
[2020.11.25-23.20.52:131][  0]LogConfig: Setting CVar [[r.EmitterSpawnRateScale:1.0]]
[2020.11.25-23.20.52:131][  0]LogConfig: Setting CVar [[r.ParticleLightQuality:2]]
[2020.11.25-23.20.52:131][  0]LogConfig: Setting CVar [[r.SkyAtmosphere.AerialPerspectiveLUT.FastApplyOnOpaque:1 ; Always have FastSkyLUT 1 in this case to avoid wrong sky]]
[2020.11.25-23.20.52:131][  0]LogConfig: Setting CVar [[r.SkyAtmosphere.AerialPerspectiveLUT.SampleCountPerSlice:1]]
[2020.11.25-23.20.52:131][  0]LogConfig: Setting CVar [[r.SkyAtmosphere.AerialPerspectiveLUT.DepthResolution:16.0]]
[2020.11.25-23.20.52:131][  0]LogConfig: Setting CVar [[r.SkyAtmosphere.FastSkyLUT:1]]
[2020.11.25-23.20.52:131][  0]LogConfig: Setting CVar [[r.SkyAtmosphere.FastSkyLUT.SampleCountMin:4.0]]
[2020.11.25-23.20.52:131][  0]LogConfig: Setting CVar [[r.SkyAtmosphere.FastSkyLUT.SampleCountMax:32.0]]
[2020.11.25-23.20.52:131][  0]LogConfig: Setting CVar [[r.SkyAtmosphere.SampleCountMin:4.0]]
[2020.11.25-23.20.52:131][  0]LogConfig: Setting CVar [[r.SkyAtmosphere.SampleCountMax:32.0]]
[2020.11.25-23.20.52:131][  0]LogConfig: Setting CVar [[r.SkyAtmosphere.TransmittanceLUT.UseSmallFormat:0]]
[2020.11.25-23.20.52:131][  0]LogConfig: Setting CVar [[r.SkyAtmosphere.TransmittanceLUT.SampleCount:10.0]]
[2020.11.25-23.20.52:131][  0]LogConfig: Setting CVar [[r.SkyAtmosphere.MultiScatteringLUT.SampleCount:15.0]]
[2020.11.25-23.20.52:131][  0]LogConfig: Applying CVar settings from Section [FoliageQuality@3] File [C:/Users/iylek/Desktop/Unreal/StealthGame/StealthGame_ProjectBase_4.25/StealthGame/Saved/Config/Windows/Scalability.ini]
[2020.11.25-23.20.52:131][  0]LogConfig: Setting CVar [[foliage.DensityScale:1.0]]
[2020.11.25-23.20.52:131][  0]LogConfig: Setting CVar [[grass.DensityScale:1.0]]
[2020.11.25-23.20.52:131][  0]LogConfig: Applying CVar settings from Section [ShadingQuality@3] File [C:/Users/iylek/Desktop/Unreal/StealthGame/StealthGame_ProjectBase_4.25/StealthGame/Saved/Config/Windows/Scalability.ini]
[2020.11.25-23.20.52:131][  0]LogConfig: Setting CVar [[r.HairStrands.SkyLighting.SampleCount:16]]
[2020.11.25-23.20.52:131][  0]LogConfig: Setting CVar [[r.HairStrands.SkyLighting.JitterIntegration:0]]
[2020.11.25-23.20.52:132][  0]LogConfig: Setting CVar [[r.HairStrands.SkyAO.SampleCount:16]]
[2020.11.25-23.20.52:132][  0]LogConfig: Setting CVar [[r.HairStrands.DeepShadow.SuperSampling:0]]
[2020.11.25-23.20.52:132][  0]LogConfig: Setting CVar [[r.HairStrands.VisibilityPPLL:0]]
[2020.11.25-23.20.52:132][  0]LogConfig: Setting CVar [[r.HairStrands.RasterizationScale:0.5]]
[2020.11.25-23.20.52:132][  0]LogConfig: Setting CVar [[r.HairStrands.VelocityRasterizationScale:1]]
[2020.11.25-23.20.52:132][  0]LogInit: Selected Device Profile: [Windows]
[2020.11.25-23.20.52:132][  0]LogInit: Applying CVar settings loaded from the selected device profile: [Windows]
[2020.11.25-23.20.52:132][  0]LogHAL: Display: Platform has ~ 16 GB [17126752256 / 17179869184 / 16], which maps to Larger [LargestMinGB=32, LargerMinGB=12, DefaultMinGB=8, SmallerMinGB=6, SmallestMinGB=0)
[2020.11.25-23.20.52:132][  0]LogInit: Going up to parent DeviceProfile []
[2020.11.25-23.20.52:132][  0]LogConfig: Applying CVar settings from Section [ViewDistanceQuality@3] File [C:/Users/iylek/Desktop/Unreal/StealthGame/StealthGame_ProjectBase_4.25/StealthGame/Saved/Config/Windows/Scalability.ini]
[2020.11.25-23.20.52:132][  0]LogConfig: Setting CVar [[r.SkeletalMeshLODBias:0]]
[2020.11.25-23.20.52:132][  0]LogConfig: Setting CVar [[r.ViewDistanceScale:1.0]]
[2020.11.25-23.20.52:132][  0]LogConfig: Applying CVar settings from Section [AntiAliasingQuality@3] File [C:/Users/iylek/Desktop/Unreal/StealthGame/StealthGame_ProjectBase_4.25/StealthGame/Saved/Config/Windows/Scalability.ini]
[2020.11.25-23.20.52:132][  0]LogConfig: Setting CVar [[r.PostProcessAAQuality:4]]
[2020.11.25-23.20.52:132][  0]LogConfig: Applying CVar settings from Section [ShadowQuality@3] File [C:/Users/iylek/Desktop/Unreal/StealthGame/StealthGame_ProjectBase_4.25/StealthGame/Saved/Config/Windows/Scalability.ini]
[2020.11.25-23.20.52:132][  0]LogConfig: Setting CVar [[r.LightFunctionQuality:1]]
[2020.11.25-23.20.52:133][  0]LogConfig: Setting CVar [[r.ShadowQuality:5]]
[2020.11.25-23.20.52:133][  0]LogConfig: Setting CVar [[r.Shadow.CSM.MaxCascades:10]]
[2020.11.25-23.20.52:133][  0]LogConfig: Setting CVar [[r.Shadow.MaxResolution:2048]]
[2020.11.25-23.20.52:133][  0]LogConfig: Setting CVar [[r.Shadow.MaxCSMResolution:2048]]
[2020.11.25-23.20.52:133][  0]LogConfig: Setting CVar [[r.Shadow.RadiusThreshold:0.01]]
[2020.11.25-23.20.52:133][  0]LogConfig: Setting CVar [[r.Shadow.DistanceScale:1.0]]
[2020.11.25-23.20.52:133][  0]LogConfig: Setting CVar [[r.Shadow.CSM.TransitionScale:1.0]]
[2020.11.25-23.20.52:133][  0]LogConfig: Setting CVar [[r.Shadow.PreShadowResolutionFactor:1.0]]
[2020.11.25-23.20.52:133][  0]LogConfig: Setting CVar [[r.DistanceFieldShadowing:1]]
[2020.11.25-23.20.52:133][  0]LogConfig: Setting CVar [[r.DistanceFieldAO:1]]
[2020.11.25-23.20.52:133][  0]LogConfig: Setting CVar [[r.AOQuality:2]]
[2020.11.25-23.20.52:133][  0]LogConfig: Setting CVar [[r.VolumetricFog:1]]
[2020.11.25-23.20.52:133][  0]LogConfig: Setting CVar [[r.VolumetricFog.GridPixelSize:8]]
[2020.11.25-23.20.52:133][  0]LogConfig: Setting CVar [[r.VolumetricFog.GridSizeZ:128]]
[2020.11.25-23.20.52:133][  0]LogConfig: Setting CVar [[r.VolumetricFog.HistoryMissSupersampleCount:4]]
[2020.11.25-23.20.52:133][  0]LogConfig: Setting CVar [[r.LightMaxDrawDistanceScale:1]]
[2020.11.25-23.20.52:133][  0]LogConfig: Setting CVar [[r.CapsuleShadows:1]]
[2020.11.25-23.20.52:133][  0]LogConfig: Applying CVar settings from Section [PostProcessQuality@3] File [C:/Users/iylek/Desktop/Unreal/StealthGame/StealthGame_ProjectBase_4.25/StealthGame/Saved/Config/Windows/Scalability.ini]
[2020.11.25-23.20.52:133][  0]LogConfig: Setting CVar [[r.MotionBlurQuality:4]]
[2020.11.25-23.20.52:133][  0]LogConfig: Setting CVar [[r.AmbientOcclusionMipLevelFactor:0.4]]
[2020.11.25-23.20.52:133][  0]LogConfig: Setting CVar [[r.AmbientOcclusionMaxQuality:100]]
[2020.11.25-23.20.52:134][  0]LogConfig: Setting CVar [[r.AmbientOcclusionLevels:-1]]
[2020.11.25-23.20.52:134][  0]LogConfig: Setting CVar [[r.AmbientOcclusionRadiusScale:1.0]]
[2020.11.25-23.20.52:134][  0]LogConfig: Setting CVar [[r.DepthOfFieldQuality:2]]
[2020.11.25-23.20.52:134][  0]LogConfig: Setting CVar [[r.RenderTargetPoolMin:400]]
[2020.11.25-23.20.52:134][  0]LogConfig: Setting CVar [[r.LensFlareQuality:2]]
[2020.11.25-23.20.52:134][  0]LogConfig: Setting CVar [[r.SceneColorFringeQuality:1]]
[2020.11.25-23.20.52:134][  0]LogConfig: Setting CVar [[r.EyeAdaptationQuality:2]]
[2020.11.25-23.20.52:134][  0]LogConfig: Setting CVar [[r.BloomQuality:5]]
[2020.11.25-23.20.52:134][  0]LogConfig: Setting CVar [[r.FastBlurThreshold:100]]
[2020.11.25-23.20.52:134][  0]LogConfig: Setting CVar [[r.Upscale.Quality:3]]
[2020.11.25-23.20.52:134][  0]LogConfig: Setting CVar [[r.Tonemapper.GrainQuantization:1]]
[2020.11.25-23.20.52:134][  0]LogConfig: Setting CVar [[r.LightShaftQuality:1]]
[2020.11.25-23.20.52:134][  0]LogConfig: Setting CVar [[r.Filter.SizeScale:1]]
[2020.11.25-23.20.52:134][  0]LogConfig: Setting CVar [[r.Tonemapper.Quality:5]]
[2020.11.25-23.20.52:134][  0]LogConfig: Setting CVar [[r.DOF.Gather.AccumulatorQuality:1        ; higher gathering accumulator quality]]
[2020.11.25-23.20.52:134][  0]LogConfig: Setting CVar [[r.DOF.Gather.PostfilterMethod:1          ; Median3x3 postfilering method]]
[2020.11.25-23.20.52:134][  0]LogConfig: Setting CVar [[r.DOF.Gather.EnableBokehSettings:0       ; no bokeh simulation when gathering]]
[2020.11.25-23.20.52:134][  0]LogConfig: Setting CVar [[r.DOF.Gather.RingCount:4                 ; medium number of samples when gathering]]
[2020.11.25-23.20.52:134][  0]LogConfig: Setting CVar [[r.DOF.Scatter.ForegroundCompositing:1    ; additive foreground scattering]]
[2020.11.25-23.20.52:134][  0]LogConfig: Setting CVar [[r.DOF.Scatter.BackgroundCompositing:2    ; additive background scattering]]
[2020.11.25-23.20.52:135][  0]LogConfig: Setting CVar [[r.DOF.Scatter.EnableBokehSettings:1      ; bokeh simulation when scattering]]
[2020.11.25-23.20.52:135][  0]LogConfig: Setting CVar [[r.DOF.Scatter.MaxSpriteRatio:0.1         ; only a maximum of 10% of scattered bokeh]]
[2020.11.25-23.20.52:135][  0]LogConfig: Setting CVar [[r.DOF.Recombine.Quality:1                ; cheap slight out of focus]]
[2020.11.25-23.20.52:135][  0]LogConfig: Setting CVar [[r.DOF.Recombine.EnableBokehSettings:0    ; no bokeh simulation on slight out of focus]]
[2020.11.25-23.20.52:135][  0]LogConfig: Setting CVar [[r.DOF.TemporalAAQuality:1                ; more stable temporal accumulation]]
[2020.11.25-23.20.52:135][  0]LogConfig: Setting CVar [[r.DOF.Kernel.MaxForegroundRadius:0.025]]
[2020.11.25-23.20.52:135][  0]LogConfig: Setting CVar [[r.DOF.Kernel.MaxBackgroundRadius:0.025]]
[2020.11.25-23.20.52:135][  0]LogConfig: Applying CVar settings from Section [TextureQuality@3] File [C:/Users/iylek/Desktop/Unreal/StealthGame/StealthGame_ProjectBase_4.25/StealthGame/Saved/Config/Windows/Scalability.ini]
[2020.11.25-23.20.52:135][  0]LogConfig: Setting CVar [[r.Streaming.MipBias:0]]
[2020.11.25-23.20.52:135][  0]LogConfig: Setting CVar [[r.Streaming.AmortizeCPUToGPUCopy:0]]
[2020.11.25-23.20.52:135][  0]LogConfig: Setting CVar [[r.Streaming.MaxNumTexturesToStreamPerFrame:0]]
[2020.11.25-23.20.52:135][  0]LogConfig: Setting CVar [[r.Streaming.Boost:1]]
[2020.11.25-23.20.52:135][  0]LogConfig: Setting CVar [[r.MaxAnisotropy:8]]
[2020.11.25-23.20.52:135][  0]LogConfig: Setting CVar [[r.VT.MaxAnisotropy:8]]
[2020.11.25-23.20.52:135][  0]LogConfig: Setting CVar [[r.Streaming.LimitPoolSizeToVRAM:0]]
[2020.11.25-23.20.52:135][  0]LogConfig: Setting CVar [[r.Streaming.PoolSize:1000]]
[2020.11.25-23.20.52:135][  0]LogConfig: Setting CVar [[r.Streaming.MaxEffectiveScreenSize:0]]
[2020.11.25-23.20.52:135][  0]LogConfig: Applying CVar settings from Section [EffectsQuality@3] File [C:/Users/iylek/Desktop/Unreal/StealthGame/StealthGame_ProjectBase_4.25/StealthGame/Saved/Config/Windows/Scalability.ini]
[2020.11.25-23.20.52:136][  0]LogConfig: Setting CVar [[r.TranslucencyLightingVolumeDim:64]]
[2020.11.25-23.20.52:136][  0]LogConfig: Setting CVar [[r.RefractionQuality:2]]
[2020.11.25-23.20.52:136][  0]LogConfig: Setting CVar [[r.SSR.Quality:3]]
[2020.11.25-23.20.52:136][  0]LogConfig: Setting CVar [[r.SSR.HalfResSceneColor:0]]
[2020.11.25-23.20.52:136][  0]LogConfig: Setting CVar [[r.SceneColorFormat:4]]
[2020.11.25-23.20.52:136][  0]LogConfig: Setting CVar [[r.DetailMode:2]]
[2020.11.25-23.20.52:136][  0]LogConfig: Setting CVar [[r.TranslucencyVolumeBlur:1]]
[2020.11.25-23.20.52:136][  0]LogConfig: Setting CVar [[r.MaterialQualityLevel:1 ; High quality]]
[2020.11.25-23.20.52:136][  0]LogConfig: Setting CVar [[r.SSS.Scale:1]]
[2020.11.25-23.20.52:136][  0]LogConfig: Setting CVar [[r.SSS.SampleSet:2]]
[2020.11.25-23.20.52:136][  0]LogConfig: Setting CVar [[r.SSS.Quality:1]]
[2020.11.25-23.20.52:136][  0]LogConfig: Setting CVar [[r.SSS.HalfRes:0]]
[2020.11.25-23.20.52:136][  0]LogConfig: Setting CVar [[r.SSGI.Quality:3]]
[2020.11.25-23.20.52:136][  0]LogConfig: Setting CVar [[r.EmitterSpawnRateScale:1.0]]
[2020.11.25-23.20.52:136][  0]LogConfig: Setting CVar [[r.ParticleLightQuality:2]]
[2020.11.25-23.20.52:136][  0]LogConfig: Setting CVar [[r.SkyAtmosphere.AerialPerspectiveLUT.FastApplyOnOpaque:1 ; Always have FastSkyLUT 1 in this case to avoid wrong sky]]
[2020.11.25-23.20.52:136][  0]LogConfig: Setting CVar [[r.SkyAtmosphere.AerialPerspectiveLUT.SampleCountPerSlice:1]]
[2020.11.25-23.20.52:136][  0]LogConfig: Setting CVar [[r.SkyAtmosphere.AerialPerspectiveLUT.DepthResolution:16.0]]
[2020.11.25-23.20.52:136][  0]LogConfig: Setting CVar [[r.SkyAtmosphere.FastSkyLUT:1]]
[2020.11.25-23.20.52:136][  0]LogConfig: Setting CVar [[r.SkyAtmosphere.FastSkyLUT.SampleCountMin:4.0]]
[2020.11.25-23.20.52:137][  0]LogConfig: Setting CVar [[r.SkyAtmosphere.FastSkyLUT.SampleCountMax:32.0]]
[2020.11.25-23.20.52:137][  0]LogConfig: Setting CVar [[r.SkyAtmosphere.SampleCountMin:4.0]]
[2020.11.25-23.20.52:137][  0]LogConfig: Setting CVar [[r.SkyAtmosphere.SampleCountMax:32.0]]
[2020.11.25-23.20.52:137][  0]LogConfig: Setting CVar [[r.SkyAtmosphere.TransmittanceLUT.UseSmallFormat:0]]
[2020.11.25-23.20.52:137][  0]LogConfig: Setting CVar [[r.SkyAtmosphere.TransmittanceLUT.SampleCount:10.0]]
[2020.11.25-23.20.52:137][  0]LogConfig: Setting CVar [[r.SkyAtmosphere.MultiScatteringLUT.SampleCount:15.0]]
[2020.11.25-23.20.52:137][  0]LogConfig: Applying CVar settings from Section [FoliageQuality@3] File [C:/Users/iylek/Desktop/Unreal/StealthGame/StealthGame_ProjectBase_4.25/StealthGame/Saved/Config/Windows/Scalability.ini]
[2020.11.25-23.20.52:137][  0]LogConfig: Setting CVar [[foliage.DensityScale:1.0]]
[2020.11.25-23.20.52:137][  0]LogConfig: Setting CVar [[grass.DensityScale:1.0]]
[2020.11.25-23.20.52:137][  0]LogConfig: Applying CVar settings from Section [ShadingQuality@3] File [C:/Users/iylek/Desktop/Unreal/StealthGame/StealthGame_ProjectBase_4.25/StealthGame/Saved/Config/Windows/Scalability.ini]
[2020.11.25-23.20.52:137][  0]LogConfig: Setting CVar [[r.HairStrands.SkyLighting.SampleCount:16]]
[2020.11.25-23.20.52:137][  0]LogConfig: Setting CVar [[r.HairStrands.SkyLighting.JitterIntegration:0]]
[2020.11.25-23.20.52:137][  0]LogConfig: Setting CVar [[r.HairStrands.SkyAO.SampleCount:16]]
[2020.11.25-23.20.52:137][  0]LogConfig: Setting CVar [[r.HairStrands.DeepShadow.SuperSampling:0]]
[2020.11.25-23.20.52:137][  0]LogConfig: Setting CVar [[r.HairStrands.VisibilityPPLL:0]]
[2020.11.25-23.20.52:137][  0]LogConfig: Setting CVar [[r.HairStrands.RasterizationScale:0.5]]
[2020.11.25-23.20.52:137][  0]LogConfig: Setting CVar [[r.HairStrands.VelocityRasterizationScale:1]]
[2020.11.25-23.20.52:137][  0]LogConfig: Applying CVar settings from Section [Startup] File [../../../Engine/Config/ConsoleVariables.ini]
[2020.11.25-23.20.52:138][  0]LogConfig: Setting CVar [[net.UseAdaptiveNetUpdateFrequency:0]]
[2020.11.25-23.20.52:138][  0]LogConfig: Setting CVar [[p.chaos.AllowCreatePhysxBodies:1]]
[2020.11.25-23.20.52:138][  0]LogConfig: Setting CVar [[fx.SkipVectorVMBackendOptimizations:1]]
[2020.11.25-23.20.52:138][  0]LogConfig: Applying CVar settings from Section [ConsoleVariables] File [C:/Users/iylek/Desktop/Unreal/StealthGame/StealthGame_ProjectBase_4.25/StealthGame/Saved/Config/Windows/Engine.ini]
[2020.11.25-23.20.52:138][  0]LogInit: Computer: DESKTOP-AOUSEP6
[2020.11.25-23.20.52:138][  0]LogInit: User: iylek
[2020.11.25-23.20.52:138][  0]LogInit: CPU Page size=4096, Cores=6
[2020.11.25-23.20.52:138][  0]LogInit: High frequency timer resolution =10.000000 MHz
[2020.11.25-23.20.52:138][  0]LogMemory: Memory total: Physical=16.0GB (16GB approx)
[2020.11.25-23.20.52:138][  0]LogMemory: Platform Memory Stats for Windows
[2020.11.25-23.20.52:138][  0]LogMemory: Process Physical Memory: 115.80 MB used, 115.80 MB peak
[2020.11.25-23.20.52:139][  0]LogMemory: Process Virtual Memory: 105.15 MB used, 105.15 MB peak
[2020.11.25-23.20.52:139][  0]LogMemory: Physical Memory: 9823.09 MB used,  6510.25 MB free, 16333.34 MB total
[2020.11.25-23.20.52:139][  0]LogMemory: Virtual Memory: 5173.14 MB used,  134212552.00 MB free, 134217728.00 MB total
[2020.11.25-23.20.52:152][  0]LogWindows: WindowsPlatformFeatures enabled
[2020.11.25-23.20.52:329][  0]LogInit: Physics initialised using underlying interface: PhysX
[2020.11.25-23.20.52:330][  0]LogInit: Using OS detected language (en-US).
[2020.11.25-23.20.52:330][  0]LogInit: Using OS detected locale (en-CA).
[2020.11.25-23.20.52:333][  0]LogTextLocalizationManager: No specific localization for 'en-US' exists, so the 'en' localization will be used.
[2020.11.25-23.20.52:504][  0]LogInit: Setting process to per monitor DPI aware
[2020.11.25-23.20.52:556][  0]LogSlate: New Slate User Created.  User Index 0, Is Virtual User: 0
[2020.11.25-23.20.52:556][  0]LogSlate: Slate User Registered.  User Index 0, Is Virtual User: 0
[2020.11.25-23.20.52:669][  0]LogHMD: Failed to initialize OpenVR with code 110
[2020.11.25-23.20.52:669][  0]LogD3D11RHI: D3D11 min allowed feature level: 11_0
[2020.11.25-23.20.52:669][  0]LogD3D11RHI: D3D11 max allowed feature level: 11_0
[2020.11.25-23.20.52:669][  0]LogD3D11RHI: D3D11 adapters:
[2020.11.25-23.20.52:761][  0]LogD3D11RHI:    0. 'NVIDIA GeForce RTX 2060' (Feature Level 11_0)
[2020.11.25-23.20.52:761][  0]LogD3D11RHI:       5980/0/8166 MB DedicatedVideo/DedicatedSystem/SharedSystem, Outputs:2, VendorId:0x10de
[2020.11.25-23.20.52:765][  0]LogD3D11RHI:    1. 'Microsoft Basic Render Driver' (Feature Level 11_0)
[2020.11.25-23.20.52:765][  0]LogD3D11RHI:       0/0/8166 MB DedicatedVideo/DedicatedSystem/SharedSystem, Outputs:0, VendorId:0x1414
[2020.11.25-23.20.52:765][  0]LogD3D11RHI: Chosen D3D11 Adapter: 0
[2020.11.25-23.20.52:773][  0]LogD3D11RHI: Creating new Direct3DDevice
[2020.11.25-23.20.52:773][  0]LogD3D11RHI:     GPU DeviceId: 0x1f08 (for the marketing name, search the web for "GPU Device Id")
[2020.11.25-23.20.52:773][  0]LogWindows: EnumDisplayDevices:
[2020.11.25-23.20.52:773][  0]LogWindows:    0. 'NVIDIA GeForce RTX 2060' (P:1 D:1)
[2020.11.25-23.20.52:774][  0]LogWindows:    1. 'NVIDIA GeForce RTX 2060' (P:0 D:1)
[2020.11.25-23.20.52:774][  0]LogWindows:    2. 'NVIDIA GeForce RTX 2060' (P:0 D:0)
[2020.11.25-23.20.52:774][  0]LogWindows:    3. 'NVIDIA GeForce RTX 2060' (P:0 D:0)
[2020.11.25-23.20.52:774][  0]LogWindows: DebugString: FoundDriverCount:4 
[2020.11.25-23.20.52:774][  0]LogD3D11RHI:     Adapter Name: NVIDIA GeForce RTX 2060
[2020.11.25-23.20.52:774][  0]LogD3D11RHI:   Driver Version: 457.30 (internal:27.21.14.5730, unified:457.30)
[2020.11.25-23.20.52:775][  0]LogD3D11RHI:      Driver Date: 11-6-2020
[2020.11.25-23.20.52:775][  0]LogRHI: Texture pool is 4186 MB (70% of 5980 MB)
[2020.11.25-23.20.52:825][  0]LogD3D11RHI: RHI has support for 64 bit atomics
[2020.11.25-23.20.52:825][  0]LogD3D11RHI: Async texture creation enabled
[2020.11.25-23.20.52:825][  0]LogD3D11RHI: Array index from any shader is supported
[2020.11.25-23.20.52:853][  0]LogD3D11RHI: GPU Timing Frequency: 1000.000000 (Debug: 2 1)
[2020.11.25-23.20.53:122][  0]LogTargetPlatformManager: Display: Loaded TargetPlatform 'AllDesktop'
[2020.11.25-23.20.53:147][  0]LogTargetPlatformManager: Display: Loaded TargetPlatform 'Android'
[2020.11.25-23.20.53:147][  0]LogTargetPlatformManager: Display: Loaded TargetPlatform 'Android_ASTC'
[2020.11.25-23.20.53:147][  0]LogTargetPlatformManager: Display: Loaded TargetPlatform 'Android_DXT'
[2020.11.25-23.20.53:147][  0]LogTargetPlatformManager: Display: Loaded TargetPlatform 'Android_ETC2'
[2020.11.25-23.20.53:147][  0]LogTargetPlatformManager: Display: Loaded TargetPlatform 'AndroidClient'
[2020.11.25-23.20.53:147][  0]LogTargetPlatformManager: Display: Loaded TargetPlatform 'Android_ASTCClient'
[2020.11.25-23.20.53:147][  0]LogTargetPlatformManager: Display: Loaded TargetPlatform 'Android_DXTClient'
[2020.11.25-23.20.53:147][  0]LogTargetPlatformManager: Display: Loaded TargetPlatform 'Android_ETC2Client'
[2020.11.25-23.20.53:148][  0]LogTargetPlatformManager: Display: Loaded TargetPlatform 'Android_Multi'
[2020.11.25-23.20.53:148][  0]LogTargetPlatformManager: Display: Loaded TargetPlatform 'Android_MultiClient'
[2020.11.25-23.20.53:175][  0]LogTargetPlatformManager: Display: Loaded TargetPlatform 'IOSClient'
[2020.11.25-23.20.53:175][  0]LogTargetPlatformManager: Display: Loaded TargetPlatform 'IOS'
[2020.11.25-23.20.53:187][  0]LogTargetPlatformManager: Display: Loaded TargetPlatform 'Linux'
[2020.11.25-23.20.53:199][  0]LogTargetPlatformManager: Display: Loaded TargetPlatform 'LinuxNoEditor'
[2020.11.25-23.20.53:209][  0]LogTargetPlatformManager: Display: Loaded TargetPlatform 'LinuxClient'
[2020.11.25-23.20.53:220][  0]LogTargetPlatformManager: Display: Loaded TargetPlatform 'LinuxServer'
[2020.11.25-23.20.53:230][  0]LogTargetPlatformManager: Display: Loaded TargetPlatform 'LinuxAArch64NoEditor'
[2020.11.25-23.20.53:241][  0]LogTargetPlatformManager: Display: Loaded TargetPlatform 'LinuxAArch64Client'
[2020.11.25-23.20.53:251][  0]LogTargetPlatformManager: Display: Loaded TargetPlatform 'LinuxAArch64Server'
[2020.11.25-23.20.53:279][  0]LogTargetPlatformManager: Display: Loaded TargetPlatform 'Lumin'
[2020.11.25-23.20.53:279][  0]LogTargetPlatformManager: Display: Loaded TargetPlatform 'LuminClient'
[2020.11.25-23.20.53:295][  0]LogTargetPlatformManager: Display: Loaded TargetPlatform 'TVOSClient'
[2020.11.25-23.20.53:295][  0]LogTargetPlatformManager: Display: Loaded TargetPlatform 'TVOS'
[2020.11.25-23.20.53:307][  0]LogTargetPlatformManager: Display: Loaded TargetPlatform 'WindowsNoEditor'
[2020.11.25-23.20.53:317][  0]LogTargetPlatformManager: Display: Loaded TargetPlatform 'Windows'
[2020.11.25-23.20.53:328][  0]LogTargetPlatformManager: Display: Loaded TargetPlatform 'WindowsClient'
[2020.11.25-23.20.53:339][  0]LogTargetPlatformManager: Display: Loaded TargetPlatform 'WindowsServer'
[2020.11.25-23.20.53:339][  0]LogTargetPlatformManager: Display: Building Assets For Windows
[2020.11.25-23.20.53:354][  0]LogAudioDebug: Display: Lib vorbis DLL was dynamically loaded.
[2020.11.25-23.20.53:440][  0]LogShaderCompilers: Guid format shader working directory is -51 characters bigger than the processId version (../../../../../../Users/iylek/Desktop/Unreal/StealthGame/StealthGame_ProjectBase_4.25/StealthGame/Intermediate/Shaders/WorkingDirectory/8196/).
[2020.11.25-23.20.53:440][  0]LogShaderCompilers: Cleaned the shader compiler working directory 'C:/Users/iylek/AppData/Local/Temp/UnrealShaderWorkingDir/B3F2F2734B61122C6B2C6D861C596570/'.
[2020.11.25-23.20.53:441][  0]LogXGEController: Cleaning working directory: C:/Users/iylek/AppData/Local/Temp/UnrealXGEWorkingDir/
[2020.11.25-23.20.53:441][  0]LogXGEController: Cannot use XGE Controller as Incredibuild is not installed on this machine.
[2020.11.25-23.20.53:441][  0]LogShaderCompilers: Cannot use XGE Shader Compiler as Incredibuild is not installed on this machine.
[2020.11.25-23.20.53:441][  0]LogShaderCompilers: Display: Using Local Shader Compiler.
[2020.11.25-23.20.54:138][  0]LogDerivedDataCache: Display: Max Cache Size: 512 MB
[2020.11.25-23.20.54:185][  0]LogDerivedDataCache: Loaded boot cache 0.05s 77MB C:/Users/iylek/AppData/Local/UnrealEngine/4.25/DerivedDataCache/Boot.ddc.
[2020.11.25-23.20.54:186][  0]LogDerivedDataCache: Display: Loaded Boot cache: C:/Users/iylek/AppData/Local/UnrealEngine/4.25/DerivedDataCache/Boot.ddc
[2020.11.25-23.20.54:186][  0]LogDerivedDataCache: FDerivedDataBackendGraph:  Pak pak cache file ../../../../../../Users/iylek/Desktop/Unreal/StealthGame/StealthGame_ProjectBase_4.25/StealthGame/DerivedDataCache/DDC.ddp not found, will not use a pak cache.
[2020.11.25-23.20.54:186][  0]LogDerivedDataCache: Unable to find inner node Pak for hierarchical cache Hierarchy.
[2020.11.25-23.20.54:186][  0]LogDerivedDataCache: FDerivedDataBackendGraph:  CompressedPak pak cache file ../../../../../../Users/iylek/Desktop/Unreal/StealthGame/StealthGame_ProjectBase_4.25/StealthGame/DerivedDataCache/Compressed.ddp not found, will not use a pak cache.
[2020.11.25-23.20.54:186][  0]LogDerivedDataCache: Unable to find inner node CompressedPak for hierarchical cache Hierarchy.
[2020.11.25-23.20.54:196][  0]LogDerivedDataCache: Display: Pak cache opened for reading ../../../Engine/DerivedDataCache/Compressed.ddp.
[2020.11.25-23.20.54:196][  0]LogDerivedDataCache: FDerivedDataBackendGraph:  EnterprisePak pak cache file ../../../Enterprise/DerivedDataCache/Compressed.ddp not found, will not use a pak cache.
[2020.11.25-23.20.54:196][  0]LogDerivedDataCache: Unable to find inner node EnterprisePak for hierarchical cache Hierarchy.
[2020.11.25-23.20.54:199][  0]LogDerivedDataCache: Using Local data cache path C:/Users/iylek/AppData/Local/UnrealEngine/Common/DerivedDataCache: Writable
[2020.11.25-23.20.54:199][  0]LogDerivedDataCache: Shared data cache path not found in *engine.ini, will not use an Shared cache.
[2020.11.25-23.20.54:199][  0]LogDerivedDataCache: Unable to find inner node Shared for hierarchical cache Hierarchy.
[2020.11.25-23.20.54:244][  0]LogSlate: Using FreeType 2.10.0
[2020.11.25-23.20.54:245][  0]LogSlate: SlateFontServices - WITH_FREETYPE: 1, WITH_HARFBUZZ: 1
[2020.11.25-23.20.54:268][  0]LogAssetRegistry: FAssetRegistry took 0.0039 seconds to start up
[2020.11.25-23.20.54:484][  0]LogInit: Selected Device Profile: [Windows]
[2020.11.25-23.20.54:605][  0]LogMeshReduction: Using QuadricMeshReduction for automatic static mesh reduction
[2020.11.25-23.20.54:605][  0]LogMeshReduction: Using SimplygonMeshReduction for automatic skeletal mesh reduction
[2020.11.25-23.20.54:606][  0]LogMeshReduction: Using ProxyLODMeshReduction for automatic mesh merging
[2020.11.25-23.20.54:606][  0]LogMeshReduction: No distributed automatic mesh merging module available
[2020.11.25-23.20.54:606][  0]LogMeshMerging: No distributed automatic mesh merging module available
[2020.11.25-23.20.54:627][  0]LogNetVersion: FPSGame 1.0.0, NetCL: 13144385, EngineNetVer: 14, GameNetVer: 0 (Checksum: 1304077534)
[2020.11.25-23.20.54:984][  0]LogAISub: UAISubsystem::UAISubsystem AISubsystem (0000016A0E190380), frame # 0
[2020.11.25-23.20.54:985][  0]LogAISub: UAISubsystem::UAISubsystem AIPerceptionSystem (0000016A0E0D3740), frame # 0
[2020.11.25-23.20.54:986][  0]LogAISub: UAISubsystem::UAISubsystem EnvQueryManager (0000016A0E129E00), frame # 0
[2020.11.25-23.20.55:046][  0]LogPackageLocalizationCache: Processed 20 localized package path(s) for 1 prioritized culture(s) in 0.054715 seconds
[2020.11.25-23.20.55:052][  0]LogUObjectArray: 15917 objects as part of root set at end of initial load.
[2020.11.25-23.20.55:052][  0]LogUObjectAllocator: 3965568 out of 0 bytes used by permanent object pool.
[2020.11.25-23.20.55:052][  0]LogUObjectArray: CloseDisregardForGC: 0/0 objects in disregard for GC pool
[2020.11.25-23.20.55:461][  0]LogTcpMessaging: Initializing TcpMessaging bridge
[2020.11.25-23.20.55:467][  0]LogUdpMessaging: Initializing bridge on interface 0.0.0.0:0 to multicast group 230.0.0.1:6666.
[2020.11.25-23.20.55:683][  0]SourceControl: Source control is disabled
[2020.11.25-23.20.55:683][  0]SourceControl: Source control is disabled
[2020.11.25-23.20.55:687][  0]SourceControl: Source control is disabled
[2020.11.25-23.20.55:692][  0]SourceControl: Source control is disabled
[2020.11.25-23.20.55:700][  0]SourceControl: Source control is disabled
[2020.11.25-23.20.56:012][  0]LogAndroidPermission: UAndroidPermissionCallbackProxy::GetInstance
[2020.11.25-23.20.56:038][  0]LogAudioCaptureCore: Display: No Audio Capture implementations found. Audio input will be silent.
[2020.11.25-23.20.56:038][  0]LogAudioCaptureCore: Display: No Audio Capture implementations found. Audio input will be silent.
[2020.11.25-23.20.56:095][  0]LogOcInput: OculusInput pre-init called
[2020.11.25-23.20.56:108][  0]LogWindows: Failed to load 'OVRPlugin.dll' (GetLastError=126)
[2020.11.25-23.20.56:108][  0]LogWindows: File 'OVRPlugin.dll' does not exist
[2020.11.25-23.20.56:189][  0]LogEngine: Initializing Engine...
[2020.11.25-23.20.56:190][  0]LogHMD: Failed to initialize OpenVR with code 110
[2020.11.25-23.20.56:190][  0]LogMagicLeap: Warning: VR disabled because ZI is not enabled.  To enable, in the editor, Edit -> Project Settings -> Plugins -> Magic Leap Plugin -> Enable Zero Iteration
[2020.11.25-23.20.56:191][  0]LogStats: UGameplayTagsManager::InitializeManager -  0.000 s
[2020.11.25-23.20.56:289][  0]LogInit: Initializing FReadOnlyCVARCache
[2020.11.25-23.20.56:299][  0]LogAIModule: Creating AISystem for world Untitled
[2020.11.25-23.20.56:299][  0]LogAISub: UAISubsystem::UAISubsystem EnvQueryManager (0000016A1388A000), frame # 0
[2020.11.25-23.20.56:299][  0]LogAISub: UAISubsystem::UAISubsystem AIPerceptionSystem (0000016A1384FB00), frame # 0
[2020.11.25-23.20.56:317][  0]LogAudioMixer: Display: Audio Mixer Platform Settings:
[2020.11.25-23.20.56:317][  0]LogAudioMixer: Display: 	Sample Rate:						  48000
[2020.11.25-23.20.56:317][  0]LogAudioMixer: Display: 	Callback Buffer Frame Size Requested: 1024
[2020.11.25-23.20.56:317][  0]LogAudioMixer: Display: 	Callback Buffer Frame Size To Use:	  1024
[2020.11.25-23.20.56:317][  0]LogAudioMixer: Display: 	Number of buffers to queue:			  2
[2020.11.25-23.20.56:318][  0]LogAudioMixer: Display: 	Max Channels (voices):				  32
[2020.11.25-23.20.56:318][  0]LogAudioMixer: Display: 	Number of Async Source Workers:		  0
[2020.11.25-23.20.56:318][  0]LogAudio: Display: AudioDevice MaxSources: 32
[2020.11.25-23.20.56:318][  0]LogAudio: Display: Using built-in audio occlusion.
[2020.11.25-23.20.56:318][  0]LogAudioMixer: Display: Initializing audio mixer.
[2020.11.25-23.20.56:334][  0]LogAudioMixer: Display: 0: FrontLeft
[2020.11.25-23.20.56:335][  0]LogAudioMixer: Display: 1: FrontRight
[2020.11.25-23.20.56:387][  0]LogAudioMixer: Display: Using Audio Device Buds (High Definition Audio Device)
[2020.11.25-23.20.56:390][  0]LogAudioMixer: Display: Initializing Sound Submixes...
[2020.11.25-23.20.56:392][  0]LogAudioMixer: Display: Creating Master Submix 'MasterSubmixDefault'
[2020.11.25-23.20.56:392][  0]LogAudioMixer: Display: Creating Master Submix 'MasterReverbSubmixDefault'
[2020.11.25-23.20.56:393][  0]LogAudioMixer: Display: Creating Master Submix 'MasterEQSubmixDefault'
[2020.11.25-23.20.56:395][  0]LogInit: FAudioDevice initialized.
[2020.11.25-23.20.56:395][  0]LogNetVersion: Set ProjectVersion to 1.0.0.0. Version Checksum will be recalculated on next use.
[2020.11.25-23.20.56:499][  0]LogDerivedDataCache: Saved boot cache 0.10s 77MB C:/Users/iylek/AppData/Local/UnrealEngine/4.25/DerivedDataCache/Boot.ddc.
[2020.11.25-23.20.56:505][  0]LogInit: Texture streaming: Enabled
[2020.11.25-23.20.56:529][  0]LogEngineSessionManager: EngineSessionManager initialized
[2020.11.25-23.20.56:531][  0]LogEngineSessionManager: EngineSessionManager sent abnormal shutdown report. Type=Debugger, SessionId={91EA67FB-4FE0-C186-7ADA-A58839D924DB}
[2020.11.25-23.20.56:531][  0]LogEngineSessionManager: EngineSessionManager sent abnormal shutdown report. Type=Debugger, SessionId={35CB0D05-4EA6-D575-A2AC-44AB062759DD}
[2020.11.25-23.20.56:531][  0]LogEditorSessionSummary: Verbose: Initializing EditorSessionSummaryWriter for editor session tracking
[2020.11.25-23.20.56:533][  0]LogEditorSessionSummary: EditorSessionSummaryWriter initialized
[2020.11.25-23.20.56:592][  0]LogInit: Transaction tracking system initialized
[2020.11.25-23.20.56:622][  0]BlueprintLog: New page: Editor Load
[2020.11.25-23.20.56:722][  0]LocalizationService: Localization service is disabled
[2020.11.25-23.20.56:896][  0]LogCook: Display: Max memory allowance for cook 16384mb min free memory 0mb
[2020.11.25-23.20.56:896][  0]LogCook: Display: Mobile HDR setting 1
[2020.11.25-23.20.57:063][  0]LogFileCache: Scanning file cache for directory 'C:/Users/iylek/Desktop/Unreal/StealthGame/StealthGame_ProjectBase_4.25/StealthGame/Content/' took 0.00s
[2020.11.25-23.20.57:228][  0]SourceControl: Source control is disabled
[2020.11.25-23.20.57:228][  0]LogUnrealEdMisc: Loading editor; pre map load, took 6.672
[2020.11.25-23.20.57:228][  0]Cmd: MAP LOAD FILE="../../../../../../Users/iylek/Desktop/Unreal/StealthGame/StealthGame_ProjectBase_4.25/StealthGame/Content/Maps/FirstPersonExampleMap.umap" TEMPLATE=0 SHOWPROGRESS=1 FEATURELEVEL=3
[2020.11.25-23.20.57:229][  0]LightingResults: New page: Lighting Build
[2020.11.25-23.20.57:230][  0]LogWorld: UWorld::CleanupWorld for Untitled, bSessionEnded=true, bCleanupResources=true
[2020.11.25-23.20.57:230][  0]LogSlate: InvalidateAllWidgets triggered.  All widgets were invalidated
[2020.11.25-23.20.57:230][  0]MapCheck: New page: Map Check
[2020.11.25-23.20.57:230][  0]LightingResults: New page: Lighting Build
[2020.11.25-23.20.57:241][  0]LogAISub: UAISubsystem::~UAISubsystem EnvQueryManager (0000016A1388A000), frame # 0
[2020.11.25-23.20.57:241][  0]LogAISub: UAISubsystem::~UAISubsystem AIPerceptionSystem (0000016A1384FB00), frame # 0
[2020.11.25-23.20.57:243][  0]LogUObjectHash: Compacting FUObjectHashTables data took   0.85ms
[2020.11.25-23.20.57:366][  0]LogAIModule: Creating AISystem for world FirstPersonExampleMap
[2020.11.25-23.20.57:366][  0]LogAISub: UAISubsystem::UAISubsystem EnvQueryManager (0000016A139EFE00), frame # 0
[2020.11.25-23.20.57:366][  0]LogAISub: UAISubsystem::UAISubsystem AIPerceptionSystem (0000016A13A1AAC0), frame # 0
[2020.11.25-23.20.57:374][  0]LogEditorServer: Finished looking for orphan Actors (0.000 secs)
[2020.11.25-23.20.57:396][  0]LogUObjectHash: Compacting FUObjectHashTables data took   0.91ms
[2020.11.25-23.20.57:396][  0]Cmd: MAP CHECKDEP NOCLEARLOG
[2020.11.25-23.20.57:396][  0]MapCheck: Map check complete: 0 Error(s), 0 Warning(s), took 0.131ms to complete.
[2020.11.25-23.20.57:397][  0]LogFileHelpers: Loading map 'FirstPersonExampleMap' took 0.168
[2020.11.25-23.20.57:401][  0]LogUnrealEdMisc: Total Editor Startup Time, took 6.844
[2020.11.25-23.20.57:552][  0]LogSlate: Updating window title bar state: overlay mode, drag disabled, window buttons hidden, title bar hidden
[2020.11.25-23.20.57:558][  0]LogSlate: Updating window title bar state: overlay mode, drag disabled, window buttons hidden, title bar hidden
[2020.11.25-23.20.57:565][  0]LogSlate: Updating window title bar state: overlay mode, drag disabled, window buttons hidden, title bar hidden
[2020.11.25-23.20.57:571][  0]LogSlate: Updating window title bar state: overlay mode, drag disabled, window buttons hidden, title bar hidden
[2020.11.25-23.20.57:579][  0]LogCollectionManager: Loaded 0 collections in 0.001673 seconds
[2020.11.25-23.20.57:599][  0]LogFileCache: Scanning file cache for directory 'C:/Users/iylek/Desktop/Unreal/StealthGame/StealthGame_ProjectBase_4.25/StealthGame/Saved/Collections/' took 0.00s
[2020.11.25-23.20.57:599][  0]LogFileCache: Scanning file cache for directory 'C:/Users/iylek/Desktop/Unreal/StealthGame/StealthGame_ProjectBase_4.25/StealthGame/Content/Developers/iylek/Collections/' took 0.00s
[2020.11.25-23.20.57:599][  0]LogFileCache: Scanning file cache for directory 'C:/Users/iylek/Desktop/Unreal/StealthGame/StealthGame_ProjectBase_4.25/StealthGame/Content/Collections/' took 0.00s
[2020.11.25-23.20.57:599][  0]LogContentBrowser: Native class hierarchy populated in 0.0095 seconds. Added 3439 classes and 827 folders.
[2020.11.25-23.20.57:602][  0]LogContentBrowser: Native class hierarchy updated for 'WidgetCarousel' in 0.0004 seconds. Added 0 classes and 0 folders.
[2020.11.25-23.20.57:640][  0]LogContentBrowser: Native class hierarchy updated for 'AddContentDialog' in 0.0004 seconds. Added 0 classes and 0 folders.
[2020.11.25-23.20.57:641][  0]LogContentBrowser: Native class hierarchy updated for 'SceneOutliner' in 0.0002 seconds. Added 2 classes and 0 folders.
[2020.11.25-23.20.57:666][  0]LogContentBrowser: Native class hierarchy updated for 'HierarchicalLODOutliner' in 0.0005 seconds. Added 0 classes and 0 folders.
[2020.11.25-23.20.57:666][  0]LogLoad: (Engine Initialization) Total time: 7.11 seconds
[2020.11.25-23.20.57:666][  0]LogLoad: (Engine Initialization) Total Blueprint compile time: 0.00 seconds
[2020.11.25-23.20.57:704][  0]LogAssetRegistry: Asset discovery search completed in 3.4380 seconds
[2020.11.25-23.20.57:708][  0]LogCollectionManager: Fixed up redirectors for 0 collections in 0.000002 seconds (updated 0 objects)
[2020.11.25-23.20.57:709][  0]LogContentStreaming: Texture pool size now 1000 MB
[2020.11.25-23.20.57:716][  0]LogSlate: Took 0.000178 seconds to synchronously load lazily loaded font '../../../Engine/Content/Slate/Fonts/Roboto-Regular.ttf' (155K)
[2020.11.25-23.20.57:718][  0]LogSlate: Took 0.000191 seconds to synchronously load lazily loaded font '../../../Engine/Content/Slate/Fonts/Roboto-Bold.ttf' (160K)
[2020.11.25-23.20.57:723][  0]LogSlate: Took 0.000183 seconds to synchronously load lazily loaded font '../../../Engine/Content/Editor/Slate/Fonts/FontAwesome.ttf' (139K)
[2020.11.25-23.20.57:787][  0]LogSlate: Took 0.000134 seconds to synchronously load lazily loaded font '../../../Engine/Content/Slate/Fonts/Roboto-Light.ttf' (167K)
[2020.11.25-23.20.57:805][  1]LogRenderer: Reallocating scene render targets to support 1196x564 Format 10 NumSamples 1 (Frame:1).
[2020.11.25-23.21.08:873][294]LogSlate: Took 0.000128 seconds to synchronously load lazily loaded font '../../../Engine/Content/Slate/Fonts/Roboto-Light.ttf' (167K)
[2020.11.25-23.21.08:890][294]LogAssetEditorSubsystem: Opening Asset editor for Blueprint /LaunchPadPlugin/LaunchPad/BP_LaunchPad_Plug.BP_LaunchPad_Plug
[2020.11.25-23.21.09:054][294]LogContentBrowser: Native class hierarchy updated for 'BlueprintGraph' in 0.0007 seconds. Added 125 classes and 0 folders.
[2020.11.25-23.21.16:216][ 51]LogSlate: Window 'BP_LaunchPad_Plug' being destroyed
[2020.11.25-23.21.16:222][ 51]LogWorld: UWorld::CleanupWorld for World_2, bSessionEnded=true, bCleanupResources=true
[2020.11.25-23.21.16:222][ 51]LogSlate: InvalidateAllWidgets triggered.  All widgets were invalidated
[2020.11.25-23.21.16:274][ 51]LogAssetEditorSubsystem: Opening Asset editor for Blueprint /LaunchPadPlugin/LaunchPad/BP_LaunchPad_Plug.BP_LaunchPad_Plug
[2020.11.25-23.21.16:608][ 51]LogSlate: Took 0.000191 seconds to synchronously load lazily loaded font '../../../Engine/Content/Slate/Fonts/Roboto-BoldCondensed.ttf' (158K)
[2020.11.25-23.21.18:975][312]LogSlate: Window 'BP_LaunchPad_Plug' being destroyed
[2020.11.25-23.21.21:844][639]LogRenderer: Reallocating scene render targets to support 1244x880 Format 10 NumSamples 1 (Frame:1).
[2020.11.25-23.21.22:506][715]LogSlate: Took 0.000175 seconds to synchronously load lazily loaded font '../../../Engine/Content/Slate/Fonts/Roboto-Italic.ttf' (157K)
[2020.11.25-23.21.33:083][935]LogAssetEditorSubsystem: Opening Asset editor for Blueprint /LaunchPadPlugin/LaunchPad/BP_LauchPad.BP_LauchPad
[2020.11.25-23.21.57:890][522]LogHttp: Warning: 0000016A88285600: request has been successfully processed. URL: https://datarouter.ol.epicgames.com/datarouter/api/v1/public/data?SessionID=%7B40380359-47F5-C08D-4171-26AD5E7D953E%7D&AppID=UEEditor.Rocket.Release&AppVersion=4.25.4-14469661%2B%2B%2BUE4%2BRelease-4.25&UserID=ae6b1967460019b1dc5a8e92a9ed245c%7C0ef46e3b4c394e9ca12dac9146e4122d%7Cac02fb2b-7972-43a2-a9cb-95feb067aae9&AppEnvironment=datacollector-source&UploadType=eteventstream, HTTP code: 502, content length: 122, actual payload size: 122, elapsed: 0.18s
[2020.11.25-23.21.57:890][522]LogHttp: Warning: 0000016A88285600 Response Header Server: awselb/2.0
[2020.11.25-23.21.57:890][522]LogHttp: Warning: 0000016A88285600 Response Header Date: Wed, 25 Nov 2020 23:21:59 GMT
[2020.11.25-23.21.57:891][522]LogHttp: Warning: 0000016A88285600 Response Header Content-Type: text/html
[2020.11.25-23.21.57:891][522]LogHttp: Warning: 0000016A88285600 Response Header Content-Length: 122
[2020.11.25-23.21.57:891][522]LogHttp: Warning: 0000016A88285600 Response Header Connection: keep-alive
[2020.11.25-23.22.51:456][773]LogWorld: UWorld::CleanupWorld for World_3, bSessionEnded=true, bCleanupResources=true
[2020.11.25-23.22.51:456][773]LogSlate: InvalidateAllWidgets triggered.  All widgets were invalidated
[2020.11.25-23.22.56:232][267]LogUObjectHash: Compacting FUObjectHashTables data took   2.27ms
[2020.11.25-23.23.00:166][267]LogSlate: Window 'Delete Assets' being destroyed
[2020.11.25-23.23.00:264][267]LogUObjectHash: Compacting FUObjectHashTables data took   1.79ms
[2020.11.25-23.23.00:292][267]LogUObjectHash: Compacting FUObjectHashTables data took   1.49ms
[2020.11.25-23.23.00:312][267]LogUObjectHash: Compacting FUObjectHashTables data took   0.53ms
[2020.11.25-23.23.33:298][577]LogSlate: Window 'Pick Parent Class' being destroyed
[2020.11.25-23.23.48:279][228]LogAssetEditorSubsystem: Opening Asset editor for Blueprint /LaunchPadPlugin/LaunchPad/BP_LaunchPad_Plug.BP_LaunchPad_Plug
[2020.11.25-23.23.58:092][353]LogHttp: Warning: 0000016A35B33900: request has been successfully processed. URL: https://datarouter.ol.epicgames.com/datarouter/api/v1/public/data?SessionID=%7B40380359-47F5-C08D-4171-26AD5E7D953E%7D&AppID=UEEditor.Rocket.Release&AppVersion=4.25.4-14469661%2B%2B%2BUE4%2BRelease-4.25&UserID=ae6b1967460019b1dc5a8e92a9ed245c%7C0ef46e3b4c394e9ca12dac9146e4122d%7Cac02fb2b-7972-43a2-a9cb-95feb067aae9&AppEnvironment=datacollector-source&UploadType=eteventstream, HTTP code: 502, content length: 122, actual payload size: 122, elapsed: 0.17s
[2020.11.25-23.23.58:092][353]LogHttp: Warning: 0000016A35B33900 Response Header Server: awselb/2.0
[2020.11.25-23.23.58:092][353]LogHttp: Warning: 0000016A35B33900 Response Header Date: Wed, 25 Nov 2020 23:23:59 GMT
[2020.11.25-23.23.58:092][353]LogHttp: Warning: 0000016A35B33900 Response Header Content-Type: text/html
[2020.11.25-23.23.58:092][353]LogHttp: Warning: 0000016A35B33900 Response Header Content-Length: 122
[2020.11.25-23.23.58:092][353]LogHttp: Warning: 0000016A35B33900 Response Header Connection: keep-alive
[2020.11.25-23.24.33:398][ 75]LogSlate: Prevented a slow task dialog from being summoned while a context menu was open
[2020.11.25-23.24.49:724][558]LogSlate: Window 'Reparent Blueprint' being destroyed
[2020.11.25-23.24.49:728][558]LogBlueprint: Warning: Reparenting blueprint Blueprint /LaunchPadPlugin/LaunchPad/BP_LaunchPad_Plug.BP_LaunchPad_Plug from LaunchPad_Plug to FPSLaunchPad...
[2020.11.25-23.24.49:737][558]BlueprintLog: New page: Compile BP_LaunchPad_Plug
[2020.11.25-23.24.49:772][558]LogUObjectHash: Compacting FUObjectHashTables data took   1.76ms
[2020.11.25-23.24.49:810][558]LogSavePackage: Moving '../../../../../../Users/iylek/Desktop/Unreal/StealthGame/StealthGame_ProjectBase_4.25/StealthGame/Saved/BP_LaunchPad_PlugCAC2F45E471B3BE93DF58F9C13E3F6F3.tmp' to '../../../../../../Users/iylek/Desktop/Unreal/StealthGame/StealthGame_ProjectBase_4.25/StealthGame/Plugins/LaunchPadPlugin/Content/LaunchPad/BP_LaunchPad_Plug.uasset'
[2020.11.25-23.24.49:825][558]AssetCheck: New page: Asset Save: BP_LaunchPad_Plug
[2020.11.25-23.24.49:825][558]LogContentValidation: Display: Validating Blueprint /LaunchPadPlugin/LaunchPad/BP_LaunchPad_Plug.BP_LaunchPad_Plug
[2020.11.25-23.24.55:374][215]BlueprintLog: New page: Compile BP_LaunchPad_Plug
[2020.11.25-23.24.55:405][215]LogUObjectHash: Compacting FUObjectHashTables data took   1.82ms
[2020.11.25-23.25.02:528][ 40]LogWorld: UWorld::CleanupWorld for World_5, bSessionEnded=true, bCleanupResources=true
[2020.11.25-23.25.02:528][ 40]LogSlate: InvalidateAllWidgets triggered.  All widgets were invalidated
[2020.11.25-23.25.03:908][183]LogAssetEditorSubsystem: Opening Asset editor for Blueprint /LaunchPadPlugin/LaunchPad/BP_LaunchPad_Plug.BP_LaunchPad_Plug
[2020.11.25-23.25.06:587][452]LogWorld: UWorld::CleanupWorld for World_6, bSessionEnded=true, bCleanupResources=true
[2020.11.25-23.25.06:588][452]LogSlate: InvalidateAllWidgets triggered.  All widgets were invalidated
[2020.11.25-23.25.06:641][452]LogAssetEditorSubsystem: Opening Asset editor for Blueprint /LaunchPadPlugin/LaunchPad/BP_LaunchPad_Plug.BP_LaunchPad_Plug
[2020.11.25-23.25.31:081][907]LogSlate: Prevented a slow task dialog from being summoned while a context menu was open
[2020.11.25-23.25.39:503][729]LogSlate: Window 'Reparent Blueprint' being destroyed
[2020.11.25-23.25.39:506][729]LogBlueprint: Warning: Reparenting blueprint Blueprint /LaunchPadPlugin/LaunchPad/BP_LaunchPad_Plug.BP_LaunchPad_Plug from FPSLaunchPad to LaunchPad_Plug...
[2020.11.25-23.25.39:510][729]BlueprintLog: New page: Compile BP_LaunchPad_Plug
[2020.11.25-23.25.39:542][729]LogUObjectHash: Compacting FUObjectHashTables data took   2.24ms
[2020.11.25-23.25.39:583][729]LogSavePackage: Moving '../../../../../../Users/iylek/Desktop/Unreal/StealthGame/StealthGame_ProjectBase_4.25/StealthGame/Saved/BP_LaunchPad_Plug7AD883914C6D2E7124AB5A884760D7D1.tmp' to '../../../../../../Users/iylek/Desktop/Unreal/StealthGame/StealthGame_ProjectBase_4.25/StealthGame/Plugins/LaunchPadPlugin/Content/LaunchPad/BP_LaunchPad_Plug.uasset'
[2020.11.25-23.25.39:596][729]AssetCheck: New page: Asset Save: BP_LaunchPad_Plug
[2020.11.25-23.25.39:596][729]LogContentValidation: Display: Validating Blueprint /LaunchPadPlugin/LaunchPad/BP_LaunchPad_Plug.BP_LaunchPad_Plug
[2020.11.25-23.27.57:896][333]LogHttp: Warning: 0000016A85C91600: request has been successfully processed. URL: https://datarouter.ol.epicgames.com/datarouter/api/v1/public/data?SessionID=%7B40380359-47F5-C08D-4171-26AD5E7D953E%7D&AppID=UEEditor.Rocket.Release&AppVersion=4.25.4-14469661%2B%2B%2BUE4%2BRelease-4.25&UserID=ae6b1967460019b1dc5a8e92a9ed245c%7C0ef46e3b4c394e9ca12dac9146e4122d%7Cac02fb2b-7972-43a2-a9cb-95feb067aae9&AppEnvironment=datacollector-source&UploadType=eteventstream, HTTP code: 502, content length: 122, actual payload size: 122, elapsed: 0.14s
[2020.11.25-23.27.57:896][333]LogHttp: Warning: 0000016A85C91600 Response Header Server: awselb/2.0
[2020.11.25-23.27.57:896][333]LogHttp: Warning: 0000016A85C91600 Response Header Date: Wed, 25 Nov 2020 23:27:59 GMT
[2020.11.25-23.27.57:896][333]LogHttp: Warning: 0000016A85C91600 Response Header Content-Type: text/html
[2020.11.25-23.27.57:896][333]LogHttp: Warning: 0000016A85C91600 Response Header Content-Length: 122
[2020.11.25-23.27.57:896][333]LogHttp: Warning: 0000016A85C91600 Response Header Connection: keep-alive
[2020.11.25-23.28.54:796][386]LogRenderer: Reallocating scene render targets to support 1244x904 Format 10 NumSamples 1 (Frame:1).
[2020.11.25-23.29.58:398][283]LogHttp: Warning: 0000016A363A1600: request has been successfully processed. URL: https://datarouter.ol.epicgames.com/datarouter/api/v1/public/data?SessionID=%7B40380359-47F5-C08D-4171-26AD5E7D953E%7D&AppID=UEEditor.Rocket.Release&AppVersion=4.25.4-14469661%2B%2B%2BUE4%2BRelease-4.25&UserID=ae6b1967460019b1dc5a8e92a9ed245c%7C0ef46e3b4c394e9ca12dac9146e4122d%7Cac02fb2b-7972-43a2-a9cb-95feb067aae9&AppEnvironment=datacollector-source&UploadType=eteventstream, HTTP code: 502, content length: 122, actual payload size: 122, elapsed: 0.16s
[2020.11.25-23.29.58:398][283]LogHttp: Warning: 0000016A363A1600 Response Header Server: awselb/2.0
[2020.11.25-23.29.58:399][283]LogHttp: Warning: 0000016A363A1600 Response Header Date: Wed, 25 Nov 2020 23:29:59 GMT
[2020.11.25-23.29.58:399][283]LogHttp: Warning: 0000016A363A1600 Response Header Content-Type: text/html
[2020.11.25-23.29.58:399][283]LogHttp: Warning: 0000016A363A1600 Response Header Content-Length: 122
[2020.11.25-23.29.58:399][283]LogHttp: Warning: 0000016A363A1600 Response Header Connection: keep-alive
[2020.11.25-23.31.51:026][320]LogEditorTransaction: Undo Modify Component(s)
[2020.11.25-23.31.58:564][ 76]LogHttp: Warning: 0000016A365D4800: request has been successfully processed. URL: https://datarouter.ol.epicgames.com/datarouter/api/v1/public/data?SessionID=%7B40380359-47F5-C08D-4171-26AD5E7D953E%7D&AppID=UEEditor.Rocket.Release&AppVersion=4.25.4-14469661%2B%2B%2BUE4%2BRelease-4.25&UserID=ae6b1967460019b1dc5a8e92a9ed245c%7C0ef46e3b4c394e9ca12dac9146e4122d%7Cac02fb2b-7972-43a2-a9cb-95feb067aae9&AppEnvironment=datacollector-source&UploadType=eteventstream, HTTP code: 502, content length: 122, actual payload size: 122, elapsed: 0.12s
[2020.11.25-23.31.58:564][ 76]LogHttp: Warning: 0000016A365D4800 Response Header Server: awselb/2.0
[2020.11.25-23.31.58:564][ 76]LogHttp: Warning: 0000016A365D4800 Response Header Date: Wed, 25 Nov 2020 23:31:59 GMT
[2020.11.25-23.31.58:564][ 76]LogHttp: Warning: 0000016A365D4800 Response Header Content-Type: text/html
[2020.11.25-23.31.58:564][ 76]LogHttp: Warning: 0000016A365D4800 Response Header Content-Length: 122
[2020.11.25-23.31.58:564][ 76]LogHttp: Warning: 0000016A365D4800 Response Header Connection: keep-alive
[2020.11.25-23.33.58:770][775]LogHttp: Warning: 0000016AA5143900: request has been successfully processed. URL: https://datarouter.ol.epicgames.com/datarouter/api/v1/public/data?SessionID=%7B40380359-47F5-C08D-4171-26AD5E7D953E%7D&AppID=UEEditor.Rocket.Release&AppVersion=4.25.4-14469661%2B%2B%2BUE4%2BRelease-4.25&UserID=ae6b1967460019b1dc5a8e92a9ed245c%7C0ef46e3b4c394e9ca12dac9146e4122d%7Cac02fb2b-7972-43a2-a9cb-95feb067aae9&AppEnvironment=datacollector-source&UploadType=eteventstream, HTTP code: 502, content length: 122, actual payload size: 122, elapsed: 0.17s
[2020.11.25-23.33.58:770][775]LogHttp: Warning: 0000016AA5143900 Response Header Server: awselb/2.0
[2020.11.25-23.33.58:770][775]LogHttp: Warning: 0000016AA5143900 Response Header Date: Wed, 25 Nov 2020 23:34:00 GMT
[2020.11.25-23.33.58:770][775]LogHttp: Warning: 0000016AA5143900 Response Header Content-Type: text/html
[2020.11.25-23.33.58:770][775]LogHttp: Warning: 0000016AA5143900 Response Header Content-Length: 122
[2020.11.25-23.33.58:770][775]LogHttp: Warning: 0000016AA5143900 Response Header Connection: keep-alive
[2020.11.25-23.34.30:592][233]BlueprintLog: New page: Compile BP_LaunchPad_Plug
[2020.11.25-23.34.30:687][233]LogUObjectHash: Compacting FUObjectHashTables data took   3.71ms
[2020.11.25-23.34.30:749][233]LogSavePackage: Moving '../../../../../../Users/iylek/Desktop/Unreal/StealthGame/StealthGame_ProjectBase_4.25/StealthGame/Saved/BP_LaunchPad_Plug4BE2CC0941CC51795D205BACB8BD0611.tmp' to '../../../../../../Users/iylek/Desktop/Unreal/StealthGame/StealthGame_ProjectBase_4.25/StealthGame/Plugins/LaunchPadPlugin/Content/LaunchPad/BP_LaunchPad_Plug.uasset'
[2020.11.25-23.34.30:762][233]AssetCheck: New page: Asset Save: BP_LaunchPad_Plug
[2020.11.25-23.34.30:762][233]LogContentValidation: Display: Validating Blueprint /LaunchPadPlugin/LaunchPad/BP_LaunchPad_Plug.BP_LaunchPad_Plug
[2020.11.25-23.34.32:074][383]LogSavePackage: Moving '../../../../../../Users/iylek/Desktop/Unreal/StealthGame/StealthGame_ProjectBase_4.25/StealthGame/Saved/BP_LaunchPad_Plug70D60927447F7003390E09AC4D7EAB9B.tmp' to '../../../../../../Users/iylek/Desktop/Unreal/StealthGame/StealthGame_ProjectBase_4.25/StealthGame/Plugins/LaunchPadPlugin/Content/LaunchPad/BP_LaunchPad_Plug.uasset'
[2020.11.25-23.34.32:084][383]AssetCheck: New page: Asset Save: BP_LaunchPad_Plug
[2020.11.25-23.34.32:085][383]LogContentValidation: Display: Validating Blueprint /LaunchPadPlugin/LaunchPad/BP_LaunchPad_Plug.BP_LaunchPad_Plug
[2020.11.25-23.35.07:630][722]LogTemp: Repeating last play command: Selected Viewport
[2020.11.25-23.35.07:661][722]LogPlayLevel: PlayLevel: No blueprints needed recompiling
[2020.11.25-23.35.07:662][722]PIE: New page: PIE session: FirstPersonExampleMap (Nov. 25, 2020, 1:35:07 p.m.)
[2020.11.25-23.35.07:665][722]LogOnline: OSS: Creating online subsystem instance for: NULL
[2020.11.25-23.35.07:669][722]LogOnline: OSS: TryLoadSubsystemAndSetDefault: Loaded subsystem for module [NULL]
[2020.11.25-23.35.07:672][722]LogPlayLevel: Creating play world package: /Game/Maps/UEDPIE_0_FirstPersonExampleMap
[2020.11.25-23.35.07:687][722]LogPlayLevel: PIE: StaticDuplicateObject took: (0.015386s)
[2020.11.25-23.35.07:689][722]LogAIModule: Creating AISystem for world FirstPersonExampleMap
[2020.11.25-23.35.07:689][722]LogAISub: UAISubsystem::UAISubsystem EnvQueryManager (0000016A4BB17E00), frame # 72722
[2020.11.25-23.35.07:689][722]LogAISub: UAISubsystem::UAISubsystem AIPerceptionSystem (0000016A3DDB9800), frame # 72722
[2020.11.25-23.35.07:690][722]LogPlayLevel: PIE: World Init took: (0.001799s)
[2020.11.25-23.35.07:690][722]LogPlayLevel: PIE: Created PIE world by copying editor world from /Game/Maps/FirstPersonExampleMap.FirstPersonExampleMap to /Game/Maps/UEDPIE_0_FirstPersonExampleMap.FirstPersonExampleMap (0.018198s)
[2020.11.25-23.35.07:724][722]LogUObjectHash: Compacting FUObjectHashTables data took   3.75ms
[2020.11.25-23.35.07:729][722]LogLoad: Game class is 'BP_GameMode_C'
[2020.11.25-23.35.07:748][722]LogWorld: Bringing World /Game/Maps/UEDPIE_0_FirstPersonExampleMap.FirstPersonExampleMap up for play (max tick rate 0) at 2020.11.25-18.35.07
[2020.11.25-23.35.07:767][722]LogWorld: Bringing up level for play took: 0.020501
[2020.11.25-23.35.07:772][722]LogNet: ReplicationDriverClass is null! Not using ReplicationDriver.
[2020.11.25-23.35.07:772][722]LogNetCore: DDoS detection status: detection enabled: 0 analytics enabled: 0
[2020.11.25-23.35.07:773][722]LogInit: WinSock: Socket queue. Rx: 131072 (config 131072) Tx: 131072 (config 131072)
[2020.11.25-23.35.07:774][722]LogNet: Created socket for bind address: 0.0.0.0 on port 17777
[2020.11.25-23.35.07:774][722]PacketHandlerLog: Loaded PacketHandler component: Engine.EngineHandlerComponentFactory (StatelessConnectHandlerComponent)
[2020.11.25-23.35.07:776][722]LogNet: GameNetDriver IpNetDriver_0 IpNetDriver listening on port 17777
[2020.11.25-23.35.07:784][722]PIE: Server logged in
[2020.11.25-23.35.07:784][722]PIE: Play in editor total start time 0.133 seconds.
[2020.11.25-23.35.07:785][722]LogAudioMixer: Display: Audio Mixer Platform Settings:
[2020.11.25-23.35.07:786][722]LogAudioMixer: Display: 	Sample Rate:						  48000
[2020.11.25-23.35.07:786][722]LogAudioMixer: Display: 	Callback Buffer Frame Size Requested: 1024
[2020.11.25-23.35.07:786][722]LogAudioMixer: Display: 	Callback Buffer Frame Size To Use:	  1024
[2020.11.25-23.35.07:786][722]LogAudioMixer: Display: 	Number of buffers to queue:			  2
[2020.11.25-23.35.07:786][722]LogAudioMixer: Display: 	Max Channels (voices):				  32
[2020.11.25-23.35.07:786][722]LogAudioMixer: Display: 	Number of Async Source Workers:		  0
[2020.11.25-23.35.07:786][722]LogAudio: Display: AudioDevice MaxSources: 32
[2020.11.25-23.35.07:787][722]LogAudio: Display: Using built-in audio occlusion.
[2020.11.25-23.35.07:787][722]LogAudioMixer: Display: Initializing audio mixer.
[2020.11.25-23.35.07:789][722]LogAudioMixer: Display: 0: FrontLeft
[2020.11.25-23.35.07:790][722]LogAudioMixer: Display: 1: FrontRight
[2020.11.25-23.35.07:818][722]LogAudioMixer: Display: Using Audio Device Buds (High Definition Audio Device)
[2020.11.25-23.35.07:818][722]LogAudioMixer: Display: Initializing Sound Submixes...
[2020.11.25-23.35.07:818][722]LogAudioMixer: Display: Creating Master Submix 'MasterSubmixDefault'
[2020.11.25-23.35.07:819][722]LogAudioMixer: Display: Creating Master Submix 'MasterReverbSubmixDefault'
[2020.11.25-23.35.07:819][722]LogAudioMixer: Display: Creating Master Submix 'MasterEQSubmixDefault'
[2020.11.25-23.35.07:831][722]LogInit: FAudioDevice initialized.
[2020.11.25-23.35.07:842][722]LogNet: Browse: 127.0.0.1:17777/Game/Maps/FirstPersonExampleMap
[2020.11.25-23.35.07:843][722]LogInit: WinSock: Socket queue. Rx: 32768 (config 32768) Tx: 32768 (config 32768)
[2020.11.25-23.35.07:843][722]LogNet: Created socket for bind address: 0.0.0.0 on port 0
[2020.11.25-23.35.07:844][722]PacketHandlerLog: Loaded PacketHandler component: Engine.EngineHandlerComponentFactory (StatelessConnectHandlerComponent)
[2020.11.25-23.35.07:845][722]LogNet: Game client on port 17777, rate 10000
[2020.11.25-23.35.07:846][722]PIE: Client logged in
[2020.11.25-23.35.07:847][722]PIE: Play in editor total start time 0.196 seconds.
[2020.11.25-23.35.07:874][722]LogOnline: OSS: Creating online subsystem instance for: :Context_11
[2020.11.25-23.35.08:858][789]LogNet: NotifyAcceptingConnection accepted from: 127.0.0.1:61317
[2020.11.25-23.35.08:859][789]LogHandshake: SendConnectChallenge. Timestamp: 1.236962, Cookie: 067253172000211147157238149096137119145201127160117103159017
[2020.11.25-23.35.08:860][789]LogHandshake: SendChallengeResponse. Timestamp: 1.236962, Cookie: 067253172000211147157238149096137119145201127160117103159017
[2020.11.25-23.35.08:874][790]LogNet: NotifyAcceptingConnection accepted from: 127.0.0.1:61317
[2020.11.25-23.35.08:874][790]LogHandshake: SendChallengeAck. InCookie: 067253172000211147157238149096137119145201127160117103159017
[2020.11.25-23.35.08:874][790]LogNet: Server accepting post-challenge connection from: 127.0.0.1:61317
[2020.11.25-23.35.08:874][790]PacketHandlerLog: Loaded PacketHandler component: Engine.EngineHandlerComponentFactory (StatelessConnectHandlerComponent)
[2020.11.25-23.35.08:875][790]LogNet: NotifyAcceptedConnection: Name: FirstPersonExampleMap, TimeStamp: 11/25/20 18:35:08, [UNetConnection] RemoteAddr: 127.0.0.1:61317, Name: IpConnection_1, Driver: GameNetDriver IpNetDriver_0, IsServer: YES, PC: NULL, Owner: NULL, UniqueId: INVALID
[2020.11.25-23.35.08:875][790]LogNet: AddClientConnection: Added client connection: [UNetConnection] RemoteAddr: 127.0.0.1:61317, Name: IpConnection_1, Driver: GameNetDriver IpNetDriver_0, IsServer: YES, PC: NULL, Owner: NULL, UniqueId: INVALID
[2020.11.25-23.35.08:876][790]LogNetVersion: FPSGame 1.0.0.0, NetCL: 13144385, EngineNetVer: 14, GameNetVer: 0 (Checksum: 2858806747)
[2020.11.25-23.35.08:876][790]LogNet: UPendingNetGame::SendInitialJoin: Sending hello. [UNetConnection] RemoteAddr: 127.0.0.1:17777, Name: IpConnection_0, Driver: PendingNetDriver IpNetDriver_1, IsServer: NO, PC: NULL, Owner: NULL, UniqueId: INVALID
[2020.11.25-23.35.08:888][791]LogNet: NotifyAcceptingChannel Control 0 server World /Game/Maps/UEDPIE_0_FirstPersonExampleMap.FirstPersonExampleMap: Accepted
[2020.11.25-23.35.08:889][791]LogNet: Remote platform little endian=1
[2020.11.25-23.35.08:889][791]LogNet: This platform little endian=1
[2020.11.25-23.35.08:890][791]LogOnline: OSS: Creating online subsystem instance for: :Context_12
[2020.11.25-23.35.08:903][792]LogNet: Login request: ?Name=DESKTOP-AOUSEP6-F884D4DB4695E8BC1A4F9DACA38E7B99 userId: NULL:DESKTOP-AOUSEP6-F884D4DB4695E8BC1A4F9DACA38E7B99 platform: NULL
[2020.11.25-23.35.08:904][792]LogNet: Welcomed by server (Level: /Game/Maps/UEDPIE_0_FirstPersonExampleMap, Game: /Game/Blueprints/BP_GameMode.BP_GameMode_C)
[2020.11.25-23.35.08:904][792]LogLoad: LoadMap: 127.0.0.1:17777/Game/Maps/UEDPIE_0_FirstPersonExampleMap?game=/Game/Blueprints/BP_GameMode.BP_GameMode_C
[2020.11.25-23.35.08:904][792]LogWorld: BeginTearingDown for /Temp/Untitled_1
[2020.11.25-23.35.08:905][792]LogWorld: UWorld::CleanupWorld for Untitled, bSessionEnded=true, bCleanupResources=true
[2020.11.25-23.35.08:905][792]LogSlate: InvalidateAllWidgets triggered.  All widgets were invalidated
[2020.11.25-23.35.08:978][792]LogUObjectHash: Compacting FUObjectHashTables data took   3.54ms
[2020.11.25-23.35.08:995][792]LogAIModule: Creating AISystem for world FirstPersonExampleMap
[2020.11.25-23.35.08:995][792]LogAISub: UAISubsystem::UAISubsystem EnvQueryManager (0000016A4BB15200), frame # 72792
[2020.11.25-23.35.08:995][792]LogAISub: UAISubsystem::UAISubsystem AIPerceptionSystem (0000016AB06156C0), frame # 72792
[2020.11.25-23.35.08:998][792]LogWorld: Bringing World /Game/Maps/UEDPIE_1_FirstPersonExampleMap.FirstPersonExampleMap up for play (max tick rate 0) at 2020.11.25-18.35.08
[2020.11.25-23.35.08:999][792]LogWorld: Bringing up level for play took: 0.002373
[2020.11.25-23.35.09:000][792]LogLoad: Took 0.095451 seconds to LoadMap(/Game/Maps/UEDPIE_0_FirstPersonExampleMap)
[2020.11.25-23.35.09:013][793]LogNet: Client netspeed is 10000
[2020.11.25-23.35.09:013][793]LogNet: Join request: /Game/Maps/FirstPersonExampleMap?Name=DESKTOP-AOUSEP6-F884D4DB4695E8BC1A4F9DACA38E7B99?SplitscreenCount=1
[2020.11.25-23.35.09:015][793]LogOnlineSession: Warning: OSS: No game present to join for session (GameSession)
[2020.11.25-23.35.09:039][793]LogNet: Join succeeded: DESKTOP-AOUSEP6-F884
[2020.11.25-23.35.09:295][815]LogNavigation: Warning: UNavigationSystemV1::SimpleMoveToActor called for NavSys:None Controller:None controlling Pawn:NULL with goal actor BP_Partol_TargetPoint_2 (if any of these is None then there's your problem
[2020.11.25-23.35.09:398][823]LogOnlineSession: Warning: OSS: No game present to join for session (GameSession)
[2020.11.25-23.35.10:254][900]LogNavigation: Warning: UNavigationSystemV1::SimpleMoveToActor called for NavSys:None Controller:None controlling Pawn:NULL with goal actor BP_Partol_TargetPoint2_5 (if any of these is None then there's your problem
[2020.11.25-23.35.13:183][164]LogNavigation: Warning: UNavigationSystemV1::SimpleMoveToActor called for NavSys:None Controller:None controlling Pawn:NULL with goal actor BP_Partol_TargetPoint_2 (if any of these is None then there's your problem
[2020.11.25-23.35.16:138][428]LogNavigation: Warning: UNavigationSystemV1::SimpleMoveToActor called for NavSys:None Controller:None controlling Pawn:NULL with goal actor BP_Partol_TargetPoint2_5 (if any of these is None then there's your problem
[2020.11.25-23.35.17:292][531]LogScript: Warning: Accessed None trying to read property CallFunc_Create_ReturnValue
	BP_GameMode_C /Game/Maps/UEDPIE_0_FirstPersonExampleMap.FirstPersonExampleMap:PersistentLevel.BP_GameMode_C_0
	Function /Game/Blueprints/BP_GameMode.BP_GameMode_C:ExecuteUbergraph_BP_GameMode:007C
[2020.11.25-23.35.17:293][531]PIE: Error: Blueprint Runtime Error: "Accessed None trying to read property CallFunc_Create_ReturnValue". Blueprint:  BP_GameMode Function:  Execute Ubergraph BP Game Mode Graph:  EventGraph Node:  Add to Viewport
[2020.11.25-23.35.17:910][582]LogScript: Warning: Accessed None trying to read property CallFunc_Create_ReturnValue
	BP_GameMode_C /Game/Maps/UEDPIE_0_FirstPersonExampleMap.FirstPersonExampleMap:PersistentLevel.BP_GameMode_C_0
	Function /Game/Blueprints/BP_GameMode.BP_GameMode_C:ExecuteUbergraph_BP_GameMode:007C
[2020.11.25-23.35.17:911][582]PIE: Error: Blueprint Runtime Error: "Accessed None trying to read property CallFunc_Create_ReturnValue". Blueprint:  BP_GameMode Function:  Execute Ubergraph BP Game Mode Graph:  EventGraph Node:  Add to Viewport
[2020.11.25-23.35.20:235][781]LogSlate: Updating window title bar state: overlay mode, drag disabled, window buttons hidden, title bar hidden
[2020.11.25-23.35.20:235][781]LogWorld: BeginTearingDown for /Game/Maps/UEDPIE_1_FirstPersonExampleMap
[2020.11.25-23.35.20:235][781]LogWorld: UWorld::CleanupWorld for FirstPersonExampleMap, bSessionEnded=true, bCleanupResources=true
[2020.11.25-23.35.20:236][781]LogSlate: InvalidateAllWidgets triggered.  All widgets were invalidated
[2020.11.25-23.35.20:244][781]LogNet: World NetDriver shutdown IpNetDriver_1 [GameNetDriver]
[2020.11.25-23.35.20:245][781]LogNet: DestroyNamedNetDriver IpNetDriver_1 [GameNetDriver]
[2020.11.25-23.35.20:245][781]LogNet: UNetConnection::Close: [UNetConnection] RemoteAddr: 127.0.0.1:17777, Name: IpConnection_0, Driver: GameNetDriver IpNetDriver_1, IsServer: NO, PC: PlayerController_1, Owner: PlayerController_1, UniqueId: NULL:DESKTOP-AOUSEP6-F884D4DB4695E8BC1A4F9DACA38E7B99, Channels: 11, Time: 2020.11.25-23.35.20
[2020.11.25-23.35.20:245][781]LogNet: UChannel::Close: Sending CloseBunch. ChIndex == 0. Name: [UChannel] ChIndex: 0, Closing: 0 [UNetConnection] RemoteAddr: 127.0.0.1:17777, Name: IpConnection_0, Driver: GameNetDriver IpNetDriver_1, IsServer: NO, PC: PlayerController_1, Owner: PlayerController_1, UniqueId: NULL:DESKTOP-AOUSEP6-F884D4DB4695E8BC1A4F9DACA38E7B99
[2020.11.25-23.35.20:246][781]LogExit: GameNetDriver IpNetDriver_1 shut down
[2020.11.25-23.35.20:247][781]LogWorld: BeginTearingDown for /Game/Maps/UEDPIE_0_FirstPersonExampleMap
[2020.11.25-23.35.20:247][781]LogWorld: UWorld::CleanupWorld for FirstPersonExampleMap, bSessionEnded=true, bCleanupResources=true
[2020.11.25-23.35.20:248][781]LogSlate: InvalidateAllWidgets triggered.  All widgets were invalidated
[2020.11.25-23.35.20:249][781]LogNet: World NetDriver shutdown IpNetDriver_0 [GameNetDriver]
[2020.11.25-23.35.20:249][781]LogNet: DestroyNamedNetDriver IpNetDriver_0 [GameNetDriver]
[2020.11.25-23.35.20:249][781]LogNet: UNetConnection::Cleanup: Closing open connection. [UNetConnection] RemoteAddr: 127.0.0.1:61317, Name: IpConnection_1, Driver: GameNetDriver IpNetDriver_0, IsServer: YES, PC: PlayerController_0, Owner: PlayerController_0, UniqueId: NULL:DESKTOP-AOUSEP6-F884D4DB4695E8BC1A4F9DACA38E7B99
[2020.11.25-23.35.20:249][781]LogNet: UNetConnection::Close: [UNetConnection] RemoteAddr: 127.0.0.1:61317, Name: IpConnection_1, Driver: GameNetDriver IpNetDriver_0, IsServer: YES, PC: PlayerController_0, Owner: PlayerController_0, UniqueId: NULL:DESKTOP-AOUSEP6-F884D4DB4695E8BC1A4F9DACA38E7B99, Channels: 11, Time: 2020.11.25-23.35.20
[2020.11.25-23.35.20:249][781]LogNet: UChannel::Close: Sending CloseBunch. ChIndex == 0. Name: [UChannel] ChIndex: 0, Closing: 0 [UNetConnection] RemoteAddr: 127.0.0.1:61317, Name: IpConnection_1, Driver: GameNetDriver IpNetDriver_0, IsServer: YES, PC: PlayerController_0, Owner: PlayerController_0, UniqueId: NULL:DESKTOP-AOUSEP6-F884D4DB4695E8BC1A4F9DACA38E7B99
[2020.11.25-23.35.20:250][781]LogExit: GameNetDriver IpNetDriver_0 shut down
[2020.11.25-23.35.20:251][781]LogPlayLevel: Display: Shutting down PIE online subsystems
[2020.11.25-23.35.20:256][781]LogSlate: InvalidateAllWidgets triggered.  All widgets were invalidated
[2020.11.25-23.35.20:277][781]LogSlate: Updating window title bar state: overlay mode, drag disabled, window buttons hidden, title bar hidden
[2020.11.25-23.35.20:326][781]LogAISub: UAISubsystem::~UAISubsystem AIPerceptionSystem (0000016A3DDB9800), frame # 73781
[2020.11.25-23.35.20:326][781]LogAISub: UAISubsystem::~UAISubsystem EnvQueryManager (0000016A4BB17E00), frame # 73781
[2020.11.25-23.35.20:327][781]LogAISub: UAISubsystem::~UAISubsystem AIPerceptionSystem (0000016AB06156C0), frame # 73781
[2020.11.25-23.35.20:327][781]LogAISub: UAISubsystem::~UAISubsystem EnvQueryManager (0000016A4BB15200), frame # 73781
[2020.11.25-23.35.20:332][781]LogUObjectHash: Compacting FUObjectHashTables data took   3.13ms
[2020.11.25-23.35.20:393][781]LogSlate: Took 0.000185 seconds to synchronously load lazily loaded font '../../../Engine/Content/Slate/Fonts/DroidSansMono.ttf' (77K)
[2020.11.25-23.35.20:422][782]LogPlayLevel: Display: Destroying online subsystem :Context_12
[2020.11.25-23.35.20:422][782]LogPlayLevel: Display: Destroying online subsystem :Context_11
[2020.11.25-23.35.32:593][179]LogUObjectHash: Compacting FUObjectHashTables data took   2.72ms
[2020.11.25-23.35.32:644][179]LogSavePackage: Moving '../../../../../../Users/iylek/Desktop/Unreal/StealthGame/StealthGame_ProjectBase_4.25/StealthGame/Saved/FirstPersonExampleMapF75BF2A847A46E8611F1B68E8015AD3B.tmp' to '../../../../../../Users/iylek/Desktop/Unreal/StealthGame/StealthGame_ProjectBase_4.25/StealthGame/Content/Maps/FirstPersonExampleMap.umap'
[2020.11.25-23.35.32:770][179]LogSavePackage: Moving '../../../../../../Users/iylek/Desktop/Unreal/StealthGame/StealthGame_ProjectBase_4.25/StealthGame/Saved/FirstPersonExampleMap_BuiltDataF2812D894C719576D275F2B44338BD91.tmp' to '../../../../../../Users/iylek/Desktop/Unreal/StealthGame/StealthGame_ProjectBase_4.25/StealthGame/Content/Maps/FirstPersonExampleMap_BuiltData.uasset'
[2020.11.25-23.35.32:786][179]AssetCheck: New page: Asset Save: multiple assets
[2020.11.25-23.35.32:786][179]LogContentValidation: Display: Validating World /Game/Maps/FirstPersonExampleMap.FirstPersonExampleMap
[2020.11.25-23.35.32:786][179]LogContentValidation: Display: Validating MapBuildDataRegistry /Game/Maps/FirstPersonExampleMap_BuiltData.FirstPersonExampleMap_BuiltData
[2020.11.25-23.35.34:759][385]LogRenderer: Reallocating scene render targets to support 1244x908 Format 10 NumSamples 1 (Frame:32340).
[2020.11.25-23.35.36:092][519]LogSlate: Window 'BP_LauchPad' being destroyed
[2020.11.25-23.35.59:454][950]LogHttp: Warning: 0000016AA02EF200: request has been successfully processed. URL: https://datarouter.ol.epicgames.com/datarouter/api/v1/public/data?SessionID=%7B40380359-47F5-C08D-4171-26AD5E7D953E%7D&AppID=UEEditor.Rocket.Release&AppVersion=4.25.4-14469661%2B%2B%2BUE4%2BRelease-4.25&UserID=ae6b1967460019b1dc5a8e92a9ed245c%7C0ef46e3b4c394e9ca12dac9146e4122d%7Cac02fb2b-7972-43a2-a9cb-95feb067aae9&AppEnvironment=datacollector-source&UploadType=eteventstream, HTTP code: 502, content length: 122, actual payload size: 122, elapsed: 0.11s
[2020.11.25-23.35.59:454][950]LogHttp: Warning: 0000016AA02EF200 Response Header Server: awselb/2.0
[2020.11.25-23.35.59:454][950]LogHttp: Warning: 0000016AA02EF200 Response Header Date: Wed, 25 Nov 2020 23:36:00 GMT
[2020.11.25-23.35.59:454][950]LogHttp: Warning: 0000016AA02EF200 Response Header Content-Type: text/html
[2020.11.25-23.35.59:454][950]LogHttp: Warning: 0000016AA02EF200 Response Header Content-Length: 122
[2020.11.25-23.35.59:454][950]LogHttp: Warning: 0000016AA02EF200 Response Header Connection: keep-alive
[2020.11.25-23.36.45:880][ 98]LogSavePackage: Moving '../../../../../../Users/iylek/Desktop/Unreal/StealthGame/StealthGame_ProjectBase_4.25/StealthGame/Saved/BP_LauchPad4D08C7344BA028716D8BD6A17E207912.tmp' to '../../../../../../Users/iylek/Desktop/Unreal/StealthGame/StealthGame_ProjectBase_4.25/StealthGame/Plugins/LaunchPadPlugin/Content/LaunchPad/BP_LauchPad.uasset'
[2020.11.25-23.36.45:898][ 98]AssetCheck: New page: Asset Save: BP_LauchPad
[2020.11.25-23.36.45:898][ 98]LogContentValidation: Display: Validating Blueprint /LaunchPadPlugin/LaunchPad/BP_LauchPad.BP_LauchPad
[2020.11.25-23.36.47:112][233]LogUObjectHash: Compacting FUObjectHashTables data took   2.67ms
[2020.11.25-23.36.47:149][233]LogSavePackage: Moving '../../../../../../Users/iylek/Desktop/Unreal/StealthGame/StealthGame_ProjectBase_4.25/StealthGame/Saved/FirstPersonExampleMapFA584C934A4D61F3776113B4EE9F9AD7.tmp' to '../../../../../../Users/iylek/Desktop/Unreal/StealthGame/StealthGame_ProjectBase_4.25/StealthGame/Content/Maps/FirstPersonExampleMap.umap'
[2020.11.25-23.36.47:235][233]LogSavePackage: Moving '../../../../../../Users/iylek/Desktop/Unreal/StealthGame/StealthGame_ProjectBase_4.25/StealthGame/Saved/FirstPersonExampleMap_BuiltDataA8DFE72D41632786754C9E8B56A26EBB.tmp' to '../../../../../../Users/iylek/Desktop/Unreal/StealthGame/StealthGame_ProjectBase_4.25/StealthGame/Content/Maps/FirstPersonExampleMap_BuiltData.uasset'
[2020.11.25-23.36.47:261][233]AssetCheck: New page: Asset Save: multiple assets
[2020.11.25-23.36.47:261][233]LogContentValidation: Display: Validating World /Game/Maps/FirstPersonExampleMap.FirstPersonExampleMap
[2020.11.25-23.36.47:261][233]LogContentValidation: Display: Validating MapBuildDataRegistry /Game/Maps/FirstPersonExampleMap_BuiltData.FirstPersonExampleMap_BuiltData
