Log file open, 09/03/20 00:47:30
LogInit: Display: Running engine for game: FPSGame
LogPlatformFile: Not using cached read wrapper
LogTaskGraph: Started task graph with 5 named threads and 35 total threads with 3 sets of task threads.
LogStats: Stats thread started at 0.247666
LogD3D11RHI: Loaded GFSDK_Aftermath_Lib.x64.dll
LogICUInternationalization: ICU TimeZone Detection - Raw Offset: -5:00, Platform Override: ''
LogPluginManager: Mounting plugin Paper2D
LogPluginManager: Mounting plugin AISupport
LogPluginManager: Mounting plugin LightPropagationVolume
LogPluginManager: Mounting plugin CameraShakePreviewer
LogPluginManager: Mounting plugin ActorLayerUtilities
LogPluginManager: Mounting plugin AnimationSharing
LogPluginManager: Mounting plugin CLionSourceCodeAccess
LogPluginManager: Mounting plugin CodeLiteSourceCodeAccess
LogPluginManager: Mounting plugin GitSourceControl
LogPluginManager: Mounting plugin KDevelopSourceCodeAccess
LogPluginManager: Mounting plugin NullSourceCodeAccess
LogPluginManager: Mounting plugin PerforceSourceControl
LogPluginManager: Mounting plugin PlasticSourceControl
LogPluginManager: Mounting plugin RiderSourceCodeAccess
LogPluginManager: Mounting plugin SubversionSourceControl
LogPluginManager: Mounting plugin UObjectPlugin
LogPluginManager: Mounting plugin VisualStudioCodeSourceCodeAccess
LogPluginManager: Mounting plugin VisualStudioSourceCodeAccess
LogPluginManager: Mounting plugin XCodeSourceCodeAccess
LogPluginManager: Mounting plugin AssetManagerEditor
LogPluginManager: Mounting plugin CryptoKeys
LogPluginManager: Mounting plugin CurveEditorTools
LogPluginManager: Mounting plugin DataValidation
LogPluginManager: Mounting plugin EditorScriptingUtilities
LogPluginManager: Mounting plugin FacialAnimation
LogPluginManager: Mounting plugin GameplayTagsEditor
LogPluginManager: Mounting plugin GeometryMode
LogPluginManager: Mounting plugin MacGraphicsSwitching
LogPluginManager: Mounting plugin MaterialAnalyzer
LogPluginManager: Mounting plugin MobileLauncherProfileWizard
LogPluginManager: Mounting plugin PluginBrowser
LogPluginManager: Mounting plugin SpeedTreeImporter
LogPluginManager: Mounting plugin DatasmithContent
LogPluginManager: Mounting plugin VariantManagerContent
LogPluginManager: Mounting plugin AlembicImporter
LogPluginManager: Mounting plugin AutomationUtils
LogPluginManager: Mounting plugin BackChannel
LogPluginManager: Mounting plugin ChaosCloth
LogPluginManager: Mounting plugin ChaosClothEditor
LogPluginManager: Mounting plugin ChaosEditor
LogPluginManager: Mounting plugin ChaosNiagara
LogPluginManager: Mounting plugin ChaosSolverPlugin
LogPluginManager: Mounting plugin CharacterAI
LogPluginManager: Mounting plugin GeometryCache
LogPluginManager: Mounting plugin GeometryCollectionPlugin
LogPluginManager: Mounting plugin GeometryProcessing
LogPluginManager: Mounting plugin PlanarCut
LogPluginManager: Mounting plugin PlatformCrypto
LogPluginManager: Mounting plugin ProxyLODPlugin
LogPluginManager: Mounting plugin SkeletalReduction
LogPluginManager: Mounting plugin Niagara
LogPluginManager: Mounting plugin MagicLeap
LogPluginManager: Mounting plugin MagicLeapLightEstimation
LogPluginManager: Mounting plugin MagicLeapMedia
LogPluginManager: Mounting plugin MagicLeapPassableWorld
LogPluginManager: Mounting plugin MLSDK
LogPluginManager: Mounting plugin AndroidMedia
LogPluginManager: Mounting plugin AvfMedia
LogPluginManager: Mounting plugin ImgMedia
LogPluginManager: Mounting plugin MediaCompositing
LogPluginManager: Mounting plugin MediaPlayerEditor
LogPluginManager: Mounting plugin WebMMedia
LogPluginManager: Mounting plugin WmfMedia
LogPluginManager: Mounting plugin MeshPainting
LogPluginManager: Mounting plugin TcpMessaging
LogPluginManager: Mounting plugin UdpMessaging
LogPluginManager: Mounting plugin ActorSequence
LogPluginManager: Mounting plugin LevelSequenceEditor
LogPluginManager: Mounting plugin MatineeToLevelSequence
LogPluginManager: Mounting plugin MovieRenderPipeline
LogPluginManager: Mounting plugin TemplateSequence
LogPluginManager: Mounting plugin NetcodeUnitTest
LogPluginManager: Mounting plugin NUTUnrealEngine4
LogPluginManager: Mounting plugin OnlineSubsystemGooglePlay
LogPluginManager: Mounting plugin OnlineSubsystemIOS
LogPluginManager: Mounting plugin OnlineSubsystem
LogPluginManager: Mounting plugin OnlineSubsystemNull
LogPluginManager: Mounting plugin OnlineSubsystemUtils
LogPluginManager: Mounting plugin LauncherChunkInstaller
LogPluginManager: Mounting plugin AndroidDeviceProfileSelector
LogPluginManager: Mounting plugin AndroidMoviePlayer
LogPluginManager: Mounting plugin AndroidPermission
LogPluginManager: Mounting plugin AppleImageUtils
LogPluginManager: Mounting plugin AppleMoviePlayer
LogPluginManager: Mounting plugin ArchVisCharacter
LogPluginManager: Mounting plugin AssetTags
LogPluginManager: Mounting plugin AudioCapture
LogPluginManager: Mounting plugin CableComponent
LogPluginManager: Mounting plugin CustomMeshComponent
LogPluginManager: Mounting plugin EditableMesh
LogPluginManager: Mounting plugin ExampleDeviceProfileSelector
LogPluginManager: Mounting plugin GoogleCloudMessaging
LogPluginManager: Mounting plugin GooglePAD
LogPluginManager: Mounting plugin IOSDeviceProfileSelector
LogPluginManager: Mounting plugin LinuxDeviceProfileSelector
LogPluginManager: Mounting plugin LocationServicesBPLibrary
LogPluginManager: Mounting plugin MobilePatchingUtils
LogPluginManager: Mounting plugin OculusVR
LogPluginManager: Mounting plugin PhysXVehicles
LogPluginManager: Mounting plugin PostSplashScreen
LogPluginManager: Mounting plugin ProceduralMeshComponent
LogPluginManager: Mounting plugin RuntimePhysXCooking
LogPluginManager: Mounting plugin SignificanceManager
LogPluginManager: Mounting plugin SoundFields
LogPluginManager: Mounting plugin SteamVR
LogPluginManager: Mounting plugin Synthesis
LogPluginManager: Mounting plugin WebMMoviePlayer
LogPluginManager: Mounting plugin WindowsMoviePlayer
LogPluginManager: Mounting plugin ScreenshotTools
LogInit: Using libcurl 7.55.1-DEV
LogInit:  - built for x86_64-pc-win32
LogInit:  - supports SSL with OpenSSL/1.1.1
LogInit:  - supports HTTP deflate (compression) using libz 1.2.8
LogInit:  - other features:
LogInit:      CURL_VERSION_SSL
LogInit:      CURL_VERSION_LIBZ
LogInit:      CURL_VERSION_IPV6
LogInit:      CURL_VERSION_ASYNCHDNS
LogInit:      CURL_VERSION_LARGEFILE
LogInit:      CURL_VERSION_IDN
LogInit:  CurlRequestOptions (configurable via config and command line):
LogInit:  - bVerifyPeer = true  - Libcurl will verify peer certificate
LogInit:  - bUseHttpProxy = false  - Libcurl will NOT use HTTP proxy
LogInit:  - bDontReuseConnections = false  - Libcurl will reuse connections
LogInit:  - MaxHostConnections = 16  - Libcurl will limit the number of connections to a host
LogInit:  - LocalHostAddr = Default
LogInit:  - BufferSize = 65536
LogOnline: OSS: Creating online subsystem instance for: NULL
LogInit: WinSock: version 1.1 (2.2), MaxSocks=32767, MaxUdp=65467
LogOnline: OSS: TryLoadSubsystemAndSetDefault: Loaded subsystem for module [NULL]
LogInit: Build: ++UE4+Release-4.25-CL-13942748
LogInit: Engine Version: 4.25.3-13942748+++UE4+Release-4.25
LogInit: Compatible Engine Version: 4.25.0-13144385+++UE4+Release-4.25
LogInit: Net CL: 13144385
LogInit: OS: Windows 10 (Release 1909) (), CPU: AMD Ryzen 5 3600 6-Core Processor              , GPU: NVIDIA GeForce RTX 2060
LogInit: Compiled (64-bit): Jul 25 2020 02:07:48
LogInit: Compiled with Visual C++: 19.24.28315.00
LogInit: Build Configuration: Development
LogInit: Branch Name: ++UE4+Release-4.25
LogInit: Command Line:  -skipcompile
LogInit: Base Directory: C:/Program Files/Epic Games/UE_4.25/Engine/Binaries/Win64/
LogInit: Allocator: TBB
LogInit: Installed Engine Build: 1
LogDevObjectVersion: Number of dev versions registered: 26
LogDevObjectVersion:   Dev-Blueprints (B0D832E4-1F89-4F0D-ACCF-7EB736FD4AA2): 10
LogDevObjectVersion:   Dev-Build (E1C64328-A22C-4D53-A36C-8E866417BD8C): 0
LogDevObjectVersion:   Dev-Core (375EC13C-06E4-48FB-B500-84F0262A717E): 4
LogDevObjectVersion:   Dev-Editor (E4B068ED-F494-42E9-A231-DA0B2E46BB41): 38
LogDevObjectVersion:   Dev-Framework (CFFC743F-43B0-4480-9391-14DF171D2073): 37
LogDevObjectVersion:   Dev-Mobile (B02B49B5-BB20-44E9-A304-32B752E40360): 2
LogDevObjectVersion:   Dev-Networking (A4E4105C-59A1-49B5-A7C5-40C4547EDFEE): 0
LogDevObjectVersion:   Dev-Online (39C831C9-5AE6-47DC-9A44-9C173E1C8E7C): 0
LogDevObjectVersion:   Dev-Physics (78F01B33-EBEA-4F98-B9B4-84EACCB95AA2): 4
LogDevObjectVersion:   Dev-Platform (6631380F-2D4D-43E0-8009-CF276956A95A): 0
LogDevObjectVersion:   Dev-Rendering (12F88B9F-8875-4AFC-A67C-D90C383ABD29): 43
LogDevObjectVersion:   Dev-Sequencer (7B5AE74C-D270-4C10-A958-57980B212A5A): 12
LogDevObjectVersion:   Dev-VR (D7296918-1DD6-4BDD-9DE2-64A83CC13884): 3
LogDevObjectVersion:   Dev-LoadTimes (C2A15278-BFE7-4AFE-6C17-90FF531DF755): 1
LogDevObjectVersion:   Private-Geometry (6EACA3D4-40EC-4CC1-B786-8BED09428FC5): 3
LogDevObjectVersion:   Dev-AnimPhys (29E575DD-E0A3-4627-9D10-D276232CDCEA): 17
LogDevObjectVersion:   Dev-Anim (AF43A65D-7FD3-4947-9873-3E8ED9C1BB05): 7
LogDevObjectVersion:   Dev-ReflectionCapture (6B266CEC-1EC7-4B8F-A30B-E4D90942FC07): 1
LogDevObjectVersion:   Dev-Automation (0DF73D61-A23F-47EA-B727-89E90C41499A): 1
LogDevObjectVersion:   FortniteMain (601D1886-AC64-4F84-AA16-D3DE0DEAC7D6): 31
LogDevObjectVersion:   Dev-Enterprise (9DFFBCD6-494F-0158-E221-12823C92A888): 10
LogDevObjectVersion:   Dev-Niagara (F2AED0AC-9AFE-416F-8664-AA7FFA26D6FC): 1
LogDevObjectVersion:   Dev-Destruction (174F1F0B-B4C6-45A5-B13F-2EE8D0FB917D): 10
LogDevObjectVersion:   Dev-Physics-Ext (35F94A83-E258-406C-A318-09F59610247C): 37
LogDevObjectVersion:   Dev-PhysicsMaterial-Chaos (B68FC16E-8B1B-42E2-B453-215C058844FE): 1
LogDevObjectVersion:   Dev-CineCamera (B2E18506-4273-CFC2-A54E-F4BB758BBA07): 1
LogInit: Presizing for max 25165824 objects, including 0 objects not considered by GC, pre-allocating 0 bytes for permanent pool.
LogConfig: Applying CVar settings from Section [/Script/Engine.StreamingSettings] File [C:/Users/iylek/Desktop/Unreal/StealthGame/StealthGame_ProjectBase_4.25/StealthGame/Saved/Config/Windows/Engine.ini]
LogConfig: Setting CVar [[s.MinBulkDataSizeForAsyncLoading:131072]]
LogConfig: Setting CVar [[s.AsyncLoadingThreadEnabled:0]]
LogConfig: Setting CVar [[s.EventDrivenLoaderEnabled:1]]
LogConfig: Setting CVar [[s.WarnIfTimeLimitExceeded:0]]
LogConfig: Setting CVar [[s.TimeLimitExceededMultiplier:1.5]]
LogConfig: Setting CVar [[s.TimeLimitExceededMinTime:0.005]]
LogConfig: Setting CVar [[s.UseBackgroundLevelStreaming:1]]
LogConfig: Setting CVar [[s.PriorityAsyncLoadingExtraTime:15.0]]
LogConfig: Setting CVar [[s.LevelStreamingActorsUpdateTimeLimit:5.0]]
LogConfig: Setting CVar [[s.PriorityLevelStreamingActorsUpdateExtraTime:5.0]]
LogConfig: Setting CVar [[s.LevelStreamingComponentsRegistrationGranularity:10]]
LogConfig: Setting CVar [[s.UnregisterComponentsTimeLimit:1.0]]
LogConfig: Setting CVar [[s.LevelStreamingComponentsUnregistrationGranularity:5]]
LogConfig: Setting CVar [[s.FlushStreamingOnExit:1]]
LogInit: Object subsystem initialized
LogConfig: Setting CVar [[con.DebugEarlyDefault:1]]
LogConfig: Setting CVar [[r.setres:1280x720]]
[2020.09.03-04.47.31:105][  0]LogConfig: Setting CVar [[r.VSync:0]]
[2020.09.03-04.47.31:105][  0]LogConfig: Setting CVar [[r.RHICmdBypass:0]]
[2020.09.03-04.47.31:105][  0]LogConfig: Applying CVar settings from Section [/Script/Engine.RendererSettings] File [C:/Users/iylek/Desktop/Unreal/StealthGame/StealthGame_ProjectBase_4.25/StealthGame/Saved/Config/Windows/Engine.ini]
[2020.09.03-04.47.31:105][  0]LogConfig: Setting CVar [[r.GPUCrashDebugging:0]]
[2020.09.03-04.47.31:105][  0]LogConfig: Applying CVar settings from Section [/Script/Engine.RendererOverrideSettings] File [C:/Users/iylek/Desktop/Unreal/StealthGame/StealthGame_ProjectBase_4.25/StealthGame/Saved/Config/Windows/Engine.ini]
[2020.09.03-04.47.31:105][  0]LogConfig: Applying CVar settings from Section [/Script/Engine.StreamingSettings] File [C:/Users/iylek/Desktop/Unreal/StealthGame/StealthGame_ProjectBase_4.25/StealthGame/Saved/Config/Windows/Engine.ini]
[2020.09.03-04.47.31:105][  0]LogConfig: Setting CVar [[s.MinBulkDataSizeForAsyncLoading:131072]]
[2020.09.03-04.47.31:105][  0]LogConfig: Setting CVar [[s.AsyncLoadingThreadEnabled:0]]
[2020.09.03-04.47.31:105][  0]LogConfig: Setting CVar [[s.EventDrivenLoaderEnabled:1]]
[2020.09.03-04.47.31:105][  0]LogConfig: Setting CVar [[s.WarnIfTimeLimitExceeded:0]]
[2020.09.03-04.47.31:105][  0]LogConfig: Setting CVar [[s.TimeLimitExceededMultiplier:1.5]]
[2020.09.03-04.47.31:105][  0]LogConfig: Setting CVar [[s.TimeLimitExceededMinTime:0.005]]
[2020.09.03-04.47.31:105][  0]LogConfig: Setting CVar [[s.UseBackgroundLevelStreaming:1]]
[2020.09.03-04.47.31:105][  0]LogConfig: Setting CVar [[s.PriorityAsyncLoadingExtraTime:15.0]]
[2020.09.03-04.47.31:105][  0]LogConfig: Setting CVar [[s.LevelStreamingActorsUpdateTimeLimit:5.0]]
[2020.09.03-04.47.31:106][  0]LogConfig: Setting CVar [[s.PriorityLevelStreamingActorsUpdateExtraTime:5.0]]
[2020.09.03-04.47.31:106][  0]LogConfig: Setting CVar [[s.LevelStreamingComponentsRegistrationGranularity:10]]
[2020.09.03-04.47.31:106][  0]LogConfig: Setting CVar [[s.UnregisterComponentsTimeLimit:1.0]]
[2020.09.03-04.47.31:106][  0]LogConfig: Setting CVar [[s.LevelStreamingComponentsUnregistrationGranularity:5]]
[2020.09.03-04.47.31:106][  0]LogConfig: Setting CVar [[s.FlushStreamingOnExit:1]]
[2020.09.03-04.47.31:106][  0]LogConfig: Applying CVar settings from Section [/Script/Engine.GarbageCollectionSettings] File [C:/Users/iylek/Desktop/Unreal/StealthGame/StealthGame_ProjectBase_4.25/StealthGame/Saved/Config/Windows/Engine.ini]
[2020.09.03-04.47.31:106][  0]LogConfig: Setting CVar [[gc.MaxObjectsNotConsideredByGC:1]]
[2020.09.03-04.47.31:106][  0]LogConfig: Setting CVar [[gc.SizeOfPermanentObjectPool:0]]
[2020.09.03-04.47.31:106][  0]LogConfig: Setting CVar [[gc.FlushStreamingOnGC:0]]
[2020.09.03-04.47.31:106][  0]LogConfig: Setting CVar [[gc.NumRetriesBeforeForcingGC:10]]
[2020.09.03-04.47.31:106][  0]LogConfig: Setting CVar [[gc.AllowParallelGC:1]]
[2020.09.03-04.47.31:106][  0]LogConfig: Setting CVar [[gc.TimeBetweenPurgingPendingKillObjects:61.1]]
[2020.09.03-04.47.31:106][  0]LogConfig: Setting CVar [[gc.MaxObjectsInEditor:25165824]]
[2020.09.03-04.47.31:106][  0]LogConfig: Setting CVar [[gc.IncrementalBeginDestroyEnabled:1]]
[2020.09.03-04.47.31:106][  0]LogConfig: Setting CVar [[gc.CreateGCClusters:1]]
[2020.09.03-04.47.31:106][  0]LogConfig: Setting CVar [[gc.MinGCClusterSize:5]]
[2020.09.03-04.47.31:106][  0]LogConfig: Setting CVar [[gc.ActorClusteringEnabled:0]]
[2020.09.03-04.47.31:106][  0]LogConfig: Setting CVar [[gc.BlueprintClusteringEnabled:0]]
[2020.09.03-04.47.31:106][  0]LogConfig: Setting CVar [[gc.UseDisregardForGCOnDedicatedServers:0]]
[2020.09.03-04.47.31:107][  0]LogConfig: Applying CVar settings from Section [/Script/Engine.NetworkSettings] File [C:/Users/iylek/Desktop/Unreal/StealthGame/StealthGame_ProjectBase_4.25/StealthGame/Saved/Config/Windows/Engine.ini]
[2020.09.03-04.47.31:107][  0]LogConfig: Applying CVar settings from Section [/Script/UnrealEd.CookerSettings] File [C:/Users/iylek/Desktop/Unreal/StealthGame/StealthGame_ProjectBase_4.25/StealthGame/Saved/Config/Windows/Engine.ini]
[2020.09.03-04.47.31:114][  0]LogConfig: Applying CVar settings from Section [ViewDistanceQuality@3] File [C:/Users/iylek/Desktop/Unreal/StealthGame/StealthGame_ProjectBase_4.25/StealthGame/Saved/Config/Windows/Scalability.ini]
[2020.09.03-04.47.31:114][  0]LogConfig: Setting CVar [[r.SkeletalMeshLODBias:0]]
[2020.09.03-04.47.31:114][  0]LogConfig: Setting CVar [[r.ViewDistanceScale:1.0]]
[2020.09.03-04.47.31:114][  0]LogConfig: Applying CVar settings from Section [AntiAliasingQuality@3] File [C:/Users/iylek/Desktop/Unreal/StealthGame/StealthGame_ProjectBase_4.25/StealthGame/Saved/Config/Windows/Scalability.ini]
[2020.09.03-04.47.31:114][  0]LogConfig: Setting CVar [[r.PostProcessAAQuality:4]]
[2020.09.03-04.47.31:114][  0]LogConfig: Applying CVar settings from Section [ShadowQuality@3] File [C:/Users/iylek/Desktop/Unreal/StealthGame/StealthGame_ProjectBase_4.25/StealthGame/Saved/Config/Windows/Scalability.ini]
[2020.09.03-04.47.31:114][  0]LogConfig: Setting CVar [[r.LightFunctionQuality:1]]
[2020.09.03-04.47.31:114][  0]LogConfig: Setting CVar [[r.ShadowQuality:5]]
[2020.09.03-04.47.31:114][  0]LogConfig: Setting CVar [[r.Shadow.CSM.MaxCascades:10]]
[2020.09.03-04.47.31:114][  0]LogConfig: Setting CVar [[r.Shadow.MaxResolution:2048]]
[2020.09.03-04.47.31:114][  0]LogConfig: Setting CVar [[r.Shadow.MaxCSMResolution:2048]]
[2020.09.03-04.47.31:114][  0]LogConfig: Setting CVar [[r.Shadow.RadiusThreshold:0.01]]
[2020.09.03-04.47.31:114][  0]LogConfig: Setting CVar [[r.Shadow.DistanceScale:1.0]]
[2020.09.03-04.47.31:114][  0]LogConfig: Setting CVar [[r.Shadow.CSM.TransitionScale:1.0]]
[2020.09.03-04.47.31:114][  0]LogConfig: Setting CVar [[r.Shadow.PreShadowResolutionFactor:1.0]]
[2020.09.03-04.47.31:115][  0]LogConfig: Setting CVar [[r.DistanceFieldShadowing:1]]
[2020.09.03-04.47.31:115][  0]LogConfig: Setting CVar [[r.DistanceFieldAO:1]]
[2020.09.03-04.47.31:115][  0]LogConfig: Setting CVar [[r.AOQuality:2]]
[2020.09.03-04.47.31:115][  0]LogConfig: Setting CVar [[r.VolumetricFog:1]]
[2020.09.03-04.47.31:115][  0]LogConfig: Setting CVar [[r.VolumetricFog.GridPixelSize:8]]
[2020.09.03-04.47.31:115][  0]LogConfig: Setting CVar [[r.VolumetricFog.GridSizeZ:128]]
[2020.09.03-04.47.31:115][  0]LogConfig: Setting CVar [[r.VolumetricFog.HistoryMissSupersampleCount:4]]
[2020.09.03-04.47.31:115][  0]LogConfig: Setting CVar [[r.LightMaxDrawDistanceScale:1]]
[2020.09.03-04.47.31:115][  0]LogConfig: Setting CVar [[r.CapsuleShadows:1]]
[2020.09.03-04.47.31:115][  0]LogConfig: Applying CVar settings from Section [PostProcessQuality@3] File [C:/Users/iylek/Desktop/Unreal/StealthGame/StealthGame_ProjectBase_4.25/StealthGame/Saved/Config/Windows/Scalability.ini]
[2020.09.03-04.47.31:115][  0]LogConfig: Setting CVar [[r.MotionBlurQuality:4]]
[2020.09.03-04.47.31:115][  0]LogConfig: Setting CVar [[r.AmbientOcclusionMipLevelFactor:0.4]]
[2020.09.03-04.47.31:115][  0]LogConfig: Setting CVar [[r.AmbientOcclusionMaxQuality:100]]
[2020.09.03-04.47.31:115][  0]LogConfig: Setting CVar [[r.AmbientOcclusionLevels:-1]]
[2020.09.03-04.47.31:115][  0]LogConfig: Setting CVar [[r.AmbientOcclusionRadiusScale:1.0]]
[2020.09.03-04.47.31:115][  0]LogConfig: Setting CVar [[r.DepthOfFieldQuality:2]]
[2020.09.03-04.47.31:115][  0]LogConfig: Setting CVar [[r.RenderTargetPoolMin:400]]
[2020.09.03-04.47.31:116][  0]LogConfig: Setting CVar [[r.LensFlareQuality:2]]
[2020.09.03-04.47.31:116][  0]LogConfig: Setting CVar [[r.SceneColorFringeQuality:1]]
[2020.09.03-04.47.31:116][  0]LogConfig: Setting CVar [[r.EyeAdaptationQuality:2]]
[2020.09.03-04.47.31:116][  0]LogConfig: Setting CVar [[r.BloomQuality:5]]
[2020.09.03-04.47.31:116][  0]LogConfig: Setting CVar [[r.FastBlurThreshold:100]]
[2020.09.03-04.47.31:116][  0]LogConfig: Setting CVar [[r.Upscale.Quality:3]]
[2020.09.03-04.47.31:116][  0]LogConfig: Setting CVar [[r.Tonemapper.GrainQuantization:1]]
[2020.09.03-04.47.31:116][  0]LogConfig: Setting CVar [[r.LightShaftQuality:1]]
[2020.09.03-04.47.31:116][  0]LogConfig: Setting CVar [[r.Filter.SizeScale:1]]
[2020.09.03-04.47.31:116][  0]LogConfig: Setting CVar [[r.Tonemapper.Quality:5]]
[2020.09.03-04.47.31:116][  0]LogConfig: Setting CVar [[r.DOF.Gather.AccumulatorQuality:1        ; higher gathering accumulator quality]]
[2020.09.03-04.47.31:116][  0]LogConfig: Setting CVar [[r.DOF.Gather.PostfilterMethod:1          ; Median3x3 postfilering method]]
[2020.09.03-04.47.31:116][  0]LogConfig: Setting CVar [[r.DOF.Gather.EnableBokehSettings:0       ; no bokeh simulation when gathering]]
[2020.09.03-04.47.31:116][  0]LogConfig: Setting CVar [[r.DOF.Gather.RingCount:4                 ; medium number of samples when gathering]]
[2020.09.03-04.47.31:116][  0]LogConfig: Setting CVar [[r.DOF.Scatter.ForegroundCompositing:1    ; additive foreground scattering]]
[2020.09.03-04.47.31:116][  0]LogConfig: Setting CVar [[r.DOF.Scatter.BackgroundCompositing:2    ; additive background scattering]]
[2020.09.03-04.47.31:116][  0]LogConfig: Setting CVar [[r.DOF.Scatter.EnableBokehSettings:1      ; bokeh simulation when scattering]]
[2020.09.03-04.47.31:116][  0]LogConfig: Setting CVar [[r.DOF.Scatter.MaxSpriteRatio:0.1         ; only a maximum of 10% of scattered bokeh]]
[2020.09.03-04.47.31:116][  0]LogConfig: Setting CVar [[r.DOF.Recombine.Quality:1                ; cheap slight out of focus]]
[2020.09.03-04.47.31:117][  0]LogConfig: Setting CVar [[r.DOF.Recombine.EnableBokehSettings:0    ; no bokeh simulation on slight out of focus]]
[2020.09.03-04.47.31:117][  0]LogConfig: Setting CVar [[r.DOF.TemporalAAQuality:1                ; more stable temporal accumulation]]
[2020.09.03-04.47.31:117][  0]LogConfig: Setting CVar [[r.DOF.Kernel.MaxForegroundRadius:0.025]]
[2020.09.03-04.47.31:117][  0]LogConfig: Setting CVar [[r.DOF.Kernel.MaxBackgroundRadius:0.025]]
[2020.09.03-04.47.31:117][  0]LogConfig: Applying CVar settings from Section [TextureQuality@3] File [C:/Users/iylek/Desktop/Unreal/StealthGame/StealthGame_ProjectBase_4.25/StealthGame/Saved/Config/Windows/Scalability.ini]
[2020.09.03-04.47.31:117][  0]LogConfig: Setting CVar [[r.Streaming.MipBias:0]]
[2020.09.03-04.47.31:117][  0]LogConfig: Setting CVar [[r.Streaming.AmortizeCPUToGPUCopy:0]]
[2020.09.03-04.47.31:117][  0]LogConfig: Setting CVar [[r.Streaming.MaxNumTexturesToStreamPerFrame:0]]
[2020.09.03-04.47.31:117][  0]LogConfig: Setting CVar [[r.Streaming.Boost:1]]
[2020.09.03-04.47.31:117][  0]LogConfig: Setting CVar [[r.MaxAnisotropy:8]]
[2020.09.03-04.47.31:117][  0]LogConfig: Setting CVar [[r.VT.MaxAnisotropy:8]]
[2020.09.03-04.47.31:117][  0]LogConfig: Setting CVar [[r.Streaming.LimitPoolSizeToVRAM:0]]
[2020.09.03-04.47.31:117][  0]LogConfig: Setting CVar [[r.Streaming.PoolSize:1000]]
[2020.09.03-04.47.31:117][  0]LogConfig: Setting CVar [[r.Streaming.MaxEffectiveScreenSize:0]]
[2020.09.03-04.47.31:117][  0]LogConfig: Applying CVar settings from Section [EffectsQuality@3] File [C:/Users/iylek/Desktop/Unreal/StealthGame/StealthGame_ProjectBase_4.25/StealthGame/Saved/Config/Windows/Scalability.ini]
[2020.09.03-04.47.31:117][  0]LogConfig: Setting CVar [[r.TranslucencyLightingVolumeDim:64]]
[2020.09.03-04.47.31:117][  0]LogConfig: Setting CVar [[r.RefractionQuality:2]]
[2020.09.03-04.47.31:117][  0]LogConfig: Setting CVar [[r.SSR.Quality:3]]
[2020.09.03-04.47.31:117][  0]LogConfig: Setting CVar [[r.SSR.HalfResSceneColor:0]]
[2020.09.03-04.47.31:117][  0]LogConfig: Setting CVar [[r.SceneColorFormat:4]]
[2020.09.03-04.47.31:117][  0]LogConfig: Setting CVar [[r.DetailMode:2]]
[2020.09.03-04.47.31:118][  0]LogConfig: Setting CVar [[r.TranslucencyVolumeBlur:1]]
[2020.09.03-04.47.31:118][  0]LogConfig: Setting CVar [[r.MaterialQualityLevel:1 ; High quality]]
[2020.09.03-04.47.31:118][  0]LogConfig: Setting CVar [[r.SSS.Scale:1]]
[2020.09.03-04.47.31:118][  0]LogConfig: Setting CVar [[r.SSS.SampleSet:2]]
[2020.09.03-04.47.31:118][  0]LogConfig: Setting CVar [[r.SSS.Quality:1]]
[2020.09.03-04.47.31:118][  0]LogConfig: Setting CVar [[r.SSS.HalfRes:0]]
[2020.09.03-04.47.31:118][  0]LogConfig: Setting CVar [[r.SSGI.Quality:3]]
[2020.09.03-04.47.31:118][  0]LogConfig: Setting CVar [[r.EmitterSpawnRateScale:1.0]]
[2020.09.03-04.47.31:118][  0]LogConfig: Setting CVar [[r.ParticleLightQuality:2]]
[2020.09.03-04.47.31:118][  0]LogConfig: Setting CVar [[r.SkyAtmosphere.AerialPerspectiveLUT.FastApplyOnOpaque:1 ; Always have FastSkyLUT 1 in this case to avoid wrong sky]]
[2020.09.03-04.47.31:118][  0]LogConfig: Setting CVar [[r.SkyAtmosphere.AerialPerspectiveLUT.SampleCountPerSlice:1]]
[2020.09.03-04.47.31:118][  0]LogConfig: Setting CVar [[r.SkyAtmosphere.AerialPerspectiveLUT.DepthResolution:16.0]]
[2020.09.03-04.47.31:118][  0]LogConfig: Setting CVar [[r.SkyAtmosphere.FastSkyLUT:1]]
[2020.09.03-04.47.31:118][  0]LogConfig: Setting CVar [[r.SkyAtmosphere.FastSkyLUT.SampleCountMin:4.0]]
[2020.09.03-04.47.31:118][  0]LogConfig: Setting CVar [[r.SkyAtmosphere.FastSkyLUT.SampleCountMax:32.0]]
[2020.09.03-04.47.31:118][  0]LogConfig: Setting CVar [[r.SkyAtmosphere.SampleCountMin:4.0]]
[2020.09.03-04.47.31:118][  0]LogConfig: Setting CVar [[r.SkyAtmosphere.SampleCountMax:32.0]]
[2020.09.03-04.47.31:118][  0]LogConfig: Setting CVar [[r.SkyAtmosphere.TransmittanceLUT.UseSmallFormat:0]]
[2020.09.03-04.47.31:118][  0]LogConfig: Setting CVar [[r.SkyAtmosphere.TransmittanceLUT.SampleCount:10.0]]
[2020.09.03-04.47.31:118][  0]LogConfig: Setting CVar [[r.SkyAtmosphere.MultiScatteringLUT.SampleCount:15.0]]
[2020.09.03-04.47.31:118][  0]LogConfig: Applying CVar settings from Section [FoliageQuality@3] File [C:/Users/iylek/Desktop/Unreal/StealthGame/StealthGame_ProjectBase_4.25/StealthGame/Saved/Config/Windows/Scalability.ini]
[2020.09.03-04.47.31:119][  0]LogConfig: Setting CVar [[foliage.DensityScale:1.0]]
[2020.09.03-04.47.31:119][  0]LogConfig: Setting CVar [[grass.DensityScale:1.0]]
[2020.09.03-04.47.31:119][  0]LogConfig: Applying CVar settings from Section [ShadingQuality@3] File [C:/Users/iylek/Desktop/Unreal/StealthGame/StealthGame_ProjectBase_4.25/StealthGame/Saved/Config/Windows/Scalability.ini]
[2020.09.03-04.47.31:119][  0]LogConfig: Setting CVar [[r.HairStrands.SkyLighting.SampleCount:16]]
[2020.09.03-04.47.31:119][  0]LogConfig: Setting CVar [[r.HairStrands.SkyLighting.JitterIntegration:0]]
[2020.09.03-04.47.31:119][  0]LogConfig: Setting CVar [[r.HairStrands.SkyAO.SampleCount:16]]
[2020.09.03-04.47.31:119][  0]LogConfig: Setting CVar [[r.HairStrands.DeepShadow.SuperSampling:0]]
[2020.09.03-04.47.31:119][  0]LogConfig: Setting CVar [[r.HairStrands.VisibilityPPLL:0]]
[2020.09.03-04.47.31:119][  0]LogConfig: Setting CVar [[r.HairStrands.RasterizationScale:0.5]]
[2020.09.03-04.47.31:119][  0]LogConfig: Setting CVar [[r.HairStrands.VelocityRasterizationScale:1]]
[2020.09.03-04.47.31:119][  0]LogInit: Selected Device Profile: [Windows]
[2020.09.03-04.47.31:119][  0]LogInit: Applying CVar settings loaded from the selected device profile: [Windows]
[2020.09.03-04.47.31:119][  0]LogHAL: Display: Platform has ~ 16 GB [17126752256 / 17179869184 / 16], which maps to Larger [LargestMinGB=32, LargerMinGB=12, DefaultMinGB=8, SmallerMinGB=6, SmallestMinGB=0)
[2020.09.03-04.47.31:119][  0]LogInit: Going up to parent DeviceProfile []
[2020.09.03-04.47.31:119][  0]LogConfig: Applying CVar settings from Section [ViewDistanceQuality@3] File [C:/Users/iylek/Desktop/Unreal/StealthGame/StealthGame_ProjectBase_4.25/StealthGame/Saved/Config/Windows/Scalability.ini]
[2020.09.03-04.47.31:119][  0]LogConfig: Setting CVar [[r.SkeletalMeshLODBias:0]]
[2020.09.03-04.47.31:119][  0]LogConfig: Setting CVar [[r.ViewDistanceScale:1.0]]
[2020.09.03-04.47.31:120][  0]LogConfig: Applying CVar settings from Section [AntiAliasingQuality@3] File [C:/Users/iylek/Desktop/Unreal/StealthGame/StealthGame_ProjectBase_4.25/StealthGame/Saved/Config/Windows/Scalability.ini]
[2020.09.03-04.47.31:120][  0]LogConfig: Setting CVar [[r.PostProcessAAQuality:4]]
[2020.09.03-04.47.31:120][  0]LogConfig: Applying CVar settings from Section [ShadowQuality@3] File [C:/Users/iylek/Desktop/Unreal/StealthGame/StealthGame_ProjectBase_4.25/StealthGame/Saved/Config/Windows/Scalability.ini]
[2020.09.03-04.47.31:120][  0]LogConfig: Setting CVar [[r.LightFunctionQuality:1]]
[2020.09.03-04.47.31:120][  0]LogConfig: Setting CVar [[r.ShadowQuality:5]]
[2020.09.03-04.47.31:120][  0]LogConfig: Setting CVar [[r.Shadow.CSM.MaxCascades:10]]
[2020.09.03-04.47.31:120][  0]LogConfig: Setting CVar [[r.Shadow.MaxResolution:2048]]
[2020.09.03-04.47.31:120][  0]LogConfig: Setting CVar [[r.Shadow.MaxCSMResolution:2048]]
[2020.09.03-04.47.31:120][  0]LogConfig: Setting CVar [[r.Shadow.RadiusThreshold:0.01]]
[2020.09.03-04.47.31:120][  0]LogConfig: Setting CVar [[r.Shadow.DistanceScale:1.0]]
[2020.09.03-04.47.31:120][  0]LogConfig: Setting CVar [[r.Shadow.CSM.TransitionScale:1.0]]
[2020.09.03-04.47.31:120][  0]LogConfig: Setting CVar [[r.Shadow.PreShadowResolutionFactor:1.0]]
[2020.09.03-04.47.31:120][  0]LogConfig: Setting CVar [[r.DistanceFieldShadowing:1]]
[2020.09.03-04.47.31:120][  0]LogConfig: Setting CVar [[r.DistanceFieldAO:1]]
[2020.09.03-04.47.31:120][  0]LogConfig: Setting CVar [[r.AOQuality:2]]
[2020.09.03-04.47.31:120][  0]LogConfig: Setting CVar [[r.VolumetricFog:1]]
[2020.09.03-04.47.31:120][  0]LogConfig: Setting CVar [[r.VolumetricFog.GridPixelSize:8]]
[2020.09.03-04.47.31:120][  0]LogConfig: Setting CVar [[r.VolumetricFog.GridSizeZ:128]]
[2020.09.03-04.47.31:120][  0]LogConfig: Setting CVar [[r.VolumetricFog.HistoryMissSupersampleCount:4]]
[2020.09.03-04.47.31:120][  0]LogConfig: Setting CVar [[r.LightMaxDrawDistanceScale:1]]
[2020.09.03-04.47.31:120][  0]LogConfig: Setting CVar [[r.CapsuleShadows:1]]
[2020.09.03-04.47.31:121][  0]LogConfig: Applying CVar settings from Section [PostProcessQuality@3] File [C:/Users/iylek/Desktop/Unreal/StealthGame/StealthGame_ProjectBase_4.25/StealthGame/Saved/Config/Windows/Scalability.ini]
[2020.09.03-04.47.31:121][  0]LogConfig: Setting CVar [[r.MotionBlurQuality:4]]
[2020.09.03-04.47.31:121][  0]LogConfig: Setting CVar [[r.AmbientOcclusionMipLevelFactor:0.4]]
[2020.09.03-04.47.31:121][  0]LogConfig: Setting CVar [[r.AmbientOcclusionMaxQuality:100]]
[2020.09.03-04.47.31:121][  0]LogConfig: Setting CVar [[r.AmbientOcclusionLevels:-1]]
[2020.09.03-04.47.31:121][  0]LogConfig: Setting CVar [[r.AmbientOcclusionRadiusScale:1.0]]
[2020.09.03-04.47.31:121][  0]LogConfig: Setting CVar [[r.DepthOfFieldQuality:2]]
[2020.09.03-04.47.31:121][  0]LogConfig: Setting CVar [[r.RenderTargetPoolMin:400]]
[2020.09.03-04.47.31:121][  0]LogConfig: Setting CVar [[r.LensFlareQuality:2]]
[2020.09.03-04.47.31:121][  0]LogConfig: Setting CVar [[r.SceneColorFringeQuality:1]]
[2020.09.03-04.47.31:121][  0]LogConfig: Setting CVar [[r.EyeAdaptationQuality:2]]
[2020.09.03-04.47.31:121][  0]LogConfig: Setting CVar [[r.BloomQuality:5]]
[2020.09.03-04.47.31:121][  0]LogConfig: Setting CVar [[r.FastBlurThreshold:100]]
[2020.09.03-04.47.31:121][  0]LogConfig: Setting CVar [[r.Upscale.Quality:3]]
[2020.09.03-04.47.31:121][  0]LogConfig: Setting CVar [[r.Tonemapper.GrainQuantization:1]]
[2020.09.03-04.47.31:121][  0]LogConfig: Setting CVar [[r.LightShaftQuality:1]]
[2020.09.03-04.47.31:121][  0]LogConfig: Setting CVar [[r.Filter.SizeScale:1]]
[2020.09.03-04.47.31:121][  0]LogConfig: Setting CVar [[r.Tonemapper.Quality:5]]
[2020.09.03-04.47.31:121][  0]LogConfig: Setting CVar [[r.DOF.Gather.AccumulatorQuality:1        ; higher gathering accumulator quality]]
[2020.09.03-04.47.31:121][  0]LogConfig: Setting CVar [[r.DOF.Gather.PostfilterMethod:1          ; Median3x3 postfilering method]]
[2020.09.03-04.47.31:121][  0]LogConfig: Setting CVar [[r.DOF.Gather.EnableBokehSettings:0       ; no bokeh simulation when gathering]]
[2020.09.03-04.47.31:121][  0]LogConfig: Setting CVar [[r.DOF.Gather.RingCount:4                 ; medium number of samples when gathering]]
[2020.09.03-04.47.31:121][  0]LogConfig: Setting CVar [[r.DOF.Scatter.ForegroundCompositing:1    ; additive foreground scattering]]
[2020.09.03-04.47.31:121][  0]LogConfig: Setting CVar [[r.DOF.Scatter.BackgroundCompositing:2    ; additive background scattering]]
[2020.09.03-04.47.31:122][  0]LogConfig: Setting CVar [[r.DOF.Scatter.EnableBokehSettings:1      ; bokeh simulation when scattering]]
[2020.09.03-04.47.31:122][  0]LogConfig: Setting CVar [[r.DOF.Scatter.MaxSpriteRatio:0.1         ; only a maximum of 10% of scattered bokeh]]
[2020.09.03-04.47.31:122][  0]LogConfig: Setting CVar [[r.DOF.Recombine.Quality:1                ; cheap slight out of focus]]
[2020.09.03-04.47.31:122][  0]LogConfig: Setting CVar [[r.DOF.Recombine.EnableBokehSettings:0    ; no bokeh simulation on slight out of focus]]
[2020.09.03-04.47.31:122][  0]LogConfig: Setting CVar [[r.DOF.TemporalAAQuality:1                ; more stable temporal accumulation]]
[2020.09.03-04.47.31:122][  0]LogConfig: Setting CVar [[r.DOF.Kernel.MaxForegroundRadius:0.025]]
[2020.09.03-04.47.31:122][  0]LogConfig: Setting CVar [[r.DOF.Kernel.MaxBackgroundRadius:0.025]]
[2020.09.03-04.47.31:122][  0]LogConfig: Applying CVar settings from Section [TextureQuality@3] File [C:/Users/iylek/Desktop/Unreal/StealthGame/StealthGame_ProjectBase_4.25/StealthGame/Saved/Config/Windows/Scalability.ini]
[2020.09.03-04.47.31:122][  0]LogConfig: Setting CVar [[r.Streaming.MipBias:0]]
[2020.09.03-04.47.31:122][  0]LogConfig: Setting CVar [[r.Streaming.AmortizeCPUToGPUCopy:0]]
[2020.09.03-04.47.31:122][  0]LogConfig: Setting CVar [[r.Streaming.MaxNumTexturesToStreamPerFrame:0]]
[2020.09.03-04.47.31:122][  0]LogConfig: Setting CVar [[r.Streaming.Boost:1]]
[2020.09.03-04.47.31:122][  0]LogConfig: Setting CVar [[r.MaxAnisotropy:8]]
[2020.09.03-04.47.31:122][  0]LogConfig: Setting CVar [[r.VT.MaxAnisotropy:8]]
[2020.09.03-04.47.31:122][  0]LogConfig: Setting CVar [[r.Streaming.LimitPoolSizeToVRAM:0]]
[2020.09.03-04.47.31:122][  0]LogConfig: Setting CVar [[r.Streaming.PoolSize:1000]]
[2020.09.03-04.47.31:122][  0]LogConfig: Setting CVar [[r.Streaming.MaxEffectiveScreenSize:0]]
[2020.09.03-04.47.31:122][  0]LogConfig: Applying CVar settings from Section [EffectsQuality@3] File [C:/Users/iylek/Desktop/Unreal/StealthGame/StealthGame_ProjectBase_4.25/StealthGame/Saved/Config/Windows/Scalability.ini]
[2020.09.03-04.47.31:122][  0]LogConfig: Setting CVar [[r.TranslucencyLightingVolumeDim:64]]
[2020.09.03-04.47.31:122][  0]LogConfig: Setting CVar [[r.RefractionQuality:2]]
[2020.09.03-04.47.31:122][  0]LogConfig: Setting CVar [[r.SSR.Quality:3]]
[2020.09.03-04.47.31:122][  0]LogConfig: Setting CVar [[r.SSR.HalfResSceneColor:0]]
[2020.09.03-04.47.31:123][  0]LogConfig: Setting CVar [[r.SceneColorFormat:4]]
[2020.09.03-04.47.31:123][  0]LogConfig: Setting CVar [[r.DetailMode:2]]
[2020.09.03-04.47.31:123][  0]LogConfig: Setting CVar [[r.TranslucencyVolumeBlur:1]]
[2020.09.03-04.47.31:123][  0]LogConfig: Setting CVar [[r.MaterialQualityLevel:1 ; High quality]]
[2020.09.03-04.47.31:123][  0]LogConfig: Setting CVar [[r.SSS.Scale:1]]
[2020.09.03-04.47.31:123][  0]LogConfig: Setting CVar [[r.SSS.SampleSet:2]]
[2020.09.03-04.47.31:123][  0]LogConfig: Setting CVar [[r.SSS.Quality:1]]
[2020.09.03-04.47.31:123][  0]LogConfig: Setting CVar [[r.SSS.HalfRes:0]]
[2020.09.03-04.47.31:123][  0]LogConfig: Setting CVar [[r.SSGI.Quality:3]]
[2020.09.03-04.47.31:123][  0]LogConfig: Setting CVar [[r.EmitterSpawnRateScale:1.0]]
[2020.09.03-04.47.31:123][  0]LogConfig: Setting CVar [[r.ParticleLightQuality:2]]
[2020.09.03-04.47.31:123][  0]LogConfig: Setting CVar [[r.SkyAtmosphere.AerialPerspectiveLUT.FastApplyOnOpaque:1 ; Always have FastSkyLUT 1 in this case to avoid wrong sky]]
[2020.09.03-04.47.31:123][  0]LogConfig: Setting CVar [[r.SkyAtmosphere.AerialPerspectiveLUT.SampleCountPerSlice:1]]
[2020.09.03-04.47.31:123][  0]LogConfig: Setting CVar [[r.SkyAtmosphere.AerialPerspectiveLUT.DepthResolution:16.0]]
[2020.09.03-04.47.31:123][  0]LogConfig: Setting CVar [[r.SkyAtmosphere.FastSkyLUT:1]]
[2020.09.03-04.47.31:123][  0]LogConfig: Setting CVar [[r.SkyAtmosphere.FastSkyLUT.SampleCountMin:4.0]]
[2020.09.03-04.47.31:123][  0]LogConfig: Setting CVar [[r.SkyAtmosphere.FastSkyLUT.SampleCountMax:32.0]]
[2020.09.03-04.47.31:123][  0]LogConfig: Setting CVar [[r.SkyAtmosphere.SampleCountMin:4.0]]
[2020.09.03-04.47.31:123][  0]LogConfig: Setting CVar [[r.SkyAtmosphere.SampleCountMax:32.0]]
[2020.09.03-04.47.31:124][  0]LogConfig: Setting CVar [[r.SkyAtmosphere.TransmittanceLUT.UseSmallFormat:0]]
[2020.09.03-04.47.31:124][  0]LogConfig: Setting CVar [[r.SkyAtmosphere.TransmittanceLUT.SampleCount:10.0]]
[2020.09.03-04.47.31:124][  0]LogConfig: Setting CVar [[r.SkyAtmosphere.MultiScatteringLUT.SampleCount:15.0]]
[2020.09.03-04.47.31:124][  0]LogConfig: Applying CVar settings from Section [FoliageQuality@3] File [C:/Users/iylek/Desktop/Unreal/StealthGame/StealthGame_ProjectBase_4.25/StealthGame/Saved/Config/Windows/Scalability.ini]
[2020.09.03-04.47.31:124][  0]LogConfig: Setting CVar [[foliage.DensityScale:1.0]]
[2020.09.03-04.47.31:124][  0]LogConfig: Setting CVar [[grass.DensityScale:1.0]]
[2020.09.03-04.47.31:124][  0]LogConfig: Applying CVar settings from Section [ShadingQuality@3] File [C:/Users/iylek/Desktop/Unreal/StealthGame/StealthGame_ProjectBase_4.25/StealthGame/Saved/Config/Windows/Scalability.ini]
[2020.09.03-04.47.31:124][  0]LogConfig: Setting CVar [[r.HairStrands.SkyLighting.SampleCount:16]]
[2020.09.03-04.47.31:124][  0]LogConfig: Setting CVar [[r.HairStrands.SkyLighting.JitterIntegration:0]]
[2020.09.03-04.47.31:124][  0]LogConfig: Setting CVar [[r.HairStrands.SkyAO.SampleCount:16]]
[2020.09.03-04.47.31:124][  0]LogConfig: Setting CVar [[r.HairStrands.DeepShadow.SuperSampling:0]]
[2020.09.03-04.47.31:124][  0]LogConfig: Setting CVar [[r.HairStrands.VisibilityPPLL:0]]
[2020.09.03-04.47.31:124][  0]LogConfig: Setting CVar [[r.HairStrands.RasterizationScale:0.5]]
[2020.09.03-04.47.31:124][  0]LogConfig: Setting CVar [[r.HairStrands.VelocityRasterizationScale:1]]
[2020.09.03-04.47.31:124][  0]LogConfig: Applying CVar settings from Section [Startup] File [../../../Engine/Config/ConsoleVariables.ini]
[2020.09.03-04.47.31:125][  0]LogConfig: Setting CVar [[net.UseAdaptiveNetUpdateFrequency:0]]
[2020.09.03-04.47.31:125][  0]LogConfig: Setting CVar [[p.chaos.AllowCreatePhysxBodies:1]]
[2020.09.03-04.47.31:125][  0]LogConfig: Setting CVar [[fx.SkipVectorVMBackendOptimizations:1]]
[2020.09.03-04.47.31:125][  0]LogConfig: Applying CVar settings from Section [ConsoleVariables] File [C:/Users/iylek/Desktop/Unreal/StealthGame/StealthGame_ProjectBase_4.25/StealthGame/Saved/Config/Windows/Engine.ini]
[2020.09.03-04.47.31:125][  0]LogInit: Computer: DESKTOP-AOUSEP6
[2020.09.03-04.47.31:125][  0]LogInit: User: iylek
[2020.09.03-04.47.31:125][  0]LogInit: CPU Page size=4096, Cores=6
[2020.09.03-04.47.31:125][  0]LogInit: High frequency timer resolution =10.000000 MHz
[2020.09.03-04.47.31:125][  0]LogMemory: Memory total: Physical=16.0GB (16GB approx)
[2020.09.03-04.47.31:125][  0]LogMemory: Platform Memory Stats for Windows
[2020.09.03-04.47.31:125][  0]LogMemory: Process Physical Memory: 115.64 MB used, 115.64 MB peak
[2020.09.03-04.47.31:125][  0]LogMemory: Process Virtual Memory: 105.39 MB used, 105.39 MB peak
[2020.09.03-04.47.31:125][  0]LogMemory: Physical Memory: 9156.59 MB used,  7176.75 MB free, 16333.34 MB total
[2020.09.03-04.47.31:125][  0]LogMemory: Virtual Memory: 5173.13 MB used,  134212552.00 MB free, 134217728.00 MB total
[2020.09.03-04.47.31:134][  0]LogWindows: WindowsPlatformFeatures enabled
[2020.09.03-04.47.31:308][  0]LogInit: Physics initialised using underlying interface: PhysX
[2020.09.03-04.47.31:309][  0]LogInit: Using OS detected language (en-US).
[2020.09.03-04.47.31:309][  0]LogInit: Using OS detected locale (en-CA).
[2020.09.03-04.47.31:312][  0]LogTextLocalizationManager: No specific localization for 'en-US' exists, so the 'en' localization will be used.
[2020.09.03-04.47.31:468][  0]LogInit: Setting process to per monitor DPI aware
[2020.09.03-04.47.31:520][  0]LogSlate: New Slate User Created.  User Index 0, Is Virtual User: 0
[2020.09.03-04.47.31:520][  0]LogSlate: Slate User Registered.  User Index 0, Is Virtual User: 0
[2020.09.03-04.47.31:638][  0]LogHMD: Failed to initialize OpenVR with code 110
[2020.09.03-04.47.31:638][  0]LogD3D11RHI: D3D11 min allowed feature level: 11_0
[2020.09.03-04.47.31:638][  0]LogD3D11RHI: D3D11 max allowed feature level: 11_0
[2020.09.03-04.47.31:638][  0]LogD3D11RHI: D3D11 adapters:
[2020.09.03-04.47.31:716][  0]LogD3D11RHI:    0. 'NVIDIA GeForce RTX 2060' (Feature Level 11_0)
[2020.09.03-04.47.31:716][  0]LogD3D11RHI:       5980/0/8166 MB DedicatedVideo/DedicatedSystem/SharedSystem, Outputs:2, VendorId:0x10de
[2020.09.03-04.47.31:721][  0]LogD3D11RHI:    1. 'Microsoft Basic Render Driver' (Feature Level 11_0)
[2020.09.03-04.47.31:721][  0]LogD3D11RHI:       0/0/8166 MB DedicatedVideo/DedicatedSystem/SharedSystem, Outputs:0, VendorId:0x1414
[2020.09.03-04.47.31:721][  0]LogD3D11RHI: Chosen D3D11 Adapter: 0
[2020.09.03-04.47.31:730][  0]LogD3D11RHI: Creating new Direct3DDevice
[2020.09.03-04.47.31:731][  0]LogD3D11RHI:     GPU DeviceId: 0x1f08 (for the marketing name, search the web for "GPU Device Id")
[2020.09.03-04.47.31:731][  0]LogWindows: EnumDisplayDevices:
[2020.09.03-04.47.31:731][  0]LogWindows:    0. 'NVIDIA GeForce RTX 2060' (P:1 D:1)
[2020.09.03-04.47.31:731][  0]LogWindows:    1. 'NVIDIA GeForce RTX 2060' (P:0 D:1)
[2020.09.03-04.47.31:731][  0]LogWindows:    2. 'NVIDIA GeForce RTX 2060' (P:0 D:0)
[2020.09.03-04.47.31:732][  0]LogWindows:    3. 'NVIDIA GeForce RTX 2060' (P:0 D:0)
[2020.09.03-04.47.31:732][  0]LogWindows: DebugString: FoundDriverCount:4 
[2020.09.03-04.47.31:732][  0]LogD3D11RHI:     Adapter Name: NVIDIA GeForce RTX 2060
[2020.09.03-04.47.31:732][  0]LogD3D11RHI:   Driver Version: 452.06 (internal:27.21.14.5206, unified:452.06)
[2020.09.03-04.47.31:732][  0]LogD3D11RHI:      Driver Date: 8-12-2020
[2020.09.03-04.47.31:732][  0]LogRHI: Texture pool is 4186 MB (70% of 5980 MB)
[2020.09.03-04.47.31:781][  0]LogD3D11RHI: RHI has support for 64 bit atomics
[2020.09.03-04.47.31:782][  0]LogD3D11RHI: [Aftermath] Enabled and primed
[2020.09.03-04.47.31:783][  0]LogD3D11RHI: Async texture creation enabled
[2020.09.03-04.47.31:783][  0]LogD3D11RHI: Array index from any shader is supported
[2020.09.03-04.47.31:810][  0]LogD3D11RHI: GPU Timing Frequency: 1000.000000 (Debug: 2 1)
[2020.09.03-04.47.32:056][  0]LogTargetPlatformManager: Display: Loaded TargetPlatform 'AllDesktop'
[2020.09.03-04.47.32:080][  0]LogTargetPlatformManager: Display: Loaded TargetPlatform 'Android'
[2020.09.03-04.47.32:080][  0]LogTargetPlatformManager: Display: Loaded TargetPlatform 'Android_ASTC'
[2020.09.03-04.47.32:080][  0]LogTargetPlatformManager: Display: Loaded TargetPlatform 'Android_DXT'
[2020.09.03-04.47.32:080][  0]LogTargetPlatformManager: Display: Loaded TargetPlatform 'Android_ETC2'
[2020.09.03-04.47.32:080][  0]LogTargetPlatformManager: Display: Loaded TargetPlatform 'AndroidClient'
[2020.09.03-04.47.32:080][  0]LogTargetPlatformManager: Display: Loaded TargetPlatform 'Android_ASTCClient'
[2020.09.03-04.47.32:080][  0]LogTargetPlatformManager: Display: Loaded TargetPlatform 'Android_DXTClient'
[2020.09.03-04.47.32:080][  0]LogTargetPlatformManager: Display: Loaded TargetPlatform 'Android_ETC2Client'
[2020.09.03-04.47.32:080][  0]LogTargetPlatformManager: Display: Loaded TargetPlatform 'Android_Multi'
[2020.09.03-04.47.32:080][  0]LogTargetPlatformManager: Display: Loaded TargetPlatform 'Android_MultiClient'
[2020.09.03-04.47.32:110][  0]LogTargetPlatformManager: Display: Loaded TargetPlatform 'IOSClient'
[2020.09.03-04.47.32:110][  0]LogTargetPlatformManager: Display: Loaded TargetPlatform 'IOS'
[2020.09.03-04.47.32:122][  0]LogTargetPlatformManager: Display: Loaded TargetPlatform 'Linux'
[2020.09.03-04.47.32:133][  0]LogTargetPlatformManager: Display: Loaded TargetPlatform 'LinuxNoEditor'
[2020.09.03-04.47.32:144][  0]LogTargetPlatformManager: Display: Loaded TargetPlatform 'LinuxClient'
[2020.09.03-04.47.32:155][  0]LogTargetPlatformManager: Display: Loaded TargetPlatform 'LinuxServer'
[2020.09.03-04.47.32:166][  0]LogTargetPlatformManager: Display: Loaded TargetPlatform 'LinuxAArch64NoEditor'
[2020.09.03-04.47.32:177][  0]LogTargetPlatformManager: Display: Loaded TargetPlatform 'LinuxAArch64Client'
[2020.09.03-04.47.32:187][  0]LogTargetPlatformManager: Display: Loaded TargetPlatform 'LinuxAArch64Server'
[2020.09.03-04.47.32:215][  0]LogTargetPlatformManager: Display: Loaded TargetPlatform 'Lumin'
[2020.09.03-04.47.32:215][  0]LogTargetPlatformManager: Display: Loaded TargetPlatform 'LuminClient'
[2020.09.03-04.47.32:233][  0]LogTargetPlatformManager: Display: Loaded TargetPlatform 'TVOSClient'
[2020.09.03-04.47.32:233][  0]LogTargetPlatformManager: Display: Loaded TargetPlatform 'TVOS'
[2020.09.03-04.47.32:249][  0]LogTargetPlatformManager: Display: Loaded TargetPlatform 'WindowsNoEditor'
[2020.09.03-04.47.32:261][  0]LogTargetPlatformManager: Display: Loaded TargetPlatform 'Windows'
[2020.09.03-04.47.32:273][  0]LogTargetPlatformManager: Display: Loaded TargetPlatform 'WindowsClient'
[2020.09.03-04.47.32:283][  0]LogTargetPlatformManager: Display: Loaded TargetPlatform 'WindowsServer'
[2020.09.03-04.47.32:283][  0]LogTargetPlatformManager: Display: Building Assets For Windows
[2020.09.03-04.47.32:298][  0]LogAudioDebug: Display: Lib vorbis DLL was dynamically loaded.
[2020.09.03-04.47.32:390][  0]LogShaderCompilers: Guid format shader working directory is -51 characters bigger than the processId version (../../../../../../Users/iylek/Desktop/Unreal/StealthGame/StealthGame_ProjectBase_4.25/StealthGame/Intermediate/Shaders/WorkingDirectory/2284/).
[2020.09.03-04.47.32:390][  0]LogShaderCompilers: Cleaned the shader compiler working directory 'C:/Users/iylek/AppData/Local/Temp/UnrealShaderWorkingDir/0426E1594EB7550064DA749D6AC9E6C8/'.
[2020.09.03-04.47.32:391][  0]LogXGEController: Cleaning working directory: C:/Users/iylek/AppData/Local/Temp/UnrealXGEWorkingDir/
[2020.09.03-04.47.32:391][  0]LogXGEController: Cannot use XGE Controller as Incredibuild is not installed on this machine.
[2020.09.03-04.47.32:391][  0]LogShaderCompilers: Cannot use XGE Shader Compiler as Incredibuild is not installed on this machine.
[2020.09.03-04.47.32:391][  0]LogShaderCompilers: Display: Using Local Shader Compiler.
[2020.09.03-04.47.33:083][  0]LogDerivedDataCache: Display: Max Cache Size: 512 MB
[2020.09.03-04.47.33:126][  0]LogDerivedDataCache: Loaded boot cache 0.04s 77MB C:/Users/iylek/AppData/Local/UnrealEngine/4.25/DerivedDataCache/Boot.ddc.
[2020.09.03-04.47.33:126][  0]LogDerivedDataCache: Display: Loaded Boot cache: C:/Users/iylek/AppData/Local/UnrealEngine/4.25/DerivedDataCache/Boot.ddc
[2020.09.03-04.47.33:127][  0]LogDerivedDataCache: FDerivedDataBackendGraph:  Pak pak cache file ../../../../../../Users/iylek/Desktop/Unreal/StealthGame/StealthGame_ProjectBase_4.25/StealthGame/DerivedDataCache/DDC.ddp not found, will not use a pak cache.
[2020.09.03-04.47.33:127][  0]LogDerivedDataCache: Unable to find inner node Pak for hierarchical cache Hierarchy.
[2020.09.03-04.47.33:127][  0]LogDerivedDataCache: FDerivedDataBackendGraph:  CompressedPak pak cache file ../../../../../../Users/iylek/Desktop/Unreal/StealthGame/StealthGame_ProjectBase_4.25/StealthGame/DerivedDataCache/Compressed.ddp not found, will not use a pak cache.
[2020.09.03-04.47.33:127][  0]LogDerivedDataCache: Unable to find inner node CompressedPak for hierarchical cache Hierarchy.
[2020.09.03-04.47.33:138][  0]LogDerivedDataCache: Display: Pak cache opened for reading ../../../Engine/DerivedDataCache/Compressed.ddp.
[2020.09.03-04.47.33:138][  0]LogDerivedDataCache: FDerivedDataBackendGraph:  EnterprisePak pak cache file ../../../Enterprise/DerivedDataCache/Compressed.ddp not found, will not use a pak cache.
[2020.09.03-04.47.33:138][  0]LogDerivedDataCache: Unable to find inner node EnterprisePak for hierarchical cache Hierarchy.
[2020.09.03-04.47.33:140][  0]LogDerivedDataCache: Using Local data cache path C:/Users/iylek/AppData/Local/UnrealEngine/Common/DerivedDataCache: Writable
[2020.09.03-04.47.33:140][  0]LogDerivedDataCache: Shared data cache path not found in *engine.ini, will not use an Shared cache.
[2020.09.03-04.47.33:140][  0]LogDerivedDataCache: Unable to find inner node Shared for hierarchical cache Hierarchy.
[2020.09.03-04.47.33:188][  0]LogSlate: Using FreeType 2.10.0
[2020.09.03-04.47.33:189][  0]LogSlate: SlateFontServices - WITH_FREETYPE: 1, WITH_HARFBUZZ: 1
[2020.09.03-04.47.33:213][  0]LogAssetRegistry: FAssetRegistry took 0.0047 seconds to start up
[2020.09.03-04.47.33:444][  0]LogInit: Selected Device Profile: [Windows]
[2020.09.03-04.47.33:568][  0]LogMeshReduction: Using QuadricMeshReduction for automatic static mesh reduction
[2020.09.03-04.47.33:568][  0]LogMeshReduction: Using SimplygonMeshReduction for automatic skeletal mesh reduction
[2020.09.03-04.47.33:568][  0]LogMeshReduction: Using ProxyLODMeshReduction for automatic mesh merging
[2020.09.03-04.47.33:568][  0]LogMeshReduction: No distributed automatic mesh merging module available
[2020.09.03-04.47.33:568][  0]LogMeshMerging: No distributed automatic mesh merging module available
[2020.09.03-04.47.33:585][  0]LogNetVersion: FPSGame 1.0.0, NetCL: 13144385, EngineNetVer: 14, GameNetVer: 0 (Checksum: 1304077534)
[2020.09.03-04.47.33:958][  0]LogAISub: UAISubsystem::UAISubsystem AISubsystem (000001A11B768380), frame # 0
[2020.09.03-04.47.33:958][  0]LogAISub: UAISubsystem::UAISubsystem AIPerceptionSystem (000001A11B6AF740), frame # 0
[2020.09.03-04.47.33:959][  0]LogAISub: UAISubsystem::UAISubsystem EnvQueryManager (000001A11B709E00), frame # 0
[2020.09.03-04.47.34:020][  0]LogPackageLocalizationCache: Processed 19 localized package path(s) for 1 prioritized culture(s) in 0.054569 seconds
[2020.09.03-04.47.34:025][  0]LogUObjectArray: 15917 objects as part of root set at end of initial load.
[2020.09.03-04.47.34:025][  0]LogUObjectAllocator: 3965568 out of 0 bytes used by permanent object pool.
[2020.09.03-04.47.34:025][  0]LogUObjectArray: CloseDisregardForGC: 0/0 objects in disregard for GC pool
[2020.09.03-04.47.34:500][  0]LogTcpMessaging: Initializing TcpMessaging bridge
[2020.09.03-04.47.34:508][  0]LogUdpMessaging: Initializing bridge on interface 0.0.0.0:0 to multicast group 230.0.0.1:6666.
[2020.09.03-04.47.34:742][  0]SourceControl: Source control is disabled
[2020.09.03-04.47.34:743][  0]SourceControl: Source control is disabled
[2020.09.03-04.47.34:748][  0]SourceControl: Source control is disabled
[2020.09.03-04.47.34:752][  0]SourceControl: Source control is disabled
[2020.09.03-04.47.34:763][  0]SourceControl: Source control is disabled
[2020.09.03-04.47.35:150][  0]LogAndroidPermission: UAndroidPermissionCallbackProxy::GetInstance
[2020.09.03-04.47.35:185][  0]LogAudioCaptureCore: Display: No Audio Capture implementations found. Audio input will be silent.
[2020.09.03-04.47.35:185][  0]LogAudioCaptureCore: Display: No Audio Capture implementations found. Audio input will be silent.
[2020.09.03-04.47.35:254][  0]LogOcInput: OculusInput pre-init called
[2020.09.03-04.47.35:270][  0]LogWindows: Failed to load 'OVRPlugin.dll' (GetLastError=126)
[2020.09.03-04.47.35:270][  0]LogWindows: File 'OVRPlugin.dll' does not exist
[2020.09.03-04.47.35:350][  0]LogEngine: Initializing Engine...
[2020.09.03-04.47.35:352][  0]LogHMD: Failed to initialize OpenVR with code 110
[2020.09.03-04.47.35:352][  0]LogMagicLeap: Warning: VR disabled because ZI is not enabled.  To enable, in the editor, Edit -> Project Settings -> Plugins -> Magic Leap Plugin -> Enable Zero Iteration
[2020.09.03-04.47.35:353][  0]LogStats: UGameplayTagsManager::InitializeManager -  0.000 s
[2020.09.03-04.47.35:455][  0]LogInit: Initializing FReadOnlyCVARCache
[2020.09.03-04.47.35:465][  0]LogAIModule: Creating AISystem for world Untitled
[2020.09.03-04.47.35:465][  0]LogAISub: UAISubsystem::UAISubsystem EnvQueryManager (000001A128F2A000), frame # 0
[2020.09.03-04.47.35:465][  0]LogAISub: UAISubsystem::UAISubsystem AIPerceptionSystem (000001A128F07B00), frame # 0
[2020.09.03-04.47.35:482][  0]LogAudioMixer: Display: Audio Mixer Platform Settings:
[2020.09.03-04.47.35:482][  0]LogAudioMixer: Display: 	Sample Rate:						  48000
[2020.09.03-04.47.35:482][  0]LogAudioMixer: Display: 	Callback Buffer Frame Size Requested: 1024
[2020.09.03-04.47.35:482][  0]LogAudioMixer: Display: 	Callback Buffer Frame Size To Use:	  1024
[2020.09.03-04.47.35:482][  0]LogAudioMixer: Display: 	Number of buffers to queue:			  2
[2020.09.03-04.47.35:482][  0]LogAudioMixer: Display: 	Max Channels (voices):				  32
[2020.09.03-04.47.35:482][  0]LogAudioMixer: Display: 	Number of Async Source Workers:		  0
[2020.09.03-04.47.35:482][  0]LogAudio: Display: AudioDevice MaxSources: 32
[2020.09.03-04.47.35:483][  0]LogAudio: Display: Using built-in audio occlusion.
[2020.09.03-04.47.35:483][  0]LogAudioMixer: Display: Initializing audio mixer.
[2020.09.03-04.47.35:499][  0]LogAudioMixer: Display: 0: FrontLeft
[2020.09.03-04.47.35:499][  0]LogAudioMixer: Display: 1: FrontRight
[2020.09.03-04.47.35:549][  0]LogAudioMixer: Display: Using Audio Device Headset Earphone (HyperX Virtual Surround Sound)
[2020.09.03-04.47.35:552][  0]LogAudioMixer: Display: Initializing Sound Submixes...
[2020.09.03-04.47.35:554][  0]LogAudioMixer: Display: Creating Master Submix 'MasterSubmixDefault'
[2020.09.03-04.47.35:554][  0]LogAudioMixer: Display: Creating Master Submix 'MasterReverbSubmixDefault'
[2020.09.03-04.47.35:555][  0]LogAudioMixer: Display: Creating Master Submix 'MasterEQSubmixDefault'
[2020.09.03-04.47.35:558][  0]LogInit: FAudioDevice initialized.
[2020.09.03-04.47.35:558][  0]LogNetVersion: Set ProjectVersion to 1.0.0.0. Version Checksum will be recalculated on next use.
[2020.09.03-04.47.35:666][  0]LogDerivedDataCache: Saved boot cache 0.11s 77MB C:/Users/iylek/AppData/Local/UnrealEngine/4.25/DerivedDataCache/Boot.ddc.
[2020.09.03-04.47.35:671][  0]LogInit: Texture streaming: Enabled
[2020.09.03-04.47.35:695][  0]LogEngineSessionManager: EngineSessionManager initialized
[2020.09.03-04.47.35:695][  0]LogEditorSessionSummary: Verbose: Initializing EditorSessionSummaryWriter for editor session tracking
[2020.09.03-04.47.35:697][  0]LogEditorSessionSummary: EditorSessionSummaryWriter initialized
[2020.09.03-04.47.35:758][  0]LogInit: Transaction tracking system initialized
[2020.09.03-04.47.35:792][  0]BlueprintLog: New page: Editor Load
[2020.09.03-04.47.35:923][  0]LocalizationService: Localization service is disabled
[2020.09.03-04.47.36:119][  0]LogCook: Display: Max memory allowance for cook 16384mb min free memory 0mb
[2020.09.03-04.47.36:119][  0]LogCook: Display: Mobile HDR setting 1
[2020.09.03-04.47.36:232][  0]LogFileCache: Scanning file cache for directory 'C:/Users/iylek/Desktop/Unreal/StealthGame/StealthGame_ProjectBase_4.25/StealthGame/Content/' took 0.00s
[2020.09.03-04.47.36:487][  0]SourceControl: Source control is disabled
[2020.09.03-04.47.36:488][  0]LogUnrealEdMisc: Loading editor; pre map load, took 6.973
[2020.09.03-04.47.36:488][  0]Cmd: MAP LOAD FILE="../../../../../../Users/iylek/Desktop/Unreal/StealthGame/StealthGame_ProjectBase_4.25/StealthGame/Content/Maps/FirstPersonExampleMap.umap" TEMPLATE=0 SHOWPROGRESS=1 FEATURELEVEL=3
[2020.09.03-04.47.36:488][  0]LightingResults: New page: Lighting Build
[2020.09.03-04.47.36:489][  0]LogWorld: UWorld::CleanupWorld for Untitled, bSessionEnded=true, bCleanupResources=true
[2020.09.03-04.47.36:489][  0]LogSlate: InvalidateAllWidgets triggered.  All widgets were invalidated
[2020.09.03-04.47.36:490][  0]MapCheck: New page: Map Check
[2020.09.03-04.47.36:490][  0]LightingResults: New page: Lighting Build
[2020.09.03-04.47.36:503][  0]LogAISub: UAISubsystem::~UAISubsystem EnvQueryManager (000001A128F2A000), frame # 0
[2020.09.03-04.47.36:503][  0]LogAISub: UAISubsystem::~UAISubsystem AIPerceptionSystem (000001A128F07B00), frame # 0
[2020.09.03-04.47.36:504][  0]LogUObjectHash: Compacting FUObjectHashTables data took   0.84ms
[2020.09.03-04.47.36:606][  0]LogAIModule: Creating AISystem for world FirstPersonExampleMap
[2020.09.03-04.47.36:606][  0]LogAISub: UAISubsystem::UAISubsystem EnvQueryManager (000001A1290DFE00), frame # 0
[2020.09.03-04.47.36:606][  0]LogAISub: UAISubsystem::UAISubsystem AIPerceptionSystem (000001A1290E7B00), frame # 0
[2020.09.03-04.47.36:614][  0]LogEditorServer: Finished looking for orphan Actors (0.000 secs)
[2020.09.03-04.47.36:631][  0]LogUObjectHash: Compacting FUObjectHashTables data took   1.03ms
[2020.09.03-04.47.36:631][  0]Cmd: MAP CHECKDEP NOCLEARLOG
[2020.09.03-04.47.36:632][  0]MapCheck: Map check complete: 0 Error(s), 0 Warning(s), took 0.261ms to complete.
[2020.09.03-04.47.36:632][  0]LogFileHelpers: Loading map 'FirstPersonExampleMap' took 0.144
[2020.09.03-04.47.36:634][  0]LogUnrealEdMisc: Total Editor Startup Time, took 7.120
[2020.09.03-04.47.36:785][  0]LogSlate: Updating window title bar state: overlay mode, drag disabled, window buttons hidden, title bar hidden
[2020.09.03-04.47.36:791][  0]LogSlate: Updating window title bar state: overlay mode, drag disabled, window buttons hidden, title bar hidden
[2020.09.03-04.47.36:798][  0]LogSlate: Updating window title bar state: overlay mode, drag disabled, window buttons hidden, title bar hidden
[2020.09.03-04.47.36:804][  0]LogSlate: Updating window title bar state: overlay mode, drag disabled, window buttons hidden, title bar hidden
[2020.09.03-04.47.36:813][  0]LogCollectionManager: Loaded 0 collections in 0.001690 seconds
[2020.09.03-04.47.36:838][  0]LogFileCache: Scanning file cache for directory 'C:/Users/iylek/Desktop/Unreal/StealthGame/StealthGame_ProjectBase_4.25/StealthGame/Saved/Collections/' took 0.00s
[2020.09.03-04.47.36:838][  0]LogFileCache: Scanning file cache for directory 'C:/Users/iylek/Desktop/Unreal/StealthGame/StealthGame_ProjectBase_4.25/StealthGame/Content/Developers/iylek/Collections/' took 0.00s
[2020.09.03-04.47.36:838][  0]LogFileCache: Scanning file cache for directory 'C:/Users/iylek/Desktop/Unreal/StealthGame/StealthGame_ProjectBase_4.25/StealthGame/Content/Collections/' took 0.00s
[2020.09.03-04.47.36:838][  0]LogContentBrowser: Native class hierarchy populated in 0.0123 seconds. Added 3437 classes and 824 folders.
[2020.09.03-04.47.36:843][  0]LogContentBrowser: Native class hierarchy updated for 'WidgetCarousel' in 0.0004 seconds. Added 0 classes and 0 folders.
[2020.09.03-04.47.36:885][  0]LogContentBrowser: Native class hierarchy updated for 'AddContentDialog' in 0.0003 seconds. Added 0 classes and 0 folders.
[2020.09.03-04.47.36:886][  0]LogContentBrowser: Native class hierarchy updated for 'SceneOutliner' in 0.0002 seconds. Added 2 classes and 0 folders.
[2020.09.03-04.47.36:924][  0]LogSlate: Took 0.000259 seconds to synchronously load lazily loaded font '../../../Engine/Content/Slate/Fonts/Roboto-Regular.ttf' (155K)
[2020.09.03-04.47.36:926][  0]LogSlate: Took 0.000236 seconds to synchronously load lazily loaded font '../../../Engine/Content/Slate/Fonts/Roboto-Bold.ttf' (160K)
[2020.09.03-04.47.36:932][  0]LogSlate: Took 0.000188 seconds to synchronously load lazily loaded font '../../../Engine/Content/Editor/Slate/Fonts/FontAwesome.ttf' (139K)
[2020.09.03-04.47.36:989][  0]LogRenderer: Reallocating scene render targets to support 1208x600 Format 10 NumSamples 1 (Frame:1).
[2020.09.03-04.47.37:070][  0]LogContentBrowser: Native class hierarchy updated for 'HierarchicalLODOutliner' in 0.0004 seconds. Added 0 classes and 0 folders.
[2020.09.03-04.47.37:070][  0]LogLoad: (Engine Initialization) Total time: 7.56 seconds
[2020.09.03-04.47.37:070][  0]LogLoad: (Engine Initialization) Total Blueprint compile time: 0.00 seconds
[2020.09.03-04.47.37:107][  0]LogAssetRegistry: Asset discovery search completed in 3.8968 seconds
[2020.09.03-04.47.37:111][  0]LogCollectionManager: Fixed up redirectors for 0 collections in 0.000003 seconds (updated 0 objects)
[2020.09.03-04.47.37:113][  0]LogContentStreaming: Texture pool size now 1000 MB
[2020.09.03-04.47.37:155][  0]LogSlate: Took 0.000115 seconds to synchronously load lazily loaded font '../../../Engine/Content/Slate/Fonts/Roboto-Light.ttf' (167K)
[2020.09.03-04.47.51:061][594]LogTemp: Repeating last play command: Selected Viewport
[2020.09.03-04.47.51:079][594]LogPlayLevel: PlayLevel: No blueprints needed recompiling
[2020.09.03-04.47.51:079][594]PIE: New page: PIE session: FirstPersonExampleMap (Sep. 2, 2020, 8:47:51 p.m.)
[2020.09.03-04.47.51:081][594]LogOnline: OSS: Creating online subsystem instance for: NULL
[2020.09.03-04.47.51:082][594]LogOnline: OSS: TryLoadSubsystemAndSetDefault: Loaded subsystem for module [NULL]
[2020.09.03-04.47.51:082][594]LogPlayLevel: Creating play world package: /Game/Maps/UEDPIE_0_FirstPersonExampleMap
[2020.09.03-04.47.51:098][594]LogPlayLevel: PIE: StaticDuplicateObject took: (0.014986s)
[2020.09.03-04.47.51:099][594]LogAIModule: Creating AISystem for world FirstPersonExampleMap
[2020.09.03-04.47.51:099][594]LogAISub: UAISubsystem::UAISubsystem EnvQueryManager (000001A14920DE00), frame # 1594
[2020.09.03-04.47.51:100][594]LogAISub: UAISubsystem::UAISubsystem AIPerceptionSystem (000001A1290E5D00), frame # 1594
[2020.09.03-04.47.51:100][594]LogPlayLevel: PIE: World Init took: (0.001956s)
[2020.09.03-04.47.51:100][594]LogPlayLevel: PIE: Created PIE world by copying editor world from /Game/Maps/FirstPersonExampleMap.FirstPersonExampleMap to /Game/Maps/UEDPIE_0_FirstPersonExampleMap.FirstPersonExampleMap (0.017486s)
[2020.09.03-04.47.51:115][594]LogUObjectHash: Compacting FUObjectHashTables data took   0.62ms
[2020.09.03-04.47.51:116][594]LogAudioMixer: Display: Audio Mixer Platform Settings:
[2020.09.03-04.47.51:116][594]LogAudioMixer: Display: 	Sample Rate:						  48000
[2020.09.03-04.47.51:116][594]LogAudioMixer: Display: 	Callback Buffer Frame Size Requested: 1024
[2020.09.03-04.47.51:116][594]LogAudioMixer: Display: 	Callback Buffer Frame Size To Use:	  1024
[2020.09.03-04.47.51:116][594]LogAudioMixer: Display: 	Number of buffers to queue:			  2
[2020.09.03-04.47.51:116][594]LogAudioMixer: Display: 	Max Channels (voices):				  32
[2020.09.03-04.47.51:116][594]LogAudioMixer: Display: 	Number of Async Source Workers:		  0
[2020.09.03-04.47.51:117][594]LogAudio: Display: AudioDevice MaxSources: 32
[2020.09.03-04.47.51:117][594]LogAudio: Display: Using built-in audio occlusion.
[2020.09.03-04.47.51:117][594]LogAudioMixer: Display: Initializing audio mixer.
[2020.09.03-04.47.51:119][594]LogAudioMixer: Display: 0: FrontLeft
[2020.09.03-04.47.51:120][594]LogAudioMixer: Display: 1: FrontRight
[2020.09.03-04.47.51:144][594]LogAudioMixer: Display: Using Audio Device Headset Earphone (HyperX Virtual Surround Sound)
[2020.09.03-04.47.51:145][594]LogAudioMixer: Display: Initializing Sound Submixes...
[2020.09.03-04.47.51:145][594]LogAudioMixer: Display: Creating Master Submix 'MasterSubmixDefault'
[2020.09.03-04.47.51:145][594]LogAudioMixer: Display: Creating Master Submix 'MasterReverbSubmixDefault'
[2020.09.03-04.47.51:145][594]LogAudioMixer: Display: Creating Master Submix 'MasterEQSubmixDefault'
[2020.09.03-04.47.51:157][594]LogInit: FAudioDevice initialized.
[2020.09.03-04.47.51:163][594]LogLoad: Game class is 'BP_GameMode_C'
[2020.09.03-04.47.51:165][594]LogWorld: Bringing World /Game/Maps/UEDPIE_0_FirstPersonExampleMap.FirstPersonExampleMap up for play (max tick rate 0) at 2020.09.03-00.47.51
[2020.09.03-04.47.51:166][594]LogWorld: Bringing up level for play took: 0.001837
[2020.09.03-04.47.51:166][594]LogOnline: OSS: Creating online subsystem instance for: :Context_4
[2020.09.03-04.47.51:170][594]LogContentBrowser: Native class hierarchy updated for 'MovieSceneCapture' in 0.0004 seconds. Added 20 classes and 0 folders.
[2020.09.03-04.47.51:171][594]LogNet: ReplicationDriverClass is null! Not using ReplicationDriver.
[2020.09.03-04.47.51:171][594]LogNetCore: DDoS detection status: detection enabled: 0 analytics enabled: 0
[2020.09.03-04.47.51:171][594]LogInit: WinSock: Socket queue. Rx: 131072 (config 131072) Tx: 131072 (config 131072)
[2020.09.03-04.47.51:171][594]LogNet: Created socket for bind address: 0.0.0.0 on port 17777
[2020.09.03-04.47.51:171][594]PacketHandlerLog: Loaded PacketHandler component: Engine.EngineHandlerComponentFactory (StatelessConnectHandlerComponent)
[2020.09.03-04.47.51:171][594]LogNet: GameNetDriver IpNetDriver_0 IpNetDriver listening on port 17777
[2020.09.03-04.47.51:173][594]PIE: Server logged in
[2020.09.03-04.47.51:174][594]PIE: Play in editor total start time 0.096 seconds.
[2020.09.03-04.47.51:175][594]LogAudioMixer: Display: Audio Mixer Platform Settings:
[2020.09.03-04.47.51:175][594]LogAudioMixer: Display: 	Sample Rate:						  48000
[2020.09.03-04.47.51:175][594]LogAudioMixer: Display: 	Callback Buffer Frame Size Requested: 1024
[2020.09.03-04.47.51:175][594]LogAudioMixer: Display: 	Callback Buffer Frame Size To Use:	  1024
[2020.09.03-04.47.51:175][594]LogAudioMixer: Display: 	Number of buffers to queue:			  2
[2020.09.03-04.47.51:176][594]LogAudioMixer: Display: 	Max Channels (voices):				  32
[2020.09.03-04.47.51:176][594]LogAudioMixer: Display: 	Number of Async Source Workers:		  0
[2020.09.03-04.47.51:176][594]LogAudio: Display: AudioDevice MaxSources: 32
[2020.09.03-04.47.51:176][594]LogAudio: Display: Using built-in audio occlusion.
[2020.09.03-04.47.51:176][594]LogAudioMixer: Display: Initializing audio mixer.
[2020.09.03-04.47.51:179][594]LogAudioMixer: Display: 0: FrontLeft
[2020.09.03-04.47.51:179][594]LogAudioMixer: Display: 1: FrontRight
[2020.09.03-04.47.51:202][594]LogAudioMixer: Display: Using Audio Device Headset Earphone (HyperX Virtual Surround Sound)
[2020.09.03-04.47.51:203][594]LogAudioMixer: Display: Initializing Sound Submixes...
[2020.09.03-04.47.51:203][594]LogAudioMixer: Display: Creating Master Submix 'MasterSubmixDefault'
[2020.09.03-04.47.51:203][594]LogAudioMixer: Display: Creating Master Submix 'MasterReverbSubmixDefault'
[2020.09.03-04.47.51:203][594]LogAudioMixer: Display: Creating Master Submix 'MasterEQSubmixDefault'
[2020.09.03-04.47.51:215][594]LogInit: FAudioDevice initialized.
[2020.09.03-04.47.51:260][594]LogSlate: Updating window title bar state: overlay mode, drag disabled, window buttons hidden, title bar hidden
[2020.09.03-04.47.51:261][594]LogNet: Browse: 127.0.0.1:17777/Game/Maps/FirstPersonExampleMap
[2020.09.03-04.47.51:261][594]LogInit: WinSock: Socket queue. Rx: 32768 (config 32768) Tx: 32768 (config 32768)
[2020.09.03-04.47.51:261][594]LogNet: Created socket for bind address: 0.0.0.0 on port 0
[2020.09.03-04.47.51:261][594]PacketHandlerLog: Loaded PacketHandler component: Engine.EngineHandlerComponentFactory (StatelessConnectHandlerComponent)
[2020.09.03-04.47.51:262][594]LogNet: Game client on port 17777, rate 10000
[2020.09.03-04.47.51:264][594]PIE: Client logged in
[2020.09.03-04.47.51:265][594]PIE: Play in editor total start time 0.187 seconds.
[2020.09.03-04.47.52:277][703]LogNet: NotifyAcceptingConnection accepted from: 127.0.0.1:56228
[2020.09.03-04.47.52:277][703]LogHandshake: SendConnectChallenge. Timestamp: 1.223985, Cookie: 059014233009169173172017090234178007234182229227060044006157
[2020.09.03-04.47.52:278][703]LogHandshake: SendChallengeResponse. Timestamp: 1.223985, Cookie: 059014233009169173172017090234178007234182229227060044006157
[2020.09.03-04.47.52:285][704]LogNet: NotifyAcceptingConnection accepted from: 127.0.0.1:56228
[2020.09.03-04.47.52:285][704]LogHandshake: SendChallengeAck. InCookie: 059014233009169173172017090234178007234182229227060044006157
[2020.09.03-04.47.52:285][704]LogNet: Server accepting post-challenge connection from: 127.0.0.1:56228
[2020.09.03-04.47.52:286][704]PacketHandlerLog: Loaded PacketHandler component: Engine.EngineHandlerComponentFactory (StatelessConnectHandlerComponent)
[2020.09.03-04.47.52:286][704]LogNet: NotifyAcceptedConnection: Name: FirstPersonExampleMap, TimeStamp: 09/03/20 00:47:52, [UNetConnection] RemoteAddr: 127.0.0.1:56228, Name: IpConnection_1, Driver: GameNetDriver IpNetDriver_0, IsServer: YES, PC: NULL, Owner: NULL, UniqueId: INVALID
[2020.09.03-04.47.52:286][704]LogNet: AddClientConnection: Added client connection: [UNetConnection] RemoteAddr: 127.0.0.1:56228, Name: IpConnection_1, Driver: GameNetDriver IpNetDriver_0, IsServer: YES, PC: NULL, Owner: NULL, UniqueId: INVALID
[2020.09.03-04.47.52:287][704]LogNetVersion: FPSGame 1.0.0.0, NetCL: 13144385, EngineNetVer: 14, GameNetVer: 0 (Checksum: 2858806747)
[2020.09.03-04.47.52:287][704]LogNet: UPendingNetGame::SendInitialJoin: Sending hello. [UNetConnection] RemoteAddr: 127.0.0.1:17777, Name: IpConnection_0, Driver: PendingNetDriver IpNetDriver_1, IsServer: NO, PC: NULL, Owner: NULL, UniqueId: INVALID
[2020.09.03-04.47.52:293][705]LogNet: NotifyAcceptingChannel Control 0 server World /Game/Maps/UEDPIE_0_FirstPersonExampleMap.FirstPersonExampleMap: Accepted
[2020.09.03-04.47.52:293][705]LogNet: Remote platform little endian=1
[2020.09.03-04.47.52:293][705]LogNet: This platform little endian=1
[2020.09.03-04.47.52:295][705]LogOnline: OSS: Creating online subsystem instance for: :Context_5
[2020.09.03-04.47.52:302][706]LogNet: Login request: ?Name=DESKTOP-AOUSEP6-A78FB5774F1F6ACC0A21AD801AE1256F userId: NULL:DESKTOP-AOUSEP6-A78FB5774F1F6ACC0A21AD801AE1256F platform: NULL
[2020.09.03-04.47.52:302][706]LogNet: Welcomed by server (Level: /Game/Maps/UEDPIE_0_FirstPersonExampleMap, Game: /Game/Blueprints/BP_GameMode.BP_GameMode_C)
[2020.09.03-04.47.52:303][706]LogLoad: LoadMap: 127.0.0.1:17777/Game/Maps/UEDPIE_0_FirstPersonExampleMap?game=/Game/Blueprints/BP_GameMode.BP_GameMode_C
[2020.09.03-04.47.52:303][706]LogWorld: BeginTearingDown for /Temp/Untitled_1
[2020.09.03-04.47.52:303][706]LogWorld: UWorld::CleanupWorld for Untitled, bSessionEnded=true, bCleanupResources=true
[2020.09.03-04.47.52:303][706]LogSlate: InvalidateAllWidgets triggered.  All widgets were invalidated
[2020.09.03-04.47.52:313][706]LogUObjectHash: Compacting FUObjectHashTables data took   0.65ms
[2020.09.03-04.47.52:330][706]LogAIModule: Creating AISystem for world FirstPersonExampleMap
[2020.09.03-04.47.52:330][706]LogAISub: UAISubsystem::UAISubsystem EnvQueryManager (000001A134765800), frame # 1706
[2020.09.03-04.47.52:330][706]LogAISub: UAISubsystem::UAISubsystem AIPerceptionSystem (000001A134676200), frame # 1706
[2020.09.03-04.47.52:332][706]LogWorld: Bringing World /Game/Maps/UEDPIE_1_FirstPersonExampleMap.FirstPersonExampleMap up for play (max tick rate 0) at 2020.09.03-00.47.52
[2020.09.03-04.47.52:333][706]LogWorld: Bringing up level for play took: 0.001797
[2020.09.03-04.47.52:333][706]LogLoad: Took 0.030750 seconds to LoadMap(/Game/Maps/UEDPIE_0_FirstPersonExampleMap)
[2020.09.03-04.47.52:340][707]LogNet: Client netspeed is 10000
[2020.09.03-04.47.52:340][707]LogNet: Join request: /Game/Maps/FirstPersonExampleMap?Name=DESKTOP-AOUSEP6-A78FB5774F1F6ACC0A21AD801AE1256F?SplitscreenCount=1
[2020.09.03-04.47.52:341][707]LogOnlineSession: Warning: OSS: No game present to join for session (GameSession)
[2020.09.03-04.47.52:342][707]LogNet: Join succeeded: DESKTOP-AOUSEP6-A78F
[2020.09.03-04.47.52:661][741]LogNavigation: Warning: UNavigationSystemV1::SimpleMoveToActor called for NavSys:None Controller:None controlling Pawn:NULL with goal actor BP_Partol_TargetPoint_2 (if any of these is None then there's your problem
[2020.09.03-04.47.52:720][748]LogOnlineSession: Warning: OSS: No game present to join for session (GameSession)
[2020.09.03-04.47.52:779][755]LogOnlineSession: Warning: OSS: No game present to join for session (GameSession)
[2020.09.03-04.47.53:681][862]LogNavigation: Warning: UNavigationSystemV1::SimpleMoveToActor called for NavSys:None Controller:None controlling Pawn:NULL with goal actor BP_Partol_TargetPoint2_5 (if any of these is None then there's your problem
[2020.09.03-04.47.56:615][214]LogNavigation: Warning: UNavigationSystemV1::SimpleMoveToActor called for NavSys:None Controller:None controlling Pawn:NULL with goal actor BP_Partol_TargetPoint_2 (if any of these is None then there's your problem
[2020.09.03-04.47.59:577][530]LogNavigation: Warning: UNavigationSystemV1::SimpleMoveToActor called for NavSys:None Controller:None controlling Pawn:NULL with goal actor BP_Partol_TargetPoint2_5 (if any of these is None then there's your problem
[2020.09.03-04.48.02:536][885]LogNavigation: Warning: UNavigationSystemV1::SimpleMoveToActor called for NavSys:None Controller:None controlling Pawn:NULL with goal actor BP_Partol_TargetPoint_2 (if any of these is None then there's your problem
[2020.09.03-04.48.05:615][211]LogNavigation: Warning: UNavigationSystemV1::SimpleMoveToActor called for NavSys:None Controller:None controlling Pawn:NULL with goal actor BP_Partol_TargetPoint2_5 (if any of these is None then there's your problem
[2020.09.03-04.48.08:421][547]LogNavigation: Warning: UNavigationSystemV1::SimpleMoveToActor called for NavSys:None Controller:None controlling Pawn:NULL with goal actor BP_Partol_TargetPoint_2 (if any of these is None then there's your problem
[2020.09.03-04.48.11:366][900]LogNavigation: Warning: UNavigationSystemV1::SimpleMoveToActor called for NavSys:None Controller:None controlling Pawn:NULL with goal actor BP_Partol_TargetPoint2_5 (if any of these is None then there's your problem
[2020.09.03-04.48.14:328][216]LogNavigation: Warning: UNavigationSystemV1::SimpleMoveToActor called for NavSys:None Controller:None controlling Pawn:NULL with goal actor BP_Partol_TargetPoint_2 (if any of these is None then there's your problem
[2020.09.03-04.48.16:952][492]LogNavigation: Warning: UNavigationSystemV1::SimpleMoveToActor called for NavSys:None Controller:None controlling Pawn:NULL with goal actor BP_Partol_TargetPoint2_5 (if any of these is None then there's your problem
[2020.09.03-04.48.20:852][838]LogNavigation: Warning: UNavigationSystemV1::SimpleMoveToActor called for NavSys:None Controller:None controlling Pawn:NULL with goal actor BP_Partol_TargetPoint_2 (if any of these is None then there's your problem
[2020.09.03-04.48.30:491][705]LogNavigation: Warning: UNavigationSystemV1::SimpleMoveToActor called for NavSys:None Controller:None controlling Pawn:NULL with goal actor BP_Partol_TargetPoint2_5 (if any of these is None then there's your problem
[2020.09.03-04.48.33:432][ 58]LogNavigation: Warning: UNavigationSystemV1::SimpleMoveToActor called for NavSys:None Controller:None controlling Pawn:NULL with goal actor BP_Partol_TargetPoint_2 (if any of these is None then there's your problem
[2020.09.03-04.48.36:391][413]LogNavigation: Warning: UNavigationSystemV1::SimpleMoveToActor called for NavSys:None Controller:None controlling Pawn:NULL with goal actor BP_Partol_TargetPoint2_5 (if any of these is None then there's your problem
[2020.09.03-04.48.39:337][766]LogNavigation: Warning: UNavigationSystemV1::SimpleMoveToActor called for NavSys:None Controller:None controlling Pawn:NULL with goal actor BP_Partol_TargetPoint_2 (if any of these is None then there's your problem
[2020.09.03-04.48.42:218][ 33]LogNavigation: Warning: UNavigationSystemV1::SimpleMoveToActor called for NavSys:None Controller:None controlling Pawn:NULL with goal actor BP_Partol_TargetPoint2_5 (if any of these is None then there's your problem
[2020.09.03-04.48.45:174][380]LogSlate: Updating window title bar state: overlay mode, drag disabled, window buttons hidden, title bar hidden
[2020.09.03-04.48.45:174][380]LogWorld: BeginTearingDown for /Game/Maps/UEDPIE_1_FirstPersonExampleMap
[2020.09.03-04.48.45:175][380]LogSlate: Window 'FPSGame Preview [NetMode: Client 2] (64-bit/Windows) ' being destroyed
[2020.09.03-04.48.45:179][380]LogWorld: UWorld::CleanupWorld for FirstPersonExampleMap, bSessionEnded=true, bCleanupResources=true
[2020.09.03-04.48.45:180][380]LogSlate: InvalidateAllWidgets triggered.  All widgets were invalidated
[2020.09.03-04.48.45:193][380]LogNet: World NetDriver shutdown IpNetDriver_1 [GameNetDriver]
[2020.09.03-04.48.45:193][380]LogNet: DestroyNamedNetDriver IpNetDriver_1 [GameNetDriver]
[2020.09.03-04.48.45:193][380]LogNet: UNetConnection::Close: [UNetConnection] RemoteAddr: 127.0.0.1:17777, Name: IpConnection_0, Driver: GameNetDriver IpNetDriver_1, IsServer: NO, PC: PlayerController_1, Owner: PlayerController_1, UniqueId: NULL:DESKTOP-AOUSEP6-A78FB5774F1F6ACC0A21AD801AE1256F, Channels: 12, Time: 2020.09.03-04.48.45
[2020.09.03-04.48.45:193][380]LogNet: UChannel::Close: Sending CloseBunch. ChIndex == 0. Name: [UChannel] ChIndex: 0, Closing: 0 [UNetConnection] RemoteAddr: 127.0.0.1:17777, Name: IpConnection_0, Driver: GameNetDriver IpNetDriver_1, IsServer: NO, PC: PlayerController_1, Owner: PlayerController_1, UniqueId: NULL:DESKTOP-AOUSEP6-A78FB5774F1F6ACC0A21AD801AE1256F
[2020.09.03-04.48.45:193][380]LogExit: GameNetDriver IpNetDriver_1 shut down
[2020.09.03-04.48.45:195][380]LogWorld: BeginTearingDown for /Game/Maps/UEDPIE_0_FirstPersonExampleMap
[2020.09.03-04.48.45:272][380]LogOnlineSession: Warning: OSS: No game present to leave for session (GameSession)
[2020.09.03-04.48.45:273][380]LogSlate: Updating window title bar state: overlay mode, drag disabled, window buttons hidden, title bar hidden
[2020.09.03-04.48.45:274][380]LogWorld: UWorld::CleanupWorld for FirstPersonExampleMap, bSessionEnded=true, bCleanupResources=true
[2020.09.03-04.48.45:274][380]LogSlate: InvalidateAllWidgets triggered.  All widgets were invalidated
[2020.09.03-04.48.45:299][380]LogNet: World NetDriver shutdown IpNetDriver_0 [GameNetDriver]
[2020.09.03-04.48.45:299][380]LogNet: DestroyNamedNetDriver IpNetDriver_0 [GameNetDriver]
[2020.09.03-04.48.45:299][380]LogNet: UNetConnection::Cleanup: Closing open connection. [UNetConnection] RemoteAddr: 127.0.0.1:56228, Name: IpConnection_1, Driver: GameNetDriver IpNetDriver_0, IsServer: YES, PC: PlayerController_1, Owner: PlayerController_1, UniqueId: NULL:DESKTOP-AOUSEP6-A78FB5774F1F6ACC0A21AD801AE1256F
[2020.09.03-04.48.45:299][380]LogNet: UNetConnection::Close: [UNetConnection] RemoteAddr: 127.0.0.1:56228, Name: IpConnection_1, Driver: GameNetDriver IpNetDriver_0, IsServer: YES, PC: PlayerController_1, Owner: PlayerController_1, UniqueId: NULL:DESKTOP-AOUSEP6-A78FB5774F1F6ACC0A21AD801AE1256F, Channels: 12, Time: 2020.09.03-04.48.45
[2020.09.03-04.48.45:299][380]LogNet: UChannel::Close: Sending CloseBunch. ChIndex == 0. Name: [UChannel] ChIndex: 0, Closing: 0 [UNetConnection] RemoteAddr: 127.0.0.1:56228, Name: IpConnection_1, Driver: GameNetDriver IpNetDriver_0, IsServer: YES, PC: PlayerController_1, Owner: PlayerController_1, UniqueId: NULL:DESKTOP-AOUSEP6-A78FB5774F1F6ACC0A21AD801AE1256F
[2020.09.03-04.48.45:300][380]LogExit: GameNetDriver IpNetDriver_0 shut down
[2020.09.03-04.48.45:301][380]LogPlayLevel: Display: Shutting down PIE online subsystems
[2020.09.03-04.48.45:303][380]LogSlate: InvalidateAllWidgets triggered.  All widgets were invalidated
[2020.09.03-04.48.45:343][380]LogSlate: Updating window title bar state: overlay mode, drag disabled, window buttons hidden, title bar hidden
[2020.09.03-04.48.45:374][380]LogAISub: UAISubsystem::~UAISubsystem EnvQueryManager (000001A14920DE00), frame # 7380
[2020.09.03-04.48.45:375][380]LogAISub: UAISubsystem::~UAISubsystem AIPerceptionSystem (000001A1290E5D00), frame # 7380
[2020.09.03-04.48.45:375][380]LogAISub: UAISubsystem::~UAISubsystem EnvQueryManager (000001A134765800), frame # 7380
[2020.09.03-04.48.45:375][380]LogAISub: UAISubsystem::~UAISubsystem AIPerceptionSystem (000001A134676200), frame # 7380
[2020.09.03-04.48.45:376][380]LogUObjectHash: Compacting FUObjectHashTables data took   0.75ms
[2020.09.03-04.48.45:403][381]LogPlayLevel: Display: Destroying online subsystem :Context_5
[2020.09.03-04.48.45:404][381]LogPlayLevel: Display: Destroying online subsystem :Context_4
