Log file open, 08/26/20 21:52:11
LogInit: Display: Running engine for game: FPSGame
LogPlatformFile: Not using cached read wrapper
LogTaskGraph: Started task graph with 5 named threads and 35 total threads with 3 sets of task threads.
LogStats: Stats thread started at 0.303808
LogD3D11RHI: Loaded GFSDK_Aftermath_Lib.x64.dll
LogICUInternationalization: ICU TimeZone Detection - Raw Offset: -5:00, Platform Override: ''
LogPluginManager: Mounting plugin Paper2D
LogPluginManager: Mounting plugin AISupport
LogPluginManager: Mounting plugin LightPropagationVolume
LogPluginManager: Mounting plugin CameraShakePreviewer
LogPluginManager: Mounting plugin ActorLayerUtilities
LogPluginManager: Mounting plugin AnimationSharing
LogPluginManager: Mounting plugin CLionSourceCodeAccess
LogPluginManager: Mounting plugin CodeLiteSourceCodeAccess
LogPluginManager: Mounting plugin GitSourceControl
LogPluginManager: Mounting plugin KDevelopSourceCodeAccess
LogPluginManager: Mounting plugin NullSourceCodeAccess
LogPluginManager: Mounting plugin PerforceSourceControl
LogPluginManager: Mounting plugin PlasticSourceControl
LogPluginManager: Mounting plugin RiderSourceCodeAccess
LogPluginManager: Mounting plugin SubversionSourceControl
LogPluginManager: Mounting plugin UObjectPlugin
LogPluginManager: Mounting plugin VisualStudioCodeSourceCodeAccess
LogPluginManager: Mounting plugin VisualStudioSourceCodeAccess
LogPluginManager: Mounting plugin XCodeSourceCodeAccess
LogPluginManager: Mounting plugin AssetManagerEditor
LogPluginManager: Mounting plugin CryptoKeys
LogPluginManager: Mounting plugin CurveEditorTools
LogPluginManager: Mounting plugin DataValidation
LogPluginManager: Mounting plugin EditorScriptingUtilities
LogPluginManager: Mounting plugin FacialAnimation
LogPluginManager: Mounting plugin GameplayTagsEditor
LogPluginManager: Mounting plugin GeometryMode
LogPluginManager: Mounting plugin MacGraphicsSwitching
LogPluginManager: Mounting plugin MaterialAnalyzer
LogPluginManager: Mounting plugin MobileLauncherProfileWizard
LogPluginManager: Mounting plugin PluginBrowser
LogPluginManager: Mounting plugin SpeedTreeImporter
LogPluginManager: Mounting plugin DatasmithContent
LogPluginManager: Mounting plugin VariantManagerContent
LogPluginManager: Mounting plugin AlembicImporter
LogPluginManager: Mounting plugin AutomationUtils
LogPluginManager: Mounting plugin BackChannel
LogPluginManager: Mounting plugin ChaosCloth
LogPluginManager: Mounting plugin ChaosClothEditor
LogPluginManager: Mounting plugin ChaosEditor
LogPluginManager: Mounting plugin ChaosNiagara
LogPluginManager: Mounting plugin ChaosSolverPlugin
LogPluginManager: Mounting plugin CharacterAI
LogPluginManager: Mounting plugin GeometryCache
LogPluginManager: Mounting plugin GeometryCollectionPlugin
LogPluginManager: Mounting plugin GeometryProcessing
LogPluginManager: Mounting plugin PlanarCut
LogPluginManager: Mounting plugin PlatformCrypto
LogPluginManager: Mounting plugin ProxyLODPlugin
LogPluginManager: Mounting plugin SkeletalReduction
LogPluginManager: Mounting plugin Niagara
LogPluginManager: Mounting plugin MagicLeap
LogPluginManager: Mounting plugin MagicLeapLightEstimation
LogPluginManager: Mounting plugin MagicLeapMedia
LogPluginManager: Mounting plugin MagicLeapPassableWorld
LogPluginManager: Mounting plugin MLSDK
LogPluginManager: Mounting plugin AndroidMedia
LogPluginManager: Mounting plugin AvfMedia
LogPluginManager: Mounting plugin ImgMedia
LogPluginManager: Mounting plugin MediaCompositing
LogPluginManager: Mounting plugin MediaPlayerEditor
LogPluginManager: Mounting plugin WebMMedia
LogPluginManager: Mounting plugin WmfMedia
LogPluginManager: Mounting plugin MeshPainting
LogPluginManager: Mounting plugin TcpMessaging
LogPluginManager: Mounting plugin UdpMessaging
LogPluginManager: Mounting plugin ActorSequence
LogPluginManager: Mounting plugin LevelSequenceEditor
LogPluginManager: Mounting plugin MatineeToLevelSequence
LogPluginManager: Mounting plugin MovieRenderPipeline
LogPluginManager: Mounting plugin TemplateSequence
LogPluginManager: Mounting plugin NetcodeUnitTest
LogPluginManager: Mounting plugin NUTUnrealEngine4
LogPluginManager: Mounting plugin OnlineSubsystemGooglePlay
LogPluginManager: Mounting plugin OnlineSubsystemIOS
LogPluginManager: Mounting plugin OnlineSubsystem
LogPluginManager: Mounting plugin OnlineSubsystemNull
LogPluginManager: Mounting plugin OnlineSubsystemUtils
LogPluginManager: Mounting plugin LauncherChunkInstaller
LogPluginManager: Mounting plugin AndroidDeviceProfileSelector
LogPluginManager: Mounting plugin AndroidMoviePlayer
LogPluginManager: Mounting plugin AndroidPermission
LogPluginManager: Mounting plugin AppleImageUtils
LogPluginManager: Mounting plugin AppleMoviePlayer
LogPluginManager: Mounting plugin ArchVisCharacter
LogPluginManager: Mounting plugin AssetTags
LogPluginManager: Mounting plugin AudioCapture
LogPluginManager: Mounting plugin CableComponent
LogPluginManager: Mounting plugin CustomMeshComponent
LogPluginManager: Mounting plugin EditableMesh
LogPluginManager: Mounting plugin ExampleDeviceProfileSelector
LogPluginManager: Mounting plugin GoogleCloudMessaging
LogPluginManager: Mounting plugin GooglePAD
LogPluginManager: Mounting plugin IOSDeviceProfileSelector
LogPluginManager: Mounting plugin LinuxDeviceProfileSelector
LogPluginManager: Mounting plugin LocationServicesBPLibrary
LogPluginManager: Mounting plugin MobilePatchingUtils
LogPluginManager: Mounting plugin OculusVR
LogPluginManager: Mounting plugin PhysXVehicles
LogPluginManager: Mounting plugin PostSplashScreen
LogPluginManager: Mounting plugin ProceduralMeshComponent
LogPluginManager: Mounting plugin RuntimePhysXCooking
LogPluginManager: Mounting plugin SignificanceManager
LogPluginManager: Mounting plugin SoundFields
LogPluginManager: Mounting plugin SteamVR
LogPluginManager: Mounting plugin Synthesis
LogPluginManager: Mounting plugin WebMMoviePlayer
LogPluginManager: Mounting plugin WindowsMoviePlayer
LogPluginManager: Mounting plugin ScreenshotTools
LogInit: Using libcurl 7.55.1-DEV
LogInit:  - built for x86_64-pc-win32
LogInit:  - supports SSL with OpenSSL/1.1.1
LogInit:  - supports HTTP deflate (compression) using libz 1.2.8
LogInit:  - other features:
LogInit:      CURL_VERSION_SSL
LogInit:      CURL_VERSION_LIBZ
LogInit:      CURL_VERSION_IPV6
LogInit:      CURL_VERSION_ASYNCHDNS
LogInit:      CURL_VERSION_LARGEFILE
LogInit:      CURL_VERSION_IDN
LogInit:  CurlRequestOptions (configurable via config and command line):
LogInit:  - bVerifyPeer = true  - Libcurl will verify peer certificate
LogInit:  - bUseHttpProxy = false  - Libcurl will NOT use HTTP proxy
LogInit:  - bDontReuseConnections = false  - Libcurl will reuse connections
LogInit:  - MaxHostConnections = 16  - Libcurl will limit the number of connections to a host
LogInit:  - LocalHostAddr = Default
LogInit:  - BufferSize = 65536
LogOnline: OSS: Creating online subsystem instance for: NULL
LogInit: WinSock: version 1.1 (2.2), MaxSocks=32767, MaxUdp=65467
LogOnline: OSS: TryLoadSubsystemAndSetDefault: Loaded subsystem for module [NULL]
LogInit: Build: ++UE4+Release-4.25-CL-13942748
LogInit: Engine Version: 4.25.3-13942748+++UE4+Release-4.25
LogInit: Compatible Engine Version: 4.25.0-13144385+++UE4+Release-4.25
LogInit: Net CL: 13144385
LogInit: OS: Windows 10 (Release 2004) (), CPU: Intel(R) Core(TM) i7-8750H CPU @ 2.20GHz, GPU: Intel(R) UHD Graphics 630
LogInit: Compiled (64-bit): Jul 25 2020 02:07:48
LogInit: Compiled with Visual C++: 19.24.28315.00
LogInit: Build Configuration: Development
LogInit: Branch Name: ++UE4+Release-4.25
LogInit: Command Line:  -skipcompile
LogInit: Base Directory: D:/Epic Games/UE_4.25/Engine/Binaries/Win64/
LogInit: Allocator: TBB
LogInit: Installed Engine Build: 1
LogDevObjectVersion: Number of dev versions registered: 26
LogDevObjectVersion:   Dev-Blueprints (B0D832E4-1F89-4F0D-ACCF-7EB736FD4AA2): 10
LogDevObjectVersion:   Dev-Build (E1C64328-A22C-4D53-A36C-8E866417BD8C): 0
LogDevObjectVersion:   Dev-Core (375EC13C-06E4-48FB-B500-84F0262A717E): 4
LogDevObjectVersion:   Dev-Editor (E4B068ED-F494-42E9-A231-DA0B2E46BB41): 38
LogDevObjectVersion:   Dev-Framework (CFFC743F-43B0-4480-9391-14DF171D2073): 37
LogDevObjectVersion:   Dev-Mobile (B02B49B5-BB20-44E9-A304-32B752E40360): 2
LogDevObjectVersion:   Dev-Networking (A4E4105C-59A1-49B5-A7C5-40C4547EDFEE): 0
LogDevObjectVersion:   Dev-Online (39C831C9-5AE6-47DC-9A44-9C173E1C8E7C): 0
LogDevObjectVersion:   Dev-Physics (78F01B33-EBEA-4F98-B9B4-84EACCB95AA2): 4
LogDevObjectVersion:   Dev-Platform (6631380F-2D4D-43E0-8009-CF276956A95A): 0
LogDevObjectVersion:   Dev-Rendering (12F88B9F-8875-4AFC-A67C-D90C383ABD29): 43
LogDevObjectVersion:   Dev-Sequencer (7B5AE74C-D270-4C10-A958-57980B212A5A): 12
LogDevObjectVersion:   Dev-VR (D7296918-1DD6-4BDD-9DE2-64A83CC13884): 3
LogDevObjectVersion:   Dev-LoadTimes (C2A15278-BFE7-4AFE-6C17-90FF531DF755): 1
LogDevObjectVersion:   Private-Geometry (6EACA3D4-40EC-4CC1-B786-8BED09428FC5): 3
LogDevObjectVersion:   Dev-AnimPhys (29E575DD-E0A3-4627-9D10-D276232CDCEA): 17
LogDevObjectVersion:   Dev-Anim (AF43A65D-7FD3-4947-9873-3E8ED9C1BB05): 7
LogDevObjectVersion:   Dev-ReflectionCapture (6B266CEC-1EC7-4B8F-A30B-E4D90942FC07): 1
LogDevObjectVersion:   Dev-Automation (0DF73D61-A23F-47EA-B727-89E90C41499A): 1
LogDevObjectVersion:   FortniteMain (601D1886-AC64-4F84-AA16-D3DE0DEAC7D6): 31
LogDevObjectVersion:   Dev-Enterprise (9DFFBCD6-494F-0158-E221-12823C92A888): 10
LogDevObjectVersion:   Dev-Niagara (F2AED0AC-9AFE-416F-8664-AA7FFA26D6FC): 1
LogDevObjectVersion:   Dev-Destruction (174F1F0B-B4C6-45A5-B13F-2EE8D0FB917D): 10
LogDevObjectVersion:   Dev-Physics-Ext (35F94A83-E258-406C-A318-09F59610247C): 37
LogDevObjectVersion:   Dev-PhysicsMaterial-Chaos (B68FC16E-8B1B-42E2-B453-215C058844FE): 1
LogDevObjectVersion:   Dev-CineCamera (B2E18506-4273-CFC2-A54E-F4BB758BBA07): 1
LogInit: Presizing for max 25165824 objects, including 0 objects not considered by GC, pre-allocating 0 bytes for permanent pool.
LogConfig: Applying CVar settings from Section [/Script/Engine.StreamingSettings] File [D:/C++/StealthGame/StealthGame_ProjectBase_4.25/StealthGame/Saved/Config/Windows/Engine.ini]
LogConfig: Setting CVar [[s.MinBulkDataSizeForAsyncLoading:131072]]
LogConfig: Setting CVar [[s.AsyncLoadingThreadEnabled:0]]
LogConfig: Setting CVar [[s.EventDrivenLoaderEnabled:1]]
LogConfig: Setting CVar [[s.WarnIfTimeLimitExceeded:0]]
LogConfig: Setting CVar [[s.TimeLimitExceededMultiplier:1.5]]
LogConfig: Setting CVar [[s.TimeLimitExceededMinTime:0.005]]
LogConfig: Setting CVar [[s.UseBackgroundLevelStreaming:1]]
LogConfig: Setting CVar [[s.PriorityAsyncLoadingExtraTime:15.0]]
LogConfig: Setting CVar [[s.LevelStreamingActorsUpdateTimeLimit:5.0]]
LogConfig: Setting CVar [[s.PriorityLevelStreamingActorsUpdateExtraTime:5.0]]
LogConfig: Setting CVar [[s.LevelStreamingComponentsRegistrationGranularity:10]]
LogConfig: Setting CVar [[s.UnregisterComponentsTimeLimit:1.0]]
LogConfig: Setting CVar [[s.LevelStreamingComponentsUnregistrationGranularity:5]]
LogConfig: Setting CVar [[s.FlushStreamingOnExit:1]]
LogInit: Object subsystem initialized
LogConfig: Setting CVar [[con.DebugEarlyDefault:1]]
LogConfig: Setting CVar [[r.setres:1280x720]]
[2020.08.27-01.52.11:575][  0]LogConfig: Setting CVar [[r.VSync:0]]
[2020.08.27-01.52.11:576][  0]LogConfig: Setting CVar [[r.RHICmdBypass:0]]
[2020.08.27-01.52.11:576][  0]LogConfig: Applying CVar settings from Section [/Script/Engine.RendererSettings] File [D:/C++/StealthGame/StealthGame_ProjectBase_4.25/StealthGame/Saved/Config/Windows/Engine.ini]
[2020.08.27-01.52.11:576][  0]LogConfig: Setting CVar [[r.GPUCrashDebugging:0]]
[2020.08.27-01.52.11:576][  0]LogConfig: Applying CVar settings from Section [/Script/Engine.RendererOverrideSettings] File [D:/C++/StealthGame/StealthGame_ProjectBase_4.25/StealthGame/Saved/Config/Windows/Engine.ini]
[2020.08.27-01.52.11:576][  0]LogConfig: Applying CVar settings from Section [/Script/Engine.StreamingSettings] File [D:/C++/StealthGame/StealthGame_ProjectBase_4.25/StealthGame/Saved/Config/Windows/Engine.ini]
[2020.08.27-01.52.11:576][  0]LogConfig: Setting CVar [[s.MinBulkDataSizeForAsyncLoading:131072]]
[2020.08.27-01.52.11:576][  0]LogConfig: Setting CVar [[s.AsyncLoadingThreadEnabled:0]]
[2020.08.27-01.52.11:576][  0]LogConfig: Setting CVar [[s.EventDrivenLoaderEnabled:1]]
[2020.08.27-01.52.11:576][  0]LogConfig: Setting CVar [[s.WarnIfTimeLimitExceeded:0]]
[2020.08.27-01.52.11:576][  0]LogConfig: Setting CVar [[s.TimeLimitExceededMultiplier:1.5]]
[2020.08.27-01.52.11:576][  0]LogConfig: Setting CVar [[s.TimeLimitExceededMinTime:0.005]]
[2020.08.27-01.52.11:576][  0]LogConfig: Setting CVar [[s.UseBackgroundLevelStreaming:1]]
[2020.08.27-01.52.11:576][  0]LogConfig: Setting CVar [[s.PriorityAsyncLoadingExtraTime:15.0]]
[2020.08.27-01.52.11:576][  0]LogConfig: Setting CVar [[s.LevelStreamingActorsUpdateTimeLimit:5.0]]
[2020.08.27-01.52.11:576][  0]LogConfig: Setting CVar [[s.PriorityLevelStreamingActorsUpdateExtraTime:5.0]]
[2020.08.27-01.52.11:576][  0]LogConfig: Setting CVar [[s.LevelStreamingComponentsRegistrationGranularity:10]]
[2020.08.27-01.52.11:576][  0]LogConfig: Setting CVar [[s.UnregisterComponentsTimeLimit:1.0]]
[2020.08.27-01.52.11:576][  0]LogConfig: Setting CVar [[s.LevelStreamingComponentsUnregistrationGranularity:5]]
[2020.08.27-01.52.11:577][  0]LogConfig: Setting CVar [[s.FlushStreamingOnExit:1]]
[2020.08.27-01.52.11:577][  0]LogConfig: Applying CVar settings from Section [/Script/Engine.GarbageCollectionSettings] File [D:/C++/StealthGame/StealthGame_ProjectBase_4.25/StealthGame/Saved/Config/Windows/Engine.ini]
[2020.08.27-01.52.11:577][  0]LogConfig: Setting CVar [[gc.MaxObjectsNotConsideredByGC:1]]
[2020.08.27-01.52.11:577][  0]LogConfig: Setting CVar [[gc.SizeOfPermanentObjectPool:0]]
[2020.08.27-01.52.11:577][  0]LogConfig: Setting CVar [[gc.FlushStreamingOnGC:0]]
[2020.08.27-01.52.11:577][  0]LogConfig: Setting CVar [[gc.NumRetriesBeforeForcingGC:10]]
[2020.08.27-01.52.11:577][  0]LogConfig: Setting CVar [[gc.AllowParallelGC:1]]
[2020.08.27-01.52.11:577][  0]LogConfig: Setting CVar [[gc.TimeBetweenPurgingPendingKillObjects:61.1]]
[2020.08.27-01.52.11:577][  0]LogConfig: Setting CVar [[gc.MaxObjectsInEditor:25165824]]
[2020.08.27-01.52.11:577][  0]LogConfig: Setting CVar [[gc.IncrementalBeginDestroyEnabled:1]]
[2020.08.27-01.52.11:577][  0]LogConfig: Setting CVar [[gc.CreateGCClusters:1]]
[2020.08.27-01.52.11:577][  0]LogConfig: Setting CVar [[gc.MinGCClusterSize:5]]
[2020.08.27-01.52.11:577][  0]LogConfig: Setting CVar [[gc.ActorClusteringEnabled:0]]
[2020.08.27-01.52.11:577][  0]LogConfig: Setting CVar [[gc.BlueprintClusteringEnabled:0]]
[2020.08.27-01.52.11:577][  0]LogConfig: Setting CVar [[gc.UseDisregardForGCOnDedicatedServers:0]]
[2020.08.27-01.52.11:577][  0]LogConfig: Applying CVar settings from Section [/Script/Engine.NetworkSettings] File [D:/C++/StealthGame/StealthGame_ProjectBase_4.25/StealthGame/Saved/Config/Windows/Engine.ini]
[2020.08.27-01.52.11:577][  0]LogConfig: Applying CVar settings from Section [/Script/UnrealEd.CookerSettings] File [D:/C++/StealthGame/StealthGame_ProjectBase_4.25/StealthGame/Saved/Config/Windows/Engine.ini]
[2020.08.27-01.52.11:587][  0]LogConfig: Applying CVar settings from Section [ViewDistanceQuality@3] File [D:/C++/StealthGame/StealthGame_ProjectBase_4.25/StealthGame/Saved/Config/Windows/Scalability.ini]
[2020.08.27-01.52.11:587][  0]LogConfig: Setting CVar [[r.SkeletalMeshLODBias:0]]
[2020.08.27-01.52.11:587][  0]LogConfig: Setting CVar [[r.ViewDistanceScale:1.0]]
[2020.08.27-01.52.11:587][  0]LogConfig: Applying CVar settings from Section [AntiAliasingQuality@3] File [D:/C++/StealthGame/StealthGame_ProjectBase_4.25/StealthGame/Saved/Config/Windows/Scalability.ini]
[2020.08.27-01.52.11:587][  0]LogConfig: Setting CVar [[r.PostProcessAAQuality:4]]
[2020.08.27-01.52.11:587][  0]LogConfig: Applying CVar settings from Section [ShadowQuality@3] File [D:/C++/StealthGame/StealthGame_ProjectBase_4.25/StealthGame/Saved/Config/Windows/Scalability.ini]
[2020.08.27-01.52.11:588][  0]LogConfig: Setting CVar [[r.LightFunctionQuality:1]]
[2020.08.27-01.52.11:588][  0]LogConfig: Setting CVar [[r.ShadowQuality:5]]
[2020.08.27-01.52.11:588][  0]LogConfig: Setting CVar [[r.Shadow.CSM.MaxCascades:10]]
[2020.08.27-01.52.11:588][  0]LogConfig: Setting CVar [[r.Shadow.MaxResolution:2048]]
[2020.08.27-01.52.11:588][  0]LogConfig: Setting CVar [[r.Shadow.MaxCSMResolution:2048]]
[2020.08.27-01.52.11:588][  0]LogConfig: Setting CVar [[r.Shadow.RadiusThreshold:0.01]]
[2020.08.27-01.52.11:588][  0]LogConfig: Setting CVar [[r.Shadow.DistanceScale:1.0]]
[2020.08.27-01.52.11:588][  0]LogConfig: Setting CVar [[r.Shadow.CSM.TransitionScale:1.0]]
[2020.08.27-01.52.11:588][  0]LogConfig: Setting CVar [[r.Shadow.PreShadowResolutionFactor:1.0]]
[2020.08.27-01.52.11:588][  0]LogConfig: Setting CVar [[r.DistanceFieldShadowing:1]]
[2020.08.27-01.52.11:588][  0]LogConfig: Setting CVar [[r.DistanceFieldAO:1]]
[2020.08.27-01.52.11:588][  0]LogConfig: Setting CVar [[r.AOQuality:2]]
[2020.08.27-01.52.11:588][  0]LogConfig: Setting CVar [[r.VolumetricFog:1]]
[2020.08.27-01.52.11:588][  0]LogConfig: Setting CVar [[r.VolumetricFog.GridPixelSize:8]]
[2020.08.27-01.52.11:589][  0]LogConfig: Setting CVar [[r.VolumetricFog.GridSizeZ:128]]
[2020.08.27-01.52.11:589][  0]LogConfig: Setting CVar [[r.VolumetricFog.HistoryMissSupersampleCount:4]]
[2020.08.27-01.52.11:589][  0]LogConfig: Setting CVar [[r.LightMaxDrawDistanceScale:1]]
[2020.08.27-01.52.11:589][  0]LogConfig: Setting CVar [[r.CapsuleShadows:1]]
[2020.08.27-01.52.11:589][  0]LogConfig: Applying CVar settings from Section [PostProcessQuality@3] File [D:/C++/StealthGame/StealthGame_ProjectBase_4.25/StealthGame/Saved/Config/Windows/Scalability.ini]
[2020.08.27-01.52.11:589][  0]LogConfig: Setting CVar [[r.MotionBlurQuality:4]]
[2020.08.27-01.52.11:589][  0]LogConfig: Setting CVar [[r.AmbientOcclusionMipLevelFactor:0.4]]
[2020.08.27-01.52.11:589][  0]LogConfig: Setting CVar [[r.AmbientOcclusionMaxQuality:100]]
[2020.08.27-01.52.11:589][  0]LogConfig: Setting CVar [[r.AmbientOcclusionLevels:-1]]
[2020.08.27-01.52.11:589][  0]LogConfig: Setting CVar [[r.AmbientOcclusionRadiusScale:1.0]]
[2020.08.27-01.52.11:589][  0]LogConfig: Setting CVar [[r.DepthOfFieldQuality:2]]
[2020.08.27-01.52.11:589][  0]LogConfig: Setting CVar [[r.RenderTargetPoolMin:400]]
[2020.08.27-01.52.11:589][  0]LogConfig: Setting CVar [[r.LensFlareQuality:2]]
[2020.08.27-01.52.11:589][  0]LogConfig: Setting CVar [[r.SceneColorFringeQuality:1]]
[2020.08.27-01.52.11:589][  0]LogConfig: Setting CVar [[r.EyeAdaptationQuality:2]]
[2020.08.27-01.52.11:589][  0]LogConfig: Setting CVar [[r.BloomQuality:5]]
[2020.08.27-01.52.11:589][  0]LogConfig: Setting CVar [[r.FastBlurThreshold:100]]
[2020.08.27-01.52.11:590][  0]LogConfig: Setting CVar [[r.Upscale.Quality:3]]
[2020.08.27-01.52.11:590][  0]LogConfig: Setting CVar [[r.Tonemapper.GrainQuantization:1]]
[2020.08.27-01.52.11:590][  0]LogConfig: Setting CVar [[r.LightShaftQuality:1]]
[2020.08.27-01.52.11:590][  0]LogConfig: Setting CVar [[r.Filter.SizeScale:1]]
[2020.08.27-01.52.11:590][  0]LogConfig: Setting CVar [[r.Tonemapper.Quality:5]]
[2020.08.27-01.52.11:590][  0]LogConfig: Setting CVar [[r.DOF.Gather.AccumulatorQuality:1        ; higher gathering accumulator quality]]
[2020.08.27-01.52.11:590][  0]LogConfig: Setting CVar [[r.DOF.Gather.PostfilterMethod:1          ; Median3x3 postfilering method]]
[2020.08.27-01.52.11:590][  0]LogConfig: Setting CVar [[r.DOF.Gather.EnableBokehSettings:0       ; no bokeh simulation when gathering]]
[2020.08.27-01.52.11:590][  0]LogConfig: Setting CVar [[r.DOF.Gather.RingCount:4                 ; medium number of samples when gathering]]
[2020.08.27-01.52.11:590][  0]LogConfig: Setting CVar [[r.DOF.Scatter.ForegroundCompositing:1    ; additive foreground scattering]]
[2020.08.27-01.52.11:590][  0]LogConfig: Setting CVar [[r.DOF.Scatter.BackgroundCompositing:2    ; additive background scattering]]
[2020.08.27-01.52.11:590][  0]LogConfig: Setting CVar [[r.DOF.Scatter.EnableBokehSettings:1      ; bokeh simulation when scattering]]
[2020.08.27-01.52.11:590][  0]LogConfig: Setting CVar [[r.DOF.Scatter.MaxSpriteRatio:0.1         ; only a maximum of 10% of scattered bokeh]]
[2020.08.27-01.52.11:590][  0]LogConfig: Setting CVar [[r.DOF.Recombine.Quality:1                ; cheap slight out of focus]]
[2020.08.27-01.52.11:590][  0]LogConfig: Setting CVar [[r.DOF.Recombine.EnableBokehSettings:0    ; no bokeh simulation on slight out of focus]]
[2020.08.27-01.52.11:590][  0]LogConfig: Setting CVar [[r.DOF.TemporalAAQuality:1                ; more stable temporal accumulation]]
[2020.08.27-01.52.11:591][  0]LogConfig: Setting CVar [[r.DOF.Kernel.MaxForegroundRadius:0.025]]
[2020.08.27-01.52.11:591][  0]LogConfig: Setting CVar [[r.DOF.Kernel.MaxBackgroundRadius:0.025]]
[2020.08.27-01.52.11:591][  0]LogConfig: Applying CVar settings from Section [TextureQuality@3] File [D:/C++/StealthGame/StealthGame_ProjectBase_4.25/StealthGame/Saved/Config/Windows/Scalability.ini]
[2020.08.27-01.52.11:591][  0]LogConfig: Setting CVar [[r.Streaming.MipBias:0]]
[2020.08.27-01.52.11:591][  0]LogConfig: Setting CVar [[r.Streaming.AmortizeCPUToGPUCopy:0]]
[2020.08.27-01.52.11:591][  0]LogConfig: Setting CVar [[r.Streaming.MaxNumTexturesToStreamPerFrame:0]]
[2020.08.27-01.52.11:591][  0]LogConfig: Setting CVar [[r.Streaming.Boost:1]]
[2020.08.27-01.52.11:591][  0]LogConfig: Setting CVar [[r.MaxAnisotropy:8]]
[2020.08.27-01.52.11:591][  0]LogConfig: Setting CVar [[r.VT.MaxAnisotropy:8]]
[2020.08.27-01.52.11:591][  0]LogConfig: Setting CVar [[r.Streaming.LimitPoolSizeToVRAM:0]]
[2020.08.27-01.52.11:591][  0]LogConfig: Setting CVar [[r.Streaming.PoolSize:1000]]
[2020.08.27-01.52.11:591][  0]LogConfig: Setting CVar [[r.Streaming.MaxEffectiveScreenSize:0]]
[2020.08.27-01.52.11:591][  0]LogConfig: Applying CVar settings from Section [EffectsQuality@3] File [D:/C++/StealthGame/StealthGame_ProjectBase_4.25/StealthGame/Saved/Config/Windows/Scalability.ini]
[2020.08.27-01.52.11:591][  0]LogConfig: Setting CVar [[r.TranslucencyLightingVolumeDim:64]]
[2020.08.27-01.52.11:591][  0]LogConfig: Setting CVar [[r.RefractionQuality:2]]
[2020.08.27-01.52.11:592][  0]LogConfig: Setting CVar [[r.SSR.Quality:3]]
[2020.08.27-01.52.11:592][  0]LogConfig: Setting CVar [[r.SSR.HalfResSceneColor:0]]
[2020.08.27-01.52.11:592][  0]LogConfig: Setting CVar [[r.SceneColorFormat:4]]
[2020.08.27-01.52.11:592][  0]LogConfig: Setting CVar [[r.DetailMode:2]]
[2020.08.27-01.52.11:592][  0]LogConfig: Setting CVar [[r.TranslucencyVolumeBlur:1]]
[2020.08.27-01.52.11:592][  0]LogConfig: Setting CVar [[r.MaterialQualityLevel:1 ; High quality]]
[2020.08.27-01.52.11:592][  0]LogConfig: Setting CVar [[r.SSS.Scale:1]]
[2020.08.27-01.52.11:592][  0]LogConfig: Setting CVar [[r.SSS.SampleSet:2]]
[2020.08.27-01.52.11:592][  0]LogConfig: Setting CVar [[r.SSS.Quality:1]]
[2020.08.27-01.52.11:592][  0]LogConfig: Setting CVar [[r.SSS.HalfRes:0]]
[2020.08.27-01.52.11:592][  0]LogConfig: Setting CVar [[r.SSGI.Quality:3]]
[2020.08.27-01.52.11:592][  0]LogConfig: Setting CVar [[r.EmitterSpawnRateScale:1.0]]
[2020.08.27-01.52.11:592][  0]LogConfig: Setting CVar [[r.ParticleLightQuality:2]]
[2020.08.27-01.52.11:592][  0]LogConfig: Setting CVar [[r.SkyAtmosphere.AerialPerspectiveLUT.FastApplyOnOpaque:1 ; Always have FastSkyLUT 1 in this case to avoid wrong sky]]
[2020.08.27-01.52.11:592][  0]LogConfig: Setting CVar [[r.SkyAtmosphere.AerialPerspectiveLUT.SampleCountPerSlice:1]]
[2020.08.27-01.52.11:592][  0]LogConfig: Setting CVar [[r.SkyAtmosphere.AerialPerspectiveLUT.DepthResolution:16.0]]
[2020.08.27-01.52.11:593][  0]LogConfig: Setting CVar [[r.SkyAtmosphere.FastSkyLUT:1]]
[2020.08.27-01.52.11:593][  0]LogConfig: Setting CVar [[r.SkyAtmosphere.FastSkyLUT.SampleCountMin:4.0]]
[2020.08.27-01.52.11:593][  0]LogConfig: Setting CVar [[r.SkyAtmosphere.FastSkyLUT.SampleCountMax:32.0]]
[2020.08.27-01.52.11:593][  0]LogConfig: Setting CVar [[r.SkyAtmosphere.SampleCountMin:4.0]]
[2020.08.27-01.52.11:593][  0]LogConfig: Setting CVar [[r.SkyAtmosphere.SampleCountMax:32.0]]
[2020.08.27-01.52.11:593][  0]LogConfig: Setting CVar [[r.SkyAtmosphere.TransmittanceLUT.UseSmallFormat:0]]
[2020.08.27-01.52.11:593][  0]LogConfig: Setting CVar [[r.SkyAtmosphere.TransmittanceLUT.SampleCount:10.0]]
[2020.08.27-01.52.11:593][  0]LogConfig: Setting CVar [[r.SkyAtmosphere.MultiScatteringLUT.SampleCount:15.0]]
[2020.08.27-01.52.11:593][  0]LogConfig: Applying CVar settings from Section [FoliageQuality@3] File [D:/C++/StealthGame/StealthGame_ProjectBase_4.25/StealthGame/Saved/Config/Windows/Scalability.ini]
[2020.08.27-01.52.11:593][  0]LogConfig: Setting CVar [[foliage.DensityScale:1.0]]
[2020.08.27-01.52.11:593][  0]LogConfig: Setting CVar [[grass.DensityScale:1.0]]
[2020.08.27-01.52.11:593][  0]LogConfig: Applying CVar settings from Section [ShadingQuality@3] File [D:/C++/StealthGame/StealthGame_ProjectBase_4.25/StealthGame/Saved/Config/Windows/Scalability.ini]
[2020.08.27-01.52.11:593][  0]LogConfig: Setting CVar [[r.HairStrands.SkyLighting.SampleCount:16]]
[2020.08.27-01.52.11:593][  0]LogConfig: Setting CVar [[r.HairStrands.SkyLighting.JitterIntegration:0]]
[2020.08.27-01.52.11:593][  0]LogConfig: Setting CVar [[r.HairStrands.SkyAO.SampleCount:16]]
[2020.08.27-01.52.11:593][  0]LogConfig: Setting CVar [[r.HairStrands.DeepShadow.SuperSampling:0]]
[2020.08.27-01.52.11:593][  0]LogConfig: Setting CVar [[r.HairStrands.VisibilityPPLL:0]]
[2020.08.27-01.52.11:593][  0]LogConfig: Setting CVar [[r.HairStrands.RasterizationScale:0.5]]
[2020.08.27-01.52.11:594][  0]LogConfig: Setting CVar [[r.HairStrands.VelocityRasterizationScale:1]]
[2020.08.27-01.52.11:594][  0]LogInit: Selected Device Profile: [Windows]
[2020.08.27-01.52.11:594][  0]LogInit: Applying CVar settings loaded from the selected device profile: [Windows]
[2020.08.27-01.52.11:594][  0]LogHAL: Display: Platform has ~ 16 GB [17018667008 / 17179869184 / 16], which maps to Larger [LargestMinGB=32, LargerMinGB=12, DefaultMinGB=8, SmallerMinGB=6, SmallestMinGB=0)
[2020.08.27-01.52.11:594][  0]LogInit: Going up to parent DeviceProfile []
[2020.08.27-01.52.11:594][  0]LogConfig: Applying CVar settings from Section [ViewDistanceQuality@3] File [D:/C++/StealthGame/StealthGame_ProjectBase_4.25/StealthGame/Saved/Config/Windows/Scalability.ini]
[2020.08.27-01.52.11:594][  0]LogConfig: Setting CVar [[r.SkeletalMeshLODBias:0]]
[2020.08.27-01.52.11:594][  0]LogConfig: Setting CVar [[r.ViewDistanceScale:1.0]]
[2020.08.27-01.52.11:594][  0]LogConfig: Applying CVar settings from Section [AntiAliasingQuality@3] File [D:/C++/StealthGame/StealthGame_ProjectBase_4.25/StealthGame/Saved/Config/Windows/Scalability.ini]
[2020.08.27-01.52.11:594][  0]LogConfig: Setting CVar [[r.PostProcessAAQuality:4]]
[2020.08.27-01.52.11:594][  0]LogConfig: Applying CVar settings from Section [ShadowQuality@3] File [D:/C++/StealthGame/StealthGame_ProjectBase_4.25/StealthGame/Saved/Config/Windows/Scalability.ini]
[2020.08.27-01.52.11:594][  0]LogConfig: Setting CVar [[r.LightFunctionQuality:1]]
[2020.08.27-01.52.11:594][  0]LogConfig: Setting CVar [[r.ShadowQuality:5]]
[2020.08.27-01.52.11:594][  0]LogConfig: Setting CVar [[r.Shadow.CSM.MaxCascades:10]]
[2020.08.27-01.52.11:594][  0]LogConfig: Setting CVar [[r.Shadow.MaxResolution:2048]]
[2020.08.27-01.52.11:594][  0]LogConfig: Setting CVar [[r.Shadow.MaxCSMResolution:2048]]
[2020.08.27-01.52.11:594][  0]LogConfig: Setting CVar [[r.Shadow.RadiusThreshold:0.01]]
[2020.08.27-01.52.11:595][  0]LogConfig: Setting CVar [[r.Shadow.DistanceScale:1.0]]
[2020.08.27-01.52.11:595][  0]LogConfig: Setting CVar [[r.Shadow.CSM.TransitionScale:1.0]]
[2020.08.27-01.52.11:595][  0]LogConfig: Setting CVar [[r.Shadow.PreShadowResolutionFactor:1.0]]
[2020.08.27-01.52.11:595][  0]LogConfig: Setting CVar [[r.DistanceFieldShadowing:1]]
[2020.08.27-01.52.11:595][  0]LogConfig: Setting CVar [[r.DistanceFieldAO:1]]
[2020.08.27-01.52.11:595][  0]LogConfig: Setting CVar [[r.AOQuality:2]]
[2020.08.27-01.52.11:595][  0]LogConfig: Setting CVar [[r.VolumetricFog:1]]
[2020.08.27-01.52.11:595][  0]LogConfig: Setting CVar [[r.VolumetricFog.GridPixelSize:8]]
[2020.08.27-01.52.11:595][  0]LogConfig: Setting CVar [[r.VolumetricFog.GridSizeZ:128]]
[2020.08.27-01.52.11:595][  0]LogConfig: Setting CVar [[r.VolumetricFog.HistoryMissSupersampleCount:4]]
[2020.08.27-01.52.11:595][  0]LogConfig: Setting CVar [[r.LightMaxDrawDistanceScale:1]]
[2020.08.27-01.52.11:595][  0]LogConfig: Setting CVar [[r.CapsuleShadows:1]]
[2020.08.27-01.52.11:595][  0]LogConfig: Applying CVar settings from Section [PostProcessQuality@3] File [D:/C++/StealthGame/StealthGame_ProjectBase_4.25/StealthGame/Saved/Config/Windows/Scalability.ini]
[2020.08.27-01.52.11:595][  0]LogConfig: Setting CVar [[r.MotionBlurQuality:4]]
[2020.08.27-01.52.11:595][  0]LogConfig: Setting CVar [[r.AmbientOcclusionMipLevelFactor:0.4]]
[2020.08.27-01.52.11:595][  0]LogConfig: Setting CVar [[r.AmbientOcclusionMaxQuality:100]]
[2020.08.27-01.52.11:595][  0]LogConfig: Setting CVar [[r.AmbientOcclusionLevels:-1]]
[2020.08.27-01.52.11:595][  0]LogConfig: Setting CVar [[r.AmbientOcclusionRadiusScale:1.0]]
[2020.08.27-01.52.11:595][  0]LogConfig: Setting CVar [[r.DepthOfFieldQuality:2]]
[2020.08.27-01.52.11:595][  0]LogConfig: Setting CVar [[r.RenderTargetPoolMin:400]]
[2020.08.27-01.52.11:595][  0]LogConfig: Setting CVar [[r.LensFlareQuality:2]]
[2020.08.27-01.52.11:596][  0]LogConfig: Setting CVar [[r.SceneColorFringeQuality:1]]
[2020.08.27-01.52.11:596][  0]LogConfig: Setting CVar [[r.EyeAdaptationQuality:2]]
[2020.08.27-01.52.11:596][  0]LogConfig: Setting CVar [[r.BloomQuality:5]]
[2020.08.27-01.52.11:596][  0]LogConfig: Setting CVar [[r.FastBlurThreshold:100]]
[2020.08.27-01.52.11:596][  0]LogConfig: Setting CVar [[r.Upscale.Quality:3]]
[2020.08.27-01.52.11:596][  0]LogConfig: Setting CVar [[r.Tonemapper.GrainQuantization:1]]
[2020.08.27-01.52.11:596][  0]LogConfig: Setting CVar [[r.LightShaftQuality:1]]
[2020.08.27-01.52.11:596][  0]LogConfig: Setting CVar [[r.Filter.SizeScale:1]]
[2020.08.27-01.52.11:596][  0]LogConfig: Setting CVar [[r.Tonemapper.Quality:5]]
[2020.08.27-01.52.11:596][  0]LogConfig: Setting CVar [[r.DOF.Gather.AccumulatorQuality:1        ; higher gathering accumulator quality]]
[2020.08.27-01.52.11:596][  0]LogConfig: Setting CVar [[r.DOF.Gather.PostfilterMethod:1          ; Median3x3 postfilering method]]
[2020.08.27-01.52.11:596][  0]LogConfig: Setting CVar [[r.DOF.Gather.EnableBokehSettings:0       ; no bokeh simulation when gathering]]
[2020.08.27-01.52.11:596][  0]LogConfig: Setting CVar [[r.DOF.Gather.RingCount:4                 ; medium number of samples when gathering]]
[2020.08.27-01.52.11:596][  0]LogConfig: Setting CVar [[r.DOF.Scatter.ForegroundCompositing:1    ; additive foreground scattering]]
[2020.08.27-01.52.11:596][  0]LogConfig: Setting CVar [[r.DOF.Scatter.BackgroundCompositing:2    ; additive background scattering]]
[2020.08.27-01.52.11:596][  0]LogConfig: Setting CVar [[r.DOF.Scatter.EnableBokehSettings:1      ; bokeh simulation when scattering]]
[2020.08.27-01.52.11:596][  0]LogConfig: Setting CVar [[r.DOF.Scatter.MaxSpriteRatio:0.1         ; only a maximum of 10% of scattered bokeh]]
[2020.08.27-01.52.11:596][  0]LogConfig: Setting CVar [[r.DOF.Recombine.Quality:1                ; cheap slight out of focus]]
[2020.08.27-01.52.11:596][  0]LogConfig: Setting CVar [[r.DOF.Recombine.EnableBokehSettings:0    ; no bokeh simulation on slight out of focus]]
[2020.08.27-01.52.11:596][  0]LogConfig: Setting CVar [[r.DOF.TemporalAAQuality:1                ; more stable temporal accumulation]]
[2020.08.27-01.52.11:596][  0]LogConfig: Setting CVar [[r.DOF.Kernel.MaxForegroundRadius:0.025]]
[2020.08.27-01.52.11:597][  0]LogConfig: Setting CVar [[r.DOF.Kernel.MaxBackgroundRadius:0.025]]
[2020.08.27-01.52.11:597][  0]LogConfig: Applying CVar settings from Section [TextureQuality@3] File [D:/C++/StealthGame/StealthGame_ProjectBase_4.25/StealthGame/Saved/Config/Windows/Scalability.ini]
[2020.08.27-01.52.11:597][  0]LogConfig: Setting CVar [[r.Streaming.MipBias:0]]
[2020.08.27-01.52.11:597][  0]LogConfig: Setting CVar [[r.Streaming.AmortizeCPUToGPUCopy:0]]
[2020.08.27-01.52.11:597][  0]LogConfig: Setting CVar [[r.Streaming.MaxNumTexturesToStreamPerFrame:0]]
[2020.08.27-01.52.11:597][  0]LogConfig: Setting CVar [[r.Streaming.Boost:1]]
[2020.08.27-01.52.11:597][  0]LogConfig: Setting CVar [[r.MaxAnisotropy:8]]
[2020.08.27-01.52.11:597][  0]LogConfig: Setting CVar [[r.VT.MaxAnisotropy:8]]
[2020.08.27-01.52.11:597][  0]LogConfig: Setting CVar [[r.Streaming.LimitPoolSizeToVRAM:0]]
[2020.08.27-01.52.11:597][  0]LogConfig: Setting CVar [[r.Streaming.PoolSize:1000]]
[2020.08.27-01.52.11:597][  0]LogConfig: Setting CVar [[r.Streaming.MaxEffectiveScreenSize:0]]
[2020.08.27-01.52.11:597][  0]LogConfig: Applying CVar settings from Section [EffectsQuality@3] File [D:/C++/StealthGame/StealthGame_ProjectBase_4.25/StealthGame/Saved/Config/Windows/Scalability.ini]
[2020.08.27-01.52.11:597][  0]LogConfig: Setting CVar [[r.TranslucencyLightingVolumeDim:64]]
[2020.08.27-01.52.11:597][  0]LogConfig: Setting CVar [[r.RefractionQuality:2]]
[2020.08.27-01.52.11:597][  0]LogConfig: Setting CVar [[r.SSR.Quality:3]]
[2020.08.27-01.52.11:597][  0]LogConfig: Setting CVar [[r.SSR.HalfResSceneColor:0]]
[2020.08.27-01.52.11:597][  0]LogConfig: Setting CVar [[r.SceneColorFormat:4]]
[2020.08.27-01.52.11:597][  0]LogConfig: Setting CVar [[r.DetailMode:2]]
[2020.08.27-01.52.11:597][  0]LogConfig: Setting CVar [[r.TranslucencyVolumeBlur:1]]
[2020.08.27-01.52.11:597][  0]LogConfig: Setting CVar [[r.MaterialQualityLevel:1 ; High quality]]
[2020.08.27-01.52.11:597][  0]LogConfig: Setting CVar [[r.SSS.Scale:1]]
[2020.08.27-01.52.11:598][  0]LogConfig: Setting CVar [[r.SSS.SampleSet:2]]
[2020.08.27-01.52.11:598][  0]LogConfig: Setting CVar [[r.SSS.Quality:1]]
[2020.08.27-01.52.11:598][  0]LogConfig: Setting CVar [[r.SSS.HalfRes:0]]
[2020.08.27-01.52.11:598][  0]LogConfig: Setting CVar [[r.SSGI.Quality:3]]
[2020.08.27-01.52.11:598][  0]LogConfig: Setting CVar [[r.EmitterSpawnRateScale:1.0]]
[2020.08.27-01.52.11:598][  0]LogConfig: Setting CVar [[r.ParticleLightQuality:2]]
[2020.08.27-01.52.11:598][  0]LogConfig: Setting CVar [[r.SkyAtmosphere.AerialPerspectiveLUT.FastApplyOnOpaque:1 ; Always have FastSkyLUT 1 in this case to avoid wrong sky]]
[2020.08.27-01.52.11:598][  0]LogConfig: Setting CVar [[r.SkyAtmosphere.AerialPerspectiveLUT.SampleCountPerSlice:1]]
[2020.08.27-01.52.11:598][  0]LogConfig: Setting CVar [[r.SkyAtmosphere.AerialPerspectiveLUT.DepthResolution:16.0]]
[2020.08.27-01.52.11:598][  0]LogConfig: Setting CVar [[r.SkyAtmosphere.FastSkyLUT:1]]
[2020.08.27-01.52.11:598][  0]LogConfig: Setting CVar [[r.SkyAtmosphere.FastSkyLUT.SampleCountMin:4.0]]
[2020.08.27-01.52.11:598][  0]LogConfig: Setting CVar [[r.SkyAtmosphere.FastSkyLUT.SampleCountMax:32.0]]
[2020.08.27-01.52.11:598][  0]LogConfig: Setting CVar [[r.SkyAtmosphere.SampleCountMin:4.0]]
[2020.08.27-01.52.11:598][  0]LogConfig: Setting CVar [[r.SkyAtmosphere.SampleCountMax:32.0]]
[2020.08.27-01.52.11:598][  0]LogConfig: Setting CVar [[r.SkyAtmosphere.TransmittanceLUT.UseSmallFormat:0]]
[2020.08.27-01.52.11:598][  0]LogConfig: Setting CVar [[r.SkyAtmosphere.TransmittanceLUT.SampleCount:10.0]]
[2020.08.27-01.52.11:598][  0]LogConfig: Setting CVar [[r.SkyAtmosphere.MultiScatteringLUT.SampleCount:15.0]]
[2020.08.27-01.52.11:598][  0]LogConfig: Applying CVar settings from Section [FoliageQuality@3] File [D:/C++/StealthGame/StealthGame_ProjectBase_4.25/StealthGame/Saved/Config/Windows/Scalability.ini]
[2020.08.27-01.52.11:598][  0]LogConfig: Setting CVar [[foliage.DensityScale:1.0]]
[2020.08.27-01.52.11:598][  0]LogConfig: Setting CVar [[grass.DensityScale:1.0]]
[2020.08.27-01.52.11:599][  0]LogConfig: Applying CVar settings from Section [ShadingQuality@3] File [D:/C++/StealthGame/StealthGame_ProjectBase_4.25/StealthGame/Saved/Config/Windows/Scalability.ini]
[2020.08.27-01.52.11:599][  0]LogConfig: Setting CVar [[r.HairStrands.SkyLighting.SampleCount:16]]
[2020.08.27-01.52.11:599][  0]LogConfig: Setting CVar [[r.HairStrands.SkyLighting.JitterIntegration:0]]
[2020.08.27-01.52.11:599][  0]LogConfig: Setting CVar [[r.HairStrands.SkyAO.SampleCount:16]]
[2020.08.27-01.52.11:599][  0]LogConfig: Setting CVar [[r.HairStrands.DeepShadow.SuperSampling:0]]
[2020.08.27-01.52.11:599][  0]LogConfig: Setting CVar [[r.HairStrands.VisibilityPPLL:0]]
[2020.08.27-01.52.11:599][  0]LogConfig: Setting CVar [[r.HairStrands.RasterizationScale:0.5]]
[2020.08.27-01.52.11:599][  0]LogConfig: Setting CVar [[r.HairStrands.VelocityRasterizationScale:1]]
[2020.08.27-01.52.11:599][  0]LogConfig: Applying CVar settings from Section [Startup] File [../../../Engine/Config/ConsoleVariables.ini]
[2020.08.27-01.52.11:599][  0]LogConfig: Setting CVar [[net.UseAdaptiveNetUpdateFrequency:0]]
[2020.08.27-01.52.11:599][  0]LogConfig: Setting CVar [[p.chaos.AllowCreatePhysxBodies:1]]
[2020.08.27-01.52.11:599][  0]LogConfig: Setting CVar [[fx.SkipVectorVMBackendOptimizations:1]]
[2020.08.27-01.52.11:599][  0]LogConfig: Applying CVar settings from Section [ConsoleVariables] File [D:/C++/StealthGame/StealthGame_ProjectBase_4.25/StealthGame/Saved/Config/Windows/Engine.ini]
[2020.08.27-01.52.11:599][  0]LogInit: Computer: DESKTOP-GQDTUSF
[2020.08.27-01.52.11:599][  0]LogInit: User: User
[2020.08.27-01.52.11:599][  0]LogInit: CPU Page size=4096, Cores=6
[2020.08.27-01.52.11:600][  0]LogInit: High frequency timer resolution =10.000000 MHz
[2020.08.27-01.52.11:600][  0]LogMemory: Memory total: Physical=15.8GB (16GB approx)
[2020.08.27-01.52.11:600][  0]LogMemory: Platform Memory Stats for Windows
[2020.08.27-01.52.11:600][  0]LogMemory: Process Physical Memory: 116.25 MB used, 116.25 MB peak
[2020.08.27-01.52.11:600][  0]LogMemory: Process Virtual Memory: 97.23 MB used, 97.23 MB peak
[2020.08.27-01.52.11:600][  0]LogMemory: Physical Memory: 8147.10 MB used,  8083.17 MB free, 16230.27 MB total
[2020.08.27-01.52.11:600][  0]LogMemory: Virtual Memory: 5166.39 MB used,  134212560.00 MB free, 134217728.00 MB total
[2020.08.27-01.52.11:614][  0]LogWindows: WindowsPlatformFeatures enabled
[2020.08.27-01.52.11:799][  0]LogInit: Physics initialised using underlying interface: PhysX
[2020.08.27-01.52.11:800][  0]LogInit: Using OS detected language (en-US).
[2020.08.27-01.52.11:800][  0]LogInit: Using OS detected locale (en-CA).
[2020.08.27-01.52.11:804][  0]LogTextLocalizationManager: No specific localization for 'en-US' exists, so the 'en' localization will be used.
[2020.08.27-01.52.12:089][  0]LogSlate: New Slate User Created.  User Index 0, Is Virtual User: 0
[2020.08.27-01.52.12:089][  0]LogSlate: Slate User Registered.  User Index 0, Is Virtual User: 0
[2020.08.27-01.52.12:261][  0]LogHMD: Failed to initialize OpenVR with code 100
[2020.08.27-01.52.12:261][  0]LogD3D11RHI: D3D11 min allowed feature level: 11_0
[2020.08.27-01.52.12:261][  0]LogD3D11RHI: D3D11 max allowed feature level: 11_0
[2020.08.27-01.52.12:261][  0]LogD3D11RHI: D3D11 adapters:
[2020.08.27-01.52.12:371][  0]LogD3D11RHI:    0. 'NVIDIA GeForce GTX 1070' (Feature Level 11_0)
[2020.08.27-01.52.12:371][  0]LogD3D11RHI:       8081/0/8115 MB DedicatedVideo/DedicatedSystem/SharedSystem, Outputs:1, VendorId:0x10de
[2020.08.27-01.52.12:412][  0]LogD3D11RHI:    1. 'Intel(R) UHD Graphics 630' (Feature Level 11_0)
[2020.08.27-01.52.12:412][  0]LogD3D11RHI:       128/0/8115 MB DedicatedVideo/DedicatedSystem/SharedSystem, Outputs:0, VendorId:0x8086
[2020.08.27-01.52.12:420][  0]LogD3D11RHI:    2. 'Microsoft Basic Render Driver' (Feature Level 11_0)
[2020.08.27-01.52.12:420][  0]LogD3D11RHI:       0/0/8115 MB DedicatedVideo/DedicatedSystem/SharedSystem, Outputs:0, VendorId:0x1414
[2020.08.27-01.52.12:420][  0]LogD3D11RHI: Chosen D3D11 Adapter: 0
[2020.08.27-01.52.12:468][  0]LogD3D11RHI: Creating new Direct3DDevice
[2020.08.27-01.52.12:468][  0]LogD3D11RHI:     GPU DeviceId: 0x1ba1 (for the marketing name, search the web for "GPU Device Id")
[2020.08.27-01.52.12:468][  0]LogWindows: EnumDisplayDevices:
[2020.08.27-01.52.12:468][  0]LogWindows:    0. 'Intel(R) UHD Graphics 630' (P:1 D:1)
[2020.08.27-01.52.12:469][  0]LogWindows:    1. 'Intel(R) UHD Graphics 630' (P:0 D:0)
[2020.08.27-01.52.12:469][  0]LogWindows:    2. 'Intel(R) UHD Graphics 630' (P:0 D:0)
[2020.08.27-01.52.12:469][  0]LogWindows:    3. 'NVIDIA GeForce GTX 1070' (P:0 D:0)
[2020.08.27-01.52.12:470][  0]LogWindows:    4. 'NVIDIA GeForce GTX 1070' (P:0 D:0)
[2020.08.27-01.52.12:470][  0]LogWindows:    5. 'NVIDIA GeForce GTX 1070' (P:0 D:0)
[2020.08.27-01.52.12:471][  0]LogWindows:    6. 'NVIDIA GeForce GTX 1070' (P:0 D:0)
[2020.08.27-01.52.12:471][  0]LogWindows: DebugString: PrimaryIsNotTheChoosenAdapter PrimaryIsNotTheChoosenAdapter PrimaryIsNotTheChoosenAdapter FoundDriverCount:4 
[2020.08.27-01.52.12:471][  0]LogD3D11RHI:     Adapter Name: NVIDIA GeForce GTX 1070
[2020.08.27-01.52.12:471][  0]LogD3D11RHI:   Driver Version: 399.01 (internal:24.21.13.9901, unified:399.01)
[2020.08.27-01.52.12:471][  0]LogD3D11RHI:      Driver Date: 8-13-2018
[2020.08.27-01.52.12:471][  0]LogRHI: Texture pool is 5656 MB (70% of 8081 MB)
[2020.08.27-01.52.12:540][  0]LogD3D11RHI: RHI has support for 64 bit atomics
[2020.08.27-01.52.12:542][  0]LogD3D11RHI: [Aftermath] Enabled and primed
[2020.08.27-01.52.12:542][  0]LogD3D11RHI: Async texture creation enabled
[2020.08.27-01.52.12:542][  0]LogD3D11RHI: Array index from any shader is supported
[2020.08.27-01.52.12:569][  0]LogD3D11RHI: GPU Timing Frequency: 1000.000000 (Debug: 2 2)
[2020.08.27-01.52.12:890][  0]LogTargetPlatformManager: Display: Loaded TargetPlatform 'AllDesktop'
[2020.08.27-01.52.12:916][  0]LogTargetPlatformManager: Display: Loaded TargetPlatform 'Android'
[2020.08.27-01.52.12:916][  0]LogTargetPlatformManager: Display: Loaded TargetPlatform 'Android_ASTC'
[2020.08.27-01.52.12:916][  0]LogTargetPlatformManager: Display: Loaded TargetPlatform 'Android_DXT'
[2020.08.27-01.52.12:917][  0]LogTargetPlatformManager: Display: Loaded TargetPlatform 'Android_ETC2'
[2020.08.27-01.52.12:917][  0]LogTargetPlatformManager: Display: Loaded TargetPlatform 'AndroidClient'
[2020.08.27-01.52.12:917][  0]LogTargetPlatformManager: Display: Loaded TargetPlatform 'Android_ASTCClient'
[2020.08.27-01.52.12:917][  0]LogTargetPlatformManager: Display: Loaded TargetPlatform 'Android_DXTClient'
[2020.08.27-01.52.12:917][  0]LogTargetPlatformManager: Display: Loaded TargetPlatform 'Android_ETC2Client'
[2020.08.27-01.52.12:917][  0]LogTargetPlatformManager: Display: Loaded TargetPlatform 'Android_Multi'
[2020.08.27-01.52.12:917][  0]LogTargetPlatformManager: Display: Loaded TargetPlatform 'Android_MultiClient'
[2020.08.27-01.52.12:952][  0]LogTargetPlatformManager: Display: Loaded TargetPlatform 'IOSClient'
[2020.08.27-01.52.12:952][  0]LogTargetPlatformManager: Display: Loaded TargetPlatform 'IOS'
[2020.08.27-01.52.12:964][  0]LogTargetPlatformManager: Display: Loaded TargetPlatform 'Linux'
[2020.08.27-01.52.12:975][  0]LogTargetPlatformManager: Display: Loaded TargetPlatform 'LinuxNoEditor'
[2020.08.27-01.52.12:987][  0]LogTargetPlatformManager: Display: Loaded TargetPlatform 'LinuxClient'
[2020.08.27-01.52.12:998][  0]LogTargetPlatformManager: Display: Loaded TargetPlatform 'LinuxServer'
[2020.08.27-01.52.13:010][  0]LogTargetPlatformManager: Display: Loaded TargetPlatform 'LinuxAArch64NoEditor'
[2020.08.27-01.52.13:022][  0]LogTargetPlatformManager: Display: Loaded TargetPlatform 'LinuxAArch64Client'
[2020.08.27-01.52.13:033][  0]LogTargetPlatformManager: Display: Loaded TargetPlatform 'LinuxAArch64Server'
[2020.08.27-01.52.13:060][  0]LogTargetPlatformManager: Display: Loaded TargetPlatform 'Lumin'
[2020.08.27-01.52.13:060][  0]LogTargetPlatformManager: Display: Loaded TargetPlatform 'LuminClient'
[2020.08.27-01.52.13:076][  0]LogTargetPlatformManager: Display: Loaded TargetPlatform 'TVOSClient'
[2020.08.27-01.52.13:077][  0]LogTargetPlatformManager: Display: Loaded TargetPlatform 'TVOS'
[2020.08.27-01.52.13:092][  0]LogTargetPlatformManager: Display: Loaded TargetPlatform 'WindowsNoEditor'
[2020.08.27-01.52.13:103][  0]LogTargetPlatformManager: Display: Loaded TargetPlatform 'Windows'
[2020.08.27-01.52.13:117][  0]LogTargetPlatformManager: Display: Loaded TargetPlatform 'WindowsClient'
[2020.08.27-01.52.13:128][  0]LogTargetPlatformManager: Display: Loaded TargetPlatform 'WindowsServer'
[2020.08.27-01.52.13:129][  0]LogTargetPlatformManager: Display: Building Assets For Windows
[2020.08.27-01.52.13:148][  0]LogAudioDebug: Display: Lib vorbis DLL was dynamically loaded.
[2020.08.27-01.52.13:273][  0]LogShaderCompilers: Guid format shader working directory is -27 characters bigger than the processId version (../../../../../C++/StealthGame/StealthGame_ProjectBase_4.25/StealthGame/Intermediate/Shaders/WorkingDirectory/14812/).
[2020.08.27-01.52.13:273][  0]LogShaderCompilers: Cleaned the shader compiler working directory 'C:/Users/User/AppData/Local/Temp/UnrealShaderWorkingDir/F42DD6EC4444BD44F161E69CEC1F4E87/'.
[2020.08.27-01.52.13:274][  0]LogXGEController: Cleaning working directory: C:/Users/User/AppData/Local/Temp/UnrealXGEWorkingDir/
[2020.08.27-01.52.13:274][  0]LogXGEController: Cannot use XGE Controller as Incredibuild is not installed on this machine.
[2020.08.27-01.52.13:274][  0]LogShaderCompilers: Cannot use XGE Shader Compiler as Incredibuild is not installed on this machine.
[2020.08.27-01.52.13:274][  0]LogShaderCompilers: Display: Using Local Shader Compiler.
[2020.08.27-01.52.14:036][  0]LogDerivedDataCache: Display: Max Cache Size: 512 MB
[2020.08.27-01.52.14:100][  0]LogDerivedDataCache: Loaded boot cache 0.06s 77MB C:/Users/User/AppData/Local/UnrealEngine/4.25/DerivedDataCache/Boot.ddc.
[2020.08.27-01.52.14:100][  0]LogDerivedDataCache: Display: Loaded Boot cache: C:/Users/User/AppData/Local/UnrealEngine/4.25/DerivedDataCache/Boot.ddc
[2020.08.27-01.52.14:100][  0]LogDerivedDataCache: FDerivedDataBackendGraph:  Pak pak cache file ../../../../../C++/StealthGame/StealthGame_ProjectBase_4.25/StealthGame/DerivedDataCache/DDC.ddp not found, will not use a pak cache.
[2020.08.27-01.52.14:100][  0]LogDerivedDataCache: Unable to find inner node Pak for hierarchical cache Hierarchy.
[2020.08.27-01.52.14:100][  0]LogDerivedDataCache: FDerivedDataBackendGraph:  CompressedPak pak cache file ../../../../../C++/StealthGame/StealthGame_ProjectBase_4.25/StealthGame/DerivedDataCache/Compressed.ddp not found, will not use a pak cache.
[2020.08.27-01.52.14:100][  0]LogDerivedDataCache: Unable to find inner node CompressedPak for hierarchical cache Hierarchy.
[2020.08.27-01.52.14:111][  0]LogDerivedDataCache: Display: Pak cache opened for reading ../../../Engine/DerivedDataCache/Compressed.ddp.
[2020.08.27-01.52.14:111][  0]LogDerivedDataCache: FDerivedDataBackendGraph:  EnterprisePak pak cache file ../../../Enterprise/DerivedDataCache/Compressed.ddp not found, will not use a pak cache.
[2020.08.27-01.52.14:111][  0]LogDerivedDataCache: Unable to find inner node EnterprisePak for hierarchical cache Hierarchy.
[2020.08.27-01.52.14:114][  0]LogDerivedDataCache: Using Local data cache path C:/Users/User/AppData/Local/UnrealEngine/Common/DerivedDataCache: Writable
[2020.08.27-01.52.14:114][  0]LogDerivedDataCache: Shared data cache path not found in *engine.ini, will not use an Shared cache.
[2020.08.27-01.52.14:114][  0]LogDerivedDataCache: Unable to find inner node Shared for hierarchical cache Hierarchy.
[2020.08.27-01.52.14:165][  0]LogSlate: Using FreeType 2.10.0
[2020.08.27-01.52.14:166][  0]LogSlate: SlateFontServices - WITH_FREETYPE: 1, WITH_HARFBUZZ: 1
[2020.08.27-01.52.14:196][  0]LogAssetRegistry: FAssetRegistry took 0.0046 seconds to start up
[2020.08.27-01.52.14:418][  0]LogInit: Selected Device Profile: [Windows]
[2020.08.27-01.52.14:562][  0]LogMeshReduction: Using QuadricMeshReduction for automatic static mesh reduction
[2020.08.27-01.52.14:562][  0]LogMeshReduction: Using SimplygonMeshReduction for automatic skeletal mesh reduction
[2020.08.27-01.52.14:562][  0]LogMeshReduction: Using ProxyLODMeshReduction for automatic mesh merging
[2020.08.27-01.52.14:562][  0]LogMeshReduction: No distributed automatic mesh merging module available
[2020.08.27-01.52.14:562][  0]LogMeshMerging: No distributed automatic mesh merging module available
[2020.08.27-01.52.14:582][  0]LogNetVersion: FPSGame 1.0.0, NetCL: 13144385, EngineNetVer: 14, GameNetVer: 0 (Checksum: 1304077534)
[2020.08.27-01.52.15:024][  0]LogAISub: UAISubsystem::UAISubsystem AISubsystem (000001CE3ED94380), frame # 0
[2020.08.27-01.52.15:024][  0]LogAISub: UAISubsystem::UAISubsystem AIPerceptionSystem (000001CE3ECF0E00), frame # 0
[2020.08.27-01.52.15:025][  0]LogAISub: UAISubsystem::UAISubsystem EnvQueryManager (000001CE3ED58A00), frame # 0
[2020.08.27-01.52.15:067][  0]LogPackageLocalizationCache: Processed 19 localized package path(s) for 1 prioritized culture(s) in 0.037310 seconds
[2020.08.27-01.52.15:073][  0]LogUObjectArray: 15917 objects as part of root set at end of initial load.
[2020.08.27-01.52.15:073][  0]LogUObjectAllocator: 3965568 out of 0 bytes used by permanent object pool.
[2020.08.27-01.52.15:073][  0]LogUObjectArray: CloseDisregardForGC: 0/0 objects in disregard for GC pool
[2020.08.27-01.52.15:699][  0]LogTcpMessaging: Initializing TcpMessaging bridge
[2020.08.27-01.52.15:710][  0]LogUdpMessaging: Initializing bridge on interface 0.0.0.0:0 to multicast group 230.0.0.1:6666.
[2020.08.27-01.52.15:958][  0]SourceControl: Source control is disabled
[2020.08.27-01.52.15:958][  0]SourceControl: Source control is disabled
[2020.08.27-01.52.15:963][  0]SourceControl: Source control is disabled
[2020.08.27-01.52.15:968][  0]SourceControl: Source control is disabled
[2020.08.27-01.52.15:984][  0]SourceControl: Source control is disabled
[2020.08.27-01.52.16:410][  0]LogAndroidPermission: UAndroidPermissionCallbackProxy::GetInstance
[2020.08.27-01.52.16:445][  0]LogAudioCaptureCore: Display: No Audio Capture implementations found. Audio input will be silent.
[2020.08.27-01.52.16:446][  0]LogAudioCaptureCore: Display: No Audio Capture implementations found. Audio input will be silent.
[2020.08.27-01.52.16:523][  0]LogOcInput: OculusInput pre-init called
[2020.08.27-01.52.16:539][  0]LogWindows: Failed to load 'OVRPlugin.dll' (GetLastError=126)
[2020.08.27-01.52.16:539][  0]LogWindows: File 'OVRPlugin.dll' does not exist
[2020.08.27-01.52.16:625][  0]LogEngine: Initializing Engine...
[2020.08.27-01.52.16:626][  0]LogHMD: Failed to initialize OpenVR with code 100
[2020.08.27-01.52.16:626][  0]LogMagicLeap: Warning: VR disabled because ZI is not enabled.  To enable, in the editor, Edit -> Project Settings -> Plugins -> Magic Leap Plugin -> Enable Zero Iteration
[2020.08.27-01.52.16:627][  0]LogStats: UGameplayTagsManager::InitializeManager -  0.000 s
[2020.08.27-01.52.16:797][  0]LogInit: Initializing FReadOnlyCVARCache
[2020.08.27-01.52.16:806][  0]LogAIModule: Creating AISystem for world Untitled
[2020.08.27-01.52.16:806][  0]LogAISub: UAISubsystem::UAISubsystem EnvQueryManager (000001CE449EA000), frame # 0
[2020.08.27-01.52.16:807][  0]LogAISub: UAISubsystem::UAISubsystem AIPerceptionSystem (000001CE44A125C0), frame # 0
[2020.08.27-01.52.16:815][  0]LogAudioMixer: Display: Audio Mixer Platform Settings:
[2020.08.27-01.52.16:815][  0]LogAudioMixer: Display: 	Sample Rate:						  48000
[2020.08.27-01.52.16:815][  0]LogAudioMixer: Display: 	Callback Buffer Frame Size Requested: 1024
[2020.08.27-01.52.16:815][  0]LogAudioMixer: Display: 	Callback Buffer Frame Size To Use:	  1024
[2020.08.27-01.52.16:815][  0]LogAudioMixer: Display: 	Number of buffers to queue:			  2
[2020.08.27-01.52.16:816][  0]LogAudioMixer: Display: 	Max Channels (voices):				  32
[2020.08.27-01.52.16:816][  0]LogAudioMixer: Display: 	Number of Async Source Workers:		  0
[2020.08.27-01.52.16:816][  0]LogAudio: Display: AudioDevice MaxSources: 32
[2020.08.27-01.52.16:817][  0]LogAudio: Display: Using built-in audio occlusion.
[2020.08.27-01.52.16:818][  0]LogAudioMixer: Display: Initializing audio mixer.
[2020.08.27-01.52.16:841][  0]LogAudioMixer: Display: 0: FrontLeft
[2020.08.27-01.52.16:841][  0]LogAudioMixer: Display: 1: FrontRight
[2020.08.27-01.52.16:939][  0]LogAudioMixer: Display: Using Audio Device Speakers (Realtek(R) Audio)
[2020.08.27-01.52.16:939][  0]LogAudioMixer: Display: Initializing Sound Submixes...
[2020.08.27-01.52.16:942][  0]LogAudioMixer: Display: Creating Master Submix 'MasterSubmixDefault'
[2020.08.27-01.52.16:942][  0]LogAudioMixer: Display: Creating Master Submix 'MasterReverbSubmixDefault'
[2020.08.27-01.52.16:944][  0]LogAudioMixer: Display: Creating Master Submix 'MasterEQSubmixDefault'
[2020.08.27-01.52.16:946][  0]LogInit: FAudioDevice initialized.
[2020.08.27-01.52.16:946][  0]LogNetVersion: Set ProjectVersion to 1.0.0.0. Version Checksum will be recalculated on next use.
[2020.08.27-01.52.17:038][  0]LogDerivedDataCache: Saved boot cache 0.09s 77MB C:/Users/User/AppData/Local/UnrealEngine/4.25/DerivedDataCache/Boot.ddc.
[2020.08.27-01.52.17:040][  0]LogInit: Texture streaming: Enabled
[2020.08.27-01.52.17:065][  0]LogEngineSessionManager: EngineSessionManager initialized
[2020.08.27-01.52.17:066][  0]LogEditorSessionSummary: Verbose: Initializing EditorSessionSummaryWriter for editor session tracking
[2020.08.27-01.52.17:068][  0]LogEditorSessionSummary: EditorSessionSummaryWriter initialized
[2020.08.27-01.52.17:103][  0]LogInit: Transaction tracking system initialized
[2020.08.27-01.52.17:144][  0]BlueprintLog: New page: Editor Load
[2020.08.27-01.52.17:269][  0]LocalizationService: Localization service is disabled
[2020.08.27-01.52.17:485][  0]LogCook: Display: Max memory allowance for cook 16384mb min free memory 0mb
[2020.08.27-01.52.17:486][  0]LogCook: Display: Mobile HDR setting 1
[2020.08.27-01.52.17:714][  0]LogFileCache: Scanning file cache for directory 'D:/C++/StealthGame/StealthGame_ProjectBase_4.25/StealthGame/Content/' took 0.00s
[2020.08.27-01.52.17:943][  0]SourceControl: Source control is disabled
[2020.08.27-01.52.17:943][  0]LogUnrealEdMisc: Loading editor; pre map load, took 8.003
[2020.08.27-01.52.17:944][  0]Cmd: MAP LOAD FILE="../../../../../C++/StealthGame/StealthGame_ProjectBase_4.25/StealthGame/Content/Maps/FirstPersonExampleMap.umap" TEMPLATE=0 SHOWPROGRESS=1 FEATURELEVEL=3
[2020.08.27-01.52.17:944][  0]LightingResults: New page: Lighting Build
[2020.08.27-01.52.17:945][  0]LogWorld: UWorld::CleanupWorld for Untitled, bSessionEnded=true, bCleanupResources=true
[2020.08.27-01.52.17:946][  0]LogSlate: InvalidateAllWidgets triggered.  All widgets were invalidated
[2020.08.27-01.52.17:946][  0]MapCheck: New page: Map Check
[2020.08.27-01.52.17:946][  0]LightingResults: New page: Lighting Build
[2020.08.27-01.52.17:958][  0]LogAISub: UAISubsystem::~UAISubsystem EnvQueryManager (000001CE449EA000), frame # 0
[2020.08.27-01.52.17:958][  0]LogAISub: UAISubsystem::~UAISubsystem AIPerceptionSystem (000001CE44A125C0), frame # 0
[2020.08.27-01.52.17:960][  0]LogUObjectHash: Compacting FUObjectHashTables data took   0.87ms
[2020.08.27-01.52.18:032][  0]LogAIModule: Creating AISystem for world FirstPersonExampleMap
[2020.08.27-01.52.18:033][  0]LogAISub: UAISubsystem::UAISubsystem EnvQueryManager (000001CE44D9BE00), frame # 0
[2020.08.27-01.52.18:033][  0]LogAISub: UAISubsystem::UAISubsystem AIPerceptionSystem (000001CE44D97B00), frame # 0
[2020.08.27-01.52.18:039][  0]LogEditorServer: Finished looking for orphan Actors (0.000 secs)
[2020.08.27-01.52.18:052][  0]LogUObjectHash: Compacting FUObjectHashTables data took   0.69ms
[2020.08.27-01.52.18:052][  0]Cmd: MAP CHECKDEP NOCLEARLOG
[2020.08.27-01.52.18:053][  0]MapCheck: Map check complete: 0 Error(s), 0 Warning(s), took 0.219ms to complete.
[2020.08.27-01.52.18:053][  0]LogFileHelpers: Loading map 'FirstPersonExampleMap' took 0.110
[2020.08.27-01.52.18:056][  0]LogUnrealEdMisc: Total Editor Startup Time, took 8.116
[2020.08.27-01.52.18:209][  0]LogSlate: Updating window title bar state: overlay mode, drag disabled, window buttons hidden, title bar hidden
[2020.08.27-01.52.18:228][  0]LogSlate: Updating window title bar state: overlay mode, drag disabled, window buttons hidden, title bar hidden
[2020.08.27-01.52.18:243][  0]LogSlate: Updating window title bar state: overlay mode, drag disabled, window buttons hidden, title bar hidden
[2020.08.27-01.52.18:262][  0]LogSlate: Updating window title bar state: overlay mode, drag disabled, window buttons hidden, title bar hidden
[2020.08.27-01.52.18:275][  0]LogCollectionManager: Loaded 0 collections in 0.001501 seconds
[2020.08.27-01.52.18:312][  0]LogFileCache: Scanning file cache for directory 'D:/C++/StealthGame/StealthGame_ProjectBase_4.25/StealthGame/Saved/Collections/' took 0.00s
[2020.08.27-01.52.18:313][  0]LogFileCache: Scanning file cache for directory 'D:/C++/StealthGame/StealthGame_ProjectBase_4.25/StealthGame/Content/Developers/User/Collections/' took 0.01s
[2020.08.27-01.52.18:313][  0]LogFileCache: Scanning file cache for directory 'D:/C++/StealthGame/StealthGame_ProjectBase_4.25/StealthGame/Content/Collections/' took 0.01s
[2020.08.27-01.52.18:313][  0]LogContentBrowser: Native class hierarchy populated in 0.0163 seconds. Added 3433 classes and 824 folders.
[2020.08.27-01.52.18:318][  0]LogContentBrowser: Native class hierarchy updated for 'WidgetCarousel' in 0.0010 seconds. Added 0 classes and 0 folders.
[2020.08.27-01.52.18:364][  0]LogContentBrowser: Native class hierarchy updated for 'AddContentDialog' in 0.0004 seconds. Added 0 classes and 0 folders.
[2020.08.27-01.52.18:365][  0]LogContentBrowser: Native class hierarchy updated for 'SceneOutliner' in 0.0004 seconds. Added 2 classes and 0 folders.
[2020.08.27-01.52.18:426][  0]LogSlate: Took 0.000260 seconds to synchronously load lazily loaded font '../../../Engine/Content/Slate/Fonts/Roboto-Regular.ttf' (155K)
[2020.08.27-01.52.18:429][  0]LogSlate: Took 0.000226 seconds to synchronously load lazily loaded font '../../../Engine/Content/Slate/Fonts/Roboto-Bold.ttf' (160K)
[2020.08.27-01.52.18:437][  0]LogSlate: Took 0.000145 seconds to synchronously load lazily loaded font '../../../Engine/Content/Editor/Slate/Fonts/FontAwesome.ttf' (139K)
[2020.08.27-01.52.18:516][  0]LogRenderer: Reallocating scene render targets to support 1208x572 Format 10 NumSamples 1 (Frame:1).
[2020.08.27-01.52.18:660][  0]LogContentBrowser: Native class hierarchy updated for 'HierarchicalLODOutliner' in 0.0005 seconds. Added 0 classes and 0 folders.
[2020.08.27-01.52.18:661][  0]LogLoad: (Engine Initialization) Total time: 8.72 seconds
[2020.08.27-01.52.18:661][  0]LogLoad: (Engine Initialization) Total Blueprint compile time: 0.00 seconds
[2020.08.27-01.52.18:720][  0]LogAssetRegistry: Asset discovery search completed in 4.5257 seconds
[2020.08.27-01.52.18:725][  0]LogCollectionManager: Fixed up redirectors for 0 collections in 0.000002 seconds (updated 0 objects)
[2020.08.27-01.52.18:726][  0]LogContentStreaming: Texture pool size now 1000 MB
[2020.08.27-01.52.18:760][  0]LogSlate: Took 0.000073 seconds to synchronously load lazily loaded font '../../../Engine/Content/Slate/Fonts/Roboto-Light.ttf' (167K)
[2020.08.27-01.52.28:003][546]Candidate modules for hot reload:
[2020.08.27-01.52.28:003][546]  FPSGame
[2020.08.27-01.52.28:003][546]Launching UnrealBuildTool... [D:/Epic Games/UE_4.25/Engine/Binaries/DotNET/UnrealBuildTool.exe  -ModuleWithSuffix=FPSGame,1437 FPSGameEditor Win64 Development -Project="D:/C++/StealthGame/StealthGame_ProjectBase_4.25/StealthGame/FPSGame.uproject" "D:/C++/StealthGame/StealthGame_ProjectBase_4.25/StealthGame/FPSGame.uproject"  -IgnoreJunk]
[2020.08.27-01.52.28:005][546]Warning: Starting HotReload took  0.0s.
[2020.08.27-01.52.31:979][770]CompilerResultsLog: New page: Compilation - Aug. 26, 2020, 5:52:31 p.m.
[2020.08.27-01.52.31:979][770]CompilerResultsLog: Building FPSGameEditor...
[2020.08.27-01.52.31:979][770]CompilerResultsLog: Using Visual Studio 2017 14.16.27034 toolchain (C:\Program Files (x86)\Microsoft Visual Studio\2017\Community\VC\Tools\MSVC\14.16.27023) and Windows 10.0.17763.0 SDK (C:\Program Files (x86)\Windows Kits\10).
[2020.08.27-01.52.31:980][770]CompilerResultsLog: [Upgrade]
[2020.08.27-01.52.31:980][770]CompilerResultsLog: [Upgrade] Using backward-compatible build settings. The latest version of UE4 sets the following values by default, which may require code changes:
[2020.08.27-01.52.31:980][770]CompilerResultsLog: [Upgrade]     bLegacyPublicIncludePaths = false                 => Omits subfolders from public include paths to reduce compiler command line length. (Previously: true).
[2020.08.27-01.52.31:980][770]CompilerResultsLog: [Upgrade]     ShadowVariableWarningLevel = WarningLevel.Error   => Treats shadowed variable warnings as errors. (Previously: WarningLevel.Warning).
[2020.08.27-01.52.31:980][770]CompilerResultsLog: [Upgrade]     PCHUsage = PCHUsageMode.UseExplicitOrSharedPCHs   => Set in build.cs files to enables IWYU-style PCH model. See https://docs.unrealengine.com/en-US/Programming/BuildTools/UnrealBuildTool/IWYU/index.html. (Previously: PCHUsageMode.UseSharedPCHs).
[2020.08.27-01.52.31:980][770]CompilerResultsLog: [Upgrade] Suppress this message by setting 'DefaultBuildSettings = BuildSettingsVersion.V2;' in FPSGameEditor.Target.cs, and explicitly overriding settings that differ from the new defaults.
[2020.08.27-01.52.31:980][770]CompilerResultsLog: [Upgrade]
[2020.08.27-01.52.31:980][770]CompilerResultsLog: Building 3 actions with 12 processes...
[2020.08.27-01.52.31:980][770]CompilerResultsLog:   [1/3] UE4Editor-FPSGame-1437.lib
[2020.08.27-01.52.31:980][770]CompilerResultsLog:      Creating library D:\C++\StealthGame\StealthGame_ProjectBase_4.25\StealthGame\Intermediate\Build\Win64\UE4Editor\Development\FPSGame\UE4Editor-FPSGame-1437.lib and object D:\C++\StealthGame\StealthGame_ProjectBase_4.25\StealthGame\Intermediate\Build\Win64\UE4Editor\Development\FPSGame\UE4Editor-FPSGame-1437.exp
[2020.08.27-01.52.31:980][770]CompilerResultsLog:   [2/3] UE4Editor-FPSGame-1437.dll
[2020.08.27-01.52.31:981][770]CompilerResultsLog:      Creating library D:\C++\StealthGame\StealthGame_ProjectBase_4.25\StealthGame\Intermediate\Build\Win64\UE4Editor\Development\FPSGame\UE4Editor-FPSGame-1437.suppressed.lib and object D:\C++\StealthGame\StealthGame_ProjectBase_4.25\StealthGame\Intermediate\Build\Win64\UE4Editor\Development\FPSGame\UE4Editor-FPSGame-1437.suppressed.exp
[2020.08.27-01.52.31:981][770]CompilerResultsLog:   [3/3] FPSGameEditor.target
[2020.08.27-01.52.31:981][770]CompilerResultsLog: Total time in Parallel executor: 2.68 seconds
[2020.08.27-01.52.31:981][770]CompilerResultsLog: Total execution time: 3.84 seconds
[2020.08.27-01.52.31:981][770]LogMainFrame: MainFrame: Module compiling took 3.982 seconds
[2020.08.27-01.52.32:024][770]LogContentBrowser: Native class hierarchy updated for 'FPSGame' in 0.0007 seconds. Added 6 classes and 3 folders.
[2020.08.27-01.52.32:026][770]Display: HotReload successful (2 functions remapped  0 scriptstructs remapped)
[2020.08.27-01.52.32:090][770]LogContentBrowser: Native class hierarchy populated in 0.0114 seconds. Added 3433 classes and 824 folders.
[2020.08.27-01.52.32:090][770]Display: HotReload took  4.1s.
[2020.08.27-01.52.34:408][907]LogSlate: Took 0.000439 seconds to synchronously load lazily loaded font '../../../Engine/Content/Slate/Fonts/Roboto-Light.ttf' (167K)
[2020.08.27-01.52.34:553][907]LogLinker: Warning: While loading '../../../../../C++/StealthGame/StealthGame_ProjectBase_4.25/StealthGame/Content/Challenges/BlackHole/BlackHoleMap_P.umap' failed to load '/Game/Challenges/BlackHole/BlackHoleMap_P_BuiltData': Can't find file.
[2020.08.27-01.52.34:554][907]LogLinker: Warning: While loading '../../../../../C++/StealthGame/StealthGame_ProjectBase_4.25/StealthGame/Content/Challenges/BlackHole/BlackHoleMap_P.umap' failed to load '/Game/Challenges/BlackHole/BlackHoleMap_P_BuiltData': Can't find file.
[2020.08.27-01.52.34:554][907]LogLinker: Warning: While loading '../../../../../C++/StealthGame/StealthGame_ProjectBase_4.25/StealthGame/Content/Challenges/BlackHole/BlackHoleMap_P.umap' failed to load '/Game/Challenges/BlackHole/BlackHoleMap_P_BuiltData': Can't find file.
[2020.08.27-01.52.34:554][907]LogLinker: Warning: While loading '../../../../../C++/StealthGame/StealthGame_ProjectBase_4.25/StealthGame/Content/Challenges/BlackHole/BlackHoleMap_P.umap' failed to load '/Game/Challenges/BlackHole/BlackHoleMap_P_BuiltData': Can't find file.
[2020.08.27-01.52.34:555][907]LogLinker: Warning: Failed to load '/Game/Challenges/BlackHole/BlackHoleMap_P_BuiltData': Can't find file.
[2020.08.27-01.52.34:555][907]LogLinker: Warning: Failed to load '/Game/Challenges/BlackHole/BlackHoleMap_P_BuiltData': Can't find file.
[2020.08.27-01.52.34:556][907]LogLinker: Warning: Failed to load '/Game/Challenges/BlackHole/BlackHoleMap_P_BuiltData': Can't find file.
[2020.08.27-01.52.34:556][907]LogLinker: Warning: Failed to load '/Game/Challenges/BlackHole/BlackHoleMap_P_BuiltData': Can't find file.
[2020.08.27-01.52.34:560][907]LogLinker: Warning: While loading '../../../../../C++/StealthGame/StealthGame_ProjectBase_4.25/StealthGame/Content/Challenges/BlackHole/BlackHoleMap_P.umap' failed to load '/Game/Challenges/BlackHole/BlackHoleMap_P_BuiltData': Can't find file.
[2020.08.27-01.52.34:560][907]LoadErrors: Failed to load /Game/Challenges/BlackHole/BlackHoleMap_P_BuiltData.BlackHoleMap_P_BuiltData Referenced by PersistentLevel
[2020.08.27-01.52.34:560][907]LogLinker: Warning: While loading '../../../../../C++/StealthGame/StealthGame_ProjectBase_4.25/StealthGame/Content/Challenges/BlackHole/BlackHoleMap_P.umap' failed to load '/Game/Challenges/BlackHole/BlackHoleMap_P_BuiltData': Can't find file.
[2020.08.27-01.52.34:589][907]LogMaterial: Display: Missing cached shader map for material M_BlackHole, compiling. 
[2020.08.27-01.52.35:142][907]LogShaderCompilers: Display: Worker (1/9): shaders left to compile 33
[2020.08.27-01.52.35:142][907]LogShaderCompilers: Display: Worker (2/9): shaders left to compile 28
[2020.08.27-01.52.35:143][907]LogShaderCompilers: Display: Worker (3/9): shaders left to compile 23
[2020.08.27-01.52.35:143][907]LogShaderCompilers: Display: Worker (4/9): shaders left to compile 18
[2020.08.27-01.52.35:143][907]LogShaderCompilers: Display: Worker (5/9): shaders left to compile 13
[2020.08.27-01.52.35:143][907]LogShaderCompilers: Display: Worker (6/9): shaders left to compile 8
[2020.08.27-01.52.35:143][907]LogShaderCompilers: Display: Worker (7/9): shaders left to compile 3
[2020.08.27-01.52.35:174][907]LogAssetEditorSubsystem: Opening Asset editor for World /Game/Challenges/BlackHole/BlackHoleMap_P.BlackHoleMap_P
[2020.08.27-01.52.35:201][907]LogUObjectHash: Compacting FUObjectHashTables data took   1.38ms
[2020.08.27-01.52.35:203][907]Cmd: MAP LOAD FILE="../../../../../C++/StealthGame/StealthGame_ProjectBase_4.25/StealthGame/Content/Challenges/BlackHole/BlackHoleMap_P.umap" TEMPLATE=0 SHOWPROGRESS=1 FEATURELEVEL=3
[2020.08.27-01.52.35:203][907]LightingResults: New page: Lighting Build
[2020.08.27-01.52.35:204][907]LoadErrors: New page: Loading map: BlackHoleMap_P.umap
[2020.08.27-01.52.35:224][907]LogWorld: UWorld::CleanupWorld for FirstPersonExampleMap, bSessionEnded=true, bCleanupResources=true
[2020.08.27-01.52.35:224][907]LogSlate: InvalidateAllWidgets triggered.  All widgets were invalidated
[2020.08.27-01.52.35:224][907]MapCheck: New page: Map Check
[2020.08.27-01.52.35:225][907]LightingResults: New page: Lighting Build
[2020.08.27-01.52.35:238][907]LogAISub: UAISubsystem::~UAISubsystem EnvQueryManager (000001CE44D9BE00), frame # 907
[2020.08.27-01.52.35:239][907]LogAISub: UAISubsystem::~UAISubsystem AIPerceptionSystem (000001CE44D97B00), frame # 907
[2020.08.27-01.52.35:245][907]LogUObjectHash: Compacting FUObjectHashTables data took   6.30ms
[2020.08.27-01.52.35:259][907]LogEditorServer: Finished looking for orphan Actors (0.000 secs)
[2020.08.27-01.52.35:259][907]LogAIModule: Creating AISystem for world BlackHoleMap_P
[2020.08.27-01.52.35:259][907]LogAISub: UAISubsystem::UAISubsystem EnvQueryManager (000001CE44D32800), frame # 907
[2020.08.27-01.52.35:259][907]LogAISub: UAISubsystem::UAISubsystem AIPerceptionSystem (000001CE44D1BC40), frame # 907
[2020.08.27-01.52.35:278][907]LogUObjectHash: Compacting FUObjectHashTables data took   1.20ms
[2020.08.27-01.52.35:312][907]Cmd: MAP CHECKDEP NOCLEARLOG
[2020.08.27-01.52.35:312][907]MapCheck: Map check complete: 0 Error(s), 0 Warning(s), took 0.111ms to complete.
[2020.08.27-01.52.35:312][907]LogFileHelpers: Loading map 'BlackHoleMap_P' took 0.109
[2020.08.27-01.52.52:404][759]LogTemp: Repeating last play command: Selected Viewport
[2020.08.27-01.52.52:415][759]LogPlayLevel: PlayLevel: No blueprints needed recompiling
[2020.08.27-01.52.52:415][759]PIE: New page: PIE session: BlackHoleMap_P (Aug. 26, 2020, 5:52:52 p.m.)
[2020.08.27-01.52.52:418][759]LogOnline: OSS: Creating online subsystem instance for: NULL
[2020.08.27-01.52.52:422][759]LogOnline: OSS: TryLoadSubsystemAndSetDefault: Loaded subsystem for module [NULL]
[2020.08.27-01.52.52:422][759]LogPlayLevel: Creating play world package: /Game/Challenges/BlackHole/UEDPIE_0_BlackHoleMap_P
[2020.08.27-01.52.52:443][759]LogPlayLevel: PIE: StaticDuplicateObject took: (0.020678s)
[2020.08.27-01.52.52:445][759]LogAIModule: Creating AISystem for world BlackHoleMap_P
[2020.08.27-01.52.52:445][759]LogAISub: UAISubsystem::UAISubsystem EnvQueryManager (000001CE55F5BE00), frame # 1759
[2020.08.27-01.52.52:445][759]LogAISub: UAISubsystem::UAISubsystem AIPerceptionSystem (000001CE68990400), frame # 1759
[2020.08.27-01.52.52:445][759]LogPlayLevel: PIE: World Init took: (0.001752s)
[2020.08.27-01.52.52:445][759]LogPlayLevel: PIE: Created PIE world by copying editor world from /Game/Challenges/BlackHole/BlackHoleMap_P.BlackHoleMap_P to /Game/Challenges/BlackHole/UEDPIE_0_BlackHoleMap_P.BlackHoleMap_P (0.022974s)
[2020.08.27-01.52.52:458][759]LogUObjectHash: Compacting FUObjectHashTables data took   1.08ms
[2020.08.27-01.52.52:461][759]LogAudioMixer: Display: Audio Mixer Platform Settings:
[2020.08.27-01.52.52:461][759]LogAudioMixer: Display: 	Sample Rate:						  48000
[2020.08.27-01.52.52:461][759]LogAudioMixer: Display: 	Callback Buffer Frame Size Requested: 1024
[2020.08.27-01.52.52:461][759]LogAudioMixer: Display: 	Callback Buffer Frame Size To Use:	  1024
[2020.08.27-01.52.52:461][759]LogAudioMixer: Display: 	Number of buffers to queue:			  2
[2020.08.27-01.52.52:462][759]LogAudioMixer: Display: 	Max Channels (voices):				  32
[2020.08.27-01.52.52:462][759]LogAudioMixer: Display: 	Number of Async Source Workers:		  0
[2020.08.27-01.52.52:462][759]LogAudio: Display: AudioDevice MaxSources: 32
[2020.08.27-01.52.52:463][759]LogAudio: Display: Using built-in audio occlusion.
[2020.08.27-01.52.52:463][759]LogAudioMixer: Display: Initializing audio mixer.
[2020.08.27-01.52.52:472][759]LogAudioMixer: Display: 0: FrontLeft
[2020.08.27-01.52.52:472][759]LogAudioMixer: Display: 1: FrontRight
[2020.08.27-01.52.52:542][759]LogAudioMixer: Display: Using Audio Device Speakers (Realtek(R) Audio)
[2020.08.27-01.52.52:543][759]LogAudioMixer: Display: Initializing Sound Submixes...
[2020.08.27-01.52.52:543][759]LogAudioMixer: Display: Creating Master Submix 'MasterSubmixDefault'
[2020.08.27-01.52.52:543][759]LogAudioMixer: Display: Creating Master Submix 'MasterReverbSubmixDefault'
[2020.08.27-01.52.52:545][759]LogAudioMixer: Display: Creating Master Submix 'MasterEQSubmixDefault'
[2020.08.27-01.52.52:564][759]LogInit: FAudioDevice initialized.
[2020.08.27-01.52.52:581][759]LogLoad: Game class is 'BP_GameMode_C'
[2020.08.27-01.52.52:584][759]LogWorld: Bringing World /Game/Challenges/BlackHole/UEDPIE_0_BlackHoleMap_P.BlackHoleMap_P up for play (max tick rate 60) at 2020.08.26-21.52.52
[2020.08.27-01.52.52:585][759]LogWorld: Bringing up level for play took: 0.002602
[2020.08.27-01.52.52:586][759]LogOnline: OSS: Creating online subsystem instance for: :Context_3
[2020.08.27-01.52.52:632][759]LogContentBrowser: Native class hierarchy updated for 'MovieSceneCapture' in 0.0004 seconds. Added 20 classes and 0 folders.
[2020.08.27-01.52.52:662][759]PIE: Server logged in
[2020.08.27-01.52.52:665][759]PIE: Play in editor total start time 0.254 seconds.
[2020.08.27-01.53.17:841][260]LogSlate: Updating window title bar state: overlay mode, drag disabled, window buttons hidden, title bar hidden
[2020.08.27-01.53.17:842][260]LogWorld: BeginTearingDown for /Game/Challenges/BlackHole/UEDPIE_0_BlackHoleMap_P
[2020.08.27-01.53.17:842][260]LogWorld: UWorld::CleanupWorld for BlackHoleMap_P, bSessionEnded=true, bCleanupResources=true
[2020.08.27-01.53.17:842][260]LogSlate: InvalidateAllWidgets triggered.  All widgets were invalidated
[2020.08.27-01.53.17:858][260]LogPlayLevel: Display: Shutting down PIE online subsystems
[2020.08.27-01.53.17:860][260]LogSlate: InvalidateAllWidgets triggered.  All widgets were invalidated
[2020.08.27-01.53.17:998][260]LogSlate: Updating window title bar state: overlay mode, drag disabled, window buttons hidden, title bar hidden
[2020.08.27-01.53.17:999][260]LogAISub: UAISubsystem::~UAISubsystem EnvQueryManager (000001CE55F5BE00), frame # 3260
[2020.08.27-01.53.17:999][260]LogAISub: UAISubsystem::~UAISubsystem AIPerceptionSystem (000001CE68990400), frame # 3260
[2020.08.27-01.53.18:001][260]LogUObjectHash: Compacting FUObjectHashTables data took   1.08ms
[2020.08.27-01.53.18:024][261]LogPlayLevel: Display: Destroying online subsystem :Context_3
[2020.08.27-01.53.22:817][545]LogEditorViewport: Clicking on Actor (LMB): StaticMeshActor (EditorCube21)
[2020.08.27-01.54.00:899][787]LogEditorViewport: Clicking Background
[2020.08.27-01.54.07:632][190]LogTemp: Repeating last play command: Selected Viewport
[2020.08.27-01.54.07:642][190]LogPlayLevel: PlayLevel: No blueprints needed recompiling
[2020.08.27-01.54.07:642][190]PIE: New page: PIE session: BlackHoleMap_P (Aug. 26, 2020, 5:54:07 p.m.)
[2020.08.27-01.54.07:642][190]LogPlayLevel: Creating play world package: /Game/Challenges/BlackHole/UEDPIE_0_BlackHoleMap_P
[2020.08.27-01.54.07:660][190]LogPlayLevel: PIE: StaticDuplicateObject took: (0.017653s)
[2020.08.27-01.54.07:661][190]LogAIModule: Creating AISystem for world BlackHoleMap_P
[2020.08.27-01.54.07:661][190]LogAISub: UAISubsystem::UAISubsystem EnvQueryManager (000001CE44D32200), frame # 6190
[2020.08.27-01.54.07:662][190]LogAISub: UAISubsystem::UAISubsystem AIPerceptionSystem (000001CE44D96480), frame # 6190
[2020.08.27-01.54.07:662][190]LogPlayLevel: PIE: World Init took: (0.002401s)
[2020.08.27-01.54.07:663][190]LogPlayLevel: PIE: Created PIE world by copying editor world from /Game/Challenges/BlackHole/BlackHoleMap_P.BlackHoleMap_P to /Game/Challenges/BlackHole/UEDPIE_0_BlackHoleMap_P.BlackHoleMap_P (0.020558s)
[2020.08.27-01.54.07:675][190]LogUObjectHash: Compacting FUObjectHashTables data took   0.68ms
[2020.08.27-01.54.07:678][190]LogAudioMixer: Display: Audio Mixer Platform Settings:
[2020.08.27-01.54.07:678][190]LogAudioMixer: Display: 	Sample Rate:						  48000
[2020.08.27-01.54.07:678][190]LogAudioMixer: Display: 	Callback Buffer Frame Size Requested: 1024
[2020.08.27-01.54.07:678][190]LogAudioMixer: Display: 	Callback Buffer Frame Size To Use:	  1024
[2020.08.27-01.54.07:679][190]LogAudioMixer: Display: 	Number of buffers to queue:			  2
[2020.08.27-01.54.07:679][190]LogAudioMixer: Display: 	Max Channels (voices):				  32
[2020.08.27-01.54.07:679][190]LogAudioMixer: Display: 	Number of Async Source Workers:		  0
[2020.08.27-01.54.07:679][190]LogAudio: Display: AudioDevice MaxSources: 32
[2020.08.27-01.54.07:680][190]LogAudio: Display: Using built-in audio occlusion.
[2020.08.27-01.54.07:681][190]LogAudioMixer: Display: Initializing audio mixer.
[2020.08.27-01.54.07:689][190]LogAudioMixer: Display: 0: FrontLeft
[2020.08.27-01.54.07:689][190]LogAudioMixer: Display: 1: FrontRight
[2020.08.27-01.54.07:762][190]LogAudioMixer: Display: Using Audio Device Speakers (Realtek(R) Audio)
[2020.08.27-01.54.07:763][190]LogAudioMixer: Display: Initializing Sound Submixes...
[2020.08.27-01.54.07:763][190]LogAudioMixer: Display: Creating Master Submix 'MasterSubmixDefault'
[2020.08.27-01.54.07:763][190]LogAudioMixer: Display: Creating Master Submix 'MasterReverbSubmixDefault'
[2020.08.27-01.54.07:763][190]LogAudioMixer: Display: Creating Master Submix 'MasterEQSubmixDefault'
[2020.08.27-01.54.07:777][190]LogInit: FAudioDevice initialized.
[2020.08.27-01.54.07:794][190]LogLoad: Game class is 'BP_GameMode_C'
[2020.08.27-01.54.07:796][190]LogWorld: Bringing World /Game/Challenges/BlackHole/UEDPIE_0_BlackHoleMap_P.BlackHoleMap_P up for play (max tick rate 60) at 2020.08.26-21.54.07
[2020.08.27-01.54.07:797][190]LogWorld: Bringing up level for play took: 0.001319
[2020.08.27-01.54.07:797][190]LogOnline: OSS: Creating online subsystem instance for: :Context_5
[2020.08.27-01.54.07:801][190]PIE: Server logged in
[2020.08.27-01.54.07:802][190]PIE: Play in editor total start time 0.161 seconds.
[2020.08.27-01.54.19:661][898]LogSlate: Updating window title bar state: overlay mode, drag disabled, window buttons hidden, title bar hidden
[2020.08.27-01.54.19:661][898]LogWorld: BeginTearingDown for /Game/Challenges/BlackHole/UEDPIE_0_BlackHoleMap_P
[2020.08.27-01.54.19:662][898]LogWorld: UWorld::CleanupWorld for BlackHoleMap_P, bSessionEnded=true, bCleanupResources=true
[2020.08.27-01.54.19:662][898]LogSlate: InvalidateAllWidgets triggered.  All widgets were invalidated
[2020.08.27-01.54.19:677][898]LogPlayLevel: Display: Shutting down PIE online subsystems
[2020.08.27-01.54.19:678][898]LogSlate: InvalidateAllWidgets triggered.  All widgets were invalidated
[2020.08.27-01.54.19:688][898]LogSlate: Updating window title bar state: overlay mode, drag disabled, window buttons hidden, title bar hidden
[2020.08.27-01.54.19:742][898]LogAISub: UAISubsystem::~UAISubsystem AIPerceptionSystem (000001CE44D96480), frame # 6898
[2020.08.27-01.54.19:742][898]LogAISub: UAISubsystem::~UAISubsystem EnvQueryManager (000001CE44D32200), frame # 6898
[2020.08.27-01.54.19:744][898]LogUObjectHash: Compacting FUObjectHashTables data took   0.92ms
[2020.08.27-01.54.19:766][899]LogPlayLevel: Display: Destroying online subsystem :Context_5
[2020.08.27-01.54.22:560][ 64]LogAssetEditorSubsystem: Opening Asset editor for Blueprint /Game/Challenges/BlackHole/BP_BlackHole.BP_BlackHole
[2020.08.27-01.54.22:797][ 64]LogContentBrowser: Native class hierarchy updated for 'BlueprintGraph' in 0.0008 seconds. Added 125 classes and 0 folders.
[2020.08.27-01.54.26:181][196]LogSlate: Window 'BP_BlackHole' being destroyed
[2020.08.27-01.54.26:203][196]LogWorld: UWorld::CleanupWorld for World_3, bSessionEnded=true, bCleanupResources=true
[2020.08.27-01.54.26:203][196]LogSlate: InvalidateAllWidgets triggered.  All widgets were invalidated
[2020.08.27-01.54.26:284][196]LogAssetEditorSubsystem: Opening Asset editor for Blueprint /Game/Challenges/BlackHole/BP_BlackHole.BP_BlackHole
[2020.08.27-01.54.26:756][196]LogSlate: Took 0.000261 seconds to synchronously load lazily loaded font '../../../Engine/Content/Slate/Fonts/Roboto-BoldCondensed.ttf' (158K)
[2020.08.27-01.54.30:894][423]LogSlate: Took 0.000260 seconds to synchronously load lazily loaded font '../../../Engine/Content/Slate/Fonts/Roboto-Italic.ttf' (157K)
[2020.08.27-01.55.02:382][118]LogSlate: Window 'BP_BlackHole' being destroyed
[2020.08.27-01.57.12:454][720]Candidate modules for hot reload:
[2020.08.27-01.57.12:455][720]  FPSGame
[2020.08.27-01.57.12:455][720]Launching UnrealBuildTool... [D:/Epic Games/UE_4.25/Engine/Binaries/DotNET/UnrealBuildTool.exe  -ModuleWithSuffix=FPSGame,4256 FPSGameEditor Win64 Development -Project="D:/C++/StealthGame/StealthGame_ProjectBase_4.25/StealthGame/FPSGame.uproject" "D:/C++/StealthGame/StealthGame_ProjectBase_4.25/StealthGame/FPSGame.uproject"  -IgnoreJunk]
[2020.08.27-01.57.12:457][720]Warning: Starting HotReload took  0.0s.
[2020.08.27-01.57.16:475][937]CompilerResultsLog: New page: Compilation - Aug. 26, 2020, 5:57:16 p.m.
[2020.08.27-01.57.16:476][937]CompilerResultsLog: Building FPSGameEditor...
[2020.08.27-01.57.16:476][937]CompilerResultsLog: Using Visual Studio 2017 14.16.27034 toolchain (C:\Program Files (x86)\Microsoft Visual Studio\2017\Community\VC\Tools\MSVC\14.16.27023) and Windows 10.0.17763.0 SDK (C:\Program Files (x86)\Windows Kits\10).
[2020.08.27-01.57.16:476][937]CompilerResultsLog: [Upgrade]
[2020.08.27-01.57.16:476][937]CompilerResultsLog: [Upgrade] Using backward-compatible build settings. The latest version of UE4 sets the following values by default, which may require code changes:
[2020.08.27-01.57.16:476][937]CompilerResultsLog: [Upgrade]     bLegacyPublicIncludePaths = false                 => Omits subfolders from public include paths to reduce compiler command line length. (Previously: true).
[2020.08.27-01.57.16:476][937]CompilerResultsLog: [Upgrade]     ShadowVariableWarningLevel = WarningLevel.Error   => Treats shadowed variable warnings as errors. (Previously: WarningLevel.Warning).
[2020.08.27-01.57.16:476][937]CompilerResultsLog: [Upgrade]     PCHUsage = PCHUsageMode.UseExplicitOrSharedPCHs   => Set in build.cs files to enables IWYU-style PCH model. See https://docs.unrealengine.com/en-US/Programming/BuildTools/UnrealBuildTool/IWYU/index.html. (Previously: PCHUsageMode.UseSharedPCHs).
[2020.08.27-01.57.16:476][937]CompilerResultsLog: [Upgrade] Suppress this message by setting 'DefaultBuildSettings = BuildSettingsVersion.V2;' in FPSGameEditor.Target.cs, and explicitly overriding settings that differ from the new defaults.
[2020.08.27-01.57.16:476][937]CompilerResultsLog: [Upgrade]
[2020.08.27-01.57.16:476][937]CompilerResultsLog: Building 3 actions with 12 processes...
[2020.08.27-01.57.16:477][937]CompilerResultsLog:   [1/3] UE4Editor-FPSGame-4256.lib
[2020.08.27-01.57.16:477][937]CompilerResultsLog:      Creating library D:\C++\StealthGame\StealthGame_ProjectBase_4.25\StealthGame\Intermediate\Build\Win64\UE4Editor\Development\FPSGame\UE4Editor-FPSGame-4256.lib and object D:\C++\StealthGame\StealthGame_ProjectBase_4.25\StealthGame\Intermediate\Build\Win64\UE4Editor\Development\FPSGame\UE4Editor-FPSGame-4256.exp
[2020.08.27-01.57.16:477][937]CompilerResultsLog:   [2/3] UE4Editor-FPSGame-4256.dll
[2020.08.27-01.57.16:477][937]CompilerResultsLog:      Creating library D:\C++\StealthGame\StealthGame_ProjectBase_4.25\StealthGame\Intermediate\Build\Win64\UE4Editor\Development\FPSGame\UE4Editor-FPSGame-4256.suppressed.lib and object D:\C++\StealthGame\StealthGame_ProjectBase_4.25\StealthGame\Intermediate\Build\Win64\UE4Editor\Development\FPSGame\UE4Editor-FPSGame-4256.suppressed.exp
[2020.08.27-01.57.16:477][937]CompilerResultsLog:   [3/3] FPSGameEditor.target
[2020.08.27-01.57.16:477][937]CompilerResultsLog: Total time in Parallel executor: 2.47 seconds
[2020.08.27-01.57.16:477][937]CompilerResultsLog: Total execution time: 3.56 seconds
[2020.08.27-01.57.16:477][937]LogMainFrame: MainFrame: Module compiling took 4.027 seconds
[2020.08.27-01.57.16:525][937]LogContentBrowser: Native class hierarchy updated for 'FPSGame' in 0.0005 seconds. Added 6 classes and 3 folders.
[2020.08.27-01.57.16:530][937]Display: HotReload successful (2 functions remapped  0 scriptstructs remapped)
[2020.08.27-01.57.16:594][937]LogContentBrowser: Native class hierarchy populated in 0.0111 seconds. Added 3433 classes and 824 folders.
[2020.08.27-01.57.16:603][937]Display: HotReload took  4.2s.
[2020.08.27-02.04.36:535][711]LogSlate: WidgetSwitcher ('None') active index changed to -1
[2020.08.27-02.04.36:536][711]LogSlate: WidgetSwitcher ('None') active index changed to 0
[2020.08.27-02.04.40:412][926]LogSlate: WidgetSwitcher ('None') active index changed to 1
[2020.08.27-02.04.52:267][633]Running D:/Epic Games/UE_4.25/Engine/Binaries/DotNET/UnrealBuildTool.exe  -projectfiles -project="D:/C++/StealthGame/StealthGame_ProjectBase_4.25/StealthGame/FPSGame.uproject" -game -rocket -progress
[2020.08.27-02.04.52:671][633]Discovering modules, targets and source code for project...
[2020.08.27-02.04.54:382][633]Binding IntelliSense data...
[2020.08.27-02.04.56:310][633]Binding IntelliSense data... 100%
[2020.08.27-02.04.56:310][633]Writing project files...
[2020.08.27-02.04.59:740][633]Writing project files... 100%
[2020.08.27-02.04.59:874][633]Candidate modules for hot reload:
[2020.08.27-02.04.59:875][633]  FPSGame
[2020.08.27-02.04.59:875][633]Launching UnrealBuildTool... [D:/Epic Games/UE_4.25/Engine/Binaries/DotNET/UnrealBuildTool.exe  -ModuleWithSuffix=FPSGame,6186 FPSGameEditor Win64 Development -Project="D:/C++/StealthGame/StealthGame_ProjectBase_4.25/StealthGame/FPSGame.uproject" "D:/C++/StealthGame/StealthGame_ProjectBase_4.25/StealthGame/FPSGame.uproject"  -IgnoreJunk]
[2020.08.27-02.05.15:369][633]CompilerResultsLog: New page: Compilation - Aug. 26, 2020, 6:05:15 p.m.
[2020.08.27-02.05.15:369][633]CompilerResultsLog: Creating makefile for FPSGameEditor (no existing makefile)
[2020.08.27-02.05.15:369][633]CompilerResultsLog: Parsing headers for FPSGameEditor
[2020.08.27-02.05.15:369][633]CompilerResultsLog:   Running UnrealHeaderTool "D:\C++\StealthGame\StealthGame_ProjectBase_4.25\StealthGame\FPSGame.uproject" "D:\C++\StealthGame\StealthGame_ProjectBase_4.25\StealthGame\Intermediate\Build\Win64\FPSGameEditor\Development\FPSGameEditor.uhtmanifest" -LogCmds="loginit warning, logexit warning, logdatabase error" -Unattended -WarningsAsErrors -abslog="C:\Users\User\AppData\Local\UnrealBuildTool\Log_UHT.txt" -installed
[2020.08.27-02.05.15:369][633]CompilerResultsLog: Reflection code generated for FPSGameEditor in 9.6493386 seconds
[2020.08.27-02.05.15:369][633]CompilerResultsLog: Building FPSGameEditor...
[2020.08.27-02.05.15:370][633]CompilerResultsLog: Using Visual Studio 2017 14.16.27034 toolchain (C:\Program Files (x86)\Microsoft Visual Studio\2017\Community\VC\Tools\MSVC\14.16.27023) and Windows 10.0.17763.0 SDK (C:\Program Files (x86)\Windows Kits\10).
[2020.08.27-02.05.15:370][633]CompilerResultsLog: [Upgrade]
[2020.08.27-02.05.15:370][633]CompilerResultsLog: [Upgrade] Using backward-compatible build settings. The latest version of UE4 sets the following values by default, which may require code changes:
[2020.08.27-02.05.15:370][633]CompilerResultsLog: [Upgrade]     bLegacyPublicIncludePaths = false                 => Omits subfolders from public include paths to reduce compiler command line length. (Previously: true).
[2020.08.27-02.05.15:370][633]CompilerResultsLog: [Upgrade]     ShadowVariableWarningLevel = WarningLevel.Error   => Treats shadowed variable warnings as errors. (Previously: WarningLevel.Warning).
[2020.08.27-02.05.15:370][633]CompilerResultsLog: [Upgrade]     PCHUsage = PCHUsageMode.UseExplicitOrSharedPCHs   => Set in build.cs files to enables IWYU-style PCH model. See https://docs.unrealengine.com/en-US/Programming/BuildTools/UnrealBuildTool/IWYU/index.html. (Previously: PCHUsageMode.UseSharedPCHs).
[2020.08.27-02.05.15:370][633]CompilerResultsLog: [Upgrade] Suppress this message by setting 'DefaultBuildSettings = BuildSettingsVersion.V2;' in FPSGameEditor.Target.cs, and explicitly overriding settings that differ from the new defaults.
[2020.08.27-02.05.15:370][633]CompilerResultsLog: [Upgrade]
[2020.08.27-02.05.15:370][633]CompilerResultsLog: Building 6 actions with 12 processes...
[2020.08.27-02.05.15:370][633]CompilerResultsLog:   [1/6] FPSGame.init.gen.cpp
[2020.08.27-02.05.15:370][633]CompilerResultsLog:   [2/6] FPSExtractionZone.cpp
[2020.08.27-02.05.15:370][633]CompilerResultsLog:   [3/6] FPSExtractionZone.gen.cpp
[2020.08.27-02.05.15:371][633]CompilerResultsLog:   [4/6] UE4Editor-FPSGame-6186.lib
[2020.08.27-02.05.15:371][633]CompilerResultsLog:      Creating library D:\C++\StealthGame\StealthGame_ProjectBase_4.25\StealthGame\Intermediate\Build\Win64\UE4Editor\Development\FPSGame\UE4Editor-FPSGame-6186.lib and object D:\C++\StealthGame\StealthGame_ProjectBase_4.25\StealthGame\Intermediate\Build\Win64\UE4Editor\Development\FPSGame\UE4Editor-FPSGame-6186.exp
[2020.08.27-02.05.15:371][633]CompilerResultsLog:   [5/6] UE4Editor-FPSGame-6186.dll
[2020.08.27-02.05.15:371][633]CompilerResultsLog:      Creating library D:\C++\StealthGame\StealthGame_ProjectBase_4.25\StealthGame\Intermediate\Build\Win64\UE4Editor\Development\FPSGame\UE4Editor-FPSGame-6186.suppressed.lib and object D:\C++\StealthGame\StealthGame_ProjectBase_4.25\StealthGame\Intermediate\Build\Win64\UE4Editor\Development\FPSGame\UE4Editor-FPSGame-6186.suppressed.exp
[2020.08.27-02.05.15:371][633]CompilerResultsLog:   [6/6] FPSGameEditor.target
[2020.08.27-02.05.15:371][633]CompilerResultsLog: Total time in Parallel executor: 3.09 seconds
[2020.08.27-02.05.15:371][633]CompilerResultsLog: Total execution time: 15.05 seconds
[2020.08.27-02.05.15:371][633]LogMainFrame: MainFrame: Module compiling took 15.504 seconds
[2020.08.27-02.05.15:400][633]LogClass: Could not find existing class FPSExtractionZone in package /Script/FPSGame for HotReload, assuming new class
[2020.08.27-02.05.15:429][633]LogContentBrowser: Native class hierarchy updated for 'FPSGame' in 0.0017 seconds. Added 7 classes and 3 folders.
[2020.08.27-02.05.15:435][633]Display: HotReload successful (2 functions remapped  0 scriptstructs remapped)
[2020.08.27-02.05.15:530][633]LogContentBrowser: Native class hierarchy populated in 0.0098 seconds. Added 3434 classes and 824 folders.
[2020.08.27-02.05.15:537][633]Display: HotReload took 15.7s.
[2020.08.27-02.05.15:542][633]Warning: HotReload operation took 15.7s.
[2020.08.27-02.05.15:947][633]LogSlate: Window 'Add C++ Class' being destroyed
[2020.08.27-02.05.16:430][633]LogHotReload: New module detected: UE4Editor-FPSGame-6186.dll
[2020.08.27-02.05.16:491][634]LogHotReload: Starting Hot-Reload from IDE
[2020.08.27-02.05.16:517][634]LogContentBrowser: Native class hierarchy updated for 'FPSGame' in 0.0004 seconds. Added 7 classes and 3 folders.
[2020.08.27-02.05.16:527][634]Display: HotReload successful (0 functions remapped  0 scriptstructs remapped)
[2020.08.27-02.05.16:536][634]LogContentBrowser: Native class hierarchy populated in 0.0085 seconds. Added 3434 classes and 824 folders.
[2020.08.27-02.05.16:549][634]Display: HotReload took  0.1s.
