Log file open, 08/27/20 22:01:20
LogInit: Display: Running engine for game: FPSGame
LogPlatformFile: Not using cached read wrapper
LogTaskGraph: Started task graph with 5 named threads and 35 total threads with 3 sets of task threads.
LogStats: Stats thread started at 0.291497
LogD3D11RHI: Loaded GFSDK_Aftermath_Lib.x64.dll
LogICUInternationalization: ICU TimeZone Detection - Raw Offset: -5:00, Platform Override: ''
LogPluginManager: Mounting plugin Paper2D
LogPluginManager: Mounting plugin AISupport
LogPluginManager: Mounting plugin LightPropagationVolume
LogPluginManager: Mounting plugin CameraShakePreviewer
LogPluginManager: Mounting plugin ActorLayerUtilities
LogPluginManager: Mounting plugin AnimationSharing
LogPluginManager: Mounting plugin CLionSourceCodeAccess
LogPluginManager: Mounting plugin CodeLiteSourceCodeAccess
LogPluginManager: Mounting plugin GitSourceControl
LogPluginManager: Mounting plugin KDevelopSourceCodeAccess
LogPluginManager: Mounting plugin NullSourceCodeAccess
LogPluginManager: Mounting plugin PerforceSourceControl
LogPluginManager: Mounting plugin PlasticSourceControl
LogPluginManager: Mounting plugin RiderSourceCodeAccess
LogPluginManager: Mounting plugin SubversionSourceControl
LogPluginManager: Mounting plugin UObjectPlugin
LogPluginManager: Mounting plugin VisualStudioCodeSourceCodeAccess
LogPluginManager: Mounting plugin VisualStudioSourceCodeAccess
LogPluginManager: Mounting plugin XCodeSourceCodeAccess
LogPluginManager: Mounting plugin AssetManagerEditor
LogPluginManager: Mounting plugin CryptoKeys
LogPluginManager: Mounting plugin CurveEditorTools
LogPluginManager: Mounting plugin DataValidation
LogPluginManager: Mounting plugin EditorScriptingUtilities
LogPluginManager: Mounting plugin FacialAnimation
LogPluginManager: Mounting plugin GameplayTagsEditor
LogPluginManager: Mounting plugin GeometryMode
LogPluginManager: Mounting plugin MacGraphicsSwitching
LogPluginManager: Mounting plugin MaterialAnalyzer
LogPluginManager: Mounting plugin MobileLauncherProfileWizard
LogPluginManager: Mounting plugin PluginBrowser
LogPluginManager: Mounting plugin SpeedTreeImporter
LogPluginManager: Mounting plugin DatasmithContent
LogPluginManager: Mounting plugin VariantManagerContent
LogPluginManager: Mounting plugin AlembicImporter
LogPluginManager: Mounting plugin AutomationUtils
LogPluginManager: Mounting plugin BackChannel
LogPluginManager: Mounting plugin ChaosCloth
LogPluginManager: Mounting plugin ChaosClothEditor
LogPluginManager: Mounting plugin ChaosEditor
LogPluginManager: Mounting plugin ChaosNiagara
LogPluginManager: Mounting plugin ChaosSolverPlugin
LogPluginManager: Mounting plugin CharacterAI
LogPluginManager: Mounting plugin GeometryCache
LogPluginManager: Mounting plugin GeometryCollectionPlugin
LogPluginManager: Mounting plugin GeometryProcessing
LogPluginManager: Mounting plugin PlanarCut
LogPluginManager: Mounting plugin PlatformCrypto
LogPluginManager: Mounting plugin ProxyLODPlugin
LogPluginManager: Mounting plugin SkeletalReduction
LogPluginManager: Mounting plugin Niagara
LogPluginManager: Mounting plugin MagicLeap
LogPluginManager: Mounting plugin MagicLeapLightEstimation
LogPluginManager: Mounting plugin MagicLeapMedia
LogPluginManager: Mounting plugin MagicLeapPassableWorld
LogPluginManager: Mounting plugin MLSDK
LogPluginManager: Mounting plugin AndroidMedia
LogPluginManager: Mounting plugin AvfMedia
LogPluginManager: Mounting plugin ImgMedia
LogPluginManager: Mounting plugin MediaCompositing
LogPluginManager: Mounting plugin MediaPlayerEditor
LogPluginManager: Mounting plugin WebMMedia
LogPluginManager: Mounting plugin WmfMedia
LogPluginManager: Mounting plugin MeshPainting
LogPluginManager: Mounting plugin TcpMessaging
LogPluginManager: Mounting plugin UdpMessaging
LogPluginManager: Mounting plugin ActorSequence
LogPluginManager: Mounting plugin LevelSequenceEditor
LogPluginManager: Mounting plugin MatineeToLevelSequence
LogPluginManager: Mounting plugin MovieRenderPipeline
LogPluginManager: Mounting plugin TemplateSequence
LogPluginManager: Mounting plugin NetcodeUnitTest
LogPluginManager: Mounting plugin NUTUnrealEngine4
LogPluginManager: Mounting plugin OnlineSubsystemGooglePlay
LogPluginManager: Mounting plugin OnlineSubsystemIOS
LogPluginManager: Mounting plugin OnlineSubsystem
LogPluginManager: Mounting plugin OnlineSubsystemNull
LogPluginManager: Mounting plugin OnlineSubsystemUtils
LogPluginManager: Mounting plugin LauncherChunkInstaller
LogPluginManager: Mounting plugin AndroidDeviceProfileSelector
LogPluginManager: Mounting plugin AndroidMoviePlayer
LogPluginManager: Mounting plugin AndroidPermission
LogPluginManager: Mounting plugin AppleImageUtils
LogPluginManager: Mounting plugin AppleMoviePlayer
LogPluginManager: Mounting plugin ArchVisCharacter
LogPluginManager: Mounting plugin AssetTags
LogPluginManager: Mounting plugin AudioCapture
LogPluginManager: Mounting plugin CableComponent
LogPluginManager: Mounting plugin CustomMeshComponent
LogPluginManager: Mounting plugin EditableMesh
LogPluginManager: Mounting plugin ExampleDeviceProfileSelector
LogPluginManager: Mounting plugin GoogleCloudMessaging
LogPluginManager: Mounting plugin GooglePAD
LogPluginManager: Mounting plugin IOSDeviceProfileSelector
LogPluginManager: Mounting plugin LinuxDeviceProfileSelector
LogPluginManager: Mounting plugin LocationServicesBPLibrary
LogPluginManager: Mounting plugin MobilePatchingUtils
LogPluginManager: Mounting plugin OculusVR
LogPluginManager: Mounting plugin PhysXVehicles
LogPluginManager: Mounting plugin PostSplashScreen
LogPluginManager: Mounting plugin ProceduralMeshComponent
LogPluginManager: Mounting plugin RuntimePhysXCooking
LogPluginManager: Mounting plugin SignificanceManager
LogPluginManager: Mounting plugin SoundFields
LogPluginManager: Mounting plugin SteamVR
LogPluginManager: Mounting plugin Synthesis
LogPluginManager: Mounting plugin WebMMoviePlayer
LogPluginManager: Mounting plugin WindowsMoviePlayer
LogPluginManager: Mounting plugin ScreenshotTools
LogInit: Using libcurl 7.55.1-DEV
LogInit:  - built for x86_64-pc-win32
LogInit:  - supports SSL with OpenSSL/1.1.1
LogInit:  - supports HTTP deflate (compression) using libz 1.2.8
LogInit:  - other features:
LogInit:      CURL_VERSION_SSL
LogInit:      CURL_VERSION_LIBZ
LogInit:      CURL_VERSION_IPV6
LogInit:      CURL_VERSION_ASYNCHDNS
LogInit:      CURL_VERSION_LARGEFILE
LogInit:      CURL_VERSION_IDN
LogInit:  CurlRequestOptions (configurable via config and command line):
LogInit:  - bVerifyPeer = true  - Libcurl will verify peer certificate
LogInit:  - bUseHttpProxy = false  - Libcurl will NOT use HTTP proxy
LogInit:  - bDontReuseConnections = false  - Libcurl will reuse connections
LogInit:  - MaxHostConnections = 16  - Libcurl will limit the number of connections to a host
LogInit:  - LocalHostAddr = Default
LogInit:  - BufferSize = 65536
LogOnline: OSS: Creating online subsystem instance for: NULL
LogInit: WinSock: version 1.1 (2.2), MaxSocks=32767, MaxUdp=65467
LogOnline: OSS: TryLoadSubsystemAndSetDefault: Loaded subsystem for module [NULL]
LogInit: Build: ++UE4+Release-4.25-CL-13942748
LogInit: Engine Version: 4.25.3-13942748+++UE4+Release-4.25
LogInit: Compatible Engine Version: 4.25.0-13144385+++UE4+Release-4.25
LogInit: Net CL: 13144385
LogInit: OS: Windows 10 (Release 1909) (), CPU: AMD Ryzen 5 3600 6-Core Processor              , GPU: NVIDIA GeForce RTX 2060
LogInit: Compiled (64-bit): Jul 25 2020 02:07:48
LogInit: Compiled with Visual C++: 19.24.28315.00
LogInit: Build Configuration: Development
LogInit: Branch Name: ++UE4+Release-4.25
LogInit: Command Line:  -skipcompile
LogInit: Base Directory: C:/Program Files/Epic Games/UE_4.25/Engine/Binaries/Win64/
LogInit: Allocator: TBB
LogInit: Installed Engine Build: 1
LogDevObjectVersion: Number of dev versions registered: 26
LogDevObjectVersion:   Dev-Blueprints (B0D832E4-1F89-4F0D-ACCF-7EB736FD4AA2): 10
LogDevObjectVersion:   Dev-Build (E1C64328-A22C-4D53-A36C-8E866417BD8C): 0
LogDevObjectVersion:   Dev-Core (375EC13C-06E4-48FB-B500-84F0262A717E): 4
LogDevObjectVersion:   Dev-Editor (E4B068ED-F494-42E9-A231-DA0B2E46BB41): 38
LogDevObjectVersion:   Dev-Framework (CFFC743F-43B0-4480-9391-14DF171D2073): 37
LogDevObjectVersion:   Dev-Mobile (B02B49B5-BB20-44E9-A304-32B752E40360): 2
LogDevObjectVersion:   Dev-Networking (A4E4105C-59A1-49B5-A7C5-40C4547EDFEE): 0
LogDevObjectVersion:   Dev-Online (39C831C9-5AE6-47DC-9A44-9C173E1C8E7C): 0
LogDevObjectVersion:   Dev-Physics (78F01B33-EBEA-4F98-B9B4-84EACCB95AA2): 4
LogDevObjectVersion:   Dev-Platform (6631380F-2D4D-43E0-8009-CF276956A95A): 0
LogDevObjectVersion:   Dev-Rendering (12F88B9F-8875-4AFC-A67C-D90C383ABD29): 43
LogDevObjectVersion:   Dev-Sequencer (7B5AE74C-D270-4C10-A958-57980B212A5A): 12
LogDevObjectVersion:   Dev-VR (D7296918-1DD6-4BDD-9DE2-64A83CC13884): 3
LogDevObjectVersion:   Dev-LoadTimes (C2A15278-BFE7-4AFE-6C17-90FF531DF755): 1
LogDevObjectVersion:   Private-Geometry (6EACA3D4-40EC-4CC1-B786-8BED09428FC5): 3
LogDevObjectVersion:   Dev-AnimPhys (29E575DD-E0A3-4627-9D10-D276232CDCEA): 17
LogDevObjectVersion:   Dev-Anim (AF43A65D-7FD3-4947-9873-3E8ED9C1BB05): 7
LogDevObjectVersion:   Dev-ReflectionCapture (6B266CEC-1EC7-4B8F-A30B-E4D90942FC07): 1
LogDevObjectVersion:   Dev-Automation (0DF73D61-A23F-47EA-B727-89E90C41499A): 1
LogDevObjectVersion:   FortniteMain (601D1886-AC64-4F84-AA16-D3DE0DEAC7D6): 31
LogDevObjectVersion:   Dev-Enterprise (9DFFBCD6-494F-0158-E221-12823C92A888): 10
LogDevObjectVersion:   Dev-Niagara (F2AED0AC-9AFE-416F-8664-AA7FFA26D6FC): 1
LogDevObjectVersion:   Dev-Destruction (174F1F0B-B4C6-45A5-B13F-2EE8D0FB917D): 10
LogDevObjectVersion:   Dev-Physics-Ext (35F94A83-E258-406C-A318-09F59610247C): 37
LogDevObjectVersion:   Dev-PhysicsMaterial-Chaos (B68FC16E-8B1B-42E2-B453-215C058844FE): 1
LogDevObjectVersion:   Dev-CineCamera (B2E18506-4273-CFC2-A54E-F4BB758BBA07): 1
LogInit: Presizing for max 25165824 objects, including 0 objects not considered by GC, pre-allocating 0 bytes for permanent pool.
LogConfig: Applying CVar settings from Section [/Script/Engine.StreamingSettings] File [C:/Users/iylek/Desktop/Unreal/StealthGame/StealthGame_ProjectBase_4.25/StealthGame/Saved/Config/Windows/Engine.ini]
LogConfig: Setting CVar [[s.MinBulkDataSizeForAsyncLoading:131072]]
LogConfig: Setting CVar [[s.AsyncLoadingThreadEnabled:0]]
LogConfig: Setting CVar [[s.EventDrivenLoaderEnabled:1]]
LogConfig: Setting CVar [[s.WarnIfTimeLimitExceeded:0]]
LogConfig: Setting CVar [[s.TimeLimitExceededMultiplier:1.5]]
LogConfig: Setting CVar [[s.TimeLimitExceededMinTime:0.005]]
LogConfig: Setting CVar [[s.UseBackgroundLevelStreaming:1]]
LogConfig: Setting CVar [[s.PriorityAsyncLoadingExtraTime:15.0]]
LogConfig: Setting CVar [[s.LevelStreamingActorsUpdateTimeLimit:5.0]]
LogConfig: Setting CVar [[s.PriorityLevelStreamingActorsUpdateExtraTime:5.0]]
LogConfig: Setting CVar [[s.LevelStreamingComponentsRegistrationGranularity:10]]
LogConfig: Setting CVar [[s.UnregisterComponentsTimeLimit:1.0]]
LogConfig: Setting CVar [[s.LevelStreamingComponentsUnregistrationGranularity:5]]
LogConfig: Setting CVar [[s.FlushStreamingOnExit:1]]
LogInit: Object subsystem initialized
LogConfig: Setting CVar [[con.DebugEarlyDefault:1]]
LogConfig: Setting CVar [[r.setres:1280x720]]
[2020.08.28-02.01.21:134][  0]LogConfig: Setting CVar [[r.VSync:0]]
[2020.08.28-02.01.21:134][  0]LogConfig: Setting CVar [[r.RHICmdBypass:0]]
[2020.08.28-02.01.21:134][  0]LogConfig: Applying CVar settings from Section [/Script/Engine.RendererSettings] File [C:/Users/iylek/Desktop/Unreal/StealthGame/StealthGame_ProjectBase_4.25/StealthGame/Saved/Config/Windows/Engine.ini]
[2020.08.28-02.01.21:134][  0]LogConfig: Setting CVar [[r.GPUCrashDebugging:0]]
[2020.08.28-02.01.21:134][  0]LogConfig: Applying CVar settings from Section [/Script/Engine.RendererOverrideSettings] File [C:/Users/iylek/Desktop/Unreal/StealthGame/StealthGame_ProjectBase_4.25/StealthGame/Saved/Config/Windows/Engine.ini]
[2020.08.28-02.01.21:134][  0]LogConfig: Applying CVar settings from Section [/Script/Engine.StreamingSettings] File [C:/Users/iylek/Desktop/Unreal/StealthGame/StealthGame_ProjectBase_4.25/StealthGame/Saved/Config/Windows/Engine.ini]
[2020.08.28-02.01.21:134][  0]LogConfig: Setting CVar [[s.MinBulkDataSizeForAsyncLoading:131072]]
[2020.08.28-02.01.21:134][  0]LogConfig: Setting CVar [[s.AsyncLoadingThreadEnabled:0]]
[2020.08.28-02.01.21:134][  0]LogConfig: Setting CVar [[s.EventDrivenLoaderEnabled:1]]
[2020.08.28-02.01.21:134][  0]LogConfig: Setting CVar [[s.WarnIfTimeLimitExceeded:0]]
[2020.08.28-02.01.21:135][  0]LogConfig: Setting CVar [[s.TimeLimitExceededMultiplier:1.5]]
[2020.08.28-02.01.21:135][  0]LogConfig: Setting CVar [[s.TimeLimitExceededMinTime:0.005]]
[2020.08.28-02.01.21:135][  0]LogConfig: Setting CVar [[s.UseBackgroundLevelStreaming:1]]
[2020.08.28-02.01.21:135][  0]LogConfig: Setting CVar [[s.PriorityAsyncLoadingExtraTime:15.0]]
[2020.08.28-02.01.21:135][  0]LogConfig: Setting CVar [[s.LevelStreamingActorsUpdateTimeLimit:5.0]]
[2020.08.28-02.01.21:135][  0]LogConfig: Setting CVar [[s.PriorityLevelStreamingActorsUpdateExtraTime:5.0]]
[2020.08.28-02.01.21:135][  0]LogConfig: Setting CVar [[s.LevelStreamingComponentsRegistrationGranularity:10]]
[2020.08.28-02.01.21:135][  0]LogConfig: Setting CVar [[s.UnregisterComponentsTimeLimit:1.0]]
[2020.08.28-02.01.21:135][  0]LogConfig: Setting CVar [[s.LevelStreamingComponentsUnregistrationGranularity:5]]
[2020.08.28-02.01.21:135][  0]LogConfig: Setting CVar [[s.FlushStreamingOnExit:1]]
[2020.08.28-02.01.21:135][  0]LogConfig: Applying CVar settings from Section [/Script/Engine.GarbageCollectionSettings] File [C:/Users/iylek/Desktop/Unreal/StealthGame/StealthGame_ProjectBase_4.25/StealthGame/Saved/Config/Windows/Engine.ini]
[2020.08.28-02.01.21:135][  0]LogConfig: Setting CVar [[gc.MaxObjectsNotConsideredByGC:1]]
[2020.08.28-02.01.21:135][  0]LogConfig: Setting CVar [[gc.SizeOfPermanentObjectPool:0]]
[2020.08.28-02.01.21:135][  0]LogConfig: Setting CVar [[gc.FlushStreamingOnGC:0]]
[2020.08.28-02.01.21:135][  0]LogConfig: Setting CVar [[gc.NumRetriesBeforeForcingGC:10]]
[2020.08.28-02.01.21:135][  0]LogConfig: Setting CVar [[gc.AllowParallelGC:1]]
[2020.08.28-02.01.21:135][  0]LogConfig: Setting CVar [[gc.TimeBetweenPurgingPendingKillObjects:61.1]]
[2020.08.28-02.01.21:135][  0]LogConfig: Setting CVar [[gc.MaxObjectsInEditor:25165824]]
[2020.08.28-02.01.21:135][  0]LogConfig: Setting CVar [[gc.IncrementalBeginDestroyEnabled:1]]
[2020.08.28-02.01.21:136][  0]LogConfig: Setting CVar [[gc.CreateGCClusters:1]]
[2020.08.28-02.01.21:136][  0]LogConfig: Setting CVar [[gc.MinGCClusterSize:5]]
[2020.08.28-02.01.21:136][  0]LogConfig: Setting CVar [[gc.ActorClusteringEnabled:0]]
[2020.08.28-02.01.21:136][  0]LogConfig: Setting CVar [[gc.BlueprintClusteringEnabled:0]]
[2020.08.28-02.01.21:136][  0]LogConfig: Setting CVar [[gc.UseDisregardForGCOnDedicatedServers:0]]
[2020.08.28-02.01.21:136][  0]LogConfig: Applying CVar settings from Section [/Script/Engine.NetworkSettings] File [C:/Users/iylek/Desktop/Unreal/StealthGame/StealthGame_ProjectBase_4.25/StealthGame/Saved/Config/Windows/Engine.ini]
[2020.08.28-02.01.21:136][  0]LogConfig: Applying CVar settings from Section [/Script/UnrealEd.CookerSettings] File [C:/Users/iylek/Desktop/Unreal/StealthGame/StealthGame_ProjectBase_4.25/StealthGame/Saved/Config/Windows/Engine.ini]
[2020.08.28-02.01.21:147][  0]LogConfig: Applying CVar settings from Section [ViewDistanceQuality@3] File [C:/Users/iylek/Desktop/Unreal/StealthGame/StealthGame_ProjectBase_4.25/StealthGame/Saved/Config/Windows/Scalability.ini]
[2020.08.28-02.01.21:147][  0]LogConfig: Setting CVar [[r.SkeletalMeshLODBias:0]]
[2020.08.28-02.01.21:147][  0]LogConfig: Setting CVar [[r.ViewDistanceScale:1.0]]
[2020.08.28-02.01.21:147][  0]LogConfig: Applying CVar settings from Section [AntiAliasingQuality@3] File [C:/Users/iylek/Desktop/Unreal/StealthGame/StealthGame_ProjectBase_4.25/StealthGame/Saved/Config/Windows/Scalability.ini]
[2020.08.28-02.01.21:147][  0]LogConfig: Setting CVar [[r.PostProcessAAQuality:4]]
[2020.08.28-02.01.21:147][  0]LogConfig: Applying CVar settings from Section [ShadowQuality@3] File [C:/Users/iylek/Desktop/Unreal/StealthGame/StealthGame_ProjectBase_4.25/StealthGame/Saved/Config/Windows/Scalability.ini]
[2020.08.28-02.01.21:147][  0]LogConfig: Setting CVar [[r.LightFunctionQuality:1]]
[2020.08.28-02.01.21:147][  0]LogConfig: Setting CVar [[r.ShadowQuality:5]]
[2020.08.28-02.01.21:147][  0]LogConfig: Setting CVar [[r.Shadow.CSM.MaxCascades:10]]
[2020.08.28-02.01.21:147][  0]LogConfig: Setting CVar [[r.Shadow.MaxResolution:2048]]
[2020.08.28-02.01.21:148][  0]LogConfig: Setting CVar [[r.Shadow.MaxCSMResolution:2048]]
[2020.08.28-02.01.21:148][  0]LogConfig: Setting CVar [[r.Shadow.RadiusThreshold:0.01]]
[2020.08.28-02.01.21:148][  0]LogConfig: Setting CVar [[r.Shadow.DistanceScale:1.0]]
[2020.08.28-02.01.21:148][  0]LogConfig: Setting CVar [[r.Shadow.CSM.TransitionScale:1.0]]
[2020.08.28-02.01.21:148][  0]LogConfig: Setting CVar [[r.Shadow.PreShadowResolutionFactor:1.0]]
[2020.08.28-02.01.21:148][  0]LogConfig: Setting CVar [[r.DistanceFieldShadowing:1]]
[2020.08.28-02.01.21:148][  0]LogConfig: Setting CVar [[r.DistanceFieldAO:1]]
[2020.08.28-02.01.21:148][  0]LogConfig: Setting CVar [[r.AOQuality:2]]
[2020.08.28-02.01.21:148][  0]LogConfig: Setting CVar [[r.VolumetricFog:1]]
[2020.08.28-02.01.21:148][  0]LogConfig: Setting CVar [[r.VolumetricFog.GridPixelSize:8]]
[2020.08.28-02.01.21:148][  0]LogConfig: Setting CVar [[r.VolumetricFog.GridSizeZ:128]]
[2020.08.28-02.01.21:148][  0]LogConfig: Setting CVar [[r.VolumetricFog.HistoryMissSupersampleCount:4]]
[2020.08.28-02.01.21:148][  0]LogConfig: Setting CVar [[r.LightMaxDrawDistanceScale:1]]
[2020.08.28-02.01.21:148][  0]LogConfig: Setting CVar [[r.CapsuleShadows:1]]
[2020.08.28-02.01.21:148][  0]LogConfig: Applying CVar settings from Section [PostProcessQuality@3] File [C:/Users/iylek/Desktop/Unreal/StealthGame/StealthGame_ProjectBase_4.25/StealthGame/Saved/Config/Windows/Scalability.ini]
[2020.08.28-02.01.21:148][  0]LogConfig: Setting CVar [[r.MotionBlurQuality:4]]
[2020.08.28-02.01.21:148][  0]LogConfig: Setting CVar [[r.AmbientOcclusionMipLevelFactor:0.4]]
[2020.08.28-02.01.21:148][  0]LogConfig: Setting CVar [[r.AmbientOcclusionMaxQuality:100]]
[2020.08.28-02.01.21:148][  0]LogConfig: Setting CVar [[r.AmbientOcclusionLevels:-1]]
[2020.08.28-02.01.21:149][  0]LogConfig: Setting CVar [[r.AmbientOcclusionRadiusScale:1.0]]
[2020.08.28-02.01.21:149][  0]LogConfig: Setting CVar [[r.DepthOfFieldQuality:2]]
[2020.08.28-02.01.21:149][  0]LogConfig: Setting CVar [[r.RenderTargetPoolMin:400]]
[2020.08.28-02.01.21:149][  0]LogConfig: Setting CVar [[r.LensFlareQuality:2]]
[2020.08.28-02.01.21:149][  0]LogConfig: Setting CVar [[r.SceneColorFringeQuality:1]]
[2020.08.28-02.01.21:149][  0]LogConfig: Setting CVar [[r.EyeAdaptationQuality:2]]
[2020.08.28-02.01.21:149][  0]LogConfig: Setting CVar [[r.BloomQuality:5]]
[2020.08.28-02.01.21:149][  0]LogConfig: Setting CVar [[r.FastBlurThreshold:100]]
[2020.08.28-02.01.21:149][  0]LogConfig: Setting CVar [[r.Upscale.Quality:3]]
[2020.08.28-02.01.21:149][  0]LogConfig: Setting CVar [[r.Tonemapper.GrainQuantization:1]]
[2020.08.28-02.01.21:149][  0]LogConfig: Setting CVar [[r.LightShaftQuality:1]]
[2020.08.28-02.01.21:149][  0]LogConfig: Setting CVar [[r.Filter.SizeScale:1]]
[2020.08.28-02.01.21:149][  0]LogConfig: Setting CVar [[r.Tonemapper.Quality:5]]
[2020.08.28-02.01.21:149][  0]LogConfig: Setting CVar [[r.DOF.Gather.AccumulatorQuality:1        ; higher gathering accumulator quality]]
[2020.08.28-02.01.21:149][  0]LogConfig: Setting CVar [[r.DOF.Gather.PostfilterMethod:1          ; Median3x3 postfilering method]]
[2020.08.28-02.01.21:149][  0]LogConfig: Setting CVar [[r.DOF.Gather.EnableBokehSettings:0       ; no bokeh simulation when gathering]]
[2020.08.28-02.01.21:149][  0]LogConfig: Setting CVar [[r.DOF.Gather.RingCount:4                 ; medium number of samples when gathering]]
[2020.08.28-02.01.21:149][  0]LogConfig: Setting CVar [[r.DOF.Scatter.ForegroundCompositing:1    ; additive foreground scattering]]
[2020.08.28-02.01.21:149][  0]LogConfig: Setting CVar [[r.DOF.Scatter.BackgroundCompositing:2    ; additive background scattering]]
[2020.08.28-02.01.21:149][  0]LogConfig: Setting CVar [[r.DOF.Scatter.EnableBokehSettings:1      ; bokeh simulation when scattering]]
[2020.08.28-02.01.21:150][  0]LogConfig: Setting CVar [[r.DOF.Scatter.MaxSpriteRatio:0.1         ; only a maximum of 10% of scattered bokeh]]
[2020.08.28-02.01.21:150][  0]LogConfig: Setting CVar [[r.DOF.Recombine.Quality:1                ; cheap slight out of focus]]
[2020.08.28-02.01.21:150][  0]LogConfig: Setting CVar [[r.DOF.Recombine.EnableBokehSettings:0    ; no bokeh simulation on slight out of focus]]
[2020.08.28-02.01.21:150][  0]LogConfig: Setting CVar [[r.DOF.TemporalAAQuality:1                ; more stable temporal accumulation]]
[2020.08.28-02.01.21:150][  0]LogConfig: Setting CVar [[r.DOF.Kernel.MaxForegroundRadius:0.025]]
[2020.08.28-02.01.21:150][  0]LogConfig: Setting CVar [[r.DOF.Kernel.MaxBackgroundRadius:0.025]]
[2020.08.28-02.01.21:150][  0]LogConfig: Applying CVar settings from Section [TextureQuality@3] File [C:/Users/iylek/Desktop/Unreal/StealthGame/StealthGame_ProjectBase_4.25/StealthGame/Saved/Config/Windows/Scalability.ini]
[2020.08.28-02.01.21:150][  0]LogConfig: Setting CVar [[r.Streaming.MipBias:0]]
[2020.08.28-02.01.21:150][  0]LogConfig: Setting CVar [[r.Streaming.AmortizeCPUToGPUCopy:0]]
[2020.08.28-02.01.21:150][  0]LogConfig: Setting CVar [[r.Streaming.MaxNumTexturesToStreamPerFrame:0]]
[2020.08.28-02.01.21:150][  0]LogConfig: Setting CVar [[r.Streaming.Boost:1]]
[2020.08.28-02.01.21:150][  0]LogConfig: Setting CVar [[r.MaxAnisotropy:8]]
[2020.08.28-02.01.21:150][  0]LogConfig: Setting CVar [[r.VT.MaxAnisotropy:8]]
[2020.08.28-02.01.21:150][  0]LogConfig: Setting CVar [[r.Streaming.LimitPoolSizeToVRAM:0]]
[2020.08.28-02.01.21:150][  0]LogConfig: Setting CVar [[r.Streaming.PoolSize:1000]]
[2020.08.28-02.01.21:150][  0]LogConfig: Setting CVar [[r.Streaming.MaxEffectiveScreenSize:0]]
[2020.08.28-02.01.21:151][  0]LogConfig: Applying CVar settings from Section [EffectsQuality@3] File [C:/Users/iylek/Desktop/Unreal/StealthGame/StealthGame_ProjectBase_4.25/StealthGame/Saved/Config/Windows/Scalability.ini]
[2020.08.28-02.01.21:151][  0]LogConfig: Setting CVar [[r.TranslucencyLightingVolumeDim:64]]
[2020.08.28-02.01.21:151][  0]LogConfig: Setting CVar [[r.RefractionQuality:2]]
[2020.08.28-02.01.21:151][  0]LogConfig: Setting CVar [[r.SSR.Quality:3]]
[2020.08.28-02.01.21:151][  0]LogConfig: Setting CVar [[r.SSR.HalfResSceneColor:0]]
[2020.08.28-02.01.21:151][  0]LogConfig: Setting CVar [[r.SceneColorFormat:4]]
[2020.08.28-02.01.21:151][  0]LogConfig: Setting CVar [[r.DetailMode:2]]
[2020.08.28-02.01.21:151][  0]LogConfig: Setting CVar [[r.TranslucencyVolumeBlur:1]]
[2020.08.28-02.01.21:151][  0]LogConfig: Setting CVar [[r.MaterialQualityLevel:1 ; High quality]]
[2020.08.28-02.01.21:151][  0]LogConfig: Setting CVar [[r.SSS.Scale:1]]
[2020.08.28-02.01.21:151][  0]LogConfig: Setting CVar [[r.SSS.SampleSet:2]]
[2020.08.28-02.01.21:151][  0]LogConfig: Setting CVar [[r.SSS.Quality:1]]
[2020.08.28-02.01.21:151][  0]LogConfig: Setting CVar [[r.SSS.HalfRes:0]]
[2020.08.28-02.01.21:151][  0]LogConfig: Setting CVar [[r.SSGI.Quality:3]]
[2020.08.28-02.01.21:151][  0]LogConfig: Setting CVar [[r.EmitterSpawnRateScale:1.0]]
[2020.08.28-02.01.21:151][  0]LogConfig: Setting CVar [[r.ParticleLightQuality:2]]
[2020.08.28-02.01.21:151][  0]LogConfig: Setting CVar [[r.SkyAtmosphere.AerialPerspectiveLUT.FastApplyOnOpaque:1 ; Always have FastSkyLUT 1 in this case to avoid wrong sky]]
[2020.08.28-02.01.21:151][  0]LogConfig: Setting CVar [[r.SkyAtmosphere.AerialPerspectiveLUT.SampleCountPerSlice:1]]
[2020.08.28-02.01.21:151][  0]LogConfig: Setting CVar [[r.SkyAtmosphere.AerialPerspectiveLUT.DepthResolution:16.0]]
[2020.08.28-02.01.21:151][  0]LogConfig: Setting CVar [[r.SkyAtmosphere.FastSkyLUT:1]]
[2020.08.28-02.01.21:152][  0]LogConfig: Setting CVar [[r.SkyAtmosphere.FastSkyLUT.SampleCountMin:4.0]]
[2020.08.28-02.01.21:152][  0]LogConfig: Setting CVar [[r.SkyAtmosphere.FastSkyLUT.SampleCountMax:32.0]]
[2020.08.28-02.01.21:152][  0]LogConfig: Setting CVar [[r.SkyAtmosphere.SampleCountMin:4.0]]
[2020.08.28-02.01.21:152][  0]LogConfig: Setting CVar [[r.SkyAtmosphere.SampleCountMax:32.0]]
[2020.08.28-02.01.21:152][  0]LogConfig: Setting CVar [[r.SkyAtmosphere.TransmittanceLUT.UseSmallFormat:0]]
[2020.08.28-02.01.21:152][  0]LogConfig: Setting CVar [[r.SkyAtmosphere.TransmittanceLUT.SampleCount:10.0]]
[2020.08.28-02.01.21:152][  0]LogConfig: Setting CVar [[r.SkyAtmosphere.MultiScatteringLUT.SampleCount:15.0]]
[2020.08.28-02.01.21:152][  0]LogConfig: Applying CVar settings from Section [FoliageQuality@3] File [C:/Users/iylek/Desktop/Unreal/StealthGame/StealthGame_ProjectBase_4.25/StealthGame/Saved/Config/Windows/Scalability.ini]
[2020.08.28-02.01.21:152][  0]LogConfig: Setting CVar [[foliage.DensityScale:1.0]]
[2020.08.28-02.01.21:152][  0]LogConfig: Setting CVar [[grass.DensityScale:1.0]]
[2020.08.28-02.01.21:152][  0]LogConfig: Applying CVar settings from Section [ShadingQuality@3] File [C:/Users/iylek/Desktop/Unreal/StealthGame/StealthGame_ProjectBase_4.25/StealthGame/Saved/Config/Windows/Scalability.ini]
[2020.08.28-02.01.21:152][  0]LogConfig: Setting CVar [[r.HairStrands.SkyLighting.SampleCount:16]]
[2020.08.28-02.01.21:152][  0]LogConfig: Setting CVar [[r.HairStrands.SkyLighting.JitterIntegration:0]]
[2020.08.28-02.01.21:152][  0]LogConfig: Setting CVar [[r.HairStrands.SkyAO.SampleCount:16]]
[2020.08.28-02.01.21:152][  0]LogConfig: Setting CVar [[r.HairStrands.DeepShadow.SuperSampling:0]]
[2020.08.28-02.01.21:152][  0]LogConfig: Setting CVar [[r.HairStrands.VisibilityPPLL:0]]
[2020.08.28-02.01.21:152][  0]LogConfig: Setting CVar [[r.HairStrands.RasterizationScale:0.5]]
[2020.08.28-02.01.21:152][  0]LogConfig: Setting CVar [[r.HairStrands.VelocityRasterizationScale:1]]
[2020.08.28-02.01.21:152][  0]LogInit: Selected Device Profile: [Windows]
[2020.08.28-02.01.21:153][  0]LogInit: Applying CVar settings loaded from the selected device profile: [Windows]
[2020.08.28-02.01.21:153][  0]LogHAL: Display: Platform has ~ 16 GB [17126752256 / 17179869184 / 16], which maps to Larger [LargestMinGB=32, LargerMinGB=12, DefaultMinGB=8, SmallerMinGB=6, SmallestMinGB=0)
[2020.08.28-02.01.21:153][  0]LogInit: Going up to parent DeviceProfile []
[2020.08.28-02.01.21:153][  0]LogConfig: Applying CVar settings from Section [ViewDistanceQuality@3] File [C:/Users/iylek/Desktop/Unreal/StealthGame/StealthGame_ProjectBase_4.25/StealthGame/Saved/Config/Windows/Scalability.ini]
[2020.08.28-02.01.21:153][  0]LogConfig: Setting CVar [[r.SkeletalMeshLODBias:0]]
[2020.08.28-02.01.21:153][  0]LogConfig: Setting CVar [[r.ViewDistanceScale:1.0]]
[2020.08.28-02.01.21:153][  0]LogConfig: Applying CVar settings from Section [AntiAliasingQuality@3] File [C:/Users/iylek/Desktop/Unreal/StealthGame/StealthGame_ProjectBase_4.25/StealthGame/Saved/Config/Windows/Scalability.ini]
[2020.08.28-02.01.21:153][  0]LogConfig: Setting CVar [[r.PostProcessAAQuality:4]]
[2020.08.28-02.01.21:153][  0]LogConfig: Applying CVar settings from Section [ShadowQuality@3] File [C:/Users/iylek/Desktop/Unreal/StealthGame/StealthGame_ProjectBase_4.25/StealthGame/Saved/Config/Windows/Scalability.ini]
[2020.08.28-02.01.21:153][  0]LogConfig: Setting CVar [[r.LightFunctionQuality:1]]
[2020.08.28-02.01.21:153][  0]LogConfig: Setting CVar [[r.ShadowQuality:5]]
[2020.08.28-02.01.21:153][  0]LogConfig: Setting CVar [[r.Shadow.CSM.MaxCascades:10]]
[2020.08.28-02.01.21:153][  0]LogConfig: Setting CVar [[r.Shadow.MaxResolution:2048]]
[2020.08.28-02.01.21:153][  0]LogConfig: Setting CVar [[r.Shadow.MaxCSMResolution:2048]]
[2020.08.28-02.01.21:153][  0]LogConfig: Setting CVar [[r.Shadow.RadiusThreshold:0.01]]
[2020.08.28-02.01.21:154][  0]LogConfig: Setting CVar [[r.Shadow.DistanceScale:1.0]]
[2020.08.28-02.01.21:154][  0]LogConfig: Setting CVar [[r.Shadow.CSM.TransitionScale:1.0]]
[2020.08.28-02.01.21:154][  0]LogConfig: Setting CVar [[r.Shadow.PreShadowResolutionFactor:1.0]]
[2020.08.28-02.01.21:154][  0]LogConfig: Setting CVar [[r.DistanceFieldShadowing:1]]
[2020.08.28-02.01.21:154][  0]LogConfig: Setting CVar [[r.DistanceFieldAO:1]]
[2020.08.28-02.01.21:154][  0]LogConfig: Setting CVar [[r.AOQuality:2]]
[2020.08.28-02.01.21:154][  0]LogConfig: Setting CVar [[r.VolumetricFog:1]]
[2020.08.28-02.01.21:154][  0]LogConfig: Setting CVar [[r.VolumetricFog.GridPixelSize:8]]
[2020.08.28-02.01.21:154][  0]LogConfig: Setting CVar [[r.VolumetricFog.GridSizeZ:128]]
[2020.08.28-02.01.21:154][  0]LogConfig: Setting CVar [[r.VolumetricFog.HistoryMissSupersampleCount:4]]
[2020.08.28-02.01.21:154][  0]LogConfig: Setting CVar [[r.LightMaxDrawDistanceScale:1]]
[2020.08.28-02.01.21:154][  0]LogConfig: Setting CVar [[r.CapsuleShadows:1]]
[2020.08.28-02.01.21:154][  0]LogConfig: Applying CVar settings from Section [PostProcessQuality@3] File [C:/Users/iylek/Desktop/Unreal/StealthGame/StealthGame_ProjectBase_4.25/StealthGame/Saved/Config/Windows/Scalability.ini]
[2020.08.28-02.01.21:154][  0]LogConfig: Setting CVar [[r.MotionBlurQuality:4]]
[2020.08.28-02.01.21:154][  0]LogConfig: Setting CVar [[r.AmbientOcclusionMipLevelFactor:0.4]]
[2020.08.28-02.01.21:154][  0]LogConfig: Setting CVar [[r.AmbientOcclusionMaxQuality:100]]
[2020.08.28-02.01.21:155][  0]LogConfig: Setting CVar [[r.AmbientOcclusionLevels:-1]]
[2020.08.28-02.01.21:155][  0]LogConfig: Setting CVar [[r.AmbientOcclusionRadiusScale:1.0]]
[2020.08.28-02.01.21:155][  0]LogConfig: Setting CVar [[r.DepthOfFieldQuality:2]]
[2020.08.28-02.01.21:155][  0]LogConfig: Setting CVar [[r.RenderTargetPoolMin:400]]
[2020.08.28-02.01.21:155][  0]LogConfig: Setting CVar [[r.LensFlareQuality:2]]
[2020.08.28-02.01.21:155][  0]LogConfig: Setting CVar [[r.SceneColorFringeQuality:1]]
[2020.08.28-02.01.21:155][  0]LogConfig: Setting CVar [[r.EyeAdaptationQuality:2]]
[2020.08.28-02.01.21:155][  0]LogConfig: Setting CVar [[r.BloomQuality:5]]
[2020.08.28-02.01.21:155][  0]LogConfig: Setting CVar [[r.FastBlurThreshold:100]]
[2020.08.28-02.01.21:155][  0]LogConfig: Setting CVar [[r.Upscale.Quality:3]]
[2020.08.28-02.01.21:155][  0]LogConfig: Setting CVar [[r.Tonemapper.GrainQuantization:1]]
[2020.08.28-02.01.21:155][  0]LogConfig: Setting CVar [[r.LightShaftQuality:1]]
[2020.08.28-02.01.21:155][  0]LogConfig: Setting CVar [[r.Filter.SizeScale:1]]
[2020.08.28-02.01.21:155][  0]LogConfig: Setting CVar [[r.Tonemapper.Quality:5]]
[2020.08.28-02.01.21:155][  0]LogConfig: Setting CVar [[r.DOF.Gather.AccumulatorQuality:1        ; higher gathering accumulator quality]]
[2020.08.28-02.01.21:155][  0]LogConfig: Setting CVar [[r.DOF.Gather.PostfilterMethod:1          ; Median3x3 postfilering method]]
[2020.08.28-02.01.21:156][  0]LogConfig: Setting CVar [[r.DOF.Gather.EnableBokehSettings:0       ; no bokeh simulation when gathering]]
[2020.08.28-02.01.21:156][  0]LogConfig: Setting CVar [[r.DOF.Gather.RingCount:4                 ; medium number of samples when gathering]]
[2020.08.28-02.01.21:156][  0]LogConfig: Setting CVar [[r.DOF.Scatter.ForegroundCompositing:1    ; additive foreground scattering]]
[2020.08.28-02.01.21:156][  0]LogConfig: Setting CVar [[r.DOF.Scatter.BackgroundCompositing:2    ; additive background scattering]]
[2020.08.28-02.01.21:156][  0]LogConfig: Setting CVar [[r.DOF.Scatter.EnableBokehSettings:1      ; bokeh simulation when scattering]]
[2020.08.28-02.01.21:156][  0]LogConfig: Setting CVar [[r.DOF.Scatter.MaxSpriteRatio:0.1         ; only a maximum of 10% of scattered bokeh]]
[2020.08.28-02.01.21:156][  0]LogConfig: Setting CVar [[r.DOF.Recombine.Quality:1                ; cheap slight out of focus]]
[2020.08.28-02.01.21:156][  0]LogConfig: Setting CVar [[r.DOF.Recombine.EnableBokehSettings:0    ; no bokeh simulation on slight out of focus]]
[2020.08.28-02.01.21:156][  0]LogConfig: Setting CVar [[r.DOF.TemporalAAQuality:1                ; more stable temporal accumulation]]
[2020.08.28-02.01.21:156][  0]LogConfig: Setting CVar [[r.DOF.Kernel.MaxForegroundRadius:0.025]]
[2020.08.28-02.01.21:156][  0]LogConfig: Setting CVar [[r.DOF.Kernel.MaxBackgroundRadius:0.025]]
[2020.08.28-02.01.21:156][  0]LogConfig: Applying CVar settings from Section [TextureQuality@3] File [C:/Users/iylek/Desktop/Unreal/StealthGame/StealthGame_ProjectBase_4.25/StealthGame/Saved/Config/Windows/Scalability.ini]
[2020.08.28-02.01.21:156][  0]LogConfig: Setting CVar [[r.Streaming.MipBias:0]]
[2020.08.28-02.01.21:156][  0]LogConfig: Setting CVar [[r.Streaming.AmortizeCPUToGPUCopy:0]]
[2020.08.28-02.01.21:156][  0]LogConfig: Setting CVar [[r.Streaming.MaxNumTexturesToStreamPerFrame:0]]
[2020.08.28-02.01.21:156][  0]LogConfig: Setting CVar [[r.Streaming.Boost:1]]
[2020.08.28-02.01.21:157][  0]LogConfig: Setting CVar [[r.MaxAnisotropy:8]]
[2020.08.28-02.01.21:157][  0]LogConfig: Setting CVar [[r.VT.MaxAnisotropy:8]]
[2020.08.28-02.01.21:157][  0]LogConfig: Setting CVar [[r.Streaming.LimitPoolSizeToVRAM:0]]
[2020.08.28-02.01.21:157][  0]LogConfig: Setting CVar [[r.Streaming.PoolSize:1000]]
[2020.08.28-02.01.21:157][  0]LogConfig: Setting CVar [[r.Streaming.MaxEffectiveScreenSize:0]]
[2020.08.28-02.01.21:157][  0]LogConfig: Applying CVar settings from Section [EffectsQuality@3] File [C:/Users/iylek/Desktop/Unreal/StealthGame/StealthGame_ProjectBase_4.25/StealthGame/Saved/Config/Windows/Scalability.ini]
[2020.08.28-02.01.21:157][  0]LogConfig: Setting CVar [[r.TranslucencyLightingVolumeDim:64]]
[2020.08.28-02.01.21:157][  0]LogConfig: Setting CVar [[r.RefractionQuality:2]]
[2020.08.28-02.01.21:157][  0]LogConfig: Setting CVar [[r.SSR.Quality:3]]
[2020.08.28-02.01.21:157][  0]LogConfig: Setting CVar [[r.SSR.HalfResSceneColor:0]]
[2020.08.28-02.01.21:157][  0]LogConfig: Setting CVar [[r.SceneColorFormat:4]]
[2020.08.28-02.01.21:157][  0]LogConfig: Setting CVar [[r.DetailMode:2]]
[2020.08.28-02.01.21:157][  0]LogConfig: Setting CVar [[r.TranslucencyVolumeBlur:1]]
[2020.08.28-02.01.21:157][  0]LogConfig: Setting CVar [[r.MaterialQualityLevel:1 ; High quality]]
[2020.08.28-02.01.21:157][  0]LogConfig: Setting CVar [[r.SSS.Scale:1]]
[2020.08.28-02.01.21:157][  0]LogConfig: Setting CVar [[r.SSS.SampleSet:2]]
[2020.08.28-02.01.21:157][  0]LogConfig: Setting CVar [[r.SSS.Quality:1]]
[2020.08.28-02.01.21:157][  0]LogConfig: Setting CVar [[r.SSS.HalfRes:0]]
[2020.08.28-02.01.21:158][  0]LogConfig: Setting CVar [[r.SSGI.Quality:3]]
[2020.08.28-02.01.21:158][  0]LogConfig: Setting CVar [[r.EmitterSpawnRateScale:1.0]]
[2020.08.28-02.01.21:158][  0]LogConfig: Setting CVar [[r.ParticleLightQuality:2]]
[2020.08.28-02.01.21:158][  0]LogConfig: Setting CVar [[r.SkyAtmosphere.AerialPerspectiveLUT.FastApplyOnOpaque:1 ; Always have FastSkyLUT 1 in this case to avoid wrong sky]]
[2020.08.28-02.01.21:158][  0]LogConfig: Setting CVar [[r.SkyAtmosphere.AerialPerspectiveLUT.SampleCountPerSlice:1]]
[2020.08.28-02.01.21:158][  0]LogConfig: Setting CVar [[r.SkyAtmosphere.AerialPerspectiveLUT.DepthResolution:16.0]]
[2020.08.28-02.01.21:158][  0]LogConfig: Setting CVar [[r.SkyAtmosphere.FastSkyLUT:1]]
[2020.08.28-02.01.21:158][  0]LogConfig: Setting CVar [[r.SkyAtmosphere.FastSkyLUT.SampleCountMin:4.0]]
[2020.08.28-02.01.21:158][  0]LogConfig: Setting CVar [[r.SkyAtmosphere.FastSkyLUT.SampleCountMax:32.0]]
[2020.08.28-02.01.21:158][  0]LogConfig: Setting CVar [[r.SkyAtmosphere.SampleCountMin:4.0]]
[2020.08.28-02.01.21:158][  0]LogConfig: Setting CVar [[r.SkyAtmosphere.SampleCountMax:32.0]]
[2020.08.28-02.01.21:158][  0]LogConfig: Setting CVar [[r.SkyAtmosphere.TransmittanceLUT.UseSmallFormat:0]]
[2020.08.28-02.01.21:158][  0]LogConfig: Setting CVar [[r.SkyAtmosphere.TransmittanceLUT.SampleCount:10.0]]
[2020.08.28-02.01.21:158][  0]LogConfig: Setting CVar [[r.SkyAtmosphere.MultiScatteringLUT.SampleCount:15.0]]
[2020.08.28-02.01.21:158][  0]LogConfig: Applying CVar settings from Section [FoliageQuality@3] File [C:/Users/iylek/Desktop/Unreal/StealthGame/StealthGame_ProjectBase_4.25/StealthGame/Saved/Config/Windows/Scalability.ini]
[2020.08.28-02.01.21:158][  0]LogConfig: Setting CVar [[foliage.DensityScale:1.0]]
[2020.08.28-02.01.21:158][  0]LogConfig: Setting CVar [[grass.DensityScale:1.0]]
[2020.08.28-02.01.21:158][  0]LogConfig: Applying CVar settings from Section [ShadingQuality@3] File [C:/Users/iylek/Desktop/Unreal/StealthGame/StealthGame_ProjectBase_4.25/StealthGame/Saved/Config/Windows/Scalability.ini]
[2020.08.28-02.01.21:159][  0]LogConfig: Setting CVar [[r.HairStrands.SkyLighting.SampleCount:16]]
[2020.08.28-02.01.21:159][  0]LogConfig: Setting CVar [[r.HairStrands.SkyLighting.JitterIntegration:0]]
[2020.08.28-02.01.21:159][  0]LogConfig: Setting CVar [[r.HairStrands.SkyAO.SampleCount:16]]
[2020.08.28-02.01.21:159][  0]LogConfig: Setting CVar [[r.HairStrands.DeepShadow.SuperSampling:0]]
[2020.08.28-02.01.21:159][  0]LogConfig: Setting CVar [[r.HairStrands.VisibilityPPLL:0]]
[2020.08.28-02.01.21:159][  0]LogConfig: Setting CVar [[r.HairStrands.RasterizationScale:0.5]]
[2020.08.28-02.01.21:159][  0]LogConfig: Setting CVar [[r.HairStrands.VelocityRasterizationScale:1]]
[2020.08.28-02.01.21:159][  0]LogConfig: Applying CVar settings from Section [Startup] File [../../../Engine/Config/ConsoleVariables.ini]
[2020.08.28-02.01.21:159][  0]LogConfig: Setting CVar [[net.UseAdaptiveNetUpdateFrequency:0]]
[2020.08.28-02.01.21:160][  0]LogConfig: Setting CVar [[p.chaos.AllowCreatePhysxBodies:1]]
[2020.08.28-02.01.21:160][  0]LogConfig: Setting CVar [[fx.SkipVectorVMBackendOptimizations:1]]
[2020.08.28-02.01.21:160][  0]LogConfig: Applying CVar settings from Section [ConsoleVariables] File [C:/Users/iylek/Desktop/Unreal/StealthGame/StealthGame_ProjectBase_4.25/StealthGame/Saved/Config/Windows/Engine.ini]
[2020.08.28-02.01.21:160][  0]LogInit: Computer: DESKTOP-AOUSEP6
[2020.08.28-02.01.21:160][  0]LogInit: User: iylek
[2020.08.28-02.01.21:160][  0]LogInit: CPU Page size=4096, Cores=6
[2020.08.28-02.01.21:160][  0]LogInit: High frequency timer resolution =10.000000 MHz
[2020.08.28-02.01.21:160][  0]LogMemory: Memory total: Physical=16.0GB (16GB approx)
[2020.08.28-02.01.21:160][  0]LogMemory: Platform Memory Stats for Windows
[2020.08.28-02.01.21:160][  0]LogMemory: Process Physical Memory: 115.61 MB used, 115.61 MB peak
[2020.08.28-02.01.21:160][  0]LogMemory: Process Virtual Memory: 105.23 MB used, 105.23 MB peak
[2020.08.28-02.01.21:160][  0]LogMemory: Physical Memory: 8800.20 MB used,  7533.14 MB free, 16333.34 MB total
[2020.08.28-02.01.21:161][  0]LogMemory: Virtual Memory: 5173.13 MB used,  134212552.00 MB free, 134217728.00 MB total
[2020.08.28-02.01.21:174][  0]LogWindows: WindowsPlatformFeatures enabled
[2020.08.28-02.01.21:531][  0]LogInit: Physics initialised using underlying interface: PhysX
[2020.08.28-02.01.21:532][  0]LogInit: Using OS detected language (en-US).
[2020.08.28-02.01.21:532][  0]LogInit: Using OS detected locale (en-CA).
[2020.08.28-02.01.21:539][  0]LogTextLocalizationManager: No specific localization for 'en-US' exists, so the 'en' localization will be used.
[2020.08.28-02.01.21:751][  0]LogInit: Setting process to per monitor DPI aware
[2020.08.28-02.01.21:788][  0]LogSlate: New Slate User Created.  User Index 0, Is Virtual User: 0
[2020.08.28-02.01.21:788][  0]LogSlate: Slate User Registered.  User Index 0, Is Virtual User: 0
[2020.08.28-02.01.21:930][  0]LogHMD: Failed to initialize OpenVR with code 110
[2020.08.28-02.01.21:930][  0]LogD3D11RHI: D3D11 min allowed feature level: 11_0
[2020.08.28-02.01.21:930][  0]LogD3D11RHI: D3D11 max allowed feature level: 11_0
[2020.08.28-02.01.21:930][  0]LogD3D11RHI: D3D11 adapters:
[2020.08.28-02.01.22:032][  0]LogD3D11RHI:    0. 'NVIDIA GeForce RTX 2060' (Feature Level 11_0)
[2020.08.28-02.01.22:032][  0]LogD3D11RHI:       5980/0/8166 MB DedicatedVideo/DedicatedSystem/SharedSystem, Outputs:2, VendorId:0x10de
[2020.08.28-02.01.22:039][  0]LogD3D11RHI:    1. 'Microsoft Basic Render Driver' (Feature Level 11_0)
[2020.08.28-02.01.22:039][  0]LogD3D11RHI:       0/0/8166 MB DedicatedVideo/DedicatedSystem/SharedSystem, Outputs:0, VendorId:0x1414
[2020.08.28-02.01.22:039][  0]LogD3D11RHI: Chosen D3D11 Adapter: 0
[2020.08.28-02.01.22:049][  0]LogD3D11RHI: Creating new Direct3DDevice
[2020.08.28-02.01.22:049][  0]LogD3D11RHI:     GPU DeviceId: 0x1f08 (for the marketing name, search the web for "GPU Device Id")
[2020.08.28-02.01.22:050][  0]LogWindows: EnumDisplayDevices:
[2020.08.28-02.01.22:050][  0]LogWindows:    0. 'NVIDIA GeForce RTX 2060' (P:1 D:1)
[2020.08.28-02.01.22:050][  0]LogWindows:    1. 'NVIDIA GeForce RTX 2060' (P:0 D:1)
[2020.08.28-02.01.22:050][  0]LogWindows:    2. 'NVIDIA GeForce RTX 2060' (P:0 D:0)
[2020.08.28-02.01.22:051][  0]LogWindows:    3. 'NVIDIA GeForce RTX 2060' (P:0 D:0)
[2020.08.28-02.01.22:051][  0]LogWindows: DebugString: FoundDriverCount:4 
[2020.08.28-02.01.22:051][  0]LogD3D11RHI:     Adapter Name: NVIDIA GeForce RTX 2060
[2020.08.28-02.01.22:051][  0]LogD3D11RHI:   Driver Version: 452.06 (internal:27.21.14.5206, unified:452.06)
[2020.08.28-02.01.22:051][  0]LogD3D11RHI:      Driver Date: 8-12-2020
[2020.08.28-02.01.22:051][  0]LogRHI: Texture pool is 4186 MB (70% of 5980 MB)
[2020.08.28-02.01.22:111][  0]LogD3D11RHI: RHI has support for 64 bit atomics
[2020.08.28-02.01.22:113][  0]LogD3D11RHI: [Aftermath] Enabled and primed
[2020.08.28-02.01.22:113][  0]LogD3D11RHI: Async texture creation enabled
[2020.08.28-02.01.22:113][  0]LogD3D11RHI: Array index from any shader is supported
[2020.08.28-02.01.22:143][  0]LogD3D11RHI: GPU Timing Frequency: 1000.000000 (Debug: 2 1)
[2020.08.28-02.01.22:424][  0]LogTargetPlatformManager: Display: Loaded TargetPlatform 'AllDesktop'
[2020.08.28-02.01.22:449][  0]LogTargetPlatformManager: Display: Loaded TargetPlatform 'Android'
[2020.08.28-02.01.22:449][  0]LogTargetPlatformManager: Display: Loaded TargetPlatform 'Android_ASTC'
[2020.08.28-02.01.22:449][  0]LogTargetPlatformManager: Display: Loaded TargetPlatform 'Android_DXT'
[2020.08.28-02.01.22:449][  0]LogTargetPlatformManager: Display: Loaded TargetPlatform 'Android_ETC2'
[2020.08.28-02.01.22:449][  0]LogTargetPlatformManager: Display: Loaded TargetPlatform 'AndroidClient'
[2020.08.28-02.01.22:449][  0]LogTargetPlatformManager: Display: Loaded TargetPlatform 'Android_ASTCClient'
[2020.08.28-02.01.22:449][  0]LogTargetPlatformManager: Display: Loaded TargetPlatform 'Android_DXTClient'
[2020.08.28-02.01.22:449][  0]LogTargetPlatformManager: Display: Loaded TargetPlatform 'Android_ETC2Client'
[2020.08.28-02.01.22:449][  0]LogTargetPlatformManager: Display: Loaded TargetPlatform 'Android_Multi'
[2020.08.28-02.01.22:449][  0]LogTargetPlatformManager: Display: Loaded TargetPlatform 'Android_MultiClient'
[2020.08.28-02.01.22:482][  0]LogTargetPlatformManager: Display: Loaded TargetPlatform 'IOSClient'
[2020.08.28-02.01.22:482][  0]LogTargetPlatformManager: Display: Loaded TargetPlatform 'IOS'
[2020.08.28-02.01.22:494][  0]LogTargetPlatformManager: Display: Loaded TargetPlatform 'Linux'
[2020.08.28-02.01.22:506][  0]LogTargetPlatformManager: Display: Loaded TargetPlatform 'LinuxNoEditor'
[2020.08.28-02.01.22:519][  0]LogTargetPlatformManager: Display: Loaded TargetPlatform 'LinuxClient'
[2020.08.28-02.01.22:531][  0]LogTargetPlatformManager: Display: Loaded TargetPlatform 'LinuxServer'
[2020.08.28-02.01.22:543][  0]LogTargetPlatformManager: Display: Loaded TargetPlatform 'LinuxAArch64NoEditor'
[2020.08.28-02.01.22:554][  0]LogTargetPlatformManager: Display: Loaded TargetPlatform 'LinuxAArch64Client'
[2020.08.28-02.01.22:567][  0]LogTargetPlatformManager: Display: Loaded TargetPlatform 'LinuxAArch64Server'
[2020.08.28-02.01.22:597][  0]LogTargetPlatformManager: Display: Loaded TargetPlatform 'Lumin'
[2020.08.28-02.01.22:597][  0]LogTargetPlatformManager: Display: Loaded TargetPlatform 'LuminClient'
[2020.08.28-02.01.22:616][  0]LogTargetPlatformManager: Display: Loaded TargetPlatform 'TVOSClient'
[2020.08.28-02.01.22:616][  0]LogTargetPlatformManager: Display: Loaded TargetPlatform 'TVOS'
[2020.08.28-02.01.22:627][  0]LogTargetPlatformManager: Display: Loaded TargetPlatform 'WindowsNoEditor'
[2020.08.28-02.01.22:639][  0]LogTargetPlatformManager: Display: Loaded TargetPlatform 'Windows'
[2020.08.28-02.01.22:651][  0]LogTargetPlatformManager: Display: Loaded TargetPlatform 'WindowsClient'
[2020.08.28-02.01.22:665][  0]LogTargetPlatformManager: Display: Loaded TargetPlatform 'WindowsServer'
[2020.08.28-02.01.22:665][  0]LogTargetPlatformManager: Display: Building Assets For Windows
[2020.08.28-02.01.22:682][  0]LogAudioDebug: Display: Lib vorbis DLL was dynamically loaded.
[2020.08.28-02.01.22:782][  0]LogShaderCompilers: Guid format shader working directory is -52 characters bigger than the processId version (../../../../../../Users/iylek/Desktop/Unreal/StealthGame/StealthGame_ProjectBase_4.25/StealthGame/Intermediate/Shaders/WorkingDirectory/19580/).
[2020.08.28-02.01.22:783][  0]LogShaderCompilers: Cleaned the shader compiler working directory 'C:/Users/iylek/AppData/Local/Temp/UnrealShaderWorkingDir/0884ABC2455B39A432A9B09DF88ADD17/'.
[2020.08.28-02.01.22:783][  0]LogXGEController: Cleaning working directory: C:/Users/iylek/AppData/Local/Temp/UnrealXGEWorkingDir/
[2020.08.28-02.01.22:784][  0]LogXGEController: Cannot use XGE Controller as Incredibuild is not installed on this machine.
[2020.08.28-02.01.22:784][  0]LogShaderCompilers: Cannot use XGE Shader Compiler as Incredibuild is not installed on this machine.
[2020.08.28-02.01.22:784][  0]LogShaderCompilers: Display: Using Local Shader Compiler.
[2020.08.28-02.01.23:568][  0]LogDerivedDataCache: Display: Max Cache Size: 512 MB
[2020.08.28-02.01.23:621][  0]LogDerivedDataCache: Loaded boot cache 0.05s 77MB C:/Users/iylek/AppData/Local/UnrealEngine/4.25/DerivedDataCache/Boot.ddc.
[2020.08.28-02.01.23:621][  0]LogDerivedDataCache: Display: Loaded Boot cache: C:/Users/iylek/AppData/Local/UnrealEngine/4.25/DerivedDataCache/Boot.ddc
[2020.08.28-02.01.23:621][  0]LogDerivedDataCache: FDerivedDataBackendGraph:  Pak pak cache file ../../../../../../Users/iylek/Desktop/Unreal/StealthGame/StealthGame_ProjectBase_4.25/StealthGame/DerivedDataCache/DDC.ddp not found, will not use a pak cache.
[2020.08.28-02.01.23:621][  0]LogDerivedDataCache: Unable to find inner node Pak for hierarchical cache Hierarchy.
[2020.08.28-02.01.23:621][  0]LogDerivedDataCache: FDerivedDataBackendGraph:  CompressedPak pak cache file ../../../../../../Users/iylek/Desktop/Unreal/StealthGame/StealthGame_ProjectBase_4.25/StealthGame/DerivedDataCache/Compressed.ddp not found, will not use a pak cache.
[2020.08.28-02.01.23:621][  0]LogDerivedDataCache: Unable to find inner node CompressedPak for hierarchical cache Hierarchy.
[2020.08.28-02.01.23:633][  0]LogDerivedDataCache: Display: Pak cache opened for reading ../../../Engine/DerivedDataCache/Compressed.ddp.
[2020.08.28-02.01.23:633][  0]LogDerivedDataCache: FDerivedDataBackendGraph:  EnterprisePak pak cache file ../../../Enterprise/DerivedDataCache/Compressed.ddp not found, will not use a pak cache.
[2020.08.28-02.01.23:633][  0]LogDerivedDataCache: Unable to find inner node EnterprisePak for hierarchical cache Hierarchy.
[2020.08.28-02.01.23:635][  0]LogDerivedDataCache: Using Local data cache path C:/Users/iylek/AppData/Local/UnrealEngine/Common/DerivedDataCache: Writable
[2020.08.28-02.01.23:635][  0]LogDerivedDataCache: Shared data cache path not found in *engine.ini, will not use an Shared cache.
[2020.08.28-02.01.23:636][  0]LogDerivedDataCache: Unable to find inner node Shared for hierarchical cache Hierarchy.
[2020.08.28-02.01.23:691][  0]LogSlate: Using FreeType 2.10.0
[2020.08.28-02.01.23:692][  0]LogSlate: SlateFontServices - WITH_FREETYPE: 1, WITH_HARFBUZZ: 1
[2020.08.28-02.01.23:719][  0]LogAssetRegistry: FAssetRegistry took 0.0047 seconds to start up
[2020.08.28-02.01.23:977][  0]LogInit: Selected Device Profile: [Windows]
[2020.08.28-02.01.24:115][  0]LogMeshReduction: Using QuadricMeshReduction for automatic static mesh reduction
[2020.08.28-02.01.24:116][  0]LogMeshReduction: Using SimplygonMeshReduction for automatic skeletal mesh reduction
[2020.08.28-02.01.24:116][  0]LogMeshReduction: Using ProxyLODMeshReduction for automatic mesh merging
[2020.08.28-02.01.24:116][  0]LogMeshReduction: No distributed automatic mesh merging module available
[2020.08.28-02.01.24:116][  0]LogMeshMerging: No distributed automatic mesh merging module available
[2020.08.28-02.01.24:135][  0]LogNetVersion: FPSGame 1.0.0, NetCL: 13144385, EngineNetVer: 14, GameNetVer: 0 (Checksum: 1304077534)
[2020.08.28-02.01.24:565][  0]LogAISub: UAISubsystem::UAISubsystem AISubsystem (000002624A79C380), frame # 0
[2020.08.28-02.01.24:565][  0]LogAISub: UAISubsystem::UAISubsystem AIPerceptionSystem (000002624A6C7C40), frame # 0
[2020.08.28-02.01.24:566][  0]LogAISub: UAISubsystem::UAISubsystem EnvQueryManager (000002624A731E00), frame # 0
[2020.08.28-02.01.24:637][  0]LogPackageLocalizationCache: Processed 19 localized package path(s) for 1 prioritized culture(s) in 0.063159 seconds
[2020.08.28-02.01.24:645][  0]LogUObjectArray: 15917 objects as part of root set at end of initial load.
[2020.08.28-02.01.24:645][  0]LogUObjectAllocator: 3965568 out of 0 bytes used by permanent object pool.
[2020.08.28-02.01.24:645][  0]LogUObjectArray: CloseDisregardForGC: 0/0 objects in disregard for GC pool
[2020.08.28-02.01.25:129][  0]LogTcpMessaging: Initializing TcpMessaging bridge
[2020.08.28-02.01.25:136][  0]LogUdpMessaging: Initializing bridge on interface 0.0.0.0:0 to multicast group 230.0.0.1:6666.
[2020.08.28-02.01.25:400][  0]SourceControl: Source control is disabled
[2020.08.28-02.01.25:400][  0]SourceControl: Source control is disabled
[2020.08.28-02.01.25:405][  0]SourceControl: Source control is disabled
[2020.08.28-02.01.25:411][  0]SourceControl: Source control is disabled
[2020.08.28-02.01.25:421][  0]SourceControl: Source control is disabled
[2020.08.28-02.01.25:802][  0]LogAndroidPermission: UAndroidPermissionCallbackProxy::GetInstance
[2020.08.28-02.01.25:835][  0]LogAudioCaptureCore: Display: No Audio Capture implementations found. Audio input will be silent.
[2020.08.28-02.01.25:835][  0]LogAudioCaptureCore: Display: No Audio Capture implementations found. Audio input will be silent.
[2020.08.28-02.01.25:907][  0]LogOcInput: OculusInput pre-init called
[2020.08.28-02.01.25:922][  0]LogWindows: Failed to load 'OVRPlugin.dll' (GetLastError=126)
[2020.08.28-02.01.25:922][  0]LogWindows: File 'OVRPlugin.dll' does not exist
[2020.08.28-02.01.26:001][  0]LogEngine: Initializing Engine...
[2020.08.28-02.01.26:002][  0]LogHMD: Failed to initialize OpenVR with code 110
[2020.08.28-02.01.26:002][  0]LogMagicLeap: Warning: VR disabled because ZI is not enabled.  To enable, in the editor, Edit -> Project Settings -> Plugins -> Magic Leap Plugin -> Enable Zero Iteration
[2020.08.28-02.01.26:003][  0]LogStats: UGameplayTagsManager::InitializeManager -  0.000 s
[2020.08.28-02.01.26:111][  0]LogInit: Initializing FReadOnlyCVARCache
[2020.08.28-02.01.26:121][  0]LogAIModule: Creating AISystem for world Untitled
[2020.08.28-02.01.26:121][  0]LogAISub: UAISubsystem::UAISubsystem EnvQueryManager (0000026250717C00), frame # 0
[2020.08.28-02.01.26:121][  0]LogAISub: UAISubsystem::UAISubsystem AIPerceptionSystem (000002624D149580), frame # 0
[2020.08.28-02.01.26:137][  0]LogAudioMixer: Display: Audio Mixer Platform Settings:
[2020.08.28-02.01.26:137][  0]LogAudioMixer: Display: 	Sample Rate:						  48000
[2020.08.28-02.01.26:137][  0]LogAudioMixer: Display: 	Callback Buffer Frame Size Requested: 1024
[2020.08.28-02.01.26:138][  0]LogAudioMixer: Display: 	Callback Buffer Frame Size To Use:	  1024
[2020.08.28-02.01.26:138][  0]LogAudioMixer: Display: 	Number of buffers to queue:			  2
[2020.08.28-02.01.26:138][  0]LogAudioMixer: Display: 	Max Channels (voices):				  32
[2020.08.28-02.01.26:138][  0]LogAudioMixer: Display: 	Number of Async Source Workers:		  0
[2020.08.28-02.01.26:138][  0]LogAudio: Display: AudioDevice MaxSources: 32
[2020.08.28-02.01.26:138][  0]LogAudio: Display: Using built-in audio occlusion.
[2020.08.28-02.01.26:138][  0]LogAudioMixer: Display: Initializing audio mixer.
[2020.08.28-02.01.26:154][  0]LogAudioMixer: Display: 0: FrontLeft
[2020.08.28-02.01.26:154][  0]LogAudioMixer: Display: 1: FrontRight
[2020.08.28-02.01.26:209][  0]LogAudioMixer: Display: Using Audio Device Headset Earphone (HyperX Virtual Surround Sound)
[2020.08.28-02.01.26:213][  0]LogAudioMixer: Display: Initializing Sound Submixes...
[2020.08.28-02.01.26:215][  0]LogAudioMixer: Display: Creating Master Submix 'MasterSubmixDefault'
[2020.08.28-02.01.26:216][  0]LogAudioMixer: Display: Creating Master Submix 'MasterReverbSubmixDefault'
[2020.08.28-02.01.26:216][  0]LogAudioMixer: Display: Creating Master Submix 'MasterEQSubmixDefault'
[2020.08.28-02.01.26:219][  0]LogInit: FAudioDevice initialized.
[2020.08.28-02.01.26:219][  0]LogNetVersion: Set ProjectVersion to 1.0.0.0. Version Checksum will be recalculated on next use.
[2020.08.28-02.01.26:319][  0]LogDerivedDataCache: Saved boot cache 0.10s 77MB C:/Users/iylek/AppData/Local/UnrealEngine/4.25/DerivedDataCache/Boot.ddc.
[2020.08.28-02.01.26:325][  0]LogInit: Texture streaming: Enabled
[2020.08.28-02.01.26:349][  0]LogEngineSessionManager: EngineSessionManager initialized
[2020.08.28-02.01.26:349][  0]LogEditorSessionSummary: Verbose: Initializing EditorSessionSummaryWriter for editor session tracking
[2020.08.28-02.01.26:350][  0]LogEditorSessionSummary: EditorSessionSummaryWriter initialized
[2020.08.28-02.01.26:405][  0]LogInit: Transaction tracking system initialized
[2020.08.28-02.01.26:441][  0]BlueprintLog: New page: Editor Load
[2020.08.28-02.01.26:551][  0]LocalizationService: Localization service is disabled
[2020.08.28-02.01.26:745][  0]LogCook: Display: Max memory allowance for cook 16384mb min free memory 0mb
[2020.08.28-02.01.26:745][  0]LogCook: Display: Mobile HDR setting 1
[2020.08.28-02.01.26:944][  0]LogFileCache: Scanning file cache for directory 'C:/Users/iylek/Desktop/Unreal/StealthGame/StealthGame_ProjectBase_4.25/StealthGame/Content/' took 0.01s
[2020.08.28-02.01.27:121][  0]SourceControl: Source control is disabled
[2020.08.28-02.01.27:121][  0]LogUnrealEdMisc: Loading editor; pre map load, took 7.927
[2020.08.28-02.01.27:121][  0]Cmd: MAP LOAD FILE="../../../../../../Users/iylek/Desktop/Unreal/StealthGame/StealthGame_ProjectBase_4.25/StealthGame/Content/Maps/FirstPersonExampleMap.umap" TEMPLATE=0 SHOWPROGRESS=1 FEATURELEVEL=3
[2020.08.28-02.01.27:122][  0]LightingResults: New page: Lighting Build
[2020.08.28-02.01.27:123][  0]LogWorld: UWorld::CleanupWorld for Untitled, bSessionEnded=true, bCleanupResources=true
[2020.08.28-02.01.27:123][  0]LogSlate: InvalidateAllWidgets triggered.  All widgets were invalidated
[2020.08.28-02.01.27:123][  0]MapCheck: New page: Map Check
[2020.08.28-02.01.27:123][  0]LightingResults: New page: Lighting Build
[2020.08.28-02.01.27:136][  0]LogAISub: UAISubsystem::~UAISubsystem EnvQueryManager (0000026250717C00), frame # 0
[2020.08.28-02.01.27:136][  0]LogAISub: UAISubsystem::~UAISubsystem AIPerceptionSystem (000002624D149580), frame # 0
[2020.08.28-02.01.27:137][  0]LogUObjectHash: Compacting FUObjectHashTables data took   0.91ms
[2020.08.28-02.01.27:214][  0]LogAIModule: Creating AISystem for world FirstPersonExampleMap
[2020.08.28-02.01.27:215][  0]LogAISub: UAISubsystem::UAISubsystem EnvQueryManager (0000026250BA9200), frame # 0
[2020.08.28-02.01.27:215][  0]LogAISub: UAISubsystem::UAISubsystem AIPerceptionSystem (0000026250B17B00), frame # 0
[2020.08.28-02.01.27:223][  0]LogEditorServer: Finished looking for orphan Actors (0.000 secs)
[2020.08.28-02.01.27:236][  0]LogUObjectHash: Compacting FUObjectHashTables data took   1.01ms
[2020.08.28-02.01.27:236][  0]Cmd: MAP CHECKDEP NOCLEARLOG
[2020.08.28-02.01.27:237][  0]MapCheck: Map check complete: 0 Error(s), 0 Warning(s), took 0.214ms to complete.
[2020.08.28-02.01.27:237][  0]LogFileHelpers: Loading map 'FirstPersonExampleMap' took 0.115
[2020.08.28-02.01.27:240][  0]LogUnrealEdMisc: Total Editor Startup Time, took 8.045
[2020.08.28-02.01.27:409][  0]LogSlate: Updating window title bar state: overlay mode, drag disabled, window buttons hidden, title bar hidden
[2020.08.28-02.01.27:418][  0]LogSlate: Updating window title bar state: overlay mode, drag disabled, window buttons hidden, title bar hidden
[2020.08.28-02.01.27:429][  0]LogSlate: Updating window title bar state: overlay mode, drag disabled, window buttons hidden, title bar hidden
[2020.08.28-02.01.27:437][  0]LogSlate: Updating window title bar state: overlay mode, drag disabled, window buttons hidden, title bar hidden
[2020.08.28-02.01.27:447][  0]LogCollectionManager: Loaded 0 collections in 0.001768 seconds
[2020.08.28-02.01.27:468][  0]LogFileCache: Scanning file cache for directory 'C:/Users/iylek/Desktop/Unreal/StealthGame/StealthGame_ProjectBase_4.25/StealthGame/Saved/Collections/' took 0.00s
[2020.08.28-02.01.27:469][  0]LogFileCache: Scanning file cache for directory 'C:/Users/iylek/Desktop/Unreal/StealthGame/StealthGame_ProjectBase_4.25/StealthGame/Content/Developers/iylek/Collections/' took 0.00s
[2020.08.28-02.01.27:469][  0]LogFileCache: Scanning file cache for directory 'C:/Users/iylek/Desktop/Unreal/StealthGame/StealthGame_ProjectBase_4.25/StealthGame/Content/Collections/' took 0.00s
[2020.08.28-02.01.27:469][  0]LogContentBrowser: Native class hierarchy populated in 0.0101 seconds. Added 3434 classes and 824 folders.
[2020.08.28-02.01.27:471][  0]LogContentBrowser: Native class hierarchy updated for 'WidgetCarousel' in 0.0004 seconds. Added 0 classes and 0 folders.
[2020.08.28-02.01.27:518][  0]LogContentBrowser: Native class hierarchy updated for 'AddContentDialog' in 0.0004 seconds. Added 0 classes and 0 folders.
[2020.08.28-02.01.27:519][  0]LogContentBrowser: Native class hierarchy updated for 'SceneOutliner' in 0.0002 seconds. Added 2 classes and 0 folders.
[2020.08.28-02.01.27:557][  0]LogSlate: Took 0.000195 seconds to synchronously load lazily loaded font '../../../Engine/Content/Slate/Fonts/Roboto-Regular.ttf' (155K)
[2020.08.28-02.01.27:559][  0]LogSlate: Took 0.000296 seconds to synchronously load lazily loaded font '../../../Engine/Content/Slate/Fonts/Roboto-Bold.ttf' (160K)
[2020.08.28-02.01.27:564][  0]LogSlate: Took 0.000211 seconds to synchronously load lazily loaded font '../../../Engine/Content/Editor/Slate/Fonts/FontAwesome.ttf' (139K)
[2020.08.28-02.01.27:628][  0]LogRenderer: Reallocating scene render targets to support 1208x600 Format 10 NumSamples 1 (Frame:1).
[2020.08.28-02.01.27:713][  0]LogContentBrowser: Native class hierarchy updated for 'HierarchicalLODOutliner' in 0.0004 seconds. Added 0 classes and 0 folders.
[2020.08.28-02.01.27:714][  0]LogLoad: (Engine Initialization) Total time: 8.52 seconds
[2020.08.28-02.01.27:714][  0]LogLoad: (Engine Initialization) Total Blueprint compile time: 0.00 seconds
[2020.08.28-02.01.27:755][  0]LogAssetRegistry: Asset discovery search completed in 4.0389 seconds
[2020.08.28-02.01.27:760][  0]LogCollectionManager: Fixed up redirectors for 0 collections in 0.000003 seconds (updated 0 objects)
[2020.08.28-02.01.27:761][  0]LogContentStreaming: Texture pool size now 1000 MB
[2020.08.28-02.01.27:793][  0]LogSlate: Took 0.000176 seconds to synchronously load lazily loaded font '../../../Engine/Content/Slate/Fonts/Roboto-Light.ttf' (167K)
[2020.08.28-02.01.41:642][ 51]LogSlate: Took 0.000221 seconds to synchronously load lazily loaded font '../../../Engine/Content/Slate/Fonts/Roboto-Light.ttf' (167K)
[2020.08.28-02.01.41:692][ 51]LogUObjectHash: Compacting FUObjectHashTables data took   0.63ms
[2020.08.28-02.01.41:733][ 51]LogSavePackage: Moving '../../../../../../Users/iylek/Desktop/Unreal/StealthGame/StealthGame_ProjectBase_4.25/StealthGame/Saved/FirstPersonExampleMap522AC17F418DE02DE0D126BAFDC48E11.tmp' to '../../../../../../Users/iylek/Desktop/Unreal/StealthGame/StealthGame_ProjectBase_4.25/StealthGame/Content/Maps/FirstPersonExampleMap.umap'
[2020.08.28-02.01.41:733][ 51]LogFileManager: Warning: DeleteFile was unable to delete '../../../../../../Users/iylek/Desktop/Unreal/StealthGame/StealthGame_ProjectBase_4.25/StealthGame/Content/Maps/FirstPersonExampleMap.umap', retrying in .5s...
[2020.08.28-02.01.42:235][ 51]LogFileManager: Warning: DeleteFile recovered during retry!
[2020.08.28-02.01.42:298][ 51]AssetCheck: New page: Asset Save: FirstPersonExampleMap
[2020.08.28-02.01.42:298][ 51]LogContentValidation: Display: Validating World /Game/Maps/FirstPersonExampleMap.FirstPersonExampleMap
[2020.08.28-02.01.44:176][256]Candidate modules for hot reload:
[2020.08.28-02.01.44:176][256]  FPSGame
[2020.08.28-02.01.44:176][256]Launching UnrealBuildTool... [C:/Program Files/Epic Games/UE_4.25/Engine/Binaries/DotNET/UnrealBuildTool.exe  -ModuleWithSuffix=FPSGame,4935 FPSGameEditor Win64 Development -Project="C:/Users/iylek/Desktop/Unreal/StealthGame/StealthGame_ProjectBase_4.25/StealthGame/FPSGame.uproject" "C:/Users/iylek/Desktop/Unreal/StealthGame/StealthGame_ProjectBase_4.25/StealthGame/FPSGame.uproject"  -IgnoreJunk]
[2020.08.28-02.01.44:179][256]Warning: Starting HotReload took  0.1s.
[2020.08.28-02.01.46:075][442]CompilerResultsLog: New page: Compilation - Aug. 27, 2020, 6:01:46 p.m.
[2020.08.28-02.01.46:075][442]CompilerResultsLog: Building FPSGameEditor...
[2020.08.28-02.01.46:076][442]CompilerResultsLog: Using Visual Studio 2019 14.24.28316 toolchain (C:\Program Files (x86)\Microsoft Visual Studio\2019\Community\VC\Tools\MSVC\14.24.28314) and Windows 10.0.18362.0 SDK (C:\Program Files (x86)\Windows Kits\10).
[2020.08.28-02.01.46:076][442]CompilerResultsLog: [Upgrade]
[2020.08.28-02.01.46:076][442]CompilerResultsLog: [Upgrade] Using backward-compatible build settings. The latest version of UE4 sets the following values by default, which may require code changes:
[2020.08.28-02.01.46:076][442]CompilerResultsLog: [Upgrade]     bLegacyPublicIncludePaths = false                 => Omits subfolders from public include paths to reduce compiler command line length. (Previously: true).
[2020.08.28-02.01.46:076][442]CompilerResultsLog: [Upgrade]     ShadowVariableWarningLevel = WarningLevel.Error   => Treats shadowed variable warnings as errors. (Previously: WarningLevel.Warning).
[2020.08.28-02.01.46:076][442]CompilerResultsLog: [Upgrade]     PCHUsage = PCHUsageMode.UseExplicitOrSharedPCHs   => Set in build.cs files to enables IWYU-style PCH model. See https://docs.unrealengine.com/en-US/Programming/BuildTools/UnrealBuildTool/IWYU/index.html. (Previously: PCHUsageMode.UseSharedPCHs).
[2020.08.28-02.01.46:076][442]CompilerResultsLog: [Upgrade] Suppress this message by setting 'DefaultBuildSettings = BuildSettingsVersion.V2;' in FPSGameEditor.Target.cs, and explicitly overriding settings that differ from the new defaults.
[2020.08.28-02.01.46:076][442]CompilerResultsLog: [Upgrade]
[2020.08.28-02.01.46:077][442]CompilerResultsLog: Building 3 actions with 12 processes...
[2020.08.28-02.01.46:077][442]CompilerResultsLog:   [1/3] UE4Editor-FPSGame-4935.lib
[2020.08.28-02.01.46:077][442]CompilerResultsLog:      Creating library C:\Users\iylek\Desktop\Unreal\StealthGame\StealthGame_ProjectBase_4.25\StealthGame\Intermediate\Build\Win64\UE4Editor\Development\FPSGame\UE4Editor-FPSGame-4935.lib and object C:\Users\iylek\Desktop\Unreal\StealthGame\StealthGame_ProjectBase_4.25\StealthGame\Intermediate\Build\Win64\UE4Editor\Development\FPSGame\UE4Editor-FPSGame-4935.exp
[2020.08.28-02.01.46:077][442]CompilerResultsLog:   [2/3] UE4Editor-FPSGame-4935.dll
[2020.08.28-02.01.46:077][442]CompilerResultsLog:      Creating library C:\Users\iylek\Desktop\Unreal\StealthGame\StealthGame_ProjectBase_4.25\StealthGame\Intermediate\Build\Win64\UE4Editor\Development\FPSGame\UE4Editor-FPSGame-4935.suppressed.lib and object C:\Users\iylek\Desktop\Unreal\StealthGame\StealthGame_ProjectBase_4.25\StealthGame\Intermediate\Build\Win64\UE4Editor\Development\FPSGame\UE4Editor-FPSGame-4935.suppressed.exp
[2020.08.28-02.01.46:077][442]CompilerResultsLog:   [3/3] FPSGameEditor.target
[2020.08.28-02.01.46:077][442]CompilerResultsLog: Total time in Parallel executor: 1.08 seconds
[2020.08.28-02.01.46:077][442]CompilerResultsLog: Total execution time: 1.79 seconds
[2020.08.28-02.01.46:077][442]LogMainFrame: MainFrame: Module compiling took 1.906 seconds
[2020.08.28-02.01.46:122][442]LogContentBrowser: Native class hierarchy updated for 'FPSGame' in 0.0005 seconds. Added 7 classes and 3 folders.
[2020.08.28-02.01.46:125][442]Display: HotReload successful (3 functions remapped  0 scriptstructs remapped)
[2020.08.28-02.01.46:178][442]LogContentBrowser: Native class hierarchy populated in 0.0095 seconds. Added 3434 classes and 824 folders.
[2020.08.28-02.01.46:178][442]Display: HotReload took  2.1s.
[2020.08.28-02.02.16:240][847]LogTemp: Repeating last play command: Selected Viewport
[2020.08.28-02.02.16:259][847]LogPlayLevel: PlayLevel: No blueprints needed recompiling
[2020.08.28-02.02.16:259][847]PIE: New page: PIE session: FirstPersonExampleMap (Aug. 27, 2020, 6:02:16 p.m.)
[2020.08.28-02.02.16:261][847]LogOnline: OSS: Creating online subsystem instance for: NULL
[2020.08.28-02.02.16:264][847]LogOnline: OSS: TryLoadSubsystemAndSetDefault: Loaded subsystem for module [NULL]
[2020.08.28-02.02.16:264][847]LogPlayLevel: Creating play world package: /Game/Maps/UEDPIE_0_FirstPersonExampleMap
[2020.08.28-02.02.16:279][847]LogPlayLevel: PIE: StaticDuplicateObject took: (0.014772s)
[2020.08.28-02.02.16:280][847]LogAIModule: Creating AISystem for world FirstPersonExampleMap
[2020.08.28-02.02.16:280][847]LogAISub: UAISubsystem::UAISubsystem EnvQueryManager (00000262625FE400), frame # 847
[2020.08.28-02.02.16:281][847]LogAISub: UAISubsystem::UAISubsystem AIPerceptionSystem (000002623935E980), frame # 847
[2020.08.28-02.02.16:281][847]LogPlayLevel: PIE: World Init took: (0.001848s)
[2020.08.28-02.02.16:281][847]LogPlayLevel: PIE: Created PIE world by copying editor world from /Game/Maps/FirstPersonExampleMap.FirstPersonExampleMap to /Game/Maps/UEDPIE_0_FirstPersonExampleMap.FirstPersonExampleMap (0.017084s)
[2020.08.28-02.02.16:295][847]LogUObjectHash: Compacting FUObjectHashTables data took   0.73ms
[2020.08.28-02.02.16:297][847]LogAudioMixer: Display: Audio Mixer Platform Settings:
[2020.08.28-02.02.16:297][847]LogAudioMixer: Display: 	Sample Rate:						  48000
[2020.08.28-02.02.16:297][847]LogAudioMixer: Display: 	Callback Buffer Frame Size Requested: 1024
[2020.08.28-02.02.16:297][847]LogAudioMixer: Display: 	Callback Buffer Frame Size To Use:	  1024
[2020.08.28-02.02.16:297][847]LogAudioMixer: Display: 	Number of buffers to queue:			  2
[2020.08.28-02.02.16:297][847]LogAudioMixer: Display: 	Max Channels (voices):				  32
[2020.08.28-02.02.16:297][847]LogAudioMixer: Display: 	Number of Async Source Workers:		  0
[2020.08.28-02.02.16:297][847]LogAudio: Display: AudioDevice MaxSources: 32
[2020.08.28-02.02.16:298][847]LogAudio: Display: Using built-in audio occlusion.
[2020.08.28-02.02.16:298][847]LogAudioMixer: Display: Initializing audio mixer.
[2020.08.28-02.02.16:300][847]LogAudioMixer: Display: 0: FrontLeft
[2020.08.28-02.02.16:300][847]LogAudioMixer: Display: 1: FrontRight
[2020.08.28-02.02.16:331][847]LogAudioMixer: Display: Using Audio Device Headset Earphone (HyperX Virtual Surround Sound)
[2020.08.28-02.02.16:331][847]LogAudioMixer: Display: Initializing Sound Submixes...
[2020.08.28-02.02.16:331][847]LogAudioMixer: Display: Creating Master Submix 'MasterSubmixDefault'
[2020.08.28-02.02.16:332][847]LogAudioMixer: Display: Creating Master Submix 'MasterReverbSubmixDefault'
[2020.08.28-02.02.16:332][847]LogAudioMixer: Display: Creating Master Submix 'MasterEQSubmixDefault'
[2020.08.28-02.02.16:346][847]LogInit: FAudioDevice initialized.
[2020.08.28-02.02.16:355][847]LogLoad: Game class is 'BP_GameMode_C'
[2020.08.28-02.02.16:358][847]LogWorld: Bringing World /Game/Maps/UEDPIE_0_FirstPersonExampleMap.FirstPersonExampleMap up for play (max tick rate 0) at 2020.08.27-22.02.16
[2020.08.28-02.02.16:359][847]LogWorld: Bringing up level for play took: 0.002145
[2020.08.28-02.02.16:359][847]LogOnline: OSS: Creating online subsystem instance for: :Context_1
[2020.08.28-02.02.16:386][847]LogContentBrowser: Native class hierarchy updated for 'MovieSceneCapture' in 0.0004 seconds. Added 20 classes and 0 folders.
[2020.08.28-02.02.16:387][847]PIE: Server logged in
[2020.08.28-02.02.16:389][847]PIE: Play in editor total start time 0.134 seconds.
[2020.08.28-02.02.20:866][373]LogTemp: Overlapped with extraction zone!
[2020.08.28-02.02.22:045][511]LogSlate: Updating window title bar state: overlay mode, drag disabled, window buttons hidden, title bar hidden
[2020.08.28-02.02.22:045][511]LogWorld: BeginTearingDown for /Game/Maps/UEDPIE_0_FirstPersonExampleMap
[2020.08.28-02.02.22:045][511]LogWorld: UWorld::CleanupWorld for FirstPersonExampleMap, bSessionEnded=true, bCleanupResources=true
[2020.08.28-02.02.22:046][511]LogSlate: InvalidateAllWidgets triggered.  All widgets were invalidated
[2020.08.28-02.02.22:052][511]LogPlayLevel: Display: Shutting down PIE online subsystems
[2020.08.28-02.02.22:054][511]LogSlate: InvalidateAllWidgets triggered.  All widgets were invalidated
[2020.08.28-02.02.22:065][511]LogSlate: Updating window title bar state: overlay mode, drag disabled, window buttons hidden, title bar hidden
[2020.08.28-02.02.22:098][511]LogAISub: UAISubsystem::~UAISubsystem EnvQueryManager (00000262625FE400), frame # 1511
[2020.08.28-02.02.22:098][511]LogAISub: UAISubsystem::~UAISubsystem AIPerceptionSystem (000002623935E980), frame # 1511
[2020.08.28-02.02.22:099][511]LogUObjectHash: Compacting FUObjectHashTables data took   0.70ms
[2020.08.28-02.02.22:130][512]LogPlayLevel: Display: Destroying online subsystem :Context_1
[2020.08.28-02.05.14:431][363]LogAssetEditorSubsystem: Opening Asset editor for Blueprint /Game/Blueprints/BP_GameMode.BP_GameMode
[2020.08.28-02.05.14:978][363]LogContentBrowser: Native class hierarchy updated for 'BlueprintGraph' in 0.0007 seconds. Added 125 classes and 0 folders.
[2020.08.28-02.05.21:405][552]LogSlate: Window 'BP_GameMode' being destroyed
[2020.08.28-02.05.22:461][677]LogWorld: UWorld::CleanupWorld for World_2, bSessionEnded=true, bCleanupResources=true
[2020.08.28-02.05.22:461][677]LogSlate: InvalidateAllWidgets triggered.  All widgets were invalidated
[2020.08.28-02.05.22:511][677]LogAssetEditorSubsystem: Opening Asset editor for Blueprint /Game/Blueprints/BP_GameMode.BP_GameMode
[2020.08.28-02.05.22:914][677]LogSlate: Took 0.008518 seconds to synchronously load lazily loaded font '../../../Engine/Content/Slate/Fonts/Roboto-BoldCondensed.ttf' (158K)
[2020.08.28-02.05.26:752][811]LogSlate: Window 'BP_GameMode' being destroyed
[2020.08.28-02.05.27:192][859]LogSlate: Took 0.007014 seconds to synchronously load lazily loaded font '../../../Engine/Content/Slate/Fonts/Roboto-Italic.ttf' (157K)
[2020.08.28-02.07.55:519][574]LogSlate: Window 'Content Browser 2' being destroyed
[2020.08.28-02.09.34:849][581]LogAssetEditorSubsystem: Opening Asset editor for WidgetBlueprint /Game/UI/Widget_Game_Over.Widget_Game_Over
[2020.08.28-02.12.49:359][456]LogUObjectHash: Compacting FUObjectHashTables data took   4.22ms
[2020.08.28-02.12.49:361][456]LogFileHelpers: Editor autosave (incl. sublevels) for '/Game/Maps/FirstPersonExampleMap' took 0.073
[2020.08.28-02.12.49:362][456]OBJ SavePackage: Generating thumbnails for [0] asset(s) in package [/Game/Blueprints/BP_GameMode] ([1] browsable assets)...
[2020.08.28-02.12.49:362][456]OBJ SavePackage: Finished generating thumbnails for package [/Game/Blueprints/BP_GameMode]
[2020.08.28-02.12.49:385][456]LogSavePackage: Moving '../../../../../../Users/iylek/Desktop/Unreal/StealthGame/StealthGame_ProjectBase_4.25/StealthGame/Saved/BP_GameMode_Auto1699A75BE4467C11093BDBB8743E58360.tmp' to '../../../../../../Users/iylek/Desktop/Unreal/StealthGame/StealthGame_ProjectBase_4.25/StealthGame/Saved/Autosaves/Game/Blueprints/BP_GameMode_Auto1.uasset'
[2020.08.28-02.12.49:387][456]OBJ SavePackage: Generating thumbnails for [0] asset(s) in package [/Game/UI/Widget_Game_Over] ([1] browsable assets)...
[2020.08.28-02.12.49:387][456]OBJ SavePackage: Finished generating thumbnails for package [/Game/UI/Widget_Game_Over]
[2020.08.28-02.12.49:400][456]LogSavePackage: Moving '../../../../../../Users/iylek/Desktop/Unreal/StealthGame/StealthGame_ProjectBase_4.25/StealthGame/Saved/Widget_Game_Over_Auto1D22F22714175CAF77AA83DB8F9CDB297.tmp' to '../../../../../../Users/iylek/Desktop/Unreal/StealthGame/StealthGame_ProjectBase_4.25/StealthGame/Saved/Autosaves/Game/UI/Widget_Game_Over_Auto1.uasset'
[2020.08.28-02.12.49:401][456]LogFileHelpers: Auto-saving content packages took 0.040
[2020.08.28-02.15.43:549][462]BlueprintLog: New page: Compile Widget_Game_Over
[2020.08.28-02.15.43:582][462]LogUObjectHash: Compacting FUObjectHashTables data took   3.16ms
[2020.08.28-02.15.43:658][462]LogSavePackage: Moving '../../../../../../Users/iylek/Desktop/Unreal/StealthGame/StealthGame_ProjectBase_4.25/StealthGame/Saved/Widget_Game_OverA0528209415DB0A1FE30528D11A67BE0.tmp' to '../../../../../../Users/iylek/Desktop/Unreal/StealthGame/StealthGame_ProjectBase_4.25/StealthGame/Content/UI/Widget_Game_Over.uasset'
[2020.08.28-02.15.43:676][462]AssetCheck: New page: Asset Save: Widget_Game_Over
[2020.08.28-02.15.43:677][462]LogContentValidation: Display: Validating WidgetBlueprint /Game/UI/Widget_Game_Over.Widget_Game_Over
[2020.08.28-02.15.44:847][591]LogSavePackage: Moving '../../../../../../Users/iylek/Desktop/Unreal/StealthGame/StealthGame_ProjectBase_4.25/StealthGame/Saved/Widget_Game_OverE10AF2CA4913E53A6EB3B4B38E6EFF54.tmp' to '../../../../../../Users/iylek/Desktop/Unreal/StealthGame/StealthGame_ProjectBase_4.25/StealthGame/Content/UI/Widget_Game_Over.uasset'
[2020.08.28-02.15.44:859][591]AssetCheck: New page: Asset Save: Widget_Game_Over
[2020.08.28-02.15.44:859][591]LogContentValidation: Display: Validating WidgetBlueprint /Game/UI/Widget_Game_Over.Widget_Game_Over
[2020.08.28-02.17.54:356][629]BlueprintLog: New page: Compile BP_GameMode
[2020.08.28-02.17.54:394][629]LogUObjectHash: Compacting FUObjectHashTables data took   3.37ms
[2020.08.28-02.17.54:452][629]LogSavePackage: Moving '../../../../../../Users/iylek/Desktop/Unreal/StealthGame/StealthGame_ProjectBase_4.25/StealthGame/Saved/BP_GameMode3C78654E429686446D81498D696B28C9.tmp' to '../../../../../../Users/iylek/Desktop/Unreal/StealthGame/StealthGame_ProjectBase_4.25/StealthGame/Content/Blueprints/BP_GameMode.uasset'
[2020.08.28-02.17.54:467][629]AssetCheck: New page: Asset Save: BP_GameMode
[2020.08.28-02.17.54:467][629]LogContentValidation: Display: Validating Blueprint /Game/Blueprints/BP_GameMode.BP_GameMode
[2020.08.28-02.17.55:241][714]LogSavePackage: Moving '../../../../../../Users/iylek/Desktop/Unreal/StealthGame/StealthGame_ProjectBase_4.25/StealthGame/Saved/BP_GameModeBC25875E4EEA785002F290B2B7288BBE.tmp' to '../../../../../../Users/iylek/Desktop/Unreal/StealthGame/StealthGame_ProjectBase_4.25/StealthGame/Content/Blueprints/BP_GameMode.uasset'
[2020.08.28-02.17.55:253][714]AssetCheck: New page: Asset Save: BP_GameMode
[2020.08.28-02.17.55:253][714]LogContentValidation: Display: Validating Blueprint /Game/Blueprints/BP_GameMode.BP_GameMode
[2020.08.28-02.17.58:263][ 54]Candidate modules for hot reload:
[2020.08.28-02.17.58:264][ 54]  FPSGame
[2020.08.28-02.17.58:264][ 54]Launching UnrealBuildTool... [C:/Program Files/Epic Games/UE_4.25/Engine/Binaries/DotNET/UnrealBuildTool.exe  -ModuleWithSuffix=FPSGame,3481 FPSGameEditor Win64 Development -Project="C:/Users/iylek/Desktop/Unreal/StealthGame/StealthGame_ProjectBase_4.25/StealthGame/FPSGame.uproject" "C:/Users/iylek/Desktop/Unreal/StealthGame/StealthGame_ProjectBase_4.25/StealthGame/FPSGame.uproject"  -IgnoreJunk]
[2020.08.28-02.17.58:266][ 54]Warning: Starting HotReload took  0.0s.
[2020.08.28-02.18.00:048][209]CompilerResultsLog: New page: Compilation - Aug. 27, 2020, 6:18:00 p.m.
[2020.08.28-02.18.00:048][209]CompilerResultsLog: Building FPSGameEditor...
[2020.08.28-02.18.00:049][209]CompilerResultsLog: Using Visual Studio 2019 14.24.28316 toolchain (C:\Program Files (x86)\Microsoft Visual Studio\2019\Community\VC\Tools\MSVC\14.24.28314) and Windows 10.0.18362.0 SDK (C:\Program Files (x86)\Windows Kits\10).
[2020.08.28-02.18.00:049][209]CompilerResultsLog: [Upgrade]
[2020.08.28-02.18.00:049][209]CompilerResultsLog: [Upgrade] Using backward-compatible build settings. The latest version of UE4 sets the following values by default, which may require code changes:
[2020.08.28-02.18.00:049][209]CompilerResultsLog: [Upgrade]     bLegacyPublicIncludePaths = false                 => Omits subfolders from public include paths to reduce compiler command line length. (Previously: true).
[2020.08.28-02.18.00:049][209]CompilerResultsLog: [Upgrade]     ShadowVariableWarningLevel = WarningLevel.Error   => Treats shadowed variable warnings as errors. (Previously: WarningLevel.Warning).
[2020.08.28-02.18.00:049][209]CompilerResultsLog: [Upgrade]     PCHUsage = PCHUsageMode.UseExplicitOrSharedPCHs   => Set in build.cs files to enables IWYU-style PCH model. See https://docs.unrealengine.com/en-US/Programming/BuildTools/UnrealBuildTool/IWYU/index.html. (Previously: PCHUsageMode.UseSharedPCHs).
[2020.08.28-02.18.00:049][209]CompilerResultsLog: [Upgrade] Suppress this message by setting 'DefaultBuildSettings = BuildSettingsVersion.V2;' in FPSGameEditor.Target.cs, and explicitly overriding settings that differ from the new defaults.
[2020.08.28-02.18.00:049][209]CompilerResultsLog: [Upgrade]
[2020.08.28-02.18.00:049][209]CompilerResultsLog: Building 3 actions with 12 processes...
[2020.08.28-02.18.00:049][209]CompilerResultsLog:   [1/3] UE4Editor-FPSGame-3481.lib
[2020.08.28-02.18.00:049][209]CompilerResultsLog:      Creating library C:\Users\iylek\Desktop\Unreal\StealthGame\StealthGame_ProjectBase_4.25\StealthGame\Intermediate\Build\Win64\UE4Editor\Development\FPSGame\UE4Editor-FPSGame-3481.lib and object C:\Users\iylek\Desktop\Unreal\StealthGame\StealthGame_ProjectBase_4.25\StealthGame\Intermediate\Build\Win64\UE4Editor\Development\FPSGame\UE4Editor-FPSGame-3481.exp
[2020.08.28-02.18.00:050][209]CompilerResultsLog:   [2/3] UE4Editor-FPSGame-3481.dll
[2020.08.28-02.18.00:050][209]CompilerResultsLog:      Creating library C:\Users\iylek\Desktop\Unreal\StealthGame\StealthGame_ProjectBase_4.25\StealthGame\Intermediate\Build\Win64\UE4Editor\Development\FPSGame\UE4Editor-FPSGame-3481.suppressed.lib and object C:\Users\iylek\Desktop\Unreal\StealthGame\StealthGame_ProjectBase_4.25\StealthGame\Intermediate\Build\Win64\UE4Editor\Development\FPSGame\UE4Editor-FPSGame-3481.suppressed.exp
[2020.08.28-02.18.00:050][209]CompilerResultsLog:   [3/3] FPSGameEditor.target
[2020.08.28-02.18.00:050][209]CompilerResultsLog: Total time in Parallel executor: 1.03 seconds
[2020.08.28-02.18.00:050][209]CompilerResultsLog: Total execution time: 1.69 seconds
[2020.08.28-02.18.00:050][209]LogMainFrame: MainFrame: Module compiling took 1.790 seconds
[2020.08.28-02.18.00:119][209]LogContentBrowser: Native class hierarchy updated for 'FPSGame' in 0.0005 seconds. Added 7 classes and 3 folders.
[2020.08.28-02.18.00:124][209]Display: HotReload successful (3 functions remapped  0 scriptstructs remapped)
[2020.08.28-02.18.00:199][209]LogContentBrowser: Native class hierarchy populated in 0.0122 seconds. Added 3434 classes and 824 folders.
[2020.08.28-02.18.00:200][209]Display: HotReload took  1.9s.
[2020.08.28-02.18.02:657][450]LogTemp: Repeating last play command: Selected Viewport
[2020.08.28-02.18.02:678][450]LogPlayLevel: PlayLevel: No blueprints needed recompiling
[2020.08.28-02.18.02:678][450]PIE: New page: PIE session: FirstPersonExampleMap (Aug. 27, 2020, 6:18:02 p.m.)
[2020.08.28-02.18.02:723][450]LogPlayLevel: Creating play world package: /Game/Maps/UEDPIE_0_FirstPersonExampleMap
[2020.08.28-02.18.02:739][450]LogPlayLevel: PIE: StaticDuplicateObject took: (0.014900s)
[2020.08.28-02.18.02:740][450]LogAIModule: Creating AISystem for world FirstPersonExampleMap
[2020.08.28-02.18.02:740][450]LogAISub: UAISubsystem::UAISubsystem EnvQueryManager (00000262AB84D600), frame # 58450
[2020.08.28-02.18.02:740][450]LogAISub: UAISubsystem::UAISubsystem AIPerceptionSystem (00000262AB837B00), frame # 58450
[2020.08.28-02.18.02:741][450]LogPlayLevel: PIE: World Init took: (0.002008s)
[2020.08.28-02.18.02:741][450]LogPlayLevel: PIE: Created PIE world by copying editor world from /Game/Maps/FirstPersonExampleMap.FirstPersonExampleMap to /Game/Maps/UEDPIE_0_FirstPersonExampleMap.FirstPersonExampleMap (0.017492s)
[2020.08.28-02.18.02:820][450]LogUObjectHash: Compacting FUObjectHashTables data took   3.87ms
[2020.08.28-02.18.02:822][450]LogAudioMixer: Display: Audio Mixer Platform Settings:
[2020.08.28-02.18.02:823][450]LogAudioMixer: Display: 	Sample Rate:						  48000
[2020.08.28-02.18.02:823][450]LogAudioMixer: Display: 	Callback Buffer Frame Size Requested: 1024
[2020.08.28-02.18.02:823][450]LogAudioMixer: Display: 	Callback Buffer Frame Size To Use:	  1024
[2020.08.28-02.18.02:823][450]LogAudioMixer: Display: 	Number of buffers to queue:			  2
[2020.08.28-02.18.02:823][450]LogAudioMixer: Display: 	Max Channels (voices):				  32
[2020.08.28-02.18.02:823][450]LogAudioMixer: Display: 	Number of Async Source Workers:		  0
[2020.08.28-02.18.02:823][450]LogAudio: Display: AudioDevice MaxSources: 32
[2020.08.28-02.18.02:824][450]LogAudio: Display: Using built-in audio occlusion.
[2020.08.28-02.18.02:824][450]LogAudioMixer: Display: Initializing audio mixer.
[2020.08.28-02.18.02:827][450]LogAudioMixer: Display: 0: FrontLeft
[2020.08.28-02.18.02:827][450]LogAudioMixer: Display: 1: FrontRight
[2020.08.28-02.18.02:860][450]LogAudioMixer: Display: Using Audio Device Headset Earphone (HyperX Virtual Surround Sound)
[2020.08.28-02.18.02:860][450]LogAudioMixer: Display: Initializing Sound Submixes...
[2020.08.28-02.18.02:860][450]LogAudioMixer: Display: Creating Master Submix 'MasterSubmixDefault'
[2020.08.28-02.18.02:860][450]LogAudioMixer: Display: Creating Master Submix 'MasterReverbSubmixDefault'
[2020.08.28-02.18.02:861][450]LogAudioMixer: Display: Creating Master Submix 'MasterEQSubmixDefault'
[2020.08.28-02.18.02:875][450]LogInit: FAudioDevice initialized.
[2020.08.28-02.18.02:886][450]LogLoad: Game class is 'BP_GameMode_C'
[2020.08.28-02.18.02:888][450]LogWorld: Bringing World /Game/Maps/UEDPIE_0_FirstPersonExampleMap.FirstPersonExampleMap up for play (max tick rate 0) at 2020.08.27-22.18.02
[2020.08.28-02.18.02:889][450]LogWorld: Bringing up level for play took: 0.001734
[2020.08.28-02.18.02:889][450]LogOnline: OSS: Creating online subsystem instance for: :Context_8
[2020.08.28-02.18.02:893][450]PIE: Server logged in
[2020.08.28-02.18.02:894][450]PIE: Play in editor total start time 0.22 seconds.
[2020.08.28-02.18.04:879][677]LogTemp: Overlapped with extraction zone!
[2020.08.28-02.18.07:723][ 14]LogTemp: Overlapped with extraction zone!
[2020.08.28-02.18.08:764][125]LogSlate: Updating window title bar state: overlay mode, drag disabled, window buttons hidden, title bar hidden
[2020.08.28-02.18.08:765][125]LogWorld: BeginTearingDown for /Game/Maps/UEDPIE_0_FirstPersonExampleMap
[2020.08.28-02.18.08:765][125]LogWorld: UWorld::CleanupWorld for FirstPersonExampleMap, bSessionEnded=true, bCleanupResources=true
[2020.08.28-02.18.08:765][125]LogSlate: InvalidateAllWidgets triggered.  All widgets were invalidated
[2020.08.28-02.18.08:778][125]LogPlayLevel: Display: Shutting down PIE online subsystems
[2020.08.28-02.18.08:783][125]LogSlate: InvalidateAllWidgets triggered.  All widgets were invalidated
[2020.08.28-02.18.08:809][125]LogSlate: Updating window title bar state: overlay mode, drag disabled, window buttons hidden, title bar hidden
[2020.08.28-02.18.08:851][125]LogAISub: UAISubsystem::~UAISubsystem EnvQueryManager (00000262AB84D600), frame # 59125
[2020.08.28-02.18.08:851][125]LogAISub: UAISubsystem::~UAISubsystem AIPerceptionSystem (00000262AB837B00), frame # 59125
[2020.08.28-02.18.08:867][125]LogUObjectHash: Compacting FUObjectHashTables data took   4.56ms
[2020.08.28-02.18.08:900][126]LogPlayLevel: Display: Destroying online subsystem :Context_8
[2020.08.28-02.29.21:625][329]LogUObjectHash: Compacting FUObjectHashTables data took   3.53ms
[2020.08.28-02.29.21:675][329]LogSavePackage: Moving '../../../../../../Users/iylek/Desktop/Unreal/StealthGame/StealthGame_ProjectBase_4.25/StealthGame/Saved/FirstPersonExampleMap8711E8DC47C1EF911762CF9224F80EC7.tmp' to '../../../../../../Users/iylek/Desktop/Unreal/StealthGame/StealthGame_ProjectBase_4.25/StealthGame/Content/Maps/FirstPersonExampleMap.umap'
[2020.08.28-02.29.21:676][329]LogFileManager: Warning: DeleteFile was unable to delete '../../../../../../Users/iylek/Desktop/Unreal/StealthGame/StealthGame_ProjectBase_4.25/StealthGame/Content/Maps/FirstPersonExampleMap.umap', retrying in .5s...
[2020.08.28-02.29.22:177][329]LogFileManager: Warning: DeleteFile recovered during retry!
[2020.08.28-02.29.22:247][329]AssetCheck: New page: Asset Save: FirstPersonExampleMap
[2020.08.28-02.29.22:247][329]LogContentValidation: Display: Validating World /Game/Maps/FirstPersonExampleMap.FirstPersonExampleMap
[2020.08.28-02.29.25:325][680]LogUObjectHash: Compacting FUObjectHashTables data took   2.50ms
[2020.08.28-02.29.25:383][680]LogWorld: UWorld::CleanupWorld for World_3, bSessionEnded=true, bCleanupResources=true
[2020.08.28-02.29.25:383][680]LogSlate: InvalidateAllWidgets triggered.  All widgets were invalidated
[2020.08.28-02.29.25:457][680]LogWorld: UWorld::CleanupWorld for World_5, bSessionEnded=true, bCleanupResources=true
[2020.08.28-02.29.25:457][680]LogSlate: InvalidateAllWidgets triggered.  All widgets were invalidated
[2020.08.28-02.29.25:462][680]LogWorld: UWorld::CleanupWorld for World_4, bSessionEnded=true, bCleanupResources=true
[2020.08.28-02.29.25:462][680]LogSlate: InvalidateAllWidgets triggered.  All widgets were invalidated
[2020.08.28-02.29.25:561][680]LogSlate: Window 'FPSGame - Unreal Editor' being destroyed
[2020.08.28-02.29.25:690][681]Cmd: QUIT_EDITOR
[2020.08.28-02.29.25:690][681]LogCore: Engine exit requested (reason: UUnrealEdEngine::CloseEditor())
[2020.08.28-02.29.25:699][681]LogCore: Engine exit requested (reason: EngineExit() was called; note: exit was already requested)
[2020.08.28-02.29.26:217][681]LogWindowsTextInputMethodSystem: Display: IME system now deactivated.
[2020.08.28-02.29.26:229][681]LogExit: Preparing to exit.
[2020.08.28-02.29.27:418][681]LogWorld: UWorld::CleanupWorld for World_0, bSessionEnded=true, bCleanupResources=true
[2020.08.28-02.29.27:422][681]LogWorld: UWorld::CleanupWorld for World_1, bSessionEnded=true, bCleanupResources=true
[2020.08.28-02.29.27:458][681]LogDemo: Cleaned up 0 splitscreen connections with owner deletion
[2020.08.28-02.29.27:465][681]LogWorld: UWorld::CleanupWorld for None, bSessionEnded=true, bCleanupResources=true
[2020.08.28-02.29.27:465][681]LogExit: Editor shut down
[2020.08.28-02.29.27:466][681]LogExit: Transaction tracking system shut down
[2020.08.28-02.29.27:657][681]LogAISub: UAISubsystem::~UAISubsystem AISubsystem (000002624A79C380), frame # 63681
[2020.08.28-02.29.27:657][681]LogAISub: UAISubsystem::~UAISubsystem AIPerceptionSystem (000002624A6C7C40), frame # 63681
[2020.08.28-02.29.27:658][681]LogAISub: UAISubsystem::~UAISubsystem EnvQueryManager (000002624A731E00), frame # 63681
[2020.08.28-02.29.27:667][681]LogAISub: UAISubsystem::~UAISubsystem EnvQueryManager (0000026250BA9200), frame # 63681
[2020.08.28-02.29.27:668][681]LogAISub: UAISubsystem::~UAISubsystem AIPerceptionSystem (0000026250B17B00), frame # 63681
[2020.08.28-02.29.27:760][681]LogExit: Object subsystem successfully closed.
[2020.08.28-02.29.27:793][681]LogShaderCompilers: Display: Shaders left to compile 0
[2020.08.28-02.29.27:818][681]LogModuleManager: Shutting down and abandoning module FPSGame (802)
[2020.08.28-02.29.27:819][681]LogModuleManager: Shutting down and abandoning module SequencerWidgets (801)
[2020.08.28-02.29.27:819][681]LogModuleManager: Shutting down and abandoning module BlueprintGraph (799)
[2020.08.28-02.29.27:819][681]LogModuleManager: Shutting down and abandoning module MovieSceneCapture (797)
[2020.08.28-02.29.27:819][681]LogModuleManager: Shutting down and abandoning module Voice (795)
[2020.08.28-02.29.27:819][681]LogModuleManager: Shutting down and abandoning module HierarchicalLODOutliner (792)
[2020.08.28-02.29.27:819][681]LogModuleManager: Shutting down and abandoning module SceneOutliner (790)
[2020.08.28-02.29.27:819][681]LogModuleManager: Shutting down and abandoning module AddContentDialog (788)
[2020.08.28-02.29.27:821][681]LogModuleManager: Shutting down and abandoning module WidgetCarousel (787)
[2020.08.28-02.29.27:821][681]LogModuleManager: Shutting down and abandoning module EditorWidgets (784)
[2020.08.28-02.29.27:821][681]LogModuleManager: Shutting down and abandoning module CollectionManager (782)
[2020.08.28-02.29.27:821][681]LogModuleManager: Shutting down and abandoning module StatsViewer (780)
[2020.08.28-02.29.27:821][681]LogModuleManager: Shutting down and abandoning module VirtualTexturingEditor (778)
[2020.08.28-02.29.27:821][681]LogModuleManager: Shutting down and abandoning module FoliageEdit (776)
[2020.08.28-02.29.27:821][681]LogModuleManager: Shutting down and abandoning module LandscapeEditor (774)
[2020.08.28-02.29.27:821][681]LogModuleManager: Shutting down and abandoning module MeshPaintMode (772)
[2020.08.28-02.29.27:822][681]LogModuleManager: Shutting down and abandoning module SceneDepthPickerMode (770)
[2020.08.28-02.29.27:822][681]LogModuleManager: Shutting down and abandoning module ActorPickerMode (768)
[2020.08.28-02.29.27:822][681]LogModuleManager: Shutting down and abandoning module PIEPreviewDeviceProfileSelector (766)
[2020.08.28-02.29.27:822][681]LogModuleManager: Shutting down and abandoning module SequenceRecorderSections (764)
[2020.08.28-02.29.27:822][681]LogModuleManager: Shutting down and abandoning module AutomationWorker (762)
[2020.08.28-02.29.27:822][681]LogModuleManager: Shutting down and abandoning module SteamVREditor (760)
[2020.08.28-02.29.27:822][681]LogModuleManager: Shutting down and abandoning module OculusMR (758)
[2020.08.28-02.29.27:822][681]LogModuleManager: Shutting down and abandoning module GooglePADEditor (756)
[2020.08.28-02.29.27:822][681]LogModuleManager: Shutting down and abandoning module AudioCaptureEditor (754)
[2020.08.28-02.29.27:822][681]LogModuleManager: Shutting down and abandoning module TemplateSequenceEditor (752)
[2020.08.28-02.29.27:822][681]LogModuleManager: Shutting down and abandoning module MatineeToLevelSequence (750)
[2020.08.28-02.29.27:822][681]LogModuleManager: Shutting down and abandoning module LevelSequenceEditor (748)
[2020.08.28-02.29.27:822][681]LogModuleManager: Shutting down and abandoning module ActorSequenceEditor (746)
[2020.08.28-02.29.27:822][681]LogModuleManager: Shutting down and abandoning module WmfMediaFactory (744)
[2020.08.28-02.29.27:822][681]LogModuleManager: Shutting down and abandoning module WmfMediaEditor (742)
[2020.08.28-02.29.27:823][681]LogModuleManager: Shutting down and abandoning module WebMMediaFactory (740)
[2020.08.28-02.29.27:823][681]LogModuleManager: Shutting down and abandoning module WebMMediaEditor (738)
[2020.08.28-02.29.27:823][681]LogModuleManager: Shutting down and abandoning module WebMMedia (736)
[2020.08.28-02.29.27:823][681]LogModuleManager: Shutting down and abandoning module MediaPlayerEditor (734)
[2020.08.28-02.29.27:823][681]LogModuleManager: Shutting down and abandoning module MediaCompositingEditor (732)
[2020.08.28-02.29.27:823][681]LogModuleManager: Shutting down and abandoning module SequenceRecorder (731)
[2020.08.28-02.29.27:823][681]LogModuleManager: Shutting down and abandoning module OpenExrWrapper (728)
[2020.08.28-02.29.27:823][681]LogModuleManager: Shutting down and abandoning module ImgMediaFactory (726)
[2020.08.28-02.29.27:823][681]LogModuleManager: Shutting down and abandoning module ImgMediaEditor (724)
[2020.08.28-02.29.27:823][681]LogModuleManager: Shutting down and abandoning module AvfMediaFactory (722)
[2020.08.28-02.29.27:823][681]LogModuleManager: Shutting down and abandoning module AvfMediaEditor (720)
[2020.08.28-02.29.27:823][681]LogModuleManager: Shutting down and abandoning module AndroidMediaFactory (718)
[2020.08.28-02.29.27:823][681]LogModuleManager: Shutting down and abandoning module AndroidMediaEditor (716)
[2020.08.28-02.29.27:823][681]LogModuleManager: Shutting down and abandoning module MagicLeapMediaCodecFactory (714)
[2020.08.28-02.29.27:823][681]LogModuleManager: Shutting down and abandoning module MagicLeapMediaFactory (712)
[2020.08.28-02.29.27:823][681]LogModuleManager: Shutting down and abandoning module MagicLeapMediaEditor (710)
[2020.08.28-02.29.27:823][681]LogModuleManager: Shutting down and abandoning module PlanarCut (708)
[2020.08.28-02.29.27:824][681]LogModuleManager: Shutting down and abandoning module CharacterAI (706)
[2020.08.28-02.29.27:824][681]LogModuleManager: Shutting down and abandoning module TextureAlignMode (704)
[2020.08.28-02.29.27:824][681]LogModuleManager: Shutting down and abandoning module BspMode (702)
[2020.08.28-02.29.27:824][681]LogModuleManager: Shutting down and abandoning module PlacementMode (701)
[2020.08.28-02.29.27:824][681]LogModuleManager: Shutting down and abandoning module GeometryMode (698)
[2020.08.28-02.29.27:824][681]LogModuleManager: Shutting down and abandoning module CameraShakePreviewer (696)
[2020.08.28-02.29.27:824][681]LogModuleManager: Shutting down and abandoning module SmartSnapping (694)
[2020.08.28-02.29.27:824][681]LogModuleManager: Shutting down and abandoning module SessionServices (692)
[2020.08.28-02.29.27:824][681]LogModuleManager: Shutting down and abandoning module MeshPaint (690)
[2020.08.28-02.29.27:824][681]LogModuleManager: Shutting down and abandoning module ViewportSnapping (688)
[2020.08.28-02.29.27:824][681]LogModuleManager: Shutting down and abandoning module ViewportInteraction (686)
[2020.08.28-02.29.27:824][681]LogModuleManager: Shutting down and abandoning module ClothPainter (684)
[2020.08.28-02.29.27:824][681]LogModuleManager: Shutting down and abandoning module SkeletalMeshEditor (683)
[2020.08.28-02.29.27:824][681]LogModuleManager: Shutting down and abandoning module LogVisualizer (680)
[2020.08.28-02.29.27:824][681]LogModuleManager: Shutting down and abandoning module IntroTutorials (678)
[2020.08.28-02.29.27:825][681]LogModuleManager: Shutting down and abandoning module GameProjectGeneration (677)
[2020.08.28-02.29.27:825][681]LogModuleManager: Shutting down and abandoning module LuminPlatformEditor (674)
[2020.08.28-02.29.27:825][681]LogModuleManager: Shutting down and abandoning module IOSPlatformEditor (672)
[2020.08.28-02.29.27:825][681]LogModuleManager: Shutting down and abandoning module AndroidPlatformEditor (670)
[2020.08.28-02.29.27:825][681]LogModuleManager: Shutting down and abandoning module AndroidDeviceDetection (669)
