Log file open, 11/26/20 13:31:57
LogInit: Display: Running engine for game: FPSGame
LogPlatformFile: Not using cached read wrapper
LogTaskGraph: Started task graph with 5 named threads and 35 total threads with 3 sets of task threads.
LogStats: Stats thread started at 0.429988
LogD3D11RHI: Loaded GFSDK_Aftermath_Lib.x64.dll
LogICUInternationalization: ICU TimeZone Detection - Raw Offset: -5:00, Platform Override: ''
LogPluginManager: Mounting plugin Paper2D
LogPluginManager: Mounting plugin AISupport
LogPluginManager: Mounting plugin LightPropagationVolume
LogPluginManager: Mounting plugin CameraShakePreviewer
LogPluginManager: Mounting plugin ActorLayerUtilities
LogPluginManager: Mounting plugin AnimationSharing
LogPluginManager: Mounting plugin CLionSourceCodeAccess
LogPluginManager: Mounting plugin CodeLiteSourceCodeAccess
LogPluginManager: Mounting plugin GitSourceControl
LogPluginManager: Mounting plugin KDevelopSourceCodeAccess
LogPluginManager: Mounting plugin NullSourceCodeAccess
LogPluginManager: Mounting plugin PerforceSourceControl
LogPluginManager: Mounting plugin PlasticSourceControl
LogPluginManager: Mounting plugin RiderSourceCodeAccess
LogPluginManager: Mounting plugin SubversionSourceControl
LogPluginManager: Mounting plugin UObjectPlugin
LogPluginManager: Mounting plugin VisualStudioCodeSourceCodeAccess
LogPluginManager: Mounting plugin VisualStudioSourceCodeAccess
LogPluginManager: Mounting plugin XCodeSourceCodeAccess
LogPluginManager: Mounting plugin AssetManagerEditor
LogPluginManager: Mounting plugin CryptoKeys
LogPluginManager: Mounting plugin CurveEditorTools
LogPluginManager: Mounting plugin DataValidation
LogPluginManager: Mounting plugin EditorScriptingUtilities
LogPluginManager: Mounting plugin FacialAnimation
LogPluginManager: Mounting plugin GameplayTagsEditor
LogPluginManager: Mounting plugin GeometryMode
LogPluginManager: Mounting plugin MacGraphicsSwitching
LogPluginManager: Mounting plugin MaterialAnalyzer
LogPluginManager: Mounting plugin MobileLauncherProfileWizard
LogPluginManager: Mounting plugin PluginBrowser
LogPluginManager: Mounting plugin SpeedTreeImporter
LogPluginManager: Mounting plugin DatasmithContent
LogPluginManager: Mounting plugin VariantManagerContent
LogPluginManager: Mounting plugin AlembicImporter
LogPluginManager: Mounting plugin AutomationUtils
LogPluginManager: Mounting plugin BackChannel
LogPluginManager: Mounting plugin ChaosCloth
LogPluginManager: Mounting plugin ChaosClothEditor
LogPluginManager: Mounting plugin ChaosEditor
LogPluginManager: Mounting plugin ChaosNiagara
LogPluginManager: Mounting plugin ChaosSolverPlugin
LogPluginManager: Mounting plugin CharacterAI
LogPluginManager: Mounting plugin GeometryCache
LogPluginManager: Mounting plugin GeometryCollectionPlugin
LogPluginManager: Mounting plugin GeometryProcessing
LogPluginManager: Mounting plugin PlanarCut
LogPluginManager: Mounting plugin PlatformCrypto
LogPluginManager: Mounting plugin ProxyLODPlugin
LogPluginManager: Mounting plugin SkeletalReduction
LogPluginManager: Mounting plugin Niagara
LogPluginManager: Mounting plugin MagicLeap
LogPluginManager: Mounting plugin MagicLeapLightEstimation
LogPluginManager: Mounting plugin MagicLeapMedia
LogPluginManager: Mounting plugin MagicLeapPassableWorld
LogPluginManager: Mounting plugin MLSDK
LogPluginManager: Mounting plugin AndroidMedia
LogPluginManager: Mounting plugin AvfMedia
LogPluginManager: Mounting plugin ImgMedia
LogPluginManager: Mounting plugin MediaCompositing
LogPluginManager: Mounting plugin MediaPlayerEditor
LogPluginManager: Mounting plugin WebMMedia
LogPluginManager: Mounting plugin WmfMedia
LogPluginManager: Mounting plugin MeshPainting
LogPluginManager: Mounting plugin TcpMessaging
LogPluginManager: Mounting plugin UdpMessaging
LogPluginManager: Mounting plugin ActorSequence
LogPluginManager: Mounting plugin LevelSequenceEditor
LogPluginManager: Mounting plugin MatineeToLevelSequence
LogPluginManager: Mounting plugin MovieRenderPipeline
LogPluginManager: Mounting plugin TemplateSequence
LogPluginManager: Mounting plugin NetcodeUnitTest
LogPluginManager: Mounting plugin NUTUnrealEngine4
LogPluginManager: Mounting plugin OnlineSubsystemGooglePlay
LogPluginManager: Mounting plugin OnlineSubsystemIOS
LogPluginManager: Mounting plugin OnlineSubsystem
LogPluginManager: Mounting plugin OnlineSubsystemNull
LogPluginManager: Mounting plugin OnlineSubsystemUtils
LogPluginManager: Mounting plugin LauncherChunkInstaller
LogPluginManager: Mounting plugin AndroidDeviceProfileSelector
LogPluginManager: Mounting plugin AndroidMoviePlayer
LogPluginManager: Mounting plugin AndroidPermission
LogPluginManager: Mounting plugin AppleImageUtils
LogPluginManager: Mounting plugin AppleMoviePlayer
LogPluginManager: Mounting plugin ArchVisCharacter
LogPluginManager: Mounting plugin AssetTags
LogPluginManager: Mounting plugin AudioCapture
LogPluginManager: Mounting plugin CableComponent
LogPluginManager: Mounting plugin CustomMeshComponent
LogPluginManager: Mounting plugin EditableMesh
LogPluginManager: Mounting plugin ExampleDeviceProfileSelector
LogPluginManager: Mounting plugin GoogleCloudMessaging
LogPluginManager: Mounting plugin GooglePAD
LogPluginManager: Mounting plugin IOSDeviceProfileSelector
LogPluginManager: Mounting plugin LinuxDeviceProfileSelector
LogPluginManager: Mounting plugin LocationServicesBPLibrary
LogPluginManager: Mounting plugin MobilePatchingUtils
LogPluginManager: Mounting plugin OculusVR
LogPluginManager: Mounting plugin PhysXVehicles
LogPluginManager: Mounting plugin PostSplashScreen
LogPluginManager: Mounting plugin ProceduralMeshComponent
LogPluginManager: Mounting plugin RuntimePhysXCooking
LogPluginManager: Mounting plugin SignificanceManager
LogPluginManager: Mounting plugin SoundFields
LogPluginManager: Mounting plugin SteamVR
LogPluginManager: Mounting plugin Synthesis
LogPluginManager: Mounting plugin WebMMoviePlayer
LogPluginManager: Mounting plugin WindowsMoviePlayer
LogPluginManager: Mounting plugin ScreenshotTools
LogPluginManager: Mounting plugin LaunchPadPlugin
LogInit: Using libcurl 7.55.1-DEV
LogInit:  - built for x86_64-pc-win32
LogInit:  - supports SSL with OpenSSL/1.1.1
LogInit:  - supports HTTP deflate (compression) using libz 1.2.8
LogInit:  - other features:
LogInit:      CURL_VERSION_SSL
LogInit:      CURL_VERSION_LIBZ
LogInit:      CURL_VERSION_IPV6
LogInit:      CURL_VERSION_ASYNCHDNS
LogInit:      CURL_VERSION_LARGEFILE
LogInit:      CURL_VERSION_IDN
LogInit:  CurlRequestOptions (configurable via config and command line):
LogInit:  - bVerifyPeer = true  - Libcurl will verify peer certificate
LogInit:  - bUseHttpProxy = false  - Libcurl will NOT use HTTP proxy
LogInit:  - bDontReuseConnections = false  - Libcurl will reuse connections
LogInit:  - MaxHostConnections = 16  - Libcurl will limit the number of connections to a host
LogInit:  - LocalHostAddr = Default
LogInit:  - BufferSize = 65536
LogOnline: OSS: Creating online subsystem instance for: NULL
LogInit: WinSock: version 1.1 (2.2), MaxSocks=32767, MaxUdp=65467
LogOnline: OSS: TryLoadSubsystemAndSetDefault: Loaded subsystem for module [NULL]
LogInit: Build: ++UE4+Release-4.25-CL-14469661
LogInit: Engine Version: 4.25.4-14469661+++UE4+Release-4.25
LogInit: Compatible Engine Version: 4.25.0-13144385+++UE4+Release-4.25
LogInit: Net CL: 13144385
LogInit: OS: Windows 10 (Release 1909) (), CPU: AMD Ryzen 5 3600 6-Core Processor              , GPU: NVIDIA GeForce RTX 2060
LogInit: Compiled (64-bit): Oct 11 2020 08:10:49
LogInit: Compiled with Visual C++: 19.24.28315.00
LogInit: Build Configuration: Development
LogInit: Branch Name: ++UE4+Release-4.25
LogInit: Command Line: 
LogInit: Base Directory: C:/Program Files/Epic Games/UE_4.25/Engine/Binaries/Win64/
LogInit: Allocator: TBB
LogInit: Installed Engine Build: 1
LogDevObjectVersion: Number of dev versions registered: 26
LogDevObjectVersion:   Dev-Blueprints (B0D832E4-1F89-4F0D-ACCF-7EB736FD4AA2): 10
LogDevObjectVersion:   Dev-Build (E1C64328-A22C-4D53-A36C-8E866417BD8C): 0
LogDevObjectVersion:   Dev-Core (375EC13C-06E4-48FB-B500-84F0262A717E): 4
LogDevObjectVersion:   Dev-Editor (E4B068ED-F494-42E9-A231-DA0B2E46BB41): 38
LogDevObjectVersion:   Dev-Framework (CFFC743F-43B0-4480-9391-14DF171D2073): 37
LogDevObjectVersion:   Dev-Mobile (B02B49B5-BB20-44E9-A304-32B752E40360): 2
LogDevObjectVersion:   Dev-Networking (A4E4105C-59A1-49B5-A7C5-40C4547EDFEE): 0
LogDevObjectVersion:   Dev-Online (39C831C9-5AE6-47DC-9A44-9C173E1C8E7C): 0
LogDevObjectVersion:   Dev-Physics (78F01B33-EBEA-4F98-B9B4-84EACCB95AA2): 4
LogDevObjectVersion:   Dev-Platform (6631380F-2D4D-43E0-8009-CF276956A95A): 0
LogDevObjectVersion:   Dev-Rendering (12F88B9F-8875-4AFC-A67C-D90C383ABD29): 43
LogDevObjectVersion:   Dev-Sequencer (7B5AE74C-D270-4C10-A958-57980B212A5A): 12
LogDevObjectVersion:   Dev-VR (D7296918-1DD6-4BDD-9DE2-64A83CC13884): 3
LogDevObjectVersion:   Dev-LoadTimes (C2A15278-BFE7-4AFE-6C17-90FF531DF755): 1
LogDevObjectVersion:   Private-Geometry (6EACA3D4-40EC-4CC1-B786-8BED09428FC5): 3
LogDevObjectVersion:   Dev-AnimPhys (29E575DD-E0A3-4627-9D10-D276232CDCEA): 17
LogDevObjectVersion:   Dev-Anim (AF43A65D-7FD3-4947-9873-3E8ED9C1BB05): 7
LogDevObjectVersion:   Dev-ReflectionCapture (6B266CEC-1EC7-4B8F-A30B-E4D90942FC07): 1
LogDevObjectVersion:   Dev-Automation (0DF73D61-A23F-47EA-B727-89E90C41499A): 1
LogDevObjectVersion:   FortniteMain (601D1886-AC64-4F84-AA16-D3DE0DEAC7D6): 31
LogDevObjectVersion:   Dev-Enterprise (9DFFBCD6-494F-0158-E221-12823C92A888): 10
LogDevObjectVersion:   Dev-Niagara (F2AED0AC-9AFE-416F-8664-AA7FFA26D6FC): 1
LogDevObjectVersion:   Dev-Destruction (174F1F0B-B4C6-45A5-B13F-2EE8D0FB917D): 10
LogDevObjectVersion:   Dev-Physics-Ext (35F94A83-E258-406C-A318-09F59610247C): 37
LogDevObjectVersion:   Dev-PhysicsMaterial-Chaos (B68FC16E-8B1B-42E2-B453-215C058844FE): 1
LogDevObjectVersion:   Dev-CineCamera (B2E18506-4273-CFC2-A54E-F4BB758BBA07): 1
LogInit: Presizing for max 25165824 objects, including 0 objects not considered by GC, pre-allocating 0 bytes for permanent pool.
LogConfig: Applying CVar settings from Section [/Script/Engine.StreamingSettings] File [C:/Users/iylek/Desktop/Unreal/StealthGame/StealthGame_ProjectBase_4.25/StealthGame/Saved/Config/Windows/Engine.ini]
LogConfig: Setting CVar [[s.MinBulkDataSizeForAsyncLoading:131072]]
LogConfig: Setting CVar [[s.AsyncLoadingThreadEnabled:0]]
LogConfig: Setting CVar [[s.EventDrivenLoaderEnabled:1]]
LogConfig: Setting CVar [[s.WarnIfTimeLimitExceeded:0]]
LogConfig: Setting CVar [[s.TimeLimitExceededMultiplier:1.5]]
LogConfig: Setting CVar [[s.TimeLimitExceededMinTime:0.005]]
LogConfig: Setting CVar [[s.UseBackgroundLevelStreaming:1]]
LogConfig: Setting CVar [[s.PriorityAsyncLoadingExtraTime:15.0]]
LogConfig: Setting CVar [[s.LevelStreamingActorsUpdateTimeLimit:5.0]]
LogConfig: Setting CVar [[s.PriorityLevelStreamingActorsUpdateExtraTime:5.0]]
LogConfig: Setting CVar [[s.LevelStreamingComponentsRegistrationGranularity:10]]
LogConfig: Setting CVar [[s.UnregisterComponentsTimeLimit:1.0]]
LogConfig: Setting CVar [[s.LevelStreamingComponentsUnregistrationGranularity:5]]
LogConfig: Setting CVar [[s.FlushStreamingOnExit:1]]
LogInit: Object subsystem initialized
LogConfig: Setting CVar [[con.DebugEarlyDefault:1]]
LogConfig: Setting CVar [[r.setres:1280x720]]
[2020.11.26-18.31.58:595][  0]LogConfig: Setting CVar [[r.VSync:0]]
[2020.11.26-18.31.58:595][  0]LogConfig: Setting CVar [[r.RHICmdBypass:0]]
[2020.11.26-18.31.58:596][  0]LogConfig: Applying CVar settings from Section [/Script/Engine.RendererSettings] File [C:/Users/iylek/Desktop/Unreal/StealthGame/StealthGame_ProjectBase_4.25/StealthGame/Saved/Config/Windows/Engine.ini]
[2020.11.26-18.31.58:596][  0]LogConfig: Setting CVar [[r.GPUCrashDebugging:0]]
[2020.11.26-18.31.58:596][  0]LogConfig: Applying CVar settings from Section [/Script/Engine.RendererOverrideSettings] File [C:/Users/iylek/Desktop/Unreal/StealthGame/StealthGame_ProjectBase_4.25/StealthGame/Saved/Config/Windows/Engine.ini]
[2020.11.26-18.31.58:596][  0]LogConfig: Applying CVar settings from Section [/Script/Engine.StreamingSettings] File [C:/Users/iylek/Desktop/Unreal/StealthGame/StealthGame_ProjectBase_4.25/StealthGame/Saved/Config/Windows/Engine.ini]
[2020.11.26-18.31.58:596][  0]LogConfig: Setting CVar [[s.MinBulkDataSizeForAsyncLoading:131072]]
[2020.11.26-18.31.58:596][  0]LogConfig: Setting CVar [[s.AsyncLoadingThreadEnabled:0]]
[2020.11.26-18.31.58:596][  0]LogConfig: Setting CVar [[s.EventDrivenLoaderEnabled:1]]
[2020.11.26-18.31.58:596][  0]LogConfig: Setting CVar [[s.WarnIfTimeLimitExceeded:0]]
[2020.11.26-18.31.58:596][  0]LogConfig: Setting CVar [[s.TimeLimitExceededMultiplier:1.5]]
[2020.11.26-18.31.58:596][  0]LogConfig: Setting CVar [[s.TimeLimitExceededMinTime:0.005]]
[2020.11.26-18.31.58:596][  0]LogConfig: Setting CVar [[s.UseBackgroundLevelStreaming:1]]
[2020.11.26-18.31.58:596][  0]LogConfig: Setting CVar [[s.PriorityAsyncLoadingExtraTime:15.0]]
[2020.11.26-18.31.58:596][  0]LogConfig: Setting CVar [[s.LevelStreamingActorsUpdateTimeLimit:5.0]]
[2020.11.26-18.31.58:596][  0]LogConfig: Setting CVar [[s.PriorityLevelStreamingActorsUpdateExtraTime:5.0]]
[2020.11.26-18.31.58:596][  0]LogConfig: Setting CVar [[s.LevelStreamingComponentsRegistrationGranularity:10]]
[2020.11.26-18.31.58:596][  0]LogConfig: Setting CVar [[s.UnregisterComponentsTimeLimit:1.0]]
[2020.11.26-18.31.58:596][  0]LogConfig: Setting CVar [[s.LevelStreamingComponentsUnregistrationGranularity:5]]
[2020.11.26-18.31.58:596][  0]LogConfig: Setting CVar [[s.FlushStreamingOnExit:1]]
[2020.11.26-18.31.58:596][  0]LogConfig: Applying CVar settings from Section [/Script/Engine.GarbageCollectionSettings] File [C:/Users/iylek/Desktop/Unreal/StealthGame/StealthGame_ProjectBase_4.25/StealthGame/Saved/Config/Windows/Engine.ini]
[2020.11.26-18.31.58:596][  0]LogConfig: Setting CVar [[gc.MaxObjectsNotConsideredByGC:1]]
[2020.11.26-18.31.58:596][  0]LogConfig: Setting CVar [[gc.SizeOfPermanentObjectPool:0]]
[2020.11.26-18.31.58:596][  0]LogConfig: Setting CVar [[gc.FlushStreamingOnGC:0]]
[2020.11.26-18.31.58:596][  0]LogConfig: Setting CVar [[gc.NumRetriesBeforeForcingGC:10]]
[2020.11.26-18.31.58:596][  0]LogConfig: Setting CVar [[gc.AllowParallelGC:1]]
[2020.11.26-18.31.58:596][  0]LogConfig: Setting CVar [[gc.TimeBetweenPurgingPendingKillObjects:61.1]]
[2020.11.26-18.31.58:596][  0]LogConfig: Setting CVar [[gc.MaxObjectsInEditor:25165824]]
[2020.11.26-18.31.58:596][  0]LogConfig: Setting CVar [[gc.IncrementalBeginDestroyEnabled:1]]
[2020.11.26-18.31.58:596][  0]LogConfig: Setting CVar [[gc.CreateGCClusters:1]]
[2020.11.26-18.31.58:596][  0]LogConfig: Setting CVar [[gc.MinGCClusterSize:5]]
[2020.11.26-18.31.58:596][  0]LogConfig: Setting CVar [[gc.ActorClusteringEnabled:0]]
[2020.11.26-18.31.58:596][  0]LogConfig: Setting CVar [[gc.BlueprintClusteringEnabled:0]]
[2020.11.26-18.31.58:596][  0]LogConfig: Setting CVar [[gc.UseDisregardForGCOnDedicatedServers:0]]
[2020.11.26-18.31.58:596][  0]LogConfig: Applying CVar settings from Section [/Script/Engine.NetworkSettings] File [C:/Users/iylek/Desktop/Unreal/StealthGame/StealthGame_ProjectBase_4.25/StealthGame/Saved/Config/Windows/Engine.ini]
[2020.11.26-18.31.58:596][  0]LogConfig: Applying CVar settings from Section [/Script/UnrealEd.CookerSettings] File [C:/Users/iylek/Desktop/Unreal/StealthGame/StealthGame_ProjectBase_4.25/StealthGame/Saved/Config/Windows/Engine.ini]
[2020.11.26-18.31.58:606][  0]LogConfig: Applying CVar settings from Section [ViewDistanceQuality@3] File [C:/Users/iylek/Desktop/Unreal/StealthGame/StealthGame_ProjectBase_4.25/StealthGame/Saved/Config/Windows/Scalability.ini]
[2020.11.26-18.31.58:606][  0]LogConfig: Setting CVar [[r.SkeletalMeshLODBias:0]]
[2020.11.26-18.31.58:606][  0]LogConfig: Setting CVar [[r.ViewDistanceScale:1.0]]
[2020.11.26-18.31.58:606][  0]LogConfig: Applying CVar settings from Section [AntiAliasingQuality@3] File [C:/Users/iylek/Desktop/Unreal/StealthGame/StealthGame_ProjectBase_4.25/StealthGame/Saved/Config/Windows/Scalability.ini]
[2020.11.26-18.31.58:606][  0]LogConfig: Setting CVar [[r.PostProcessAAQuality:4]]
[2020.11.26-18.31.58:606][  0]LogConfig: Applying CVar settings from Section [ShadowQuality@3] File [C:/Users/iylek/Desktop/Unreal/StealthGame/StealthGame_ProjectBase_4.25/StealthGame/Saved/Config/Windows/Scalability.ini]
[2020.11.26-18.31.58:606][  0]LogConfig: Setting CVar [[r.LightFunctionQuality:1]]
[2020.11.26-18.31.58:606][  0]LogConfig: Setting CVar [[r.ShadowQuality:5]]
[2020.11.26-18.31.58:606][  0]LogConfig: Setting CVar [[r.Shadow.CSM.MaxCascades:10]]
[2020.11.26-18.31.58:606][  0]LogConfig: Setting CVar [[r.Shadow.MaxResolution:2048]]
[2020.11.26-18.31.58:606][  0]LogConfig: Setting CVar [[r.Shadow.MaxCSMResolution:2048]]
[2020.11.26-18.31.58:606][  0]LogConfig: Setting CVar [[r.Shadow.RadiusThreshold:0.01]]
[2020.11.26-18.31.58:606][  0]LogConfig: Setting CVar [[r.Shadow.DistanceScale:1.0]]
[2020.11.26-18.31.58:606][  0]LogConfig: Setting CVar [[r.Shadow.CSM.TransitionScale:1.0]]
[2020.11.26-18.31.58:606][  0]LogConfig: Setting CVar [[r.Shadow.PreShadowResolutionFactor:1.0]]
[2020.11.26-18.31.58:606][  0]LogConfig: Setting CVar [[r.DistanceFieldShadowing:1]]
[2020.11.26-18.31.58:606][  0]LogConfig: Setting CVar [[r.DistanceFieldAO:1]]
[2020.11.26-18.31.58:606][  0]LogConfig: Setting CVar [[r.AOQuality:2]]
[2020.11.26-18.31.58:606][  0]LogConfig: Setting CVar [[r.VolumetricFog:1]]
[2020.11.26-18.31.58:606][  0]LogConfig: Setting CVar [[r.VolumetricFog.GridPixelSize:8]]
[2020.11.26-18.31.58:606][  0]LogConfig: Setting CVar [[r.VolumetricFog.GridSizeZ:128]]
[2020.11.26-18.31.58:606][  0]LogConfig: Setting CVar [[r.VolumetricFog.HistoryMissSupersampleCount:4]]
[2020.11.26-18.31.58:606][  0]LogConfig: Setting CVar [[r.LightMaxDrawDistanceScale:1]]
[2020.11.26-18.31.58:606][  0]LogConfig: Setting CVar [[r.CapsuleShadows:1]]
[2020.11.26-18.31.58:606][  0]LogConfig: Applying CVar settings from Section [PostProcessQuality@3] File [C:/Users/iylek/Desktop/Unreal/StealthGame/StealthGame_ProjectBase_4.25/StealthGame/Saved/Config/Windows/Scalability.ini]
[2020.11.26-18.31.58:606][  0]LogConfig: Setting CVar [[r.MotionBlurQuality:4]]
[2020.11.26-18.31.58:606][  0]LogConfig: Setting CVar [[r.AmbientOcclusionMipLevelFactor:0.4]]
[2020.11.26-18.31.58:606][  0]LogConfig: Setting CVar [[r.AmbientOcclusionMaxQuality:100]]
[2020.11.26-18.31.58:606][  0]LogConfig: Setting CVar [[r.AmbientOcclusionLevels:-1]]
[2020.11.26-18.31.58:606][  0]LogConfig: Setting CVar [[r.AmbientOcclusionRadiusScale:1.0]]
[2020.11.26-18.31.58:606][  0]LogConfig: Setting CVar [[r.DepthOfFieldQuality:2]]
[2020.11.26-18.31.58:606][  0]LogConfig: Setting CVar [[r.RenderTargetPoolMin:400]]
[2020.11.26-18.31.58:606][  0]LogConfig: Setting CVar [[r.LensFlareQuality:2]]
[2020.11.26-18.31.58:606][  0]LogConfig: Setting CVar [[r.SceneColorFringeQuality:1]]
[2020.11.26-18.31.58:606][  0]LogConfig: Setting CVar [[r.EyeAdaptationQuality:2]]
[2020.11.26-18.31.58:606][  0]LogConfig: Setting CVar [[r.BloomQuality:5]]
[2020.11.26-18.31.58:606][  0]LogConfig: Setting CVar [[r.FastBlurThreshold:100]]
[2020.11.26-18.31.58:606][  0]LogConfig: Setting CVar [[r.Upscale.Quality:3]]
[2020.11.26-18.31.58:606][  0]LogConfig: Setting CVar [[r.Tonemapper.GrainQuantization:1]]
[2020.11.26-18.31.58:606][  0]LogConfig: Setting CVar [[r.LightShaftQuality:1]]
[2020.11.26-18.31.58:606][  0]LogConfig: Setting CVar [[r.Filter.SizeScale:1]]
[2020.11.26-18.31.58:606][  0]LogConfig: Setting CVar [[r.Tonemapper.Quality:5]]
[2020.11.26-18.31.58:606][  0]LogConfig: Setting CVar [[r.DOF.Gather.AccumulatorQuality:1        ; higher gathering accumulator quality]]
[2020.11.26-18.31.58:606][  0]LogConfig: Setting CVar [[r.DOF.Gather.PostfilterMethod:1          ; Median3x3 postfilering method]]
[2020.11.26-18.31.58:606][  0]LogConfig: Setting CVar [[r.DOF.Gather.EnableBokehSettings:0       ; no bokeh simulation when gathering]]
[2020.11.26-18.31.58:606][  0]LogConfig: Setting CVar [[r.DOF.Gather.RingCount:4                 ; medium number of samples when gathering]]
[2020.11.26-18.31.58:606][  0]LogConfig: Setting CVar [[r.DOF.Scatter.ForegroundCompositing:1    ; additive foreground scattering]]
[2020.11.26-18.31.58:606][  0]LogConfig: Setting CVar [[r.DOF.Scatter.BackgroundCompositing:2    ; additive background scattering]]
[2020.11.26-18.31.58:606][  0]LogConfig: Setting CVar [[r.DOF.Scatter.EnableBokehSettings:1      ; bokeh simulation when scattering]]
[2020.11.26-18.31.58:606][  0]LogConfig: Setting CVar [[r.DOF.Scatter.MaxSpriteRatio:0.1         ; only a maximum of 10% of scattered bokeh]]
[2020.11.26-18.31.58:606][  0]LogConfig: Setting CVar [[r.DOF.Recombine.Quality:1                ; cheap slight out of focus]]
[2020.11.26-18.31.58:606][  0]LogConfig: Setting CVar [[r.DOF.Recombine.EnableBokehSettings:0    ; no bokeh simulation on slight out of focus]]
[2020.11.26-18.31.58:606][  0]LogConfig: Setting CVar [[r.DOF.TemporalAAQuality:1                ; more stable temporal accumulation]]
[2020.11.26-18.31.58:606][  0]LogConfig: Setting CVar [[r.DOF.Kernel.MaxForegroundRadius:0.025]]
[2020.11.26-18.31.58:606][  0]LogConfig: Setting CVar [[r.DOF.Kernel.MaxBackgroundRadius:0.025]]
[2020.11.26-18.31.58:606][  0]LogConfig: Applying CVar settings from Section [TextureQuality@3] File [C:/Users/iylek/Desktop/Unreal/StealthGame/StealthGame_ProjectBase_4.25/StealthGame/Saved/Config/Windows/Scalability.ini]
[2020.11.26-18.31.58:606][  0]LogConfig: Setting CVar [[r.Streaming.MipBias:0]]
[2020.11.26-18.31.58:606][  0]LogConfig: Setting CVar [[r.Streaming.AmortizeCPUToGPUCopy:0]]
[2020.11.26-18.31.58:606][  0]LogConfig: Setting CVar [[r.Streaming.MaxNumTexturesToStreamPerFrame:0]]
[2020.11.26-18.31.58:606][  0]LogConfig: Setting CVar [[r.Streaming.Boost:1]]
[2020.11.26-18.31.58:606][  0]LogConfig: Setting CVar [[r.MaxAnisotropy:8]]
[2020.11.26-18.31.58:606][  0]LogConfig: Setting CVar [[r.VT.MaxAnisotropy:8]]
[2020.11.26-18.31.58:606][  0]LogConfig: Setting CVar [[r.Streaming.LimitPoolSizeToVRAM:0]]
[2020.11.26-18.31.58:606][  0]LogConfig: Setting CVar [[r.Streaming.PoolSize:1000]]
[2020.11.26-18.31.58:606][  0]LogConfig: Setting CVar [[r.Streaming.MaxEffectiveScreenSize:0]]
[2020.11.26-18.31.58:606][  0]LogConfig: Applying CVar settings from Section [EffectsQuality@3] File [C:/Users/iylek/Desktop/Unreal/StealthGame/StealthGame_ProjectBase_4.25/StealthGame/Saved/Config/Windows/Scalability.ini]
[2020.11.26-18.31.58:606][  0]LogConfig: Setting CVar [[r.TranslucencyLightingVolumeDim:64]]
[2020.11.26-18.31.58:606][  0]LogConfig: Setting CVar [[r.RefractionQuality:2]]
[2020.11.26-18.31.58:606][  0]LogConfig: Setting CVar [[r.SSR.Quality:3]]
[2020.11.26-18.31.58:606][  0]LogConfig: Setting CVar [[r.SSR.HalfResSceneColor:0]]
[2020.11.26-18.31.58:606][  0]LogConfig: Setting CVar [[r.SceneColorFormat:4]]
[2020.11.26-18.31.58:606][  0]LogConfig: Setting CVar [[r.DetailMode:2]]
[2020.11.26-18.31.58:606][  0]LogConfig: Setting CVar [[r.TranslucencyVolumeBlur:1]]
[2020.11.26-18.31.58:606][  0]LogConfig: Setting CVar [[r.MaterialQualityLevel:1 ; High quality]]
[2020.11.26-18.31.58:606][  0]LogConfig: Setting CVar [[r.SSS.Scale:1]]
[2020.11.26-18.31.58:606][  0]LogConfig: Setting CVar [[r.SSS.SampleSet:2]]
[2020.11.26-18.31.58:606][  0]LogConfig: Setting CVar [[r.SSS.Quality:1]]
[2020.11.26-18.31.58:607][  0]LogConfig: Setting CVar [[r.SSS.HalfRes:0]]
[2020.11.26-18.31.58:607][  0]LogConfig: Setting CVar [[r.SSGI.Quality:3]]
[2020.11.26-18.31.58:607][  0]LogConfig: Setting CVar [[r.EmitterSpawnRateScale:1.0]]
[2020.11.26-18.31.58:607][  0]LogConfig: Setting CVar [[r.ParticleLightQuality:2]]
[2020.11.26-18.31.58:607][  0]LogConfig: Setting CVar [[r.SkyAtmosphere.AerialPerspectiveLUT.FastApplyOnOpaque:1 ; Always have FastSkyLUT 1 in this case to avoid wrong sky]]
[2020.11.26-18.31.58:607][  0]LogConfig: Setting CVar [[r.SkyAtmosphere.AerialPerspectiveLUT.SampleCountPerSlice:1]]
[2020.11.26-18.31.58:607][  0]LogConfig: Setting CVar [[r.SkyAtmosphere.AerialPerspectiveLUT.DepthResolution:16.0]]
[2020.11.26-18.31.58:607][  0]LogConfig: Setting CVar [[r.SkyAtmosphere.FastSkyLUT:1]]
[2020.11.26-18.31.58:607][  0]LogConfig: Setting CVar [[r.SkyAtmosphere.FastSkyLUT.SampleCountMin:4.0]]
[2020.11.26-18.31.58:607][  0]LogConfig: Setting CVar [[r.SkyAtmosphere.FastSkyLUT.SampleCountMax:32.0]]
[2020.11.26-18.31.58:607][  0]LogConfig: Setting CVar [[r.SkyAtmosphere.SampleCountMin:4.0]]
[2020.11.26-18.31.58:607][  0]LogConfig: Setting CVar [[r.SkyAtmosphere.SampleCountMax:32.0]]
[2020.11.26-18.31.58:607][  0]LogConfig: Setting CVar [[r.SkyAtmosphere.TransmittanceLUT.UseSmallFormat:0]]
[2020.11.26-18.31.58:607][  0]LogConfig: Setting CVar [[r.SkyAtmosphere.TransmittanceLUT.SampleCount:10.0]]
[2020.11.26-18.31.58:607][  0]LogConfig: Setting CVar [[r.SkyAtmosphere.MultiScatteringLUT.SampleCount:15.0]]
[2020.11.26-18.31.58:607][  0]LogConfig: Applying CVar settings from Section [FoliageQuality@3] File [C:/Users/iylek/Desktop/Unreal/StealthGame/StealthGame_ProjectBase_4.25/StealthGame/Saved/Config/Windows/Scalability.ini]
[2020.11.26-18.31.58:607][  0]LogConfig: Setting CVar [[foliage.DensityScale:1.0]]
[2020.11.26-18.31.58:607][  0]LogConfig: Setting CVar [[grass.DensityScale:1.0]]
[2020.11.26-18.31.58:607][  0]LogConfig: Applying CVar settings from Section [ShadingQuality@3] File [C:/Users/iylek/Desktop/Unreal/StealthGame/StealthGame_ProjectBase_4.25/StealthGame/Saved/Config/Windows/Scalability.ini]
[2020.11.26-18.31.58:607][  0]LogConfig: Setting CVar [[r.HairStrands.SkyLighting.SampleCount:16]]
[2020.11.26-18.31.58:607][  0]LogConfig: Setting CVar [[r.HairStrands.SkyLighting.JitterIntegration:0]]
[2020.11.26-18.31.58:607][  0]LogConfig: Setting CVar [[r.HairStrands.SkyAO.SampleCount:16]]
[2020.11.26-18.31.58:607][  0]LogConfig: Setting CVar [[r.HairStrands.DeepShadow.SuperSampling:0]]
[2020.11.26-18.31.58:607][  0]LogConfig: Setting CVar [[r.HairStrands.VisibilityPPLL:0]]
[2020.11.26-18.31.58:607][  0]LogConfig: Setting CVar [[r.HairStrands.RasterizationScale:0.5]]
[2020.11.26-18.31.58:607][  0]LogConfig: Setting CVar [[r.HairStrands.VelocityRasterizationScale:1]]
[2020.11.26-18.31.58:608][  0]LogInit: Selected Device Profile: [Windows]
[2020.11.26-18.31.58:609][  0]LogInit: Applying CVar settings loaded from the selected device profile: [Windows]
[2020.11.26-18.31.58:610][  0]LogHAL: Display: Platform has ~ 16 GB [17126752256 / 17179869184 / 16], which maps to Larger [LargestMinGB=32, LargerMinGB=12, DefaultMinGB=8, SmallerMinGB=6, SmallestMinGB=0)
[2020.11.26-18.31.58:610][  0]LogInit: Going up to parent DeviceProfile []
[2020.11.26-18.31.58:611][  0]LogConfig: Applying CVar settings from Section [ViewDistanceQuality@3] File [C:/Users/iylek/Desktop/Unreal/StealthGame/StealthGame_ProjectBase_4.25/StealthGame/Saved/Config/Windows/Scalability.ini]
[2020.11.26-18.31.58:611][  0]LogConfig: Setting CVar [[r.SkeletalMeshLODBias:0]]
[2020.11.26-18.31.58:611][  0]LogConfig: Setting CVar [[r.ViewDistanceScale:1.0]]
[2020.11.26-18.31.58:611][  0]LogConfig: Applying CVar settings from Section [AntiAliasingQuality@3] File [C:/Users/iylek/Desktop/Unreal/StealthGame/StealthGame_ProjectBase_4.25/StealthGame/Saved/Config/Windows/Scalability.ini]
[2020.11.26-18.31.58:611][  0]LogConfig: Setting CVar [[r.PostProcessAAQuality:4]]
[2020.11.26-18.31.58:611][  0]LogConfig: Applying CVar settings from Section [ShadowQuality@3] File [C:/Users/iylek/Desktop/Unreal/StealthGame/StealthGame_ProjectBase_4.25/StealthGame/Saved/Config/Windows/Scalability.ini]
[2020.11.26-18.31.58:611][  0]LogConfig: Setting CVar [[r.LightFunctionQuality:1]]
[2020.11.26-18.31.58:611][  0]LogConfig: Setting CVar [[r.ShadowQuality:5]]
[2020.11.26-18.31.58:611][  0]LogConfig: Setting CVar [[r.Shadow.CSM.MaxCascades:10]]
[2020.11.26-18.31.58:611][  0]LogConfig: Setting CVar [[r.Shadow.MaxResolution:2048]]
[2020.11.26-18.31.58:611][  0]LogConfig: Setting CVar [[r.Shadow.MaxCSMResolution:2048]]
[2020.11.26-18.31.58:611][  0]LogConfig: Setting CVar [[r.Shadow.RadiusThreshold:0.01]]
[2020.11.26-18.31.58:611][  0]LogConfig: Setting CVar [[r.Shadow.DistanceScale:1.0]]
[2020.11.26-18.31.58:611][  0]LogConfig: Setting CVar [[r.Shadow.CSM.TransitionScale:1.0]]
[2020.11.26-18.31.58:611][  0]LogConfig: Setting CVar [[r.Shadow.PreShadowResolutionFactor:1.0]]
[2020.11.26-18.31.58:611][  0]LogConfig: Setting CVar [[r.DistanceFieldShadowing:1]]
[2020.11.26-18.31.58:611][  0]LogConfig: Setting CVar [[r.DistanceFieldAO:1]]
[2020.11.26-18.31.58:611][  0]LogConfig: Setting CVar [[r.AOQuality:2]]
[2020.11.26-18.31.58:611][  0]LogConfig: Setting CVar [[r.VolumetricFog:1]]
[2020.11.26-18.31.58:611][  0]LogConfig: Setting CVar [[r.VolumetricFog.GridPixelSize:8]]
[2020.11.26-18.31.58:611][  0]LogConfig: Setting CVar [[r.VolumetricFog.GridSizeZ:128]]
[2020.11.26-18.31.58:611][  0]LogConfig: Setting CVar [[r.VolumetricFog.HistoryMissSupersampleCount:4]]
[2020.11.26-18.31.58:611][  0]LogConfig: Setting CVar [[r.LightMaxDrawDistanceScale:1]]
[2020.11.26-18.31.58:611][  0]LogConfig: Setting CVar [[r.CapsuleShadows:1]]
[2020.11.26-18.31.58:611][  0]LogConfig: Applying CVar settings from Section [PostProcessQuality@3] File [C:/Users/iylek/Desktop/Unreal/StealthGame/StealthGame_ProjectBase_4.25/StealthGame/Saved/Config/Windows/Scalability.ini]
[2020.11.26-18.31.58:611][  0]LogConfig: Setting CVar [[r.MotionBlurQuality:4]]
[2020.11.26-18.31.58:611][  0]LogConfig: Setting CVar [[r.AmbientOcclusionMipLevelFactor:0.4]]
[2020.11.26-18.31.58:611][  0]LogConfig: Setting CVar [[r.AmbientOcclusionMaxQuality:100]]
[2020.11.26-18.31.58:611][  0]LogConfig: Setting CVar [[r.AmbientOcclusionLevels:-1]]
[2020.11.26-18.31.58:611][  0]LogConfig: Setting CVar [[r.AmbientOcclusionRadiusScale:1.0]]
[2020.11.26-18.31.58:611][  0]LogConfig: Setting CVar [[r.DepthOfFieldQuality:2]]
[2020.11.26-18.31.58:611][  0]LogConfig: Setting CVar [[r.RenderTargetPoolMin:400]]
[2020.11.26-18.31.58:611][  0]LogConfig: Setting CVar [[r.LensFlareQuality:2]]
[2020.11.26-18.31.58:611][  0]LogConfig: Setting CVar [[r.SceneColorFringeQuality:1]]
[2020.11.26-18.31.58:611][  0]LogConfig: Setting CVar [[r.EyeAdaptationQuality:2]]
[2020.11.26-18.31.58:611][  0]LogConfig: Setting CVar [[r.BloomQuality:5]]
[2020.11.26-18.31.58:611][  0]LogConfig: Setting CVar [[r.FastBlurThreshold:100]]
[2020.11.26-18.31.58:611][  0]LogConfig: Setting CVar [[r.Upscale.Quality:3]]
[2020.11.26-18.31.58:611][  0]LogConfig: Setting CVar [[r.Tonemapper.GrainQuantization:1]]
[2020.11.26-18.31.58:611][  0]LogConfig: Setting CVar [[r.LightShaftQuality:1]]
[2020.11.26-18.31.58:611][  0]LogConfig: Setting CVar [[r.Filter.SizeScale:1]]
[2020.11.26-18.31.58:611][  0]LogConfig: Setting CVar [[r.Tonemapper.Quality:5]]
[2020.11.26-18.31.58:611][  0]LogConfig: Setting CVar [[r.DOF.Gather.AccumulatorQuality:1        ; higher gathering accumulator quality]]
[2020.11.26-18.31.58:611][  0]LogConfig: Setting CVar [[r.DOF.Gather.PostfilterMethod:1          ; Median3x3 postfilering method]]
[2020.11.26-18.31.58:611][  0]LogConfig: Setting CVar [[r.DOF.Gather.EnableBokehSettings:0       ; no bokeh simulation when gathering]]
[2020.11.26-18.31.58:611][  0]LogConfig: Setting CVar [[r.DOF.Gather.RingCount:4                 ; medium number of samples when gathering]]
[2020.11.26-18.31.58:611][  0]LogConfig: Setting CVar [[r.DOF.Scatter.ForegroundCompositing:1    ; additive foreground scattering]]
[2020.11.26-18.31.58:611][  0]LogConfig: Setting CVar [[r.DOF.Scatter.BackgroundCompositing:2    ; additive background scattering]]
[2020.11.26-18.31.58:611][  0]LogConfig: Setting CVar [[r.DOF.Scatter.EnableBokehSettings:1      ; bokeh simulation when scattering]]
[2020.11.26-18.31.58:611][  0]LogConfig: Setting CVar [[r.DOF.Scatter.MaxSpriteRatio:0.1         ; only a maximum of 10% of scattered bokeh]]
[2020.11.26-18.31.58:611][  0]LogConfig: Setting CVar [[r.DOF.Recombine.Quality:1                ; cheap slight out of focus]]
[2020.11.26-18.31.58:611][  0]LogConfig: Setting CVar [[r.DOF.Recombine.EnableBokehSettings:0    ; no bokeh simulation on slight out of focus]]
[2020.11.26-18.31.58:611][  0]LogConfig: Setting CVar [[r.DOF.TemporalAAQuality:1                ; more stable temporal accumulation]]
[2020.11.26-18.31.58:611][  0]LogConfig: Setting CVar [[r.DOF.Kernel.MaxForegroundRadius:0.025]]
[2020.11.26-18.31.58:612][  0]LogConfig: Setting CVar [[r.DOF.Kernel.MaxBackgroundRadius:0.025]]
[2020.11.26-18.31.58:612][  0]LogConfig: Applying CVar settings from Section [TextureQuality@3] File [C:/Users/iylek/Desktop/Unreal/StealthGame/StealthGame_ProjectBase_4.25/StealthGame/Saved/Config/Windows/Scalability.ini]
[2020.11.26-18.31.58:612][  0]LogConfig: Setting CVar [[r.Streaming.MipBias:0]]
[2020.11.26-18.31.58:612][  0]LogConfig: Setting CVar [[r.Streaming.AmortizeCPUToGPUCopy:0]]
[2020.11.26-18.31.58:612][  0]LogConfig: Setting CVar [[r.Streaming.MaxNumTexturesToStreamPerFrame:0]]
[2020.11.26-18.31.58:612][  0]LogConfig: Setting CVar [[r.Streaming.Boost:1]]
[2020.11.26-18.31.58:612][  0]LogConfig: Setting CVar [[r.MaxAnisotropy:8]]
[2020.11.26-18.31.58:612][  0]LogConfig: Setting CVar [[r.VT.MaxAnisotropy:8]]
[2020.11.26-18.31.58:612][  0]LogConfig: Setting CVar [[r.Streaming.LimitPoolSizeToVRAM:0]]
[2020.11.26-18.31.58:612][  0]LogConfig: Setting CVar [[r.Streaming.PoolSize:1000]]
[2020.11.26-18.31.58:612][  0]LogConfig: Setting CVar [[r.Streaming.MaxEffectiveScreenSize:0]]
[2020.11.26-18.31.58:612][  0]LogConfig: Applying CVar settings from Section [EffectsQuality@3] File [C:/Users/iylek/Desktop/Unreal/StealthGame/StealthGame_ProjectBase_4.25/StealthGame/Saved/Config/Windows/Scalability.ini]
[2020.11.26-18.31.58:612][  0]LogConfig: Setting CVar [[r.TranslucencyLightingVolumeDim:64]]
[2020.11.26-18.31.58:612][  0]LogConfig: Setting CVar [[r.RefractionQuality:2]]
[2020.11.26-18.31.58:612][  0]LogConfig: Setting CVar [[r.SSR.Quality:3]]
[2020.11.26-18.31.58:612][  0]LogConfig: Setting CVar [[r.SSR.HalfResSceneColor:0]]
[2020.11.26-18.31.58:612][  0]LogConfig: Setting CVar [[r.SceneColorFormat:4]]
[2020.11.26-18.31.58:612][  0]LogConfig: Setting CVar [[r.DetailMode:2]]
[2020.11.26-18.31.58:612][  0]LogConfig: Setting CVar [[r.TranslucencyVolumeBlur:1]]
[2020.11.26-18.31.58:612][  0]LogConfig: Setting CVar [[r.MaterialQualityLevel:1 ; High quality]]
[2020.11.26-18.31.58:612][  0]LogConfig: Setting CVar [[r.SSS.Scale:1]]
[2020.11.26-18.31.58:612][  0]LogConfig: Setting CVar [[r.SSS.SampleSet:2]]
[2020.11.26-18.31.58:612][  0]LogConfig: Setting CVar [[r.SSS.Quality:1]]
[2020.11.26-18.31.58:612][  0]LogConfig: Setting CVar [[r.SSS.HalfRes:0]]
[2020.11.26-18.31.58:612][  0]LogConfig: Setting CVar [[r.SSGI.Quality:3]]
[2020.11.26-18.31.58:612][  0]LogConfig: Setting CVar [[r.EmitterSpawnRateScale:1.0]]
[2020.11.26-18.31.58:612][  0]LogConfig: Setting CVar [[r.ParticleLightQuality:2]]
[2020.11.26-18.31.58:612][  0]LogConfig: Setting CVar [[r.SkyAtmosphere.AerialPerspectiveLUT.FastApplyOnOpaque:1 ; Always have FastSkyLUT 1 in this case to avoid wrong sky]]
[2020.11.26-18.31.58:612][  0]LogConfig: Setting CVar [[r.SkyAtmosphere.AerialPerspectiveLUT.SampleCountPerSlice:1]]
[2020.11.26-18.31.58:612][  0]LogConfig: Setting CVar [[r.SkyAtmosphere.AerialPerspectiveLUT.DepthResolution:16.0]]
[2020.11.26-18.31.58:612][  0]LogConfig: Setting CVar [[r.SkyAtmosphere.FastSkyLUT:1]]
[2020.11.26-18.31.58:612][  0]LogConfig: Setting CVar [[r.SkyAtmosphere.FastSkyLUT.SampleCountMin:4.0]]
[2020.11.26-18.31.58:612][  0]LogConfig: Setting CVar [[r.SkyAtmosphere.FastSkyLUT.SampleCountMax:32.0]]
[2020.11.26-18.31.58:612][  0]LogConfig: Setting CVar [[r.SkyAtmosphere.SampleCountMin:4.0]]
[2020.11.26-18.31.58:612][  0]LogConfig: Setting CVar [[r.SkyAtmosphere.SampleCountMax:32.0]]
[2020.11.26-18.31.58:612][  0]LogConfig: Setting CVar [[r.SkyAtmosphere.TransmittanceLUT.UseSmallFormat:0]]
[2020.11.26-18.31.58:612][  0]LogConfig: Setting CVar [[r.SkyAtmosphere.TransmittanceLUT.SampleCount:10.0]]
[2020.11.26-18.31.58:612][  0]LogConfig: Setting CVar [[r.SkyAtmosphere.MultiScatteringLUT.SampleCount:15.0]]
[2020.11.26-18.31.58:612][  0]LogConfig: Applying CVar settings from Section [FoliageQuality@3] File [C:/Users/iylek/Desktop/Unreal/StealthGame/StealthGame_ProjectBase_4.25/StealthGame/Saved/Config/Windows/Scalability.ini]
[2020.11.26-18.31.58:612][  0]LogConfig: Setting CVar [[foliage.DensityScale:1.0]]
[2020.11.26-18.31.58:612][  0]LogConfig: Setting CVar [[grass.DensityScale:1.0]]
[2020.11.26-18.31.58:612][  0]LogConfig: Applying CVar settings from Section [ShadingQuality@3] File [C:/Users/iylek/Desktop/Unreal/StealthGame/StealthGame_ProjectBase_4.25/StealthGame/Saved/Config/Windows/Scalability.ini]
[2020.11.26-18.31.58:612][  0]LogConfig: Setting CVar [[r.HairStrands.SkyLighting.SampleCount:16]]
[2020.11.26-18.31.58:612][  0]LogConfig: Setting CVar [[r.HairStrands.SkyLighting.JitterIntegration:0]]
[2020.11.26-18.31.58:612][  0]LogConfig: Setting CVar [[r.HairStrands.SkyAO.SampleCount:16]]
[2020.11.26-18.31.58:612][  0]LogConfig: Setting CVar [[r.HairStrands.DeepShadow.SuperSampling:0]]
[2020.11.26-18.31.58:612][  0]LogConfig: Setting CVar [[r.HairStrands.VisibilityPPLL:0]]
[2020.11.26-18.31.58:612][  0]LogConfig: Setting CVar [[r.HairStrands.RasterizationScale:0.5]]
[2020.11.26-18.31.58:612][  0]LogConfig: Setting CVar [[r.HairStrands.VelocityRasterizationScale:1]]
[2020.11.26-18.31.58:612][  0]LogConfig: Applying CVar settings from Section [Startup] File [../../../Engine/Config/ConsoleVariables.ini]
[2020.11.26-18.31.58:618][  0]LogConfig: Setting CVar [[net.UseAdaptiveNetUpdateFrequency:0]]
[2020.11.26-18.31.58:618][  0]LogConfig: Setting CVar [[p.chaos.AllowCreatePhysxBodies:1]]
[2020.11.26-18.31.58:618][  0]LogConfig: Setting CVar [[fx.SkipVectorVMBackendOptimizations:1]]
[2020.11.26-18.31.58:618][  0]LogConfig: Applying CVar settings from Section [ConsoleVariables] File [C:/Users/iylek/Desktop/Unreal/StealthGame/StealthGame_ProjectBase_4.25/StealthGame/Saved/Config/Windows/Engine.ini]
[2020.11.26-18.31.58:619][  0]LogInit: Computer: DESKTOP-AOUSEP6
[2020.11.26-18.31.58:619][  0]LogInit: User: iylek
[2020.11.26-18.31.58:620][  0]LogInit: CPU Page size=4096, Cores=6
[2020.11.26-18.31.58:620][  0]LogInit: High frequency timer resolution =10.000000 MHz
[2020.11.26-18.31.58:620][  0]LogMemory: Memory total: Physical=16.0GB (16GB approx)
[2020.11.26-18.31.58:620][  0]LogMemory: Platform Memory Stats for Windows
[2020.11.26-18.31.58:620][  0]LogMemory: Process Physical Memory: 119.43 MB used, 119.43 MB peak
[2020.11.26-18.31.58:620][  0]LogMemory: Process Virtual Memory: 105.39 MB used, 105.39 MB peak
[2020.11.26-18.31.58:620][  0]LogMemory: Physical Memory: 7423.05 MB used,  8910.30 MB free, 16333.34 MB total
[2020.11.26-18.31.58:620][  0]LogMemory: Virtual Memory: 5173.70 MB used,  134212552.00 MB free, 134217728.00 MB total
[2020.11.26-18.31.58:626][  0]LogWindows: WindowsPlatformFeatures enabled
[2020.11.26-18.31.59:044][  0]LogInit: Physics initialised using underlying interface: PhysX
[2020.11.26-18.31.59:051][  0]LogInit: Using OS detected language (en-US).
[2020.11.26-18.31.59:051][  0]LogInit: Using OS detected locale (en-CA).
[2020.11.26-18.31.59:074][  0]LogTextLocalizationManager: No specific localization for 'en-US' exists, so the 'en' localization will be used.
[2020.11.26-18.31.59:430][  0]LogInit: Setting process to per monitor DPI aware
[2020.11.26-18.31.59:567][  0]LogSlate: New Slate User Created.  User Index 0, Is Virtual User: 0
[2020.11.26-18.31.59:567][  0]LogSlate: Slate User Registered.  User Index 0, Is Virtual User: 0
[2020.11.26-18.32.02:631][  0]LogHMD: Failed to initialize OpenVR with code 110
[2020.11.26-18.32.02:631][  0]LogD3D11RHI: D3D11 min allowed feature level: 11_0
[2020.11.26-18.32.02:631][  0]LogD3D11RHI: D3D11 max allowed feature level: 11_0
[2020.11.26-18.32.02:631][  0]LogD3D11RHI: D3D11 adapters:
[2020.11.26-18.32.02:698][  0]LogD3D11RHI:    0. 'NVIDIA GeForce RTX 2060' (Feature Level 11_0)
[2020.11.26-18.32.02:698][  0]LogD3D11RHI:       5980/0/8166 MB DedicatedVideo/DedicatedSystem/SharedSystem, Outputs:2, VendorId:0x10de
[2020.11.26-18.32.02:700][  0]LogD3D11RHI:    1. 'Microsoft Basic Render Driver' (Feature Level 11_0)
[2020.11.26-18.32.02:700][  0]LogD3D11RHI:       0/0/8166 MB DedicatedVideo/DedicatedSystem/SharedSystem, Outputs:0, VendorId:0x1414
[2020.11.26-18.32.02:700][  0]LogD3D11RHI: Chosen D3D11 Adapter: 0
[2020.11.26-18.32.02:710][  0]LogD3D11RHI: Creating new Direct3DDevice
[2020.11.26-18.32.02:710][  0]LogD3D11RHI:     GPU DeviceId: 0x1f08 (for the marketing name, search the web for "GPU Device Id")
[2020.11.26-18.32.02:710][  0]LogWindows: EnumDisplayDevices:
[2020.11.26-18.32.02:710][  0]LogWindows:    0. 'NVIDIA GeForce RTX 2060' (P:1 D:1)
[2020.11.26-18.32.02:710][  0]LogWindows:    1. 'NVIDIA GeForce RTX 2060' (P:0 D:1)
[2020.11.26-18.32.02:711][  0]LogWindows:    2. 'NVIDIA GeForce RTX 2060' (P:0 D:0)
[2020.11.26-18.32.02:711][  0]LogWindows:    3. 'NVIDIA GeForce RTX 2060' (P:0 D:0)
[2020.11.26-18.32.02:711][  0]LogWindows: DebugString: FoundDriverCount:4 
[2020.11.26-18.32.02:711][  0]LogD3D11RHI:     Adapter Name: NVIDIA GeForce RTX 2060
[2020.11.26-18.32.02:711][  0]LogD3D11RHI:   Driver Version: 457.30 (internal:27.21.14.5730, unified:457.30)
[2020.11.26-18.32.02:711][  0]LogD3D11RHI:      Driver Date: 11-6-2020
[2020.11.26-18.32.02:711][  0]LogRHI: Texture pool is 4186 MB (70% of 5980 MB)
[2020.11.26-18.32.02:769][  0]LogD3D11RHI: RHI has support for 64 bit atomics
[2020.11.26-18.32.02:770][  0]LogD3D11RHI: Async texture creation enabled
[2020.11.26-18.32.02:770][  0]LogD3D11RHI: Array index from any shader is supported
[2020.11.26-18.32.02:854][  0]LogD3D11RHI: GPU Timing Frequency: 1000.000000 (Debug: 2 2)
[2020.11.26-18.32.03:177][  0]LogTargetPlatformManager: Display: Loaded TargetPlatform 'AllDesktop'
[2020.11.26-18.32.03:202][  0]LogTargetPlatformManager: Display: Loaded TargetPlatform 'Android'
[2020.11.26-18.32.03:202][  0]LogTargetPlatformManager: Display: Loaded TargetPlatform 'Android_ASTC'
[2020.11.26-18.32.03:202][  0]LogTargetPlatformManager: Display: Loaded TargetPlatform 'Android_DXT'
[2020.11.26-18.32.03:202][  0]LogTargetPlatformManager: Display: Loaded TargetPlatform 'Android_ETC2'
[2020.11.26-18.32.03:202][  0]LogTargetPlatformManager: Display: Loaded TargetPlatform 'AndroidClient'
[2020.11.26-18.32.03:202][  0]LogTargetPlatformManager: Display: Loaded TargetPlatform 'Android_ASTCClient'
[2020.11.26-18.32.03:202][  0]LogTargetPlatformManager: Display: Loaded TargetPlatform 'Android_DXTClient'
[2020.11.26-18.32.03:202][  0]LogTargetPlatformManager: Display: Loaded TargetPlatform 'Android_ETC2Client'
[2020.11.26-18.32.03:202][  0]LogTargetPlatformManager: Display: Loaded TargetPlatform 'Android_Multi'
[2020.11.26-18.32.03:202][  0]LogTargetPlatformManager: Display: Loaded TargetPlatform 'Android_MultiClient'
[2020.11.26-18.32.03:243][  0]LogTargetPlatformManager: Display: Loaded TargetPlatform 'IOSClient'
[2020.11.26-18.32.03:243][  0]LogTargetPlatformManager: Display: Loaded TargetPlatform 'IOS'
[2020.11.26-18.32.03:265][  0]LogTargetPlatformManager: Display: Loaded TargetPlatform 'Linux'
[2020.11.26-18.32.03:277][  0]LogTargetPlatformManager: Display: Loaded TargetPlatform 'LinuxNoEditor'
[2020.11.26-18.32.03:289][  0]LogTargetPlatformManager: Display: Loaded TargetPlatform 'LinuxClient'
[2020.11.26-18.32.03:300][  0]LogTargetPlatformManager: Display: Loaded TargetPlatform 'LinuxServer'
[2020.11.26-18.32.03:310][  0]LogTargetPlatformManager: Display: Loaded TargetPlatform 'LinuxAArch64NoEditor'
[2020.11.26-18.32.03:323][  0]LogTargetPlatformManager: Display: Loaded TargetPlatform 'LinuxAArch64Client'
[2020.11.26-18.32.03:335][  0]LogTargetPlatformManager: Display: Loaded TargetPlatform 'LinuxAArch64Server'
[2020.11.26-18.32.03:368][  0]LogTargetPlatformManager: Display: Loaded TargetPlatform 'Lumin'
[2020.11.26-18.32.03:368][  0]LogTargetPlatformManager: Display: Loaded TargetPlatform 'LuminClient'
[2020.11.26-18.32.03:385][  0]LogTargetPlatformManager: Display: Loaded TargetPlatform 'TVOSClient'
[2020.11.26-18.32.03:385][  0]LogTargetPlatformManager: Display: Loaded TargetPlatform 'TVOS'
[2020.11.26-18.32.03:399][  0]LogTargetPlatformManager: Display: Loaded TargetPlatform 'WindowsNoEditor'
[2020.11.26-18.32.03:413][  0]LogTargetPlatformManager: Display: Loaded TargetPlatform 'Windows'
[2020.11.26-18.32.03:426][  0]LogTargetPlatformManager: Display: Loaded TargetPlatform 'WindowsClient'
[2020.11.26-18.32.03:439][  0]LogTargetPlatformManager: Display: Loaded TargetPlatform 'WindowsServer'
[2020.11.26-18.32.03:440][  0]LogTargetPlatformManager: Display: Building Assets For Windows
[2020.11.26-18.32.03:491][  0]LogAudioDebug: Display: Lib vorbis DLL was dynamically loaded.
[2020.11.26-18.32.03:666][  0]LogShaderCompilers: Guid format shader working directory is -52 characters bigger than the processId version (../../../../../../Users/iylek/Desktop/Unreal/StealthGame/StealthGame_ProjectBase_4.25/StealthGame/Intermediate/Shaders/WorkingDirectory/21704/).
[2020.11.26-18.32.03:667][  0]LogShaderCompilers: Cleaned the shader compiler working directory 'C:/Users/iylek/AppData/Local/Temp/UnrealShaderWorkingDir/CE857EEE4E2B753CCBC99DB5D9A64768/'.
[2020.11.26-18.32.03:672][  0]LogXGEController: Cleaning working directory: C:/Users/iylek/AppData/Local/Temp/UnrealXGEWorkingDir/
[2020.11.26-18.32.03:672][  0]LogXGEController: Cannot use XGE Controller as Incredibuild is not installed on this machine.
[2020.11.26-18.32.03:673][  0]LogShaderCompilers: Cannot use XGE Shader Compiler as Incredibuild is not installed on this machine.
[2020.11.26-18.32.03:673][  0]LogShaderCompilers: Display: Using Local Shader Compiler.
[2020.11.26-18.32.07:012][  0]LogDerivedDataCache: Display: Max Cache Size: 512 MB
[2020.11.26-18.32.07:287][  0]LogDerivedDataCache: Loaded boot cache 0.27s 77MB C:/Users/iylek/AppData/Local/UnrealEngine/4.25/DerivedDataCache/Boot.ddc.
[2020.11.26-18.32.07:287][  0]LogDerivedDataCache: Display: Loaded Boot cache: C:/Users/iylek/AppData/Local/UnrealEngine/4.25/DerivedDataCache/Boot.ddc
[2020.11.26-18.32.07:288][  0]LogDerivedDataCache: FDerivedDataBackendGraph:  Pak pak cache file ../../../../../../Users/iylek/Desktop/Unreal/StealthGame/StealthGame_ProjectBase_4.25/StealthGame/DerivedDataCache/DDC.ddp not found, will not use a pak cache.
[2020.11.26-18.32.07:288][  0]LogDerivedDataCache: Unable to find inner node Pak for hierarchical cache Hierarchy.
[2020.11.26-18.32.07:288][  0]LogDerivedDataCache: FDerivedDataBackendGraph:  CompressedPak pak cache file ../../../../../../Users/iylek/Desktop/Unreal/StealthGame/StealthGame_ProjectBase_4.25/StealthGame/DerivedDataCache/Compressed.ddp not found, will not use a pak cache.
[2020.11.26-18.32.07:288][  0]LogDerivedDataCache: Unable to find inner node CompressedPak for hierarchical cache Hierarchy.
[2020.11.26-18.32.07:317][  0]LogDerivedDataCache: Display: Pak cache opened for reading ../../../Engine/DerivedDataCache/Compressed.ddp.
[2020.11.26-18.32.07:317][  0]LogDerivedDataCache: FDerivedDataBackendGraph:  EnterprisePak pak cache file ../../../Enterprise/DerivedDataCache/Compressed.ddp not found, will not use a pak cache.
[2020.11.26-18.32.07:317][  0]LogDerivedDataCache: Unable to find inner node EnterprisePak for hierarchical cache Hierarchy.
[2020.11.26-18.32.07:319][  0]LogDerivedDataCache: Using Local data cache path C:/Users/iylek/AppData/Local/UnrealEngine/Common/DerivedDataCache: Writable
[2020.11.26-18.32.07:319][  0]LogDerivedDataCache: Shared data cache path not found in *engine.ini, will not use an Shared cache.
[2020.11.26-18.32.07:319][  0]LogDerivedDataCache: Unable to find inner node Shared for hierarchical cache Hierarchy.
[2020.11.26-18.32.07:378][  0]LogSlate: Using FreeType 2.10.0
[2020.11.26-18.32.07:398][  0]LogSlate: SlateFontServices - WITH_FREETYPE: 1, WITH_HARFBUZZ: 1
[2020.11.26-18.32.07:451][  0]LogAssetRegistry: FAssetRegistry took 0.0060 seconds to start up
[2020.11.26-18.32.08:119][  0]LogInit: Selected Device Profile: [Windows]
[2020.11.26-18.32.08:497][  0]LogMeshReduction: Using QuadricMeshReduction for automatic static mesh reduction
[2020.11.26-18.32.08:497][  0]LogMeshReduction: Using SimplygonMeshReduction for automatic skeletal mesh reduction
[2020.11.26-18.32.08:497][  0]LogMeshReduction: Using ProxyLODMeshReduction for automatic mesh merging
[2020.11.26-18.32.08:497][  0]LogMeshReduction: No distributed automatic mesh merging module available
[2020.11.26-18.32.08:498][  0]LogMeshMerging: No distributed automatic mesh merging module available
[2020.11.26-18.32.08:590][  0]LogNetVersion: FPSGame 1.0.0, NetCL: 13144385, EngineNetVer: 14, GameNetVer: 0 (Checksum: 1304077534)
[2020.11.26-18.32.10:346][  0]LogAISub: UAISubsystem::UAISubsystem AISubsystem (0000024ED9A62980), frame # 0
[2020.11.26-18.32.10:346][  0]LogAISub: UAISubsystem::UAISubsystem AIPerceptionSystem (0000024ED98E6AC0), frame # 0
[2020.11.26-18.32.10:352][  0]LogAISub: UAISubsystem::UAISubsystem EnvQueryManager (0000024ED992DC00), frame # 0
[2020.11.26-18.32.10:473][  0]LogPackageLocalizationCache: Processed 20 localized package path(s) for 1 prioritized culture(s) in 0.067171 seconds
[2020.11.26-18.32.10:478][  0]LogUObjectArray: 15917 objects as part of root set at end of initial load.
[2020.11.26-18.32.10:478][  0]LogUObjectAllocator: 3965568 out of 0 bytes used by permanent object pool.
[2020.11.26-18.32.10:478][  0]LogUObjectArray: CloseDisregardForGC: 0/0 objects in disregard for GC pool
[2020.11.26-18.32.11:758][  0]LogTcpMessaging: Initializing TcpMessaging bridge
[2020.11.26-18.32.11:767][  0]LogUdpMessaging: Initializing bridge on interface 0.0.0.0:0 to multicast group 230.0.0.1:6666.
[2020.11.26-18.32.12:355][  0]SourceControl: Source control is disabled
[2020.11.26-18.32.12:356][  0]SourceControl: Source control is disabled
[2020.11.26-18.32.12:374][  0]SourceControl: Source control is disabled
[2020.11.26-18.32.12:383][  0]SourceControl: Source control is disabled
[2020.11.26-18.32.12:396][  0]SourceControl: Source control is disabled
[2020.11.26-18.32.12:999][  0]LogAndroidPermission: UAndroidPermissionCallbackProxy::GetInstance
[2020.11.26-18.32.13:033][  0]LogAudioCaptureCore: Display: No Audio Capture implementations found. Audio input will be silent.
[2020.11.26-18.32.13:033][  0]LogAudioCaptureCore: Display: No Audio Capture implementations found. Audio input will be silent.
[2020.11.26-18.32.13:156][  0]LogOcInput: OculusInput pre-init called
[2020.11.26-18.32.13:178][  0]LogWindows: Failed to load 'OVRPlugin.dll' (GetLastError=126)
[2020.11.26-18.32.13:178][  0]LogWindows: File 'OVRPlugin.dll' does not exist
[2020.11.26-18.32.13:392][  0]LogEngine: Initializing Engine...
[2020.11.26-18.32.13:394][  0]LogHMD: Failed to initialize OpenVR with code 110
[2020.11.26-18.32.13:394][  0]LogMagicLeap: Warning: VR disabled because ZI is not enabled.  To enable, in the editor, Edit -> Project Settings -> Plugins -> Magic Leap Plugin -> Enable Zero Iteration
[2020.11.26-18.32.13:399][  0]LogStats: UGameplayTagsManager::InitializeManager -  0.002 s
[2020.11.26-18.32.13:748][  0]LogInit: Initializing FReadOnlyCVARCache
[2020.11.26-18.32.13:822][  0]LogAIModule: Creating AISystem for world Untitled
[2020.11.26-18.32.13:822][  0]LogAISub: UAISubsystem::UAISubsystem EnvQueryManager (0000024EDF717C00), frame # 0
[2020.11.26-18.32.13:823][  0]LogAISub: UAISubsystem::UAISubsystem AIPerceptionSystem (0000024EDF7620C0), frame # 0
[2020.11.26-18.32.13:844][  0]LogAudioMixer: Display: Audio Mixer Platform Settings:
[2020.11.26-18.32.13:844][  0]LogAudioMixer: Display: 	Sample Rate:						  48000
[2020.11.26-18.32.13:844][  0]LogAudioMixer: Display: 	Callback Buffer Frame Size Requested: 1024
[2020.11.26-18.32.13:844][  0]LogAudioMixer: Display: 	Callback Buffer Frame Size To Use:	  1024
[2020.11.26-18.32.13:844][  0]LogAudioMixer: Display: 	Number of buffers to queue:			  2
[2020.11.26-18.32.13:844][  0]LogAudioMixer: Display: 	Max Channels (voices):				  32
[2020.11.26-18.32.13:844][  0]LogAudioMixer: Display: 	Number of Async Source Workers:		  0
[2020.11.26-18.32.13:844][  0]LogAudio: Display: AudioDevice MaxSources: 32
[2020.11.26-18.32.13:847][  0]LogAudio: Display: Using built-in audio occlusion.
[2020.11.26-18.32.13:847][  0]LogAudioMixer: Display: Initializing audio mixer.
[2020.11.26-18.32.13:871][  0]LogAudioMixer: Display: 0: FrontLeft
[2020.11.26-18.32.13:871][  0]LogAudioMixer: Display: 1: FrontRight
[2020.11.26-18.32.13:900][  0]LogAudioMixer: Display: Using Audio Device Headset Earphone (HyperX Virtual Surround Sound)
[2020.11.26-18.32.13:902][  0]LogAudioMixer: Display: Initializing Sound Submixes...
[2020.11.26-18.32.13:928][  0]LogAudioMixer: Display: Creating Master Submix 'MasterSubmixDefault'
[2020.11.26-18.32.13:928][  0]LogAudioMixer: Display: Creating Master Submix 'MasterReverbSubmixDefault'
[2020.11.26-18.32.13:930][  0]LogAudioMixer: Display: Creating Master Submix 'MasterEQSubmixDefault'
[2020.11.26-18.32.13:932][  0]LogInit: FAudioDevice initialized.
[2020.11.26-18.32.13:933][  0]LogNetVersion: Set ProjectVersion to 1.0.0.0. Version Checksum will be recalculated on next use.
[2020.11.26-18.32.14:043][  0]LogDerivedDataCache: Saved boot cache 0.11s 77MB C:/Users/iylek/AppData/Local/UnrealEngine/4.25/DerivedDataCache/Boot.ddc.
[2020.11.26-18.32.14:049][  0]LogInit: Texture streaming: Enabled
[2020.11.26-18.32.14:086][  0]LogEngineSessionManager: EngineSessionManager initialized
[2020.11.26-18.32.14:086][  0]LogEngineSessionManager: EngineSessionManager sent abnormal shutdown report. Type=Debugger, SessionId={40380359-47F5-C08D-4171-26AD5E7D953E}
[2020.11.26-18.32.14:086][  0]LogEditorSessionSummary: Verbose: Initializing EditorSessionSummaryWriter for editor session tracking
[2020.11.26-18.32.14:091][  0]LogEditorSessionSummary: EditorSessionSummaryWriter initialized
[2020.11.26-18.32.14:181][  0]LogInit: Transaction tracking system initialized
[2020.11.26-18.32.14:249][  0]BlueprintLog: New page: Editor Load
[2020.11.26-18.32.14:508][  0]LocalizationService: Localization service is disabled
[2020.11.26-18.32.15:232][  0]LogCook: Display: Max memory allowance for cook 16384mb min free memory 0mb
[2020.11.26-18.32.15:233][  0]LogCook: Display: Mobile HDR setting 1
[2020.11.26-18.32.15:594][  0]LogFileCache: Scanning file cache for directory 'C:/Users/iylek/Desktop/Unreal/StealthGame/StealthGame_ProjectBase_4.25/StealthGame/Content/' took 0.00s
[2020.11.26-18.32.15:830][  0]SourceControl: Source control is disabled
[2020.11.26-18.32.15:831][  0]LogUnrealEdMisc: Loading editor; pre map load, took 23.426
[2020.11.26-18.32.15:832][  0]Cmd: MAP LOAD FILE="../../../../../../Users/iylek/Desktop/Unreal/StealthGame/StealthGame_ProjectBase_4.25/StealthGame/Content/Maps/FirstPersonExampleMap.umap" TEMPLATE=0 SHOWPROGRESS=1 FEATURELEVEL=3
[2020.11.26-18.32.15:833][  0]LightingResults: New page: Lighting Build
[2020.11.26-18.32.15:843][  0]LogWorld: UWorld::CleanupWorld for Untitled, bSessionEnded=true, bCleanupResources=true
[2020.11.26-18.32.15:844][  0]LogSlate: InvalidateAllWidgets triggered.  All widgets were invalidated
[2020.11.26-18.32.15:845][  0]MapCheck: New page: Map Check
[2020.11.26-18.32.15:845][  0]LightingResults: New page: Lighting Build
[2020.11.26-18.32.15:867][  0]LogAISub: UAISubsystem::~UAISubsystem EnvQueryManager (0000024EDF717C00), frame # 0
[2020.11.26-18.32.15:867][  0]LogAISub: UAISubsystem::~UAISubsystem AIPerceptionSystem (0000024EDF7620C0), frame # 0
[2020.11.26-18.32.15:868][  0]LogUObjectHash: Compacting FUObjectHashTables data took   0.77ms
[2020.11.26-18.32.16:673][  0]LogAIModule: Creating AISystem for world FirstPersonExampleMap
[2020.11.26-18.32.16:673][  0]LogAISub: UAISubsystem::UAISubsystem EnvQueryManager (0000024ED13F3E00), frame # 0
[2020.11.26-18.32.16:673][  0]LogAISub: UAISubsystem::UAISubsystem AIPerceptionSystem (0000024ED1476E80), frame # 0
[2020.11.26-18.32.16:723][  0]LogEditorServer: Finished looking for orphan Actors (0.000 secs)
[2020.11.26-18.32.16:751][  0]LogUObjectHash: Compacting FUObjectHashTables data took   0.99ms
[2020.11.26-18.32.16:751][  0]Cmd: MAP CHECKDEP NOCLEARLOG
[2020.11.26-18.32.16:752][  0]MapCheck: Map check complete: 0 Error(s), 0 Warning(s), took 0.587ms to complete.
[2020.11.26-18.32.16:752][  0]LogFileHelpers: Loading map 'FirstPersonExampleMap' took 0.921
[2020.11.26-18.32.16:798][  0]LogUnrealEdMisc: Total Editor Startup Time, took 24.394
[2020.11.26-18.32.16:971][  0]LogSlate: Updating window title bar state: overlay mode, drag disabled, window buttons hidden, title bar hidden
[2020.11.26-18.32.16:978][  0]LogSlate: Updating window title bar state: overlay mode, drag disabled, window buttons hidden, title bar hidden
[2020.11.26-18.32.16:985][  0]LogSlate: Updating window title bar state: overlay mode, drag disabled, window buttons hidden, title bar hidden
[2020.11.26-18.32.16:990][  0]LogSlate: Updating window title bar state: overlay mode, drag disabled, window buttons hidden, title bar hidden
[2020.11.26-18.32.17:013][  0]LogCollectionManager: Loaded 0 collections in 0.002064 seconds
[2020.11.26-18.32.17:062][  0]LogFileCache: Scanning file cache for directory 'C:/Users/iylek/Desktop/Unreal/StealthGame/StealthGame_ProjectBase_4.25/StealthGame/Saved/Collections/' took 0.00s
[2020.11.26-18.32.17:062][  0]LogFileCache: Scanning file cache for directory 'C:/Users/iylek/Desktop/Unreal/StealthGame/StealthGame_ProjectBase_4.25/StealthGame/Content/Developers/iylek/Collections/' took 0.00s
[2020.11.26-18.32.17:062][  0]LogFileCache: Scanning file cache for directory 'C:/Users/iylek/Desktop/Unreal/StealthGame/StealthGame_ProjectBase_4.25/StealthGame/Content/Collections/' took 0.00s
[2020.11.26-18.32.17:062][  0]LogContentBrowser: Native class hierarchy populated in 0.0125 seconds. Added 3439 classes and 827 folders.
[2020.11.26-18.32.17:074][  0]LogContentBrowser: Native class hierarchy updated for 'WidgetCarousel' in 0.0004 seconds. Added 0 classes and 0 folders.
[2020.11.26-18.32.17:526][  0]LogContentBrowser: Native class hierarchy updated for 'AddContentDialog' in 0.0004 seconds. Added 0 classes and 0 folders.
[2020.11.26-18.32.17:536][  0]LogContentBrowser: Native class hierarchy updated for 'SceneOutliner' in 0.0004 seconds. Added 2 classes and 0 folders.
[2020.11.26-18.32.17:629][  0]LogContentBrowser: Native class hierarchy updated for 'HierarchicalLODOutliner' in 0.0005 seconds. Added 0 classes and 0 folders.
[2020.11.26-18.32.17:629][  0]LogLoad: (Engine Initialization) Total time: 25.22 seconds
[2020.11.26-18.32.17:629][  0]LogLoad: (Engine Initialization) Total Blueprint compile time: 0.00 seconds
[2020.11.26-18.32.17:672][  0]LogAssetRegistry: Asset discovery search completed in 10.2225 seconds
[2020.11.26-18.32.17:676][  0]LogCollectionManager: Fixed up redirectors for 0 collections in 0.000002 seconds (updated 0 objects)
[2020.11.26-18.32.17:682][  0]LogContentStreaming: Texture pool size now 1000 MB
[2020.11.26-18.32.17:698][  0]LogSlate: Took 0.007260 seconds to synchronously load lazily loaded font '../../../Engine/Content/Slate/Fonts/Roboto-Regular.ttf' (155K)
[2020.11.26-18.32.17:707][  0]LogSlate: Took 0.006805 seconds to synchronously load lazily loaded font '../../../Engine/Content/Slate/Fonts/Roboto-Bold.ttf' (160K)
[2020.11.26-18.32.17:719][  0]LogSlate: Took 0.008111 seconds to synchronously load lazily loaded font '../../../Engine/Content/Editor/Slate/Fonts/FontAwesome.ttf' (139K)
[2020.11.26-18.32.17:848][  0]LogRenderer: Reallocating scene render targets to support 1196x564 Format 10 NumSamples 1 (Frame:1).
[2020.11.26-18.32.17:848][  0]LogSlate: Took 0.009307 seconds to synchronously load lazily loaded font '../../../Engine/Content/Slate/Fonts/Roboto-Light.ttf' (167K)
[2020.11.26-18.32.45:968][285]LogEditorViewport: Clicking on Actor (LMB): BP_LaunchPad_Plug_C (BP_LaunchPad_Plug)
[2020.11.26-18.32.49:284][654]LogTemp: Repeating last play command: Selected Viewport
[2020.11.26-18.32.49:303][654]LogPlayLevel: PlayLevel: No blueprints needed recompiling
[2020.11.26-18.32.49:304][654]PIE: New page: PIE session: FirstPersonExampleMap (Nov. 26, 2020, 8:32:49 a.m.)
[2020.11.26-18.32.49:306][654]LogOnline: OSS: Creating online subsystem instance for: NULL
[2020.11.26-18.32.49:308][654]LogOnline: OSS: TryLoadSubsystemAndSetDefault: Loaded subsystem for module [NULL]
[2020.11.26-18.32.49:309][654]LogPlayLevel: Creating play world package: /Game/Maps/UEDPIE_0_FirstPersonExampleMap
[2020.11.26-18.32.49:326][654]LogPlayLevel: PIE: StaticDuplicateObject took: (0.017194s)
[2020.11.26-18.32.49:328][654]LogAIModule: Creating AISystem for world FirstPersonExampleMap
[2020.11.26-18.32.49:328][654]LogAISub: UAISubsystem::UAISubsystem EnvQueryManager (0000024EE9AC3E00), frame # 2654
[2020.11.26-18.32.49:328][654]LogAISub: UAISubsystem::UAISubsystem AIPerceptionSystem (0000024ED1416700), frame # 2654
[2020.11.26-18.32.49:328][654]LogPlayLevel: PIE: World Init took: (0.001612s)
[2020.11.26-18.32.49:328][654]LogPlayLevel: PIE: Created PIE world by copying editor world from /Game/Maps/FirstPersonExampleMap.FirstPersonExampleMap to /Game/Maps/UEDPIE_0_FirstPersonExampleMap.FirstPersonExampleMap (0.018995s)
[2020.11.26-18.32.49:344][654]LogUObjectHash: Compacting FUObjectHashTables data took   0.62ms
[2020.11.26-18.32.49:345][654]LogLoad: Game class is 'BP_GameMode_C'
[2020.11.26-18.32.49:348][654]LogWorld: Bringing World /Game/Maps/UEDPIE_0_FirstPersonExampleMap.FirstPersonExampleMap up for play (max tick rate 0) at 2020.11.26-13.32.49
[2020.11.26-18.32.49:352][654]LogWorld: Bringing up level for play took: 0.005109
[2020.11.26-18.32.49:355][654]LogNet: ReplicationDriverClass is null! Not using ReplicationDriver.
[2020.11.26-18.32.49:355][654]LogNetCore: DDoS detection status: detection enabled: 0 analytics enabled: 0
[2020.11.26-18.32.49:355][654]LogInit: WinSock: Socket queue. Rx: 131072 (config 131072) Tx: 131072 (config 131072)
[2020.11.26-18.32.49:356][654]LogNet: Created socket for bind address: 0.0.0.0 on port 17777
[2020.11.26-18.32.49:356][654]PacketHandlerLog: Loaded PacketHandler component: Engine.EngineHandlerComponentFactory (StatelessConnectHandlerComponent)
[2020.11.26-18.32.49:356][654]LogNet: GameNetDriver IpNetDriver_0 IpNetDriver listening on port 17777
[2020.11.26-18.32.49:358][654]PIE: Server logged in
[2020.11.26-18.32.49:359][654]PIE: Play in editor total start time 0.057 seconds.
[2020.11.26-18.32.49:360][654]LogAudioMixer: Display: Audio Mixer Platform Settings:
[2020.11.26-18.32.49:360][654]LogAudioMixer: Display: 	Sample Rate:						  48000
[2020.11.26-18.32.49:360][654]LogAudioMixer: Display: 	Callback Buffer Frame Size Requested: 1024
[2020.11.26-18.32.49:360][654]LogAudioMixer: Display: 	Callback Buffer Frame Size To Use:	  1024
[2020.11.26-18.32.49:360][654]LogAudioMixer: Display: 	Number of buffers to queue:			  2
[2020.11.26-18.32.49:360][654]LogAudioMixer: Display: 	Max Channels (voices):				  32
[2020.11.26-18.32.49:360][654]LogAudioMixer: Display: 	Number of Async Source Workers:		  0
[2020.11.26-18.32.49:360][654]LogAudio: Display: AudioDevice MaxSources: 32
[2020.11.26-18.32.49:360][654]LogAudio: Display: Using built-in audio occlusion.
[2020.11.26-18.32.49:360][654]LogAudioMixer: Display: Initializing audio mixer.
[2020.11.26-18.32.49:363][654]LogAudioMixer: Display: 0: FrontLeft
[2020.11.26-18.32.49:363][654]LogAudioMixer: Display: 1: FrontRight
[2020.11.26-18.32.49:375][654]LogAudioMixer: Display: Using Audio Device Headset Earphone (HyperX Virtual Surround Sound)
[2020.11.26-18.32.49:375][654]LogAudioMixer: Display: Initializing Sound Submixes...
[2020.11.26-18.32.49:375][654]LogAudioMixer: Display: Creating Master Submix 'MasterSubmixDefault'
[2020.11.26-18.32.49:375][654]LogAudioMixer: Display: Creating Master Submix 'MasterReverbSubmixDefault'
[2020.11.26-18.32.49:375][654]LogAudioMixer: Display: Creating Master Submix 'MasterEQSubmixDefault'
[2020.11.26-18.32.49:387][654]LogInit: FAudioDevice initialized.
[2020.11.26-18.32.49:394][654]LogNet: Browse: 127.0.0.1:17777/Game/Maps/FirstPersonExampleMap
[2020.11.26-18.32.49:394][654]LogInit: WinSock: Socket queue. Rx: 32768 (config 32768) Tx: 32768 (config 32768)
[2020.11.26-18.32.49:394][654]LogNet: Created socket for bind address: 0.0.0.0 on port 0
[2020.11.26-18.32.49:394][654]PacketHandlerLog: Loaded PacketHandler component: Engine.EngineHandlerComponentFactory (StatelessConnectHandlerComponent)
[2020.11.26-18.32.49:395][654]LogNet: Game client on port 17777, rate 10000
[2020.11.26-18.32.49:395][654]PIE: Client logged in
[2020.11.26-18.32.49:395][654]PIE: Play in editor total start time 0.093 seconds.
[2020.11.26-18.32.49:413][654]LogOnline: OSS: Creating online subsystem instance for: :Context_5
[2020.11.26-18.32.50:408][768]LogNet: NotifyAcceptingConnection accepted from: 127.0.0.1:50937
[2020.11.26-18.32.50:408][768]LogHandshake: SendConnectChallenge. Timestamp: 1.132820, Cookie: 058142242092142141092136061096098097034032083149134039041144
[2020.11.26-18.32.50:409][768]LogHandshake: SendChallengeResponse. Timestamp: 1.132820, Cookie: 058142242092142141092136061096098097034032083149134039041144
[2020.11.26-18.32.50:417][769]LogNet: NotifyAcceptingConnection accepted from: 127.0.0.1:50937
[2020.11.26-18.32.50:417][769]LogHandshake: SendChallengeAck. InCookie: 058142242092142141092136061096098097034032083149134039041144
[2020.11.26-18.32.50:417][769]LogNet: Server accepting post-challenge connection from: 127.0.0.1:50937
[2020.11.26-18.32.50:417][769]PacketHandlerLog: Loaded PacketHandler component: Engine.EngineHandlerComponentFactory (StatelessConnectHandlerComponent)
[2020.11.26-18.32.50:417][769]LogNet: NotifyAcceptedConnection: Name: FirstPersonExampleMap, TimeStamp: 11/26/20 13:32:50, [UNetConnection] RemoteAddr: 127.0.0.1:50937, Name: IpConnection_1, Driver: GameNetDriver IpNetDriver_0, IsServer: YES, PC: NULL, Owner: NULL, UniqueId: INVALID
[2020.11.26-18.32.50:417][769]LogNet: AddClientConnection: Added client connection: [UNetConnection] RemoteAddr: 127.0.0.1:50937, Name: IpConnection_1, Driver: GameNetDriver IpNetDriver_0, IsServer: YES, PC: NULL, Owner: NULL, UniqueId: INVALID
[2020.11.26-18.32.50:418][769]LogNetVersion: FPSGame 1.0.0.0, NetCL: 13144385, EngineNetVer: 14, GameNetVer: 0 (Checksum: 2858806747)
[2020.11.26-18.32.50:418][769]LogNet: UPendingNetGame::SendInitialJoin: Sending hello. [UNetConnection] RemoteAddr: 127.0.0.1:17777, Name: IpConnection_0, Driver: PendingNetDriver IpNetDriver_1, IsServer: NO, PC: NULL, Owner: NULL, UniqueId: INVALID
[2020.11.26-18.32.50:425][770]LogNet: NotifyAcceptingChannel Control 0 server World /Game/Maps/UEDPIE_0_FirstPersonExampleMap.FirstPersonExampleMap: Accepted
[2020.11.26-18.32.50:425][770]LogNet: Remote platform little endian=1
[2020.11.26-18.32.50:425][770]LogNet: This platform little endian=1
[2020.11.26-18.32.50:426][770]LogOnline: OSS: Creating online subsystem instance for: :Context_6
[2020.11.26-18.32.50:433][771]LogNet: Login request: ?Name=DESKTOP-AOUSEP6-B9B97CC74A64A03BC179FE8E74D24807 userId: NULL:DESKTOP-AOUSEP6-B9B97CC74A64A03BC179FE8E74D24807 platform: NULL
[2020.11.26-18.32.50:434][771]LogNet: Welcomed by server (Level: /Game/Maps/UEDPIE_0_FirstPersonExampleMap, Game: /Game/Blueprints/BP_GameMode.BP_GameMode_C)
[2020.11.26-18.32.50:434][771]LogLoad: LoadMap: 127.0.0.1:17777/Game/Maps/UEDPIE_0_FirstPersonExampleMap?game=/Game/Blueprints/BP_GameMode.BP_GameMode_C
[2020.11.26-18.32.50:434][771]LogWorld: BeginTearingDown for /Temp/Untitled_1
[2020.11.26-18.32.50:434][771]LogWorld: UWorld::CleanupWorld for Untitled, bSessionEnded=true, bCleanupResources=true
[2020.11.26-18.32.50:435][771]LogSlate: InvalidateAllWidgets triggered.  All widgets were invalidated
[2020.11.26-18.32.50:445][771]LogUObjectHash: Compacting FUObjectHashTables data took   0.69ms
[2020.11.26-18.32.50:461][771]LogAIModule: Creating AISystem for world FirstPersonExampleMap
[2020.11.26-18.32.50:461][771]LogAISub: UAISubsystem::UAISubsystem EnvQueryManager (0000024EE9D8FE00), frame # 2771
[2020.11.26-18.32.50:461][771]LogAISub: UAISubsystem::UAISubsystem AIPerceptionSystem (0000024EC8682340), frame # 2771
[2020.11.26-18.32.50:465][771]LogWorld: Bringing World /Game/Maps/UEDPIE_1_FirstPersonExampleMap.FirstPersonExampleMap up for play (max tick rate 0) at 2020.11.26-13.32.50
[2020.11.26-18.32.50:466][771]LogWorld: Bringing up level for play took: 0.003765
[2020.11.26-18.32.50:467][771]LogLoad: Took 0.032984 seconds to LoadMap(/Game/Maps/UEDPIE_0_FirstPersonExampleMap)
[2020.11.26-18.32.50:475][772]LogNet: Client netspeed is 10000
[2020.11.26-18.32.50:475][772]LogNet: Join request: /Game/Maps/FirstPersonExampleMap?Name=DESKTOP-AOUSEP6-B9B97CC74A64A03BC179FE8E74D24807?SplitscreenCount=1
[2020.11.26-18.32.50:475][772]LogOnlineSession: Warning: OSS: No game present to join for session (GameSession)
[2020.11.26-18.32.50:487][772]LogNet: Join succeeded: DESKTOP-AOUSEP6-B9B9
[2020.11.26-18.32.50:789][807]LogNavigation: Warning: UNavigationSystemV1::SimpleMoveToActor called for NavSys:None Controller:None controlling Pawn:NULL with goal actor BP_Partol_TargetPoint_2 (if any of these is None then there's your problem
[2020.11.26-18.32.50:836][811]LogOnlineSession: Warning: OSS: No game present to join for session (GameSession)
[2020.11.26-18.32.51:919][937]LogNavigation: Warning: UNavigationSystemV1::SimpleMoveToActor called for NavSys:None Controller:None controlling Pawn:NULL with goal actor BP_Partol_TargetPoint2_5 (if any of these is None then there's your problem
[2020.11.26-18.32.54:861][284]LogNavigation: Warning: UNavigationSystemV1::SimpleMoveToActor called for NavSys:None Controller:None controlling Pawn:NULL with goal actor BP_Partol_TargetPoint_2 (if any of these is None then there's your problem
[2020.11.26-18.32.57:812][634]LogNavigation: Warning: UNavigationSystemV1::SimpleMoveToActor called for NavSys:None Controller:None controlling Pawn:NULL with goal actor BP_Partol_TargetPoint2_5 (if any of these is None then there's your problem
[2020.11.26-18.32.59:234][790]LogSlate: Took 0.014132 seconds to synchronously load lazily loaded font '../../../Engine/Content/Slate/Fonts/Roboto-Italic.ttf' (157K)
[2020.11.26-18.33.06:722][111]LogNavigation: Warning: UNavigationSystemV1::SimpleMoveToActor called for NavSys:None Controller:None controlling Pawn:NULL with goal actor BP_Partol_TargetPoint_2 (if any of these is None then there's your problem
[2020.11.26-18.33.09:455][204]LogNavigation: Warning: UNavigationSystemV1::SimpleMoveToActor called for NavSys:None Controller:None controlling Pawn:NULL with goal actor BP_Partol_TargetPoint2_5 (if any of these is None then there's your problem
[2020.11.26-18.33.12:709][473]LogNavigation: Warning: UNavigationSystemV1::SimpleMoveToActor called for NavSys:None Controller:None controlling Pawn:NULL with goal actor BP_Partol_TargetPoint_2 (if any of these is None then there's your problem
[2020.11.26-18.33.15:665][826]LogNavigation: Warning: UNavigationSystemV1::SimpleMoveToActor called for NavSys:None Controller:None controlling Pawn:NULL with goal actor BP_Partol_TargetPoint2_5 (if any of these is None then there's your problem
[2020.11.26-18.33.17:511][ 45]LogScript: Warning: Accessed None trying to read property CallFunc_Create_ReturnValue
	BP_GameMode_C /Game/Maps/UEDPIE_0_FirstPersonExampleMap.FirstPersonExampleMap:PersistentLevel.BP_GameMode_C_0
	Function /Game/Blueprints/BP_GameMode.BP_GameMode_C:ExecuteUbergraph_BP_GameMode:007C
[2020.11.26-18.33.17:511][ 45]PIE: Error: Blueprint Runtime Error: "Accessed None trying to read property CallFunc_Create_ReturnValue". Blueprint:  BP_GameMode Function:  Execute Ubergraph BP Game Mode Graph:  EventGraph Node:  Add to Viewport
[2020.11.26-18.33.20:930][446]LogSlate: Updating window title bar state: overlay mode, drag disabled, window buttons hidden, title bar hidden
[2020.11.26-18.33.20:930][446]LogWorld: BeginTearingDown for /Game/Maps/UEDPIE_1_FirstPersonExampleMap
[2020.11.26-18.33.20:930][446]LogWorld: UWorld::CleanupWorld for FirstPersonExampleMap, bSessionEnded=true, bCleanupResources=true
[2020.11.26-18.33.20:931][446]LogSlate: InvalidateAllWidgets triggered.  All widgets were invalidated
[2020.11.26-18.33.20:938][446]LogNet: World NetDriver shutdown IpNetDriver_1 [GameNetDriver]
[2020.11.26-18.33.20:938][446]LogNet: DestroyNamedNetDriver IpNetDriver_1 [GameNetDriver]
[2020.11.26-18.33.20:938][446]LogNet: UNetConnection::Close: [UNetConnection] RemoteAddr: 127.0.0.1:17777, Name: IpConnection_0, Driver: GameNetDriver IpNetDriver_1, IsServer: NO, PC: PlayerController_1, Owner: PlayerController_1, UniqueId: NULL:DESKTOP-AOUSEP6-B9B97CC74A64A03BC179FE8E74D24807, Channels: 11, Time: 2020.11.26-18.33.20
[2020.11.26-18.33.20:938][446]LogNet: UChannel::Close: Sending CloseBunch. ChIndex == 0. Name: [UChannel] ChIndex: 0, Closing: 0 [UNetConnection] RemoteAddr: 127.0.0.1:17777, Name: IpConnection_0, Driver: GameNetDriver IpNetDriver_1, IsServer: NO, PC: PlayerController_1, Owner: PlayerController_1, UniqueId: NULL:DESKTOP-AOUSEP6-B9B97CC74A64A03BC179FE8E74D24807
[2020.11.26-18.33.20:939][446]LogExit: GameNetDriver IpNetDriver_1 shut down
[2020.11.26-18.33.20:939][446]LogWorld: BeginTearingDown for /Game/Maps/UEDPIE_0_FirstPersonExampleMap
[2020.11.26-18.33.20:939][446]LogWorld: UWorld::CleanupWorld for FirstPersonExampleMap, bSessionEnded=true, bCleanupResources=true
[2020.11.26-18.33.20:940][446]LogSlate: InvalidateAllWidgets triggered.  All widgets were invalidated
[2020.11.26-18.33.20:940][446]LogNet: World NetDriver shutdown IpNetDriver_0 [GameNetDriver]
[2020.11.26-18.33.20:940][446]LogNet: DestroyNamedNetDriver IpNetDriver_0 [GameNetDriver]
[2020.11.26-18.33.20:940][446]LogNet: UNetConnection::Cleanup: Closing open connection. [UNetConnection] RemoteAddr: 127.0.0.1:50937, Name: IpConnection_1, Driver: GameNetDriver IpNetDriver_0, IsServer: YES, PC: PlayerController_0, Owner: PlayerController_0, UniqueId: NULL:DESKTOP-AOUSEP6-B9B97CC74A64A03BC179FE8E74D24807
[2020.11.26-18.33.20:940][446]LogNet: UNetConnection::Close: [UNetConnection] RemoteAddr: 127.0.0.1:50937, Name: IpConnection_1, Driver: GameNetDriver IpNetDriver_0, IsServer: YES, PC: PlayerController_0, Owner: PlayerController_0, UniqueId: NULL:DESKTOP-AOUSEP6-B9B97CC74A64A03BC179FE8E74D24807, Channels: 11, Time: 2020.11.26-18.33.20
[2020.11.26-18.33.20:940][446]LogNet: UChannel::Close: Sending CloseBunch. ChIndex == 0. Name: [UChannel] ChIndex: 0, Closing: 0 [UNetConnection] RemoteAddr: 127.0.0.1:50937, Name: IpConnection_1, Driver: GameNetDriver IpNetDriver_0, IsServer: YES, PC: PlayerController_0, Owner: PlayerController_0, UniqueId: NULL:DESKTOP-AOUSEP6-B9B97CC74A64A03BC179FE8E74D24807
[2020.11.26-18.33.20:940][446]LogExit: GameNetDriver IpNetDriver_0 shut down
[2020.11.26-18.33.20:941][446]LogPlayLevel: Display: Shutting down PIE online subsystems
[2020.11.26-18.33.20:942][446]LogSlate: InvalidateAllWidgets triggered.  All widgets were invalidated
[2020.11.26-18.33.20:968][446]LogSlate: Updating window title bar state: overlay mode, drag disabled, window buttons hidden, title bar hidden
[2020.11.26-18.33.20:970][446]LogAISub: UAISubsystem::~UAISubsystem EnvQueryManager (0000024EE9AC3E00), frame # 5446
[2020.11.26-18.33.20:970][446]LogAISub: UAISubsystem::~UAISubsystem AIPerceptionSystem (0000024ED1416700), frame # 5446
[2020.11.26-18.33.20:970][446]LogAISub: UAISubsystem::~UAISubsystem EnvQueryManager (0000024EE9D8FE00), frame # 5446
[2020.11.26-18.33.20:970][446]LogAISub: UAISubsystem::~UAISubsystem AIPerceptionSystem (0000024EC8682340), frame # 5446
[2020.11.26-18.33.20:971][446]LogUObjectHash: Compacting FUObjectHashTables data took   0.67ms
[2020.11.26-18.33.21:038][446]LogSlate: Took 0.008450 seconds to synchronously load lazily loaded font '../../../Engine/Content/Slate/Fonts/DroidSansMono.ttf' (77K)
[2020.11.26-18.33.21:043][447]LogPlayLevel: Display: Destroying online subsystem :Context_6
[2020.11.26-18.33.21:043][447]LogPlayLevel: Display: Destroying online subsystem :Context_5
