Log file open, 08/30/20 00:39:26
LogInit: Display: Running engine for game: FPSGame
LogPlatformFile: Not using cached read wrapper
LogTaskGraph: Started task graph with 5 named threads and 35 total threads with 3 sets of task threads.
LogStats: Stats thread started at 0.272395
LogD3D11RHI: Loaded GFSDK_Aftermath_Lib.x64.dll
LogICUInternationalization: ICU TimeZone Detection - Raw Offset: -5:00, Platform Override: ''
LogPluginManager: Mounting plugin Paper2D
LogPluginManager: Mounting plugin AISupport
LogPluginManager: Mounting plugin LightPropagationVolume
LogPluginManager: Mounting plugin CameraShakePreviewer
LogPluginManager: Mounting plugin ActorLayerUtilities
LogPluginManager: Mounting plugin AnimationSharing
LogPluginManager: Mounting plugin CLionSourceCodeAccess
LogPluginManager: Mounting plugin CodeLiteSourceCodeAccess
LogPluginManager: Mounting plugin GitSourceControl
LogPluginManager: Mounting plugin KDevelopSourceCodeAccess
LogPluginManager: Mounting plugin NullSourceCodeAccess
LogPluginManager: Mounting plugin PerforceSourceControl
LogPluginManager: Mounting plugin PlasticSourceControl
LogPluginManager: Mounting plugin RiderSourceCodeAccess
LogPluginManager: Mounting plugin SubversionSourceControl
LogPluginManager: Mounting plugin UObjectPlugin
LogPluginManager: Mounting plugin VisualStudioCodeSourceCodeAccess
LogPluginManager: Mounting plugin VisualStudioSourceCodeAccess
LogPluginManager: Mounting plugin XCodeSourceCodeAccess
LogPluginManager: Mounting plugin AssetManagerEditor
LogPluginManager: Mounting plugin CryptoKeys
LogPluginManager: Mounting plugin CurveEditorTools
LogPluginManager: Mounting plugin DataValidation
LogPluginManager: Mounting plugin EditorScriptingUtilities
LogPluginManager: Mounting plugin FacialAnimation
LogPluginManager: Mounting plugin GameplayTagsEditor
LogPluginManager: Mounting plugin GeometryMode
LogPluginManager: Mounting plugin MacGraphicsSwitching
LogPluginManager: Mounting plugin MaterialAnalyzer
LogPluginManager: Mounting plugin MobileLauncherProfileWizard
LogPluginManager: Mounting plugin PluginBrowser
LogPluginManager: Mounting plugin SpeedTreeImporter
LogPluginManager: Mounting plugin DatasmithContent
LogPluginManager: Mounting plugin VariantManagerContent
LogPluginManager: Mounting plugin AlembicImporter
LogPluginManager: Mounting plugin AutomationUtils
LogPluginManager: Mounting plugin BackChannel
LogPluginManager: Mounting plugin ChaosCloth
LogPluginManager: Mounting plugin ChaosClothEditor
LogPluginManager: Mounting plugin ChaosEditor
LogPluginManager: Mounting plugin ChaosNiagara
LogPluginManager: Mounting plugin ChaosSolverPlugin
LogPluginManager: Mounting plugin CharacterAI
LogPluginManager: Mounting plugin GeometryCache
LogPluginManager: Mounting plugin GeometryCollectionPlugin
LogPluginManager: Mounting plugin GeometryProcessing
LogPluginManager: Mounting plugin PlanarCut
LogPluginManager: Mounting plugin PlatformCrypto
LogPluginManager: Mounting plugin ProxyLODPlugin
LogPluginManager: Mounting plugin SkeletalReduction
LogPluginManager: Mounting plugin Niagara
LogPluginManager: Mounting plugin MagicLeap
LogPluginManager: Mounting plugin MagicLeapLightEstimation
LogPluginManager: Mounting plugin MagicLeapMedia
LogPluginManager: Mounting plugin MagicLeapPassableWorld
LogPluginManager: Mounting plugin MLSDK
LogPluginManager: Mounting plugin AndroidMedia
LogPluginManager: Mounting plugin AvfMedia
LogPluginManager: Mounting plugin ImgMedia
LogPluginManager: Mounting plugin MediaCompositing
LogPluginManager: Mounting plugin MediaPlayerEditor
LogPluginManager: Mounting plugin WebMMedia
LogPluginManager: Mounting plugin WmfMedia
LogPluginManager: Mounting plugin MeshPainting
LogPluginManager: Mounting plugin TcpMessaging
LogPluginManager: Mounting plugin UdpMessaging
LogPluginManager: Mounting plugin ActorSequence
LogPluginManager: Mounting plugin LevelSequenceEditor
LogPluginManager: Mounting plugin MatineeToLevelSequence
LogPluginManager: Mounting plugin MovieRenderPipeline
LogPluginManager: Mounting plugin TemplateSequence
LogPluginManager: Mounting plugin NetcodeUnitTest
LogPluginManager: Mounting plugin NUTUnrealEngine4
LogPluginManager: Mounting plugin OnlineSubsystemGooglePlay
LogPluginManager: Mounting plugin OnlineSubsystemIOS
LogPluginManager: Mounting plugin OnlineSubsystem
LogPluginManager: Mounting plugin OnlineSubsystemNull
LogPluginManager: Mounting plugin OnlineSubsystemUtils
LogPluginManager: Mounting plugin LauncherChunkInstaller
LogPluginManager: Mounting plugin AndroidDeviceProfileSelector
LogPluginManager: Mounting plugin AndroidMoviePlayer
LogPluginManager: Mounting plugin AndroidPermission
LogPluginManager: Mounting plugin AppleImageUtils
LogPluginManager: Mounting plugin AppleMoviePlayer
LogPluginManager: Mounting plugin ArchVisCharacter
LogPluginManager: Mounting plugin AssetTags
LogPluginManager: Mounting plugin AudioCapture
LogPluginManager: Mounting plugin CableComponent
LogPluginManager: Mounting plugin CustomMeshComponent
LogPluginManager: Mounting plugin EditableMesh
LogPluginManager: Mounting plugin ExampleDeviceProfileSelector
LogPluginManager: Mounting plugin GoogleCloudMessaging
LogPluginManager: Mounting plugin GooglePAD
LogPluginManager: Mounting plugin IOSDeviceProfileSelector
LogPluginManager: Mounting plugin LinuxDeviceProfileSelector
LogPluginManager: Mounting plugin LocationServicesBPLibrary
LogPluginManager: Mounting plugin MobilePatchingUtils
LogPluginManager: Mounting plugin OculusVR
LogPluginManager: Mounting plugin PhysXVehicles
LogPluginManager: Mounting plugin PostSplashScreen
LogPluginManager: Mounting plugin ProceduralMeshComponent
LogPluginManager: Mounting plugin RuntimePhysXCooking
LogPluginManager: Mounting plugin SignificanceManager
LogPluginManager: Mounting plugin SoundFields
LogPluginManager: Mounting plugin SteamVR
LogPluginManager: Mounting plugin Synthesis
LogPluginManager: Mounting plugin WebMMoviePlayer
LogPluginManager: Mounting plugin WindowsMoviePlayer
LogPluginManager: Mounting plugin ScreenshotTools
LogInit: Using libcurl 7.55.1-DEV
LogInit:  - built for x86_64-pc-win32
LogInit:  - supports SSL with OpenSSL/1.1.1
LogInit:  - supports HTTP deflate (compression) using libz 1.2.8
LogInit:  - other features:
LogInit:      CURL_VERSION_SSL
LogInit:      CURL_VERSION_LIBZ
LogInit:      CURL_VERSION_IPV6
LogInit:      CURL_VERSION_ASYNCHDNS
LogInit:      CURL_VERSION_LARGEFILE
LogInit:      CURL_VERSION_IDN
LogInit:  CurlRequestOptions (configurable via config and command line):
LogInit:  - bVerifyPeer = true  - Libcurl will verify peer certificate
LogInit:  - bUseHttpProxy = false  - Libcurl will NOT use HTTP proxy
LogInit:  - bDontReuseConnections = false  - Libcurl will reuse connections
LogInit:  - MaxHostConnections = 16  - Libcurl will limit the number of connections to a host
LogInit:  - LocalHostAddr = Default
LogInit:  - BufferSize = 65536
LogOnline: OSS: Creating online subsystem instance for: NULL
LogInit: WinSock: version 1.1 (2.2), MaxSocks=32767, MaxUdp=65467
LogOnline: OSS: TryLoadSubsystemAndSetDefault: Loaded subsystem for module [NULL]
LogInit: Build: ++UE4+Release-4.25-CL-13942748
LogInit: Engine Version: 4.25.3-13942748+++UE4+Release-4.25
LogInit: Compatible Engine Version: 4.25.0-13144385+++UE4+Release-4.25
LogInit: Net CL: 13144385
LogInit: OS: Windows 10 (Release 1909) (), CPU: AMD Ryzen 5 3600 6-Core Processor              , GPU: NVIDIA GeForce RTX 2060
LogInit: Compiled (64-bit): Jul 25 2020 02:07:48
LogInit: Compiled with Visual C++: 19.24.28315.00
LogInit: Build Configuration: Development
LogInit: Branch Name: ++UE4+Release-4.25
LogInit: Command Line:  -skipcompile
LogInit: Base Directory: C:/Program Files/Epic Games/UE_4.25/Engine/Binaries/Win64/
LogInit: Allocator: TBB
LogInit: Installed Engine Build: 1
LogDevObjectVersion: Number of dev versions registered: 26
LogDevObjectVersion:   Dev-Blueprints (B0D832E4-1F89-4F0D-ACCF-7EB736FD4AA2): 10
LogDevObjectVersion:   Dev-Build (E1C64328-A22C-4D53-A36C-8E866417BD8C): 0
LogDevObjectVersion:   Dev-Core (375EC13C-06E4-48FB-B500-84F0262A717E): 4
LogDevObjectVersion:   Dev-Editor (E4B068ED-F494-42E9-A231-DA0B2E46BB41): 38
LogDevObjectVersion:   Dev-Framework (CFFC743F-43B0-4480-9391-14DF171D2073): 37
LogDevObjectVersion:   Dev-Mobile (B02B49B5-BB20-44E9-A304-32B752E40360): 2
LogDevObjectVersion:   Dev-Networking (A4E4105C-59A1-49B5-A7C5-40C4547EDFEE): 0
LogDevObjectVersion:   Dev-Online (39C831C9-5AE6-47DC-9A44-9C173E1C8E7C): 0
LogDevObjectVersion:   Dev-Physics (78F01B33-EBEA-4F98-B9B4-84EACCB95AA2): 4
LogDevObjectVersion:   Dev-Platform (6631380F-2D4D-43E0-8009-CF276956A95A): 0
LogDevObjectVersion:   Dev-Rendering (12F88B9F-8875-4AFC-A67C-D90C383ABD29): 43
LogDevObjectVersion:   Dev-Sequencer (7B5AE74C-D270-4C10-A958-57980B212A5A): 12
LogDevObjectVersion:   Dev-VR (D7296918-1DD6-4BDD-9DE2-64A83CC13884): 3
LogDevObjectVersion:   Dev-LoadTimes (C2A15278-BFE7-4AFE-6C17-90FF531DF755): 1
LogDevObjectVersion:   Private-Geometry (6EACA3D4-40EC-4CC1-B786-8BED09428FC5): 3
LogDevObjectVersion:   Dev-AnimPhys (29E575DD-E0A3-4627-9D10-D276232CDCEA): 17
LogDevObjectVersion:   Dev-Anim (AF43A65D-7FD3-4947-9873-3E8ED9C1BB05): 7
LogDevObjectVersion:   Dev-ReflectionCapture (6B266CEC-1EC7-4B8F-A30B-E4D90942FC07): 1
LogDevObjectVersion:   Dev-Automation (0DF73D61-A23F-47EA-B727-89E90C41499A): 1
LogDevObjectVersion:   FortniteMain (601D1886-AC64-4F84-AA16-D3DE0DEAC7D6): 31
LogDevObjectVersion:   Dev-Enterprise (9DFFBCD6-494F-0158-E221-12823C92A888): 10
LogDevObjectVersion:   Dev-Niagara (F2AED0AC-9AFE-416F-8664-AA7FFA26D6FC): 1
LogDevObjectVersion:   Dev-Destruction (174F1F0B-B4C6-45A5-B13F-2EE8D0FB917D): 10
LogDevObjectVersion:   Dev-Physics-Ext (35F94A83-E258-406C-A318-09F59610247C): 37
LogDevObjectVersion:   Dev-PhysicsMaterial-Chaos (B68FC16E-8B1B-42E2-B453-215C058844FE): 1
LogDevObjectVersion:   Dev-CineCamera (B2E18506-4273-CFC2-A54E-F4BB758BBA07): 1
LogInit: Presizing for max 25165824 objects, including 0 objects not considered by GC, pre-allocating 0 bytes for permanent pool.
LogConfig: Applying CVar settings from Section [/Script/Engine.StreamingSettings] File [C:/Users/iylek/Desktop/Unreal/StealthGame/StealthGame_ProjectBase_4.25/StealthGame/Saved/Config/Windows/Engine.ini]
LogConfig: Setting CVar [[s.MinBulkDataSizeForAsyncLoading:131072]]
LogConfig: Setting CVar [[s.AsyncLoadingThreadEnabled:0]]
LogConfig: Setting CVar [[s.EventDrivenLoaderEnabled:1]]
LogConfig: Setting CVar [[s.WarnIfTimeLimitExceeded:0]]
LogConfig: Setting CVar [[s.TimeLimitExceededMultiplier:1.5]]
LogConfig: Setting CVar [[s.TimeLimitExceededMinTime:0.005]]
LogConfig: Setting CVar [[s.UseBackgroundLevelStreaming:1]]
LogConfig: Setting CVar [[s.PriorityAsyncLoadingExtraTime:15.0]]
LogConfig: Setting CVar [[s.LevelStreamingActorsUpdateTimeLimit:5.0]]
LogConfig: Setting CVar [[s.PriorityLevelStreamingActorsUpdateExtraTime:5.0]]
LogConfig: Setting CVar [[s.LevelStreamingComponentsRegistrationGranularity:10]]
LogConfig: Setting CVar [[s.UnregisterComponentsTimeLimit:1.0]]
LogConfig: Setting CVar [[s.LevelStreamingComponentsUnregistrationGranularity:5]]
LogConfig: Setting CVar [[s.FlushStreamingOnExit:1]]
LogInit: Object subsystem initialized
LogConfig: Setting CVar [[con.DebugEarlyDefault:1]]
LogConfig: Setting CVar [[r.setres:1280x720]]
[2020.08.30-04.39.26:680][  0]LogConfig: Setting CVar [[r.VSync:0]]
[2020.08.30-04.39.26:680][  0]LogConfig: Setting CVar [[r.RHICmdBypass:0]]
[2020.08.30-04.39.26:680][  0]LogConfig: Applying CVar settings from Section [/Script/Engine.RendererSettings] File [C:/Users/iylek/Desktop/Unreal/StealthGame/StealthGame_ProjectBase_4.25/StealthGame/Saved/Config/Windows/Engine.ini]
[2020.08.30-04.39.26:680][  0]LogConfig: Setting CVar [[r.GPUCrashDebugging:0]]
[2020.08.30-04.39.26:680][  0]LogConfig: Applying CVar settings from Section [/Script/Engine.RendererOverrideSettings] File [C:/Users/iylek/Desktop/Unreal/StealthGame/StealthGame_ProjectBase_4.25/StealthGame/Saved/Config/Windows/Engine.ini]
[2020.08.30-04.39.26:681][  0]LogConfig: Applying CVar settings from Section [/Script/Engine.StreamingSettings] File [C:/Users/iylek/Desktop/Unreal/StealthGame/StealthGame_ProjectBase_4.25/StealthGame/Saved/Config/Windows/Engine.ini]
[2020.08.30-04.39.26:681][  0]LogConfig: Setting CVar [[s.MinBulkDataSizeForAsyncLoading:131072]]
[2020.08.30-04.39.26:681][  0]LogConfig: Setting CVar [[s.AsyncLoadingThreadEnabled:0]]
[2020.08.30-04.39.26:681][  0]LogConfig: Setting CVar [[s.EventDrivenLoaderEnabled:1]]
[2020.08.30-04.39.26:681][  0]LogConfig: Setting CVar [[s.WarnIfTimeLimitExceeded:0]]
[2020.08.30-04.39.26:681][  0]LogConfig: Setting CVar [[s.TimeLimitExceededMultiplier:1.5]]
[2020.08.30-04.39.26:681][  0]LogConfig: Setting CVar [[s.TimeLimitExceededMinTime:0.005]]
[2020.08.30-04.39.26:681][  0]LogConfig: Setting CVar [[s.UseBackgroundLevelStreaming:1]]
[2020.08.30-04.39.26:681][  0]LogConfig: Setting CVar [[s.PriorityAsyncLoadingExtraTime:15.0]]
[2020.08.30-04.39.26:681][  0]LogConfig: Setting CVar [[s.LevelStreamingActorsUpdateTimeLimit:5.0]]
[2020.08.30-04.39.26:681][  0]LogConfig: Setting CVar [[s.PriorityLevelStreamingActorsUpdateExtraTime:5.0]]
[2020.08.30-04.39.26:681][  0]LogConfig: Setting CVar [[s.LevelStreamingComponentsRegistrationGranularity:10]]
[2020.08.30-04.39.26:681][  0]LogConfig: Setting CVar [[s.UnregisterComponentsTimeLimit:1.0]]
[2020.08.30-04.39.26:681][  0]LogConfig: Setting CVar [[s.LevelStreamingComponentsUnregistrationGranularity:5]]
[2020.08.30-04.39.26:681][  0]LogConfig: Setting CVar [[s.FlushStreamingOnExit:1]]
[2020.08.30-04.39.26:681][  0]LogConfig: Applying CVar settings from Section [/Script/Engine.GarbageCollectionSettings] File [C:/Users/iylek/Desktop/Unreal/StealthGame/StealthGame_ProjectBase_4.25/StealthGame/Saved/Config/Windows/Engine.ini]
[2020.08.30-04.39.26:681][  0]LogConfig: Setting CVar [[gc.MaxObjectsNotConsideredByGC:1]]
[2020.08.30-04.39.26:681][  0]LogConfig: Setting CVar [[gc.SizeOfPermanentObjectPool:0]]
[2020.08.30-04.39.26:682][  0]LogConfig: Setting CVar [[gc.FlushStreamingOnGC:0]]
[2020.08.30-04.39.26:682][  0]LogConfig: Setting CVar [[gc.NumRetriesBeforeForcingGC:10]]
[2020.08.30-04.39.26:682][  0]LogConfig: Setting CVar [[gc.AllowParallelGC:1]]
[2020.08.30-04.39.26:682][  0]LogConfig: Setting CVar [[gc.TimeBetweenPurgingPendingKillObjects:61.1]]
[2020.08.30-04.39.26:682][  0]LogConfig: Setting CVar [[gc.MaxObjectsInEditor:25165824]]
[2020.08.30-04.39.26:682][  0]LogConfig: Setting CVar [[gc.IncrementalBeginDestroyEnabled:1]]
[2020.08.30-04.39.26:682][  0]LogConfig: Setting CVar [[gc.CreateGCClusters:1]]
[2020.08.30-04.39.26:682][  0]LogConfig: Setting CVar [[gc.MinGCClusterSize:5]]
[2020.08.30-04.39.26:682][  0]LogConfig: Setting CVar [[gc.ActorClusteringEnabled:0]]
[2020.08.30-04.39.26:682][  0]LogConfig: Setting CVar [[gc.BlueprintClusteringEnabled:0]]
[2020.08.30-04.39.26:682][  0]LogConfig: Setting CVar [[gc.UseDisregardForGCOnDedicatedServers:0]]
[2020.08.30-04.39.26:682][  0]LogConfig: Applying CVar settings from Section [/Script/Engine.NetworkSettings] File [C:/Users/iylek/Desktop/Unreal/StealthGame/StealthGame_ProjectBase_4.25/StealthGame/Saved/Config/Windows/Engine.ini]
[2020.08.30-04.39.26:682][  0]LogConfig: Applying CVar settings from Section [/Script/UnrealEd.CookerSettings] File [C:/Users/iylek/Desktop/Unreal/StealthGame/StealthGame_ProjectBase_4.25/StealthGame/Saved/Config/Windows/Engine.ini]
[2020.08.30-04.39.26:688][  0]LogConfig: Applying CVar settings from Section [ViewDistanceQuality@3] File [C:/Users/iylek/Desktop/Unreal/StealthGame/StealthGame_ProjectBase_4.25/StealthGame/Saved/Config/Windows/Scalability.ini]
[2020.08.30-04.39.26:688][  0]LogConfig: Setting CVar [[r.SkeletalMeshLODBias:0]]
[2020.08.30-04.39.26:688][  0]LogConfig: Setting CVar [[r.ViewDistanceScale:1.0]]
[2020.08.30-04.39.26:688][  0]LogConfig: Applying CVar settings from Section [AntiAliasingQuality@3] File [C:/Users/iylek/Desktop/Unreal/StealthGame/StealthGame_ProjectBase_4.25/StealthGame/Saved/Config/Windows/Scalability.ini]
[2020.08.30-04.39.26:688][  0]LogConfig: Setting CVar [[r.PostProcessAAQuality:4]]
[2020.08.30-04.39.26:688][  0]LogConfig: Applying CVar settings from Section [ShadowQuality@3] File [C:/Users/iylek/Desktop/Unreal/StealthGame/StealthGame_ProjectBase_4.25/StealthGame/Saved/Config/Windows/Scalability.ini]
[2020.08.30-04.39.26:689][  0]LogConfig: Setting CVar [[r.LightFunctionQuality:1]]
[2020.08.30-04.39.26:689][  0]LogConfig: Setting CVar [[r.ShadowQuality:5]]
[2020.08.30-04.39.26:689][  0]LogConfig: Setting CVar [[r.Shadow.CSM.MaxCascades:10]]
[2020.08.30-04.39.26:689][  0]LogConfig: Setting CVar [[r.Shadow.MaxResolution:2048]]
[2020.08.30-04.39.26:689][  0]LogConfig: Setting CVar [[r.Shadow.MaxCSMResolution:2048]]
[2020.08.30-04.39.26:689][  0]LogConfig: Setting CVar [[r.Shadow.RadiusThreshold:0.01]]
[2020.08.30-04.39.26:689][  0]LogConfig: Setting CVar [[r.Shadow.DistanceScale:1.0]]
[2020.08.30-04.39.26:689][  0]LogConfig: Setting CVar [[r.Shadow.CSM.TransitionScale:1.0]]
[2020.08.30-04.39.26:689][  0]LogConfig: Setting CVar [[r.Shadow.PreShadowResolutionFactor:1.0]]
[2020.08.30-04.39.26:689][  0]LogConfig: Setting CVar [[r.DistanceFieldShadowing:1]]
[2020.08.30-04.39.26:689][  0]LogConfig: Setting CVar [[r.DistanceFieldAO:1]]
[2020.08.30-04.39.26:689][  0]LogConfig: Setting CVar [[r.AOQuality:2]]
[2020.08.30-04.39.26:689][  0]LogConfig: Setting CVar [[r.VolumetricFog:1]]
[2020.08.30-04.39.26:689][  0]LogConfig: Setting CVar [[r.VolumetricFog.GridPixelSize:8]]
[2020.08.30-04.39.26:689][  0]LogConfig: Setting CVar [[r.VolumetricFog.GridSizeZ:128]]
[2020.08.30-04.39.26:689][  0]LogConfig: Setting CVar [[r.VolumetricFog.HistoryMissSupersampleCount:4]]
[2020.08.30-04.39.26:689][  0]LogConfig: Setting CVar [[r.LightMaxDrawDistanceScale:1]]
[2020.08.30-04.39.26:689][  0]LogConfig: Setting CVar [[r.CapsuleShadows:1]]
[2020.08.30-04.39.26:689][  0]LogConfig: Applying CVar settings from Section [PostProcessQuality@3] File [C:/Users/iylek/Desktop/Unreal/StealthGame/StealthGame_ProjectBase_4.25/StealthGame/Saved/Config/Windows/Scalability.ini]
[2020.08.30-04.39.26:689][  0]LogConfig: Setting CVar [[r.MotionBlurQuality:4]]
[2020.08.30-04.39.26:690][  0]LogConfig: Setting CVar [[r.AmbientOcclusionMipLevelFactor:0.4]]
[2020.08.30-04.39.26:690][  0]LogConfig: Setting CVar [[r.AmbientOcclusionMaxQuality:100]]
[2020.08.30-04.39.26:690][  0]LogConfig: Setting CVar [[r.AmbientOcclusionLevels:-1]]
[2020.08.30-04.39.26:690][  0]LogConfig: Setting CVar [[r.AmbientOcclusionRadiusScale:1.0]]
[2020.08.30-04.39.26:690][  0]LogConfig: Setting CVar [[r.DepthOfFieldQuality:2]]
[2020.08.30-04.39.26:690][  0]LogConfig: Setting CVar [[r.RenderTargetPoolMin:400]]
[2020.08.30-04.39.26:690][  0]LogConfig: Setting CVar [[r.LensFlareQuality:2]]
[2020.08.30-04.39.26:690][  0]LogConfig: Setting CVar [[r.SceneColorFringeQuality:1]]
[2020.08.30-04.39.26:690][  0]LogConfig: Setting CVar [[r.EyeAdaptationQuality:2]]
[2020.08.30-04.39.26:690][  0]LogConfig: Setting CVar [[r.BloomQuality:5]]
[2020.08.30-04.39.26:690][  0]LogConfig: Setting CVar [[r.FastBlurThreshold:100]]
[2020.08.30-04.39.26:690][  0]LogConfig: Setting CVar [[r.Upscale.Quality:3]]
[2020.08.30-04.39.26:690][  0]LogConfig: Setting CVar [[r.Tonemapper.GrainQuantization:1]]
[2020.08.30-04.39.26:690][  0]LogConfig: Setting CVar [[r.LightShaftQuality:1]]
[2020.08.30-04.39.26:690][  0]LogConfig: Setting CVar [[r.Filter.SizeScale:1]]
[2020.08.30-04.39.26:690][  0]LogConfig: Setting CVar [[r.Tonemapper.Quality:5]]
[2020.08.30-04.39.26:690][  0]LogConfig: Setting CVar [[r.DOF.Gather.AccumulatorQuality:1        ; higher gathering accumulator quality]]
[2020.08.30-04.39.26:690][  0]LogConfig: Setting CVar [[r.DOF.Gather.PostfilterMethod:1          ; Median3x3 postfilering method]]
[2020.08.30-04.39.26:690][  0]LogConfig: Setting CVar [[r.DOF.Gather.EnableBokehSettings:0       ; no bokeh simulation when gathering]]
[2020.08.30-04.39.26:690][  0]LogConfig: Setting CVar [[r.DOF.Gather.RingCount:4                 ; medium number of samples when gathering]]
[2020.08.30-04.39.26:691][  0]LogConfig: Setting CVar [[r.DOF.Scatter.ForegroundCompositing:1    ; additive foreground scattering]]
[2020.08.30-04.39.26:691][  0]LogConfig: Setting CVar [[r.DOF.Scatter.BackgroundCompositing:2    ; additive background scattering]]
[2020.08.30-04.39.26:691][  0]LogConfig: Setting CVar [[r.DOF.Scatter.EnableBokehSettings:1      ; bokeh simulation when scattering]]
[2020.08.30-04.39.26:691][  0]LogConfig: Setting CVar [[r.DOF.Scatter.MaxSpriteRatio:0.1         ; only a maximum of 10% of scattered bokeh]]
[2020.08.30-04.39.26:691][  0]LogConfig: Setting CVar [[r.DOF.Recombine.Quality:1                ; cheap slight out of focus]]
[2020.08.30-04.39.26:691][  0]LogConfig: Setting CVar [[r.DOF.Recombine.EnableBokehSettings:0    ; no bokeh simulation on slight out of focus]]
[2020.08.30-04.39.26:691][  0]LogConfig: Setting CVar [[r.DOF.TemporalAAQuality:1                ; more stable temporal accumulation]]
[2020.08.30-04.39.26:691][  0]LogConfig: Setting CVar [[r.DOF.Kernel.MaxForegroundRadius:0.025]]
[2020.08.30-04.39.26:691][  0]LogConfig: Setting CVar [[r.DOF.Kernel.MaxBackgroundRadius:0.025]]
[2020.08.30-04.39.26:691][  0]LogConfig: Applying CVar settings from Section [TextureQuality@3] File [C:/Users/iylek/Desktop/Unreal/StealthGame/StealthGame_ProjectBase_4.25/StealthGame/Saved/Config/Windows/Scalability.ini]
[2020.08.30-04.39.26:691][  0]LogConfig: Setting CVar [[r.Streaming.MipBias:0]]
[2020.08.30-04.39.26:691][  0]LogConfig: Setting CVar [[r.Streaming.AmortizeCPUToGPUCopy:0]]
[2020.08.30-04.39.26:691][  0]LogConfig: Setting CVar [[r.Streaming.MaxNumTexturesToStreamPerFrame:0]]
[2020.08.30-04.39.26:691][  0]LogConfig: Setting CVar [[r.Streaming.Boost:1]]
[2020.08.30-04.39.26:691][  0]LogConfig: Setting CVar [[r.MaxAnisotropy:8]]
[2020.08.30-04.39.26:691][  0]LogConfig: Setting CVar [[r.VT.MaxAnisotropy:8]]
[2020.08.30-04.39.26:691][  0]LogConfig: Setting CVar [[r.Streaming.LimitPoolSizeToVRAM:0]]
[2020.08.30-04.39.26:691][  0]LogConfig: Setting CVar [[r.Streaming.PoolSize:1000]]
[2020.08.30-04.39.26:691][  0]LogConfig: Setting CVar [[r.Streaming.MaxEffectiveScreenSize:0]]
[2020.08.30-04.39.26:692][  0]LogConfig: Applying CVar settings from Section [EffectsQuality@3] File [C:/Users/iylek/Desktop/Unreal/StealthGame/StealthGame_ProjectBase_4.25/StealthGame/Saved/Config/Windows/Scalability.ini]
[2020.08.30-04.39.26:692][  0]LogConfig: Setting CVar [[r.TranslucencyLightingVolumeDim:64]]
[2020.08.30-04.39.26:692][  0]LogConfig: Setting CVar [[r.RefractionQuality:2]]
[2020.08.30-04.39.26:692][  0]LogConfig: Setting CVar [[r.SSR.Quality:3]]
[2020.08.30-04.39.26:692][  0]LogConfig: Setting CVar [[r.SSR.HalfResSceneColor:0]]
[2020.08.30-04.39.26:692][  0]LogConfig: Setting CVar [[r.SceneColorFormat:4]]
[2020.08.30-04.39.26:692][  0]LogConfig: Setting CVar [[r.DetailMode:2]]
[2020.08.30-04.39.26:692][  0]LogConfig: Setting CVar [[r.TranslucencyVolumeBlur:1]]
[2020.08.30-04.39.26:692][  0]LogConfig: Setting CVar [[r.MaterialQualityLevel:1 ; High quality]]
[2020.08.30-04.39.26:692][  0]LogConfig: Setting CVar [[r.SSS.Scale:1]]
[2020.08.30-04.39.26:692][  0]LogConfig: Setting CVar [[r.SSS.SampleSet:2]]
[2020.08.30-04.39.26:692][  0]LogConfig: Setting CVar [[r.SSS.Quality:1]]
[2020.08.30-04.39.26:692][  0]LogConfig: Setting CVar [[r.SSS.HalfRes:0]]
[2020.08.30-04.39.26:692][  0]LogConfig: Setting CVar [[r.SSGI.Quality:3]]
[2020.08.30-04.39.26:692][  0]LogConfig: Setting CVar [[r.EmitterSpawnRateScale:1.0]]
[2020.08.30-04.39.26:692][  0]LogConfig: Setting CVar [[r.ParticleLightQuality:2]]
[2020.08.30-04.39.26:692][  0]LogConfig: Setting CVar [[r.SkyAtmosphere.AerialPerspectiveLUT.FastApplyOnOpaque:1 ; Always have FastSkyLUT 1 in this case to avoid wrong sky]]
[2020.08.30-04.39.26:692][  0]LogConfig: Setting CVar [[r.SkyAtmosphere.AerialPerspectiveLUT.SampleCountPerSlice:1]]
[2020.08.30-04.39.26:692][  0]LogConfig: Setting CVar [[r.SkyAtmosphere.AerialPerspectiveLUT.DepthResolution:16.0]]
[2020.08.30-04.39.26:692][  0]LogConfig: Setting CVar [[r.SkyAtmosphere.FastSkyLUT:1]]
[2020.08.30-04.39.26:692][  0]LogConfig: Setting CVar [[r.SkyAtmosphere.FastSkyLUT.SampleCountMin:4.0]]
[2020.08.30-04.39.26:692][  0]LogConfig: Setting CVar [[r.SkyAtmosphere.FastSkyLUT.SampleCountMax:32.0]]
[2020.08.30-04.39.26:693][  0]LogConfig: Setting CVar [[r.SkyAtmosphere.SampleCountMin:4.0]]
[2020.08.30-04.39.26:693][  0]LogConfig: Setting CVar [[r.SkyAtmosphere.SampleCountMax:32.0]]
[2020.08.30-04.39.26:693][  0]LogConfig: Setting CVar [[r.SkyAtmosphere.TransmittanceLUT.UseSmallFormat:0]]
[2020.08.30-04.39.26:693][  0]LogConfig: Setting CVar [[r.SkyAtmosphere.TransmittanceLUT.SampleCount:10.0]]
[2020.08.30-04.39.26:693][  0]LogConfig: Setting CVar [[r.SkyAtmosphere.MultiScatteringLUT.SampleCount:15.0]]
[2020.08.30-04.39.26:693][  0]LogConfig: Applying CVar settings from Section [FoliageQuality@3] File [C:/Users/iylek/Desktop/Unreal/StealthGame/StealthGame_ProjectBase_4.25/StealthGame/Saved/Config/Windows/Scalability.ini]
[2020.08.30-04.39.26:693][  0]LogConfig: Setting CVar [[foliage.DensityScale:1.0]]
[2020.08.30-04.39.26:693][  0]LogConfig: Setting CVar [[grass.DensityScale:1.0]]
[2020.08.30-04.39.26:693][  0]LogConfig: Applying CVar settings from Section [ShadingQuality@3] File [C:/Users/iylek/Desktop/Unreal/StealthGame/StealthGame_ProjectBase_4.25/StealthGame/Saved/Config/Windows/Scalability.ini]
[2020.08.30-04.39.26:693][  0]LogConfig: Setting CVar [[r.HairStrands.SkyLighting.SampleCount:16]]
[2020.08.30-04.39.26:693][  0]LogConfig: Setting CVar [[r.HairStrands.SkyLighting.JitterIntegration:0]]
[2020.08.30-04.39.26:693][  0]LogConfig: Setting CVar [[r.HairStrands.SkyAO.SampleCount:16]]
[2020.08.30-04.39.26:693][  0]LogConfig: Setting CVar [[r.HairStrands.DeepShadow.SuperSampling:0]]
[2020.08.30-04.39.26:693][  0]LogConfig: Setting CVar [[r.HairStrands.VisibilityPPLL:0]]
[2020.08.30-04.39.26:693][  0]LogConfig: Setting CVar [[r.HairStrands.RasterizationScale:0.5]]
[2020.08.30-04.39.26:693][  0]LogConfig: Setting CVar [[r.HairStrands.VelocityRasterizationScale:1]]
[2020.08.30-04.39.26:693][  0]LogInit: Selected Device Profile: [Windows]
[2020.08.30-04.39.26:693][  0]LogInit: Applying CVar settings loaded from the selected device profile: [Windows]
[2020.08.30-04.39.26:694][  0]LogHAL: Display: Platform has ~ 16 GB [17126752256 / 17179869184 / 16], which maps to Larger [LargestMinGB=32, LargerMinGB=12, DefaultMinGB=8, SmallerMinGB=6, SmallestMinGB=0)
[2020.08.30-04.39.26:694][  0]LogInit: Going up to parent DeviceProfile []
[2020.08.30-04.39.26:694][  0]LogConfig: Applying CVar settings from Section [ViewDistanceQuality@3] File [C:/Users/iylek/Desktop/Unreal/StealthGame/StealthGame_ProjectBase_4.25/StealthGame/Saved/Config/Windows/Scalability.ini]
[2020.08.30-04.39.26:694][  0]LogConfig: Setting CVar [[r.SkeletalMeshLODBias:0]]
[2020.08.30-04.39.26:694][  0]LogConfig: Setting CVar [[r.ViewDistanceScale:1.0]]
[2020.08.30-04.39.26:694][  0]LogConfig: Applying CVar settings from Section [AntiAliasingQuality@3] File [C:/Users/iylek/Desktop/Unreal/StealthGame/StealthGame_ProjectBase_4.25/StealthGame/Saved/Config/Windows/Scalability.ini]
[2020.08.30-04.39.26:694][  0]LogConfig: Setting CVar [[r.PostProcessAAQuality:4]]
[2020.08.30-04.39.26:694][  0]LogConfig: Applying CVar settings from Section [ShadowQuality@3] File [C:/Users/iylek/Desktop/Unreal/StealthGame/StealthGame_ProjectBase_4.25/StealthGame/Saved/Config/Windows/Scalability.ini]
[2020.08.30-04.39.26:694][  0]LogConfig: Setting CVar [[r.LightFunctionQuality:1]]
[2020.08.30-04.39.26:694][  0]LogConfig: Setting CVar [[r.ShadowQuality:5]]
[2020.08.30-04.39.26:694][  0]LogConfig: Setting CVar [[r.Shadow.CSM.MaxCascades:10]]
[2020.08.30-04.39.26:694][  0]LogConfig: Setting CVar [[r.Shadow.MaxResolution:2048]]
[2020.08.30-04.39.26:695][  0]LogConfig: Setting CVar [[r.Shadow.MaxCSMResolution:2048]]
[2020.08.30-04.39.26:695][  0]LogConfig: Setting CVar [[r.Shadow.RadiusThreshold:0.01]]
[2020.08.30-04.39.26:695][  0]LogConfig: Setting CVar [[r.Shadow.DistanceScale:1.0]]
[2020.08.30-04.39.26:695][  0]LogConfig: Setting CVar [[r.Shadow.CSM.TransitionScale:1.0]]
[2020.08.30-04.39.26:695][  0]LogConfig: Setting CVar [[r.Shadow.PreShadowResolutionFactor:1.0]]
[2020.08.30-04.39.26:695][  0]LogConfig: Setting CVar [[r.DistanceFieldShadowing:1]]
[2020.08.30-04.39.26:695][  0]LogConfig: Setting CVar [[r.DistanceFieldAO:1]]
[2020.08.30-04.39.26:695][  0]LogConfig: Setting CVar [[r.AOQuality:2]]
[2020.08.30-04.39.26:695][  0]LogConfig: Setting CVar [[r.VolumetricFog:1]]
[2020.08.30-04.39.26:695][  0]LogConfig: Setting CVar [[r.VolumetricFog.GridPixelSize:8]]
[2020.08.30-04.39.26:695][  0]LogConfig: Setting CVar [[r.VolumetricFog.GridSizeZ:128]]
[2020.08.30-04.39.26:695][  0]LogConfig: Setting CVar [[r.VolumetricFog.HistoryMissSupersampleCount:4]]
[2020.08.30-04.39.26:695][  0]LogConfig: Setting CVar [[r.LightMaxDrawDistanceScale:1]]
[2020.08.30-04.39.26:695][  0]LogConfig: Setting CVar [[r.CapsuleShadows:1]]
[2020.08.30-04.39.26:695][  0]LogConfig: Applying CVar settings from Section [PostProcessQuality@3] File [C:/Users/iylek/Desktop/Unreal/StealthGame/StealthGame_ProjectBase_4.25/StealthGame/Saved/Config/Windows/Scalability.ini]
[2020.08.30-04.39.26:695][  0]LogConfig: Setting CVar [[r.MotionBlurQuality:4]]
[2020.08.30-04.39.26:695][  0]LogConfig: Setting CVar [[r.AmbientOcclusionMipLevelFactor:0.4]]
[2020.08.30-04.39.26:696][  0]LogConfig: Setting CVar [[r.AmbientOcclusionMaxQuality:100]]
[2020.08.30-04.39.26:696][  0]LogConfig: Setting CVar [[r.AmbientOcclusionLevels:-1]]
[2020.08.30-04.39.26:696][  0]LogConfig: Setting CVar [[r.AmbientOcclusionRadiusScale:1.0]]
[2020.08.30-04.39.26:696][  0]LogConfig: Setting CVar [[r.DepthOfFieldQuality:2]]
[2020.08.30-04.39.26:696][  0]LogConfig: Setting CVar [[r.RenderTargetPoolMin:400]]
[2020.08.30-04.39.26:696][  0]LogConfig: Setting CVar [[r.LensFlareQuality:2]]
[2020.08.30-04.39.26:696][  0]LogConfig: Setting CVar [[r.SceneColorFringeQuality:1]]
[2020.08.30-04.39.26:696][  0]LogConfig: Setting CVar [[r.EyeAdaptationQuality:2]]
[2020.08.30-04.39.26:696][  0]LogConfig: Setting CVar [[r.BloomQuality:5]]
[2020.08.30-04.39.26:696][  0]LogConfig: Setting CVar [[r.FastBlurThreshold:100]]
[2020.08.30-04.39.26:696][  0]LogConfig: Setting CVar [[r.Upscale.Quality:3]]
[2020.08.30-04.39.26:696][  0]LogConfig: Setting CVar [[r.Tonemapper.GrainQuantization:1]]
[2020.08.30-04.39.26:696][  0]LogConfig: Setting CVar [[r.LightShaftQuality:1]]
[2020.08.30-04.39.26:696][  0]LogConfig: Setting CVar [[r.Filter.SizeScale:1]]
[2020.08.30-04.39.26:696][  0]LogConfig: Setting CVar [[r.Tonemapper.Quality:5]]
[2020.08.30-04.39.26:696][  0]LogConfig: Setting CVar [[r.DOF.Gather.AccumulatorQuality:1        ; higher gathering accumulator quality]]
[2020.08.30-04.39.26:696][  0]LogConfig: Setting CVar [[r.DOF.Gather.PostfilterMethod:1          ; Median3x3 postfilering method]]
[2020.08.30-04.39.26:696][  0]LogConfig: Setting CVar [[r.DOF.Gather.EnableBokehSettings:0       ; no bokeh simulation when gathering]]
[2020.08.30-04.39.26:696][  0]LogConfig: Setting CVar [[r.DOF.Gather.RingCount:4                 ; medium number of samples when gathering]]
[2020.08.30-04.39.26:696][  0]LogConfig: Setting CVar [[r.DOF.Scatter.ForegroundCompositing:1    ; additive foreground scattering]]
[2020.08.30-04.39.26:696][  0]LogConfig: Setting CVar [[r.DOF.Scatter.BackgroundCompositing:2    ; additive background scattering]]
[2020.08.30-04.39.26:697][  0]LogConfig: Setting CVar [[r.DOF.Scatter.EnableBokehSettings:1      ; bokeh simulation when scattering]]
[2020.08.30-04.39.26:697][  0]LogConfig: Setting CVar [[r.DOF.Scatter.MaxSpriteRatio:0.1         ; only a maximum of 10% of scattered bokeh]]
[2020.08.30-04.39.26:697][  0]LogConfig: Setting CVar [[r.DOF.Recombine.Quality:1                ; cheap slight out of focus]]
[2020.08.30-04.39.26:697][  0]LogConfig: Setting CVar [[r.DOF.Recombine.EnableBokehSettings:0    ; no bokeh simulation on slight out of focus]]
[2020.08.30-04.39.26:697][  0]LogConfig: Setting CVar [[r.DOF.TemporalAAQuality:1                ; more stable temporal accumulation]]
[2020.08.30-04.39.26:697][  0]LogConfig: Setting CVar [[r.DOF.Kernel.MaxForegroundRadius:0.025]]
[2020.08.30-04.39.26:697][  0]LogConfig: Setting CVar [[r.DOF.Kernel.MaxBackgroundRadius:0.025]]
[2020.08.30-04.39.26:697][  0]LogConfig: Applying CVar settings from Section [TextureQuality@3] File [C:/Users/iylek/Desktop/Unreal/StealthGame/StealthGame_ProjectBase_4.25/StealthGame/Saved/Config/Windows/Scalability.ini]
[2020.08.30-04.39.26:697][  0]LogConfig: Setting CVar [[r.Streaming.MipBias:0]]
[2020.08.30-04.39.26:697][  0]LogConfig: Setting CVar [[r.Streaming.AmortizeCPUToGPUCopy:0]]
[2020.08.30-04.39.26:697][  0]LogConfig: Setting CVar [[r.Streaming.MaxNumTexturesToStreamPerFrame:0]]
[2020.08.30-04.39.26:697][  0]LogConfig: Setting CVar [[r.Streaming.Boost:1]]
[2020.08.30-04.39.26:697][  0]LogConfig: Setting CVar [[r.MaxAnisotropy:8]]
[2020.08.30-04.39.26:697][  0]LogConfig: Setting CVar [[r.VT.MaxAnisotropy:8]]
[2020.08.30-04.39.26:697][  0]LogConfig: Setting CVar [[r.Streaming.LimitPoolSizeToVRAM:0]]
[2020.08.30-04.39.26:697][  0]LogConfig: Setting CVar [[r.Streaming.PoolSize:1000]]
[2020.08.30-04.39.26:697][  0]LogConfig: Setting CVar [[r.Streaming.MaxEffectiveScreenSize:0]]
[2020.08.30-04.39.26:698][  0]LogConfig: Applying CVar settings from Section [EffectsQuality@3] File [C:/Users/iylek/Desktop/Unreal/StealthGame/StealthGame_ProjectBase_4.25/StealthGame/Saved/Config/Windows/Scalability.ini]
[2020.08.30-04.39.26:698][  0]LogConfig: Setting CVar [[r.TranslucencyLightingVolumeDim:64]]
[2020.08.30-04.39.26:698][  0]LogConfig: Setting CVar [[r.RefractionQuality:2]]
[2020.08.30-04.39.26:698][  0]LogConfig: Setting CVar [[r.SSR.Quality:3]]
[2020.08.30-04.39.26:698][  0]LogConfig: Setting CVar [[r.SSR.HalfResSceneColor:0]]
[2020.08.30-04.39.26:698][  0]LogConfig: Setting CVar [[r.SceneColorFormat:4]]
[2020.08.30-04.39.26:698][  0]LogConfig: Setting CVar [[r.DetailMode:2]]
[2020.08.30-04.39.26:698][  0]LogConfig: Setting CVar [[r.TranslucencyVolumeBlur:1]]
[2020.08.30-04.39.26:698][  0]LogConfig: Setting CVar [[r.MaterialQualityLevel:1 ; High quality]]
[2020.08.30-04.39.26:698][  0]LogConfig: Setting CVar [[r.SSS.Scale:1]]
[2020.08.30-04.39.26:698][  0]LogConfig: Setting CVar [[r.SSS.SampleSet:2]]
[2020.08.30-04.39.26:698][  0]LogConfig: Setting CVar [[r.SSS.Quality:1]]
[2020.08.30-04.39.26:698][  0]LogConfig: Setting CVar [[r.SSS.HalfRes:0]]
[2020.08.30-04.39.26:698][  0]LogConfig: Setting CVar [[r.SSGI.Quality:3]]
[2020.08.30-04.39.26:698][  0]LogConfig: Setting CVar [[r.EmitterSpawnRateScale:1.0]]
[2020.08.30-04.39.26:698][  0]LogConfig: Setting CVar [[r.ParticleLightQuality:2]]
[2020.08.30-04.39.26:698][  0]LogConfig: Setting CVar [[r.SkyAtmosphere.AerialPerspectiveLUT.FastApplyOnOpaque:1 ; Always have FastSkyLUT 1 in this case to avoid wrong sky]]
[2020.08.30-04.39.26:698][  0]LogConfig: Setting CVar [[r.SkyAtmosphere.AerialPerspectiveLUT.SampleCountPerSlice:1]]
[2020.08.30-04.39.26:698][  0]LogConfig: Setting CVar [[r.SkyAtmosphere.AerialPerspectiveLUT.DepthResolution:16.0]]
[2020.08.30-04.39.26:698][  0]LogConfig: Setting CVar [[r.SkyAtmosphere.FastSkyLUT:1]]
[2020.08.30-04.39.26:699][  0]LogConfig: Setting CVar [[r.SkyAtmosphere.FastSkyLUT.SampleCountMin:4.0]]
[2020.08.30-04.39.26:699][  0]LogConfig: Setting CVar [[r.SkyAtmosphere.FastSkyLUT.SampleCountMax:32.0]]
[2020.08.30-04.39.26:699][  0]LogConfig: Setting CVar [[r.SkyAtmosphere.SampleCountMin:4.0]]
[2020.08.30-04.39.26:699][  0]LogConfig: Setting CVar [[r.SkyAtmosphere.SampleCountMax:32.0]]
[2020.08.30-04.39.26:699][  0]LogConfig: Setting CVar [[r.SkyAtmosphere.TransmittanceLUT.UseSmallFormat:0]]
[2020.08.30-04.39.26:699][  0]LogConfig: Setting CVar [[r.SkyAtmosphere.TransmittanceLUT.SampleCount:10.0]]
[2020.08.30-04.39.26:699][  0]LogConfig: Setting CVar [[r.SkyAtmosphere.MultiScatteringLUT.SampleCount:15.0]]
[2020.08.30-04.39.26:699][  0]LogConfig: Applying CVar settings from Section [FoliageQuality@3] File [C:/Users/iylek/Desktop/Unreal/StealthGame/StealthGame_ProjectBase_4.25/StealthGame/Saved/Config/Windows/Scalability.ini]
[2020.08.30-04.39.26:699][  0]LogConfig: Setting CVar [[foliage.DensityScale:1.0]]
[2020.08.30-04.39.26:699][  0]LogConfig: Setting CVar [[grass.DensityScale:1.0]]
[2020.08.30-04.39.26:699][  0]LogConfig: Applying CVar settings from Section [ShadingQuality@3] File [C:/Users/iylek/Desktop/Unreal/StealthGame/StealthGame_ProjectBase_4.25/StealthGame/Saved/Config/Windows/Scalability.ini]
[2020.08.30-04.39.26:699][  0]LogConfig: Setting CVar [[r.HairStrands.SkyLighting.SampleCount:16]]
[2020.08.30-04.39.26:699][  0]LogConfig: Setting CVar [[r.HairStrands.SkyLighting.JitterIntegration:0]]
[2020.08.30-04.39.26:699][  0]LogConfig: Setting CVar [[r.HairStrands.SkyAO.SampleCount:16]]
[2020.08.30-04.39.26:699][  0]LogConfig: Setting CVar [[r.HairStrands.DeepShadow.SuperSampling:0]]
[2020.08.30-04.39.26:699][  0]LogConfig: Setting CVar [[r.HairStrands.VisibilityPPLL:0]]
[2020.08.30-04.39.26:699][  0]LogConfig: Setting CVar [[r.HairStrands.RasterizationScale:0.5]]
[2020.08.30-04.39.26:699][  0]LogConfig: Setting CVar [[r.HairStrands.VelocityRasterizationScale:1]]
[2020.08.30-04.39.26:699][  0]LogConfig: Applying CVar settings from Section [Startup] File [../../../Engine/Config/ConsoleVariables.ini]
[2020.08.30-04.39.26:700][  0]LogConfig: Setting CVar [[net.UseAdaptiveNetUpdateFrequency:0]]
[2020.08.30-04.39.26:700][  0]LogConfig: Setting CVar [[p.chaos.AllowCreatePhysxBodies:1]]
[2020.08.30-04.39.26:700][  0]LogConfig: Setting CVar [[fx.SkipVectorVMBackendOptimizations:1]]
[2020.08.30-04.39.26:700][  0]LogConfig: Applying CVar settings from Section [ConsoleVariables] File [C:/Users/iylek/Desktop/Unreal/StealthGame/StealthGame_ProjectBase_4.25/StealthGame/Saved/Config/Windows/Engine.ini]
[2020.08.30-04.39.26:700][  0]LogInit: Computer: DESKTOP-AOUSEP6
[2020.08.30-04.39.26:700][  0]LogInit: User: iylek
[2020.08.30-04.39.26:700][  0]LogInit: CPU Page size=4096, Cores=6
[2020.08.30-04.39.26:700][  0]LogInit: High frequency timer resolution =10.000000 MHz
[2020.08.30-04.39.26:700][  0]LogMemory: Memory total: Physical=16.0GB (16GB approx)
[2020.08.30-04.39.26:700][  0]LogMemory: Platform Memory Stats for Windows
[2020.08.30-04.39.26:700][  0]LogMemory: Process Physical Memory: 115.50 MB used, 115.50 MB peak
[2020.08.30-04.39.26:700][  0]LogMemory: Process Virtual Memory: 105.35 MB used, 105.35 MB peak
[2020.08.30-04.39.26:701][  0]LogMemory: Physical Memory: 10228.87 MB used,  6104.47 MB free, 16333.34 MB total
[2020.08.30-04.39.26:701][  0]LogMemory: Virtual Memory: 5173.13 MB used,  134212552.00 MB free, 134217728.00 MB total
[2020.08.30-04.39.26:709][  0]LogWindows: WindowsPlatformFeatures enabled
[2020.08.30-04.39.26:886][  0]LogInit: Physics initialised using underlying interface: PhysX
[2020.08.30-04.39.26:887][  0]LogInit: Using OS detected language (en-US).
[2020.08.30-04.39.26:887][  0]LogInit: Using OS detected locale (en-CA).
[2020.08.30-04.39.26:895][  0]LogTextLocalizationManager: No specific localization for 'en-US' exists, so the 'en' localization will be used.
[2020.08.30-04.39.27:069][  0]LogInit: Setting process to per monitor DPI aware
[2020.08.30-04.39.27:122][  0]LogSlate: New Slate User Created.  User Index 0, Is Virtual User: 0
[2020.08.30-04.39.27:122][  0]LogSlate: Slate User Registered.  User Index 0, Is Virtual User: 0
[2020.08.30-04.39.27:248][  0]LogHMD: Failed to initialize OpenVR with code 110
[2020.08.30-04.39.27:248][  0]LogD3D11RHI: D3D11 min allowed feature level: 11_0
[2020.08.30-04.39.27:248][  0]LogD3D11RHI: D3D11 max allowed feature level: 11_0
[2020.08.30-04.39.27:248][  0]LogD3D11RHI: D3D11 adapters:
[2020.08.30-04.39.27:358][  0]LogD3D11RHI:    0. 'NVIDIA GeForce RTX 2060' (Feature Level 11_0)
[2020.08.30-04.39.27:358][  0]LogD3D11RHI:       5980/0/8166 MB DedicatedVideo/DedicatedSystem/SharedSystem, Outputs:2, VendorId:0x10de
[2020.08.30-04.39.27:365][  0]LogD3D11RHI:    1. 'Microsoft Basic Render Driver' (Feature Level 11_0)
[2020.08.30-04.39.27:365][  0]LogD3D11RHI:       0/0/8166 MB DedicatedVideo/DedicatedSystem/SharedSystem, Outputs:0, VendorId:0x1414
[2020.08.30-04.39.27:365][  0]LogD3D11RHI: Chosen D3D11 Adapter: 0
[2020.08.30-04.39.27:375][  0]LogD3D11RHI: Creating new Direct3DDevice
[2020.08.30-04.39.27:376][  0]LogD3D11RHI:     GPU DeviceId: 0x1f08 (for the marketing name, search the web for "GPU Device Id")
[2020.08.30-04.39.27:376][  0]LogWindows: EnumDisplayDevices:
[2020.08.30-04.39.27:376][  0]LogWindows:    0. 'NVIDIA GeForce RTX 2060' (P:1 D:1)
[2020.08.30-04.39.27:376][  0]LogWindows:    1. 'NVIDIA GeForce RTX 2060' (P:0 D:1)
[2020.08.30-04.39.27:377][  0]LogWindows:    2. 'NVIDIA GeForce RTX 2060' (P:0 D:0)
[2020.08.30-04.39.27:377][  0]LogWindows:    3. 'NVIDIA GeForce RTX 2060' (P:0 D:0)
[2020.08.30-04.39.27:377][  0]LogWindows: DebugString: FoundDriverCount:4 
[2020.08.30-04.39.27:377][  0]LogD3D11RHI:     Adapter Name: NVIDIA GeForce RTX 2060
[2020.08.30-04.39.27:378][  0]LogD3D11RHI:   Driver Version: 452.06 (internal:27.21.14.5206, unified:452.06)
[2020.08.30-04.39.27:378][  0]LogD3D11RHI:      Driver Date: 8-12-2020
[2020.08.30-04.39.27:378][  0]LogRHI: Texture pool is 4186 MB (70% of 5980 MB)
[2020.08.30-04.39.27:440][  0]LogD3D11RHI: RHI has support for 64 bit atomics
[2020.08.30-04.39.27:442][  0]LogD3D11RHI: [Aftermath] Enabled and primed
[2020.08.30-04.39.27:442][  0]LogD3D11RHI: Async texture creation enabled
[2020.08.30-04.39.27:442][  0]LogD3D11RHI: Array index from any shader is supported
[2020.08.30-04.39.27:479][  0]LogD3D11RHI: GPU Timing Frequency: 1000.000000 (Debug: 2 2)
[2020.08.30-04.39.27:739][  0]LogTargetPlatformManager: Display: Loaded TargetPlatform 'AllDesktop'
[2020.08.30-04.39.27:763][  0]LogTargetPlatformManager: Display: Loaded TargetPlatform 'Android'
[2020.08.30-04.39.27:763][  0]LogTargetPlatformManager: Display: Loaded TargetPlatform 'Android_ASTC'
[2020.08.30-04.39.27:763][  0]LogTargetPlatformManager: Display: Loaded TargetPlatform 'Android_DXT'
[2020.08.30-04.39.27:763][  0]LogTargetPlatformManager: Display: Loaded TargetPlatform 'Android_ETC2'
[2020.08.30-04.39.27:764][  0]LogTargetPlatformManager: Display: Loaded TargetPlatform 'AndroidClient'
[2020.08.30-04.39.27:764][  0]LogTargetPlatformManager: Display: Loaded TargetPlatform 'Android_ASTCClient'
[2020.08.30-04.39.27:764][  0]LogTargetPlatformManager: Display: Loaded TargetPlatform 'Android_DXTClient'
[2020.08.30-04.39.27:764][  0]LogTargetPlatformManager: Display: Loaded TargetPlatform 'Android_ETC2Client'
[2020.08.30-04.39.27:764][  0]LogTargetPlatformManager: Display: Loaded TargetPlatform 'Android_Multi'
[2020.08.30-04.39.27:764][  0]LogTargetPlatformManager: Display: Loaded TargetPlatform 'Android_MultiClient'
[2020.08.30-04.39.27:794][  0]LogTargetPlatformManager: Display: Loaded TargetPlatform 'IOSClient'
[2020.08.30-04.39.27:794][  0]LogTargetPlatformManager: Display: Loaded TargetPlatform 'IOS'
[2020.08.30-04.39.27:806][  0]LogTargetPlatformManager: Display: Loaded TargetPlatform 'Linux'
[2020.08.30-04.39.27:817][  0]LogTargetPlatformManager: Display: Loaded TargetPlatform 'LinuxNoEditor'
[2020.08.30-04.39.27:828][  0]LogTargetPlatformManager: Display: Loaded TargetPlatform 'LinuxClient'
[2020.08.30-04.39.27:840][  0]LogTargetPlatformManager: Display: Loaded TargetPlatform 'LinuxServer'
[2020.08.30-04.39.27:851][  0]LogTargetPlatformManager: Display: Loaded TargetPlatform 'LinuxAArch64NoEditor'
[2020.08.30-04.39.27:863][  0]LogTargetPlatformManager: Display: Loaded TargetPlatform 'LinuxAArch64Client'
[2020.08.30-04.39.27:875][  0]LogTargetPlatformManager: Display: Loaded TargetPlatform 'LinuxAArch64Server'
[2020.08.30-04.39.27:904][  0]LogTargetPlatformManager: Display: Loaded TargetPlatform 'Lumin'
[2020.08.30-04.39.27:904][  0]LogTargetPlatformManager: Display: Loaded TargetPlatform 'LuminClient'
[2020.08.30-04.39.27:921][  0]LogTargetPlatformManager: Display: Loaded TargetPlatform 'TVOSClient'
[2020.08.30-04.39.27:922][  0]LogTargetPlatformManager: Display: Loaded TargetPlatform 'TVOS'
[2020.08.30-04.39.27:933][  0]LogTargetPlatformManager: Display: Loaded TargetPlatform 'WindowsNoEditor'
[2020.08.30-04.39.27:944][  0]LogTargetPlatformManager: Display: Loaded TargetPlatform 'Windows'
[2020.08.30-04.39.27:955][  0]LogTargetPlatformManager: Display: Loaded TargetPlatform 'WindowsClient'
[2020.08.30-04.39.27:966][  0]LogTargetPlatformManager: Display: Loaded TargetPlatform 'WindowsServer'
[2020.08.30-04.39.27:966][  0]LogTargetPlatformManager: Display: Building Assets For Windows
[2020.08.30-04.39.27:983][  0]LogAudioDebug: Display: Lib vorbis DLL was dynamically loaded.
[2020.08.30-04.39.28:095][  0]LogShaderCompilers: Guid format shader working directory is -52 characters bigger than the processId version (../../../../../../Users/iylek/Desktop/Unreal/StealthGame/StealthGame_ProjectBase_4.25/StealthGame/Intermediate/Shaders/WorkingDirectory/19356/).
[2020.08.30-04.39.28:096][  0]LogShaderCompilers: Cleaned the shader compiler working directory 'C:/Users/iylek/AppData/Local/Temp/UnrealShaderWorkingDir/81B2EF7741E663E2A6E680ADC74B2E23/'.
[2020.08.30-04.39.28:096][  0]LogXGEController: Cleaning working directory: C:/Users/iylek/AppData/Local/Temp/UnrealXGEWorkingDir/
[2020.08.30-04.39.28:096][  0]LogXGEController: Cannot use XGE Controller as Incredibuild is not installed on this machine.
[2020.08.30-04.39.28:097][  0]LogShaderCompilers: Cannot use XGE Shader Compiler as Incredibuild is not installed on this machine.
[2020.08.30-04.39.28:097][  0]LogShaderCompilers: Display: Using Local Shader Compiler.
[2020.08.30-04.39.28:794][  0]LogDerivedDataCache: Display: Max Cache Size: 512 MB
[2020.08.30-04.39.28:839][  0]LogDerivedDataCache: Loaded boot cache 0.04s 77MB C:/Users/iylek/AppData/Local/UnrealEngine/4.25/DerivedDataCache/Boot.ddc.
[2020.08.30-04.39.28:839][  0]LogDerivedDataCache: Display: Loaded Boot cache: C:/Users/iylek/AppData/Local/UnrealEngine/4.25/DerivedDataCache/Boot.ddc
[2020.08.30-04.39.28:839][  0]LogDerivedDataCache: FDerivedDataBackendGraph:  Pak pak cache file ../../../../../../Users/iylek/Desktop/Unreal/StealthGame/StealthGame_ProjectBase_4.25/StealthGame/DerivedDataCache/DDC.ddp not found, will not use a pak cache.
[2020.08.30-04.39.28:839][  0]LogDerivedDataCache: Unable to find inner node Pak for hierarchical cache Hierarchy.
[2020.08.30-04.39.28:840][  0]LogDerivedDataCache: FDerivedDataBackendGraph:  CompressedPak pak cache file ../../../../../../Users/iylek/Desktop/Unreal/StealthGame/StealthGame_ProjectBase_4.25/StealthGame/DerivedDataCache/Compressed.ddp not found, will not use a pak cache.
[2020.08.30-04.39.28:840][  0]LogDerivedDataCache: Unable to find inner node CompressedPak for hierarchical cache Hierarchy.
[2020.08.30-04.39.28:850][  0]LogDerivedDataCache: Display: Pak cache opened for reading ../../../Engine/DerivedDataCache/Compressed.ddp.
[2020.08.30-04.39.28:850][  0]LogDerivedDataCache: FDerivedDataBackendGraph:  EnterprisePak pak cache file ../../../Enterprise/DerivedDataCache/Compressed.ddp not found, will not use a pak cache.
[2020.08.30-04.39.28:851][  0]LogDerivedDataCache: Unable to find inner node EnterprisePak for hierarchical cache Hierarchy.
[2020.08.30-04.39.28:853][  0]LogDerivedDataCache: Using Local data cache path C:/Users/iylek/AppData/Local/UnrealEngine/Common/DerivedDataCache: Writable
[2020.08.30-04.39.28:853][  0]LogDerivedDataCache: Shared data cache path not found in *engine.ini, will not use an Shared cache.
[2020.08.30-04.39.28:853][  0]LogDerivedDataCache: Unable to find inner node Shared for hierarchical cache Hierarchy.
[2020.08.30-04.39.28:902][  0]LogSlate: Using FreeType 2.10.0
[2020.08.30-04.39.28:903][  0]LogSlate: SlateFontServices - WITH_FREETYPE: 1, WITH_HARFBUZZ: 1
[2020.08.30-04.39.28:926][  0]LogAssetRegistry: FAssetRegistry took 0.0041 seconds to start up
[2020.08.30-04.39.29:146][  0]LogInit: Selected Device Profile: [Windows]
[2020.08.30-04.39.29:271][  0]LogMeshReduction: Using QuadricMeshReduction for automatic static mesh reduction
[2020.08.30-04.39.29:271][  0]LogMeshReduction: Using SimplygonMeshReduction for automatic skeletal mesh reduction
[2020.08.30-04.39.29:271][  0]LogMeshReduction: Using ProxyLODMeshReduction for automatic mesh merging
[2020.08.30-04.39.29:271][  0]LogMeshReduction: No distributed automatic mesh merging module available
[2020.08.30-04.39.29:271][  0]LogMeshMerging: No distributed automatic mesh merging module available
[2020.08.30-04.39.29:289][  0]LogNetVersion: FPSGame 1.0.0, NetCL: 13144385, EngineNetVer: 14, GameNetVer: 0 (Checksum: 1304077534)
[2020.08.30-04.39.29:655][  0]LogAISub: UAISubsystem::UAISubsystem AISubsystem (0000024AFAB102C0), frame # 0
[2020.08.30-04.39.29:655][  0]LogAISub: UAISubsystem::UAISubsystem AIPerceptionSystem (0000024AFAA47740), frame # 0
[2020.08.30-04.39.29:657][  0]LogAISub: UAISubsystem::UAISubsystem EnvQueryManager (0000024AFAAA1E00), frame # 0
[2020.08.30-04.39.29:733][  0]LogPackageLocalizationCache: Processed 19 localized package path(s) for 1 prioritized culture(s) in 0.071284 seconds
[2020.08.30-04.39.29:740][  0]LogUObjectArray: 15917 objects as part of root set at end of initial load.
[2020.08.30-04.39.29:740][  0]LogUObjectAllocator: 3965568 out of 0 bytes used by permanent object pool.
[2020.08.30-04.39.29:740][  0]LogUObjectArray: CloseDisregardForGC: 0/0 objects in disregard for GC pool
[2020.08.30-04.39.30:239][  0]LogTcpMessaging: Initializing TcpMessaging bridge
[2020.08.30-04.39.30:246][  0]LogUdpMessaging: Initializing bridge on interface 0.0.0.0:0 to multicast group 230.0.0.1:6666.
[2020.08.30-04.39.30:516][  0]SourceControl: Source control is disabled
[2020.08.30-04.39.30:516][  0]SourceControl: Source control is disabled
[2020.08.30-04.39.30:521][  0]SourceControl: Source control is disabled
[2020.08.30-04.39.30:526][  0]SourceControl: Source control is disabled
[2020.08.30-04.39.30:536][  0]SourceControl: Source control is disabled
[2020.08.30-04.39.30:912][  0]LogAndroidPermission: UAndroidPermissionCallbackProxy::GetInstance
[2020.08.30-04.39.30:947][  0]LogAudioCaptureCore: Display: No Audio Capture implementations found. Audio input will be silent.
[2020.08.30-04.39.30:947][  0]LogAudioCaptureCore: Display: No Audio Capture implementations found. Audio input will be silent.
[2020.08.30-04.39.31:018][  0]LogOcInput: OculusInput pre-init called
[2020.08.30-04.39.31:034][  0]LogWindows: Failed to load 'OVRPlugin.dll' (GetLastError=126)
[2020.08.30-04.39.31:034][  0]LogWindows: File 'OVRPlugin.dll' does not exist
[2020.08.30-04.39.31:112][  0]LogEngine: Initializing Engine...
[2020.08.30-04.39.31:113][  0]LogHMD: Failed to initialize OpenVR with code 110
[2020.08.30-04.39.31:113][  0]LogMagicLeap: Warning: VR disabled because ZI is not enabled.  To enable, in the editor, Edit -> Project Settings -> Plugins -> Magic Leap Plugin -> Enable Zero Iteration
[2020.08.30-04.39.31:114][  0]LogStats: UGameplayTagsManager::InitializeManager -  0.000 s
[2020.08.30-04.39.31:216][  0]LogInit: Initializing FReadOnlyCVARCache
[2020.08.30-04.39.31:226][  0]LogAIModule: Creating AISystem for world Untitled
[2020.08.30-04.39.31:226][  0]LogAISub: UAISubsystem::UAISubsystem EnvQueryManager (0000024AFED6A000), frame # 0
[2020.08.30-04.39.31:226][  0]LogAISub: UAISubsystem::UAISubsystem AIPerceptionSystem (0000024AFEDB8680), frame # 0
[2020.08.30-04.39.31:241][  0]LogAudioMixer: Display: Audio Mixer Platform Settings:
[2020.08.30-04.39.31:242][  0]LogAudioMixer: Display: 	Sample Rate:						  48000
[2020.08.30-04.39.31:242][  0]LogAudioMixer: Display: 	Callback Buffer Frame Size Requested: 1024
[2020.08.30-04.39.31:242][  0]LogAudioMixer: Display: 	Callback Buffer Frame Size To Use:	  1024
[2020.08.30-04.39.31:242][  0]LogAudioMixer: Display: 	Number of buffers to queue:			  2
[2020.08.30-04.39.31:242][  0]LogAudioMixer: Display: 	Max Channels (voices):				  32
[2020.08.30-04.39.31:242][  0]LogAudioMixer: Display: 	Number of Async Source Workers:		  0
[2020.08.30-04.39.31:242][  0]LogAudio: Display: AudioDevice MaxSources: 32
[2020.08.30-04.39.31:243][  0]LogAudio: Display: Using built-in audio occlusion.
[2020.08.30-04.39.31:243][  0]LogAudioMixer: Display: Initializing audio mixer.
[2020.08.30-04.39.31:258][  0]LogAudioMixer: Display: 0: FrontLeft
[2020.08.30-04.39.31:259][  0]LogAudioMixer: Display: 1: FrontRight
[2020.08.30-04.39.31:297][  0]LogAudioMixer: Display: Using Audio Device Headset Earphone (HyperX Virtual Surround Sound)
[2020.08.30-04.39.31:302][  0]LogAudioMixer: Display: Initializing Sound Submixes...
[2020.08.30-04.39.31:304][  0]LogAudioMixer: Display: Creating Master Submix 'MasterSubmixDefault'
[2020.08.30-04.39.31:304][  0]LogAudioMixer: Display: Creating Master Submix 'MasterReverbSubmixDefault'
[2020.08.30-04.39.31:305][  0]LogAudioMixer: Display: Creating Master Submix 'MasterEQSubmixDefault'
[2020.08.30-04.39.31:309][  0]LogInit: FAudioDevice initialized.
[2020.08.30-04.39.31:309][  0]LogNetVersion: Set ProjectVersion to 1.0.0.0. Version Checksum will be recalculated on next use.
[2020.08.30-04.39.31:412][  0]LogDerivedDataCache: Saved boot cache 0.10s 77MB C:/Users/iylek/AppData/Local/UnrealEngine/4.25/DerivedDataCache/Boot.ddc.
[2020.08.30-04.39.31:417][  0]LogInit: Texture streaming: Enabled
[2020.08.30-04.39.31:441][  0]LogEngineSessionManager: EngineSessionManager initialized
[2020.08.30-04.39.31:442][  0]LogEngineSessionManager: EngineSessionManager sent abnormal shutdown report. Type=Debugger, SessionId={BA9997F9-452A-3358-95AD-4DB0E8B2B8D7}
[2020.08.30-04.39.31:442][  0]LogEditorSessionSummary: Verbose: Initializing EditorSessionSummaryWriter for editor session tracking
[2020.08.30-04.39.31:445][  0]LogEditorSessionSummary: EditorSessionSummaryWriter initialized
[2020.08.30-04.39.31:503][  0]LogInit: Transaction tracking system initialized
[2020.08.30-04.39.31:534][  0]BlueprintLog: New page: Editor Load
[2020.08.30-04.39.31:642][  0]LocalizationService: Localization service is disabled
[2020.08.30-04.39.31:831][  0]LogCook: Display: Max memory allowance for cook 16384mb min free memory 0mb
[2020.08.30-04.39.31:831][  0]LogCook: Display: Mobile HDR setting 1
[2020.08.30-04.39.31:945][  0]LogFileCache: Scanning file cache for directory 'C:/Users/iylek/Desktop/Unreal/StealthGame/StealthGame_ProjectBase_4.25/StealthGame/Content/' took 0.00s
[2020.08.30-04.39.32:212][  0]SourceControl: Source control is disabled
[2020.08.30-04.39.32:213][  0]LogUnrealEdMisc: Loading editor; pre map load, took 7.176
[2020.08.30-04.39.32:213][  0]Cmd: MAP LOAD FILE="../../../../../../Users/iylek/Desktop/Unreal/StealthGame/StealthGame_ProjectBase_4.25/StealthGame/Content/Maps/FirstPersonExampleMap.umap" TEMPLATE=0 SHOWPROGRESS=1 FEATURELEVEL=3
[2020.08.30-04.39.32:213][  0]LightingResults: New page: Lighting Build
[2020.08.30-04.39.32:214][  0]LogWorld: UWorld::CleanupWorld for Untitled, bSessionEnded=true, bCleanupResources=true
[2020.08.30-04.39.32:215][  0]LogSlate: InvalidateAllWidgets triggered.  All widgets were invalidated
[2020.08.30-04.39.32:215][  0]MapCheck: New page: Map Check
[2020.08.30-04.39.32:215][  0]LightingResults: New page: Lighting Build
[2020.08.30-04.39.32:227][  0]LogAISub: UAISubsystem::~UAISubsystem EnvQueryManager (0000024AFED6A000), frame # 0
[2020.08.30-04.39.32:227][  0]LogAISub: UAISubsystem::~UAISubsystem AIPerceptionSystem (0000024AFEDB8680), frame # 0
[2020.08.30-04.39.32:228][  0]LogUObjectHash: Compacting FUObjectHashTables data took   1.09ms
[2020.08.30-04.39.32:328][  0]LogAIModule: Creating AISystem for world FirstPersonExampleMap
[2020.08.30-04.39.32:328][  0]LogAISub: UAISubsystem::UAISubsystem EnvQueryManager (0000024AFF088C00), frame # 0
[2020.08.30-04.39.32:328][  0]LogAISub: UAISubsystem::UAISubsystem AIPerceptionSystem (0000024AFF0B8E00), frame # 0
[2020.08.30-04.39.32:336][  0]LogEditorServer: Finished looking for orphan Actors (0.000 secs)
[2020.08.30-04.39.32:353][  0]LogUObjectHash: Compacting FUObjectHashTables data took   0.84ms
[2020.08.30-04.39.32:354][  0]Cmd: MAP CHECKDEP NOCLEARLOG
[2020.08.30-04.39.32:354][  0]MapCheck: Map check complete: 0 Error(s), 0 Warning(s), took 0.23ms to complete.
[2020.08.30-04.39.32:354][  0]LogFileHelpers: Loading map 'FirstPersonExampleMap' took 0.141
[2020.08.30-04.39.32:357][  0]LogUnrealEdMisc: Total Editor Startup Time, took 7.320
[2020.08.30-04.39.32:507][  0]LogSlate: Updating window title bar state: overlay mode, drag disabled, window buttons hidden, title bar hidden
[2020.08.30-04.39.32:513][  0]LogSlate: Updating window title bar state: overlay mode, drag disabled, window buttons hidden, title bar hidden
[2020.08.30-04.39.32:519][  0]LogSlate: Updating window title bar state: overlay mode, drag disabled, window buttons hidden, title bar hidden
[2020.08.30-04.39.32:525][  0]LogSlate: Updating window title bar state: overlay mode, drag disabled, window buttons hidden, title bar hidden
[2020.08.30-04.39.32:535][  0]LogCollectionManager: Loaded 0 collections in 0.002256 seconds
[2020.08.30-04.39.32:553][  0]LogFileCache: Scanning file cache for directory 'C:/Users/iylek/Desktop/Unreal/StealthGame/StealthGame_ProjectBase_4.25/StealthGame/Saved/Collections/' took 0.00s
[2020.08.30-04.39.32:554][  0]LogFileCache: Scanning file cache for directory 'C:/Users/iylek/Desktop/Unreal/StealthGame/StealthGame_ProjectBase_4.25/StealthGame/Content/Developers/iylek/Collections/' took 0.00s
[2020.08.30-04.39.32:554][  0]LogFileCache: Scanning file cache for directory 'C:/Users/iylek/Desktop/Unreal/StealthGame/StealthGame_ProjectBase_4.25/StealthGame/Content/Collections/' took 0.00s
[2020.08.30-04.39.32:554][  0]LogContentBrowser: Native class hierarchy populated in 0.0097 seconds. Added 3437 classes and 824 folders.
[2020.08.30-04.39.32:557][  0]LogContentBrowser: Native class hierarchy updated for 'WidgetCarousel' in 0.0003 seconds. Added 0 classes and 0 folders.
[2020.08.30-04.39.32:601][  0]LogContentBrowser: Native class hierarchy updated for 'AddContentDialog' in 0.0004 seconds. Added 0 classes and 0 folders.
[2020.08.30-04.39.32:602][  0]LogContentBrowser: Native class hierarchy updated for 'SceneOutliner' in 0.0002 seconds. Added 2 classes and 0 folders.
[2020.08.30-04.39.32:644][  0]LogSlate: Took 0.000235 seconds to synchronously load lazily loaded font '../../../Engine/Content/Slate/Fonts/Roboto-Regular.ttf' (155K)
[2020.08.30-04.39.32:646][  0]LogSlate: Took 0.000200 seconds to synchronously load lazily loaded font '../../../Engine/Content/Slate/Fonts/Roboto-Bold.ttf' (160K)
[2020.08.30-04.39.32:650][  0]LogSlate: Took 0.000127 seconds to synchronously load lazily loaded font '../../../Engine/Content/Editor/Slate/Fonts/FontAwesome.ttf' (139K)
[2020.08.30-04.39.32:707][  0]LogRenderer: Reallocating scene render targets to support 1208x600 Format 10 NumSamples 1 (Frame:1).
[2020.08.30-04.39.32:787][  0]LogContentBrowser: Native class hierarchy updated for 'HierarchicalLODOutliner' in 0.0004 seconds. Added 0 classes and 0 folders.
[2020.08.30-04.39.32:787][  0]LogLoad: (Engine Initialization) Total time: 7.75 seconds
[2020.08.30-04.39.32:787][  0]LogLoad: (Engine Initialization) Total Blueprint compile time: 0.00 seconds
[2020.08.30-04.39.32:873][  0]LogAssetRegistry: Asset discovery search completed in 3.9489 seconds
[2020.08.30-04.39.32:877][  0]LogCollectionManager: Fixed up redirectors for 0 collections in 0.000003 seconds (updated 0 objects)
[2020.08.30-04.39.32:879][  0]LogContentStreaming: Texture pool size now 1000 MB
[2020.08.30-04.39.32:925][  0]LogSlate: Took 0.000148 seconds to synchronously load lazily loaded font '../../../Engine/Content/Slate/Fonts/Roboto-Light.ttf' (167K)
[2020.08.30-04.39.39:553][749]LogSlate: Took 0.000178 seconds to synchronously load lazily loaded font '../../../Engine/Content/Slate/Fonts/Roboto-Light.ttf' (167K)
[2020.08.30-04.39.39:569][749]LogAssetEditorSubsystem: Opening Asset editor for Blueprint /Game/Blueprints/BP_Guard.BP_Guard
[2020.08.30-04.39.39:740][749]LogContentBrowser: Native class hierarchy updated for 'BlueprintGraph' in 0.0006 seconds. Added 125 classes and 0 folders.
[2020.08.30-04.39.40:537][749]LogSlate: Took 0.000235 seconds to synchronously load lazily loaded font '../../../Engine/Content/Slate/Fonts/Roboto-BoldCondensed.ttf' (158K)
[2020.08.30-04.39.42:734][955]LogSlate: Window 'BP_Guard' being destroyed
[2020.08.30-04.39.43:001][980]LogSlate: Took 0.000214 seconds to synchronously load lazily loaded font '../../../Engine/Content/Slate/Fonts/Roboto-Italic.ttf' (157K)
[2020.08.30-04.40.49:452][713]LogAssetEditorSubsystem: Opening Asset editor for WidgetBlueprint /Game/UI/WPB_GuardState.WPB_GuardState
[2020.08.30-04.41.16:050][765]LogSlate: Took 0.000207 seconds to synchronously load lazily loaded font '../../../Engine/Content/Slate/Fonts/Roboto-BoldCondensedItalic.ttf' (160K)
[2020.08.30-04.43.08:412][495]BlueprintLog: New page: Compile WPB_GuardState
[2020.08.30-04.43.08:483][495]LogUObjectHash: Compacting FUObjectHashTables data took   3.95ms
[2020.08.30-04.43.08:518][495]Cmd: OBJ SAVEPACKAGE PACKAGE="/Game/UI/WPB_GuardState" FILE="../../../../../../Users/iylek/Desktop/Unreal/StealthGame/StealthGame_ProjectBase_4.25/StealthGame/Content/UI/WPB_GuardState.uasset" SILENT=true
[2020.08.30-04.43.08:549][495]LogSavePackage: Moving '../../../../../../Users/iylek/Desktop/Unreal/StealthGame/StealthGame_ProjectBase_4.25/StealthGame/Saved/WPB_GuardState393471014D922EF72A59E9BC92C09A03.tmp' to '../../../../../../Users/iylek/Desktop/Unreal/StealthGame/StealthGame_ProjectBase_4.25/StealthGame/Content/UI/WPB_GuardState.uasset'
[2020.08.30-04.43.08:569][495]AssetCheck: New page: Asset Save: WPB_GuardState
[2020.08.30-04.43.08:569][495]LogContentValidation: Display: Validating WidgetBlueprint /Game/UI/WPB_GuardState.WPB_GuardState
[2020.08.30-04.43.08:582][495]LogSlate: Took 0.000216 seconds to synchronously load lazily loaded font '../../../Engine/Content/Slate/Fonts/DroidSansMono.ttf' (77K)
[2020.08.30-04.43.09:401][590]Cmd: OBJ SAVEPACKAGE PACKAGE="/Game/UI/WPB_GuardState" FILE="../../../../../../Users/iylek/Desktop/Unreal/StealthGame/StealthGame_ProjectBase_4.25/StealthGame/Content/UI/WPB_GuardState.uasset" SILENT=true
[2020.08.30-04.43.09:417][590]LogSavePackage: Moving '../../../../../../Users/iylek/Desktop/Unreal/StealthGame/StealthGame_ProjectBase_4.25/StealthGame/Saved/WPB_GuardState62D3442C4E31F0EC24F99EB2163992F8.tmp' to '../../../../../../Users/iylek/Desktop/Unreal/StealthGame/StealthGame_ProjectBase_4.25/StealthGame/Content/UI/WPB_GuardState.uasset'
[2020.08.30-04.43.09:430][590]AssetCheck: New page: Asset Save: WPB_GuardState
[2020.08.30-04.43.09:430][590]LogContentValidation: Display: Validating WidgetBlueprint /Game/UI/WPB_GuardState.WPB_GuardState
[2020.08.30-04.43.12:205][900]BlueprintLog: New page: Compile BP_Guard
[2020.08.30-04.43.12:254][900]LogUObjectHash: Compacting FUObjectHashTables data took   3.37ms
[2020.08.30-04.43.12:332][900]LogSavePackage: Moving '../../../../../../Users/iylek/Desktop/Unreal/StealthGame/StealthGame_ProjectBase_4.25/StealthGame/Saved/BP_Guard37D2C9F346402ABF98EFC9B75DB56E95.tmp' to '../../../../../../Users/iylek/Desktop/Unreal/StealthGame/StealthGame_ProjectBase_4.25/StealthGame/Content/Blueprints/BP_Guard.uasset'
[2020.08.30-04.43.12:349][900]AssetCheck: New page: Asset Save: BP_Guard
[2020.08.30-04.43.12:350][900]LogContentValidation: Display: Validating Blueprint /Game/Blueprints/BP_Guard.BP_Guard
[2020.08.30-04.43.12:817][949]LogSavePackage: Moving '../../../../../../Users/iylek/Desktop/Unreal/StealthGame/StealthGame_ProjectBase_4.25/StealthGame/Saved/BP_Guard237B5B5D4B255863FBA529A1BEC6D879.tmp' to '../../../../../../Users/iylek/Desktop/Unreal/StealthGame/StealthGame_ProjectBase_4.25/StealthGame/Content/Blueprints/BP_Guard.uasset'
[2020.08.30-04.43.12:831][949]AssetCheck: New page: Asset Save: BP_Guard
[2020.08.30-04.43.12:831][949]LogContentValidation: Display: Validating Blueprint /Game/Blueprints/BP_Guard.BP_Guard
[2020.08.30-04.44.07:340][741]LogSavePackage: Moving '../../../../../../Users/iylek/Desktop/Unreal/StealthGame/StealthGame_ProjectBase_4.25/StealthGame/Saved/BP_GuardFCF55DBD41A23B40024D6F84A40D41F5.tmp' to '../../../../../../Users/iylek/Desktop/Unreal/StealthGame/StealthGame_ProjectBase_4.25/StealthGame/Content/Blueprints/BP_Guard.uasset'
[2020.08.30-04.44.07:356][741]AssetCheck: New page: Asset Save: BP_Guard
[2020.08.30-04.44.07:356][741]LogContentValidation: Display: Validating Blueprint /Game/Blueprints/BP_Guard.BP_Guard
[2020.08.30-04.44.08:204][841]BlueprintLog: New page: Compile BP_Guard
[2020.08.30-04.44.08:249][841]LogUObjectHash: Compacting FUObjectHashTables data took   3.25ms
[2020.08.30-04.44.09:278][953]LogSavePackage: Moving '../../../../../../Users/iylek/Desktop/Unreal/StealthGame/StealthGame_ProjectBase_4.25/StealthGame/Saved/BP_GuardE5F363D842E8CA112C643796DE2525AC.tmp' to '../../../../../../Users/iylek/Desktop/Unreal/StealthGame/StealthGame_ProjectBase_4.25/StealthGame/Content/Blueprints/BP_Guard.uasset'
[2020.08.30-04.44.09:289][953]AssetCheck: New page: Asset Save: BP_Guard
[2020.08.30-04.44.09:289][953]LogContentValidation: Display: Validating Blueprint /Game/Blueprints/BP_Guard.BP_Guard
[2020.08.30-04.44.11:280][175]LogUObjectHash: Compacting FUObjectHashTables data took   2.90ms
[2020.08.30-04.44.11:328][175]LogSavePackage: Moving '../../../../../../Users/iylek/Desktop/Unreal/StealthGame/StealthGame_ProjectBase_4.25/StealthGame/Saved/FirstPersonExampleMap1066437F48A3B4812EC2C19D54BD0378.tmp' to '../../../../../../Users/iylek/Desktop/Unreal/StealthGame/StealthGame_ProjectBase_4.25/StealthGame/Content/Maps/FirstPersonExampleMap.umap'
[2020.08.30-04.44.11:379][175]AssetCheck: New page: Asset Save: FirstPersonExampleMap
[2020.08.30-04.44.11:379][175]LogContentValidation: Display: Validating World /Game/Maps/FirstPersonExampleMap.FirstPersonExampleMap
[2020.08.30-04.44.12:474][293]LogTemp: Repeating last play command: Selected Viewport
[2020.08.30-04.44.12:493][293]LogPlayLevel: PlayLevel: No blueprints needed recompiling
[2020.08.30-04.44.12:494][293]PIE: New page: PIE session: FirstPersonExampleMap (Aug. 29, 2020, 8:44:12 p.m.)
[2020.08.30-04.44.12:495][293]LogOnline: OSS: Creating online subsystem instance for: NULL
[2020.08.30-04.44.12:498][293]LogOnline: OSS: TryLoadSubsystemAndSetDefault: Loaded subsystem for module [NULL]
[2020.08.30-04.44.12:498][293]LogPlayLevel: Creating play world package: /Game/Maps/UEDPIE_0_FirstPersonExampleMap
[2020.08.30-04.44.12:511][293]LogPlayLevel: PIE: StaticDuplicateObject took: (0.012889s)
[2020.08.30-04.44.12:512][293]LogAIModule: Creating AISystem for world FirstPersonExampleMap
[2020.08.30-04.44.12:513][293]LogAISub: UAISubsystem::UAISubsystem EnvQueryManager (0000024B13A55A00), frame # 26293
[2020.08.30-04.44.12:513][293]LogAISub: UAISubsystem::UAISubsystem AIPerceptionSystem (0000024B08872700), frame # 26293
[2020.08.30-04.44.12:513][293]LogPlayLevel: PIE: World Init took: (0.001709s)
[2020.08.30-04.44.12:513][293]LogPlayLevel: PIE: Created PIE world by copying editor world from /Game/Maps/FirstPersonExampleMap.FirstPersonExampleMap to /Game/Maps/UEDPIE_0_FirstPersonExampleMap.FirstPersonExampleMap (0.015053s)
[2020.08.30-04.44.12:542][293]LogUObjectHash: Compacting FUObjectHashTables data took   2.57ms
[2020.08.30-04.44.12:544][293]LogAudioMixer: Display: Audio Mixer Platform Settings:
[2020.08.30-04.44.12:544][293]LogAudioMixer: Display: 	Sample Rate:						  48000
[2020.08.30-04.44.12:544][293]LogAudioMixer: Display: 	Callback Buffer Frame Size Requested: 1024
[2020.08.30-04.44.12:544][293]LogAudioMixer: Display: 	Callback Buffer Frame Size To Use:	  1024
[2020.08.30-04.44.12:544][293]LogAudioMixer: Display: 	Number of buffers to queue:			  2
[2020.08.30-04.44.12:544][293]LogAudioMixer: Display: 	Max Channels (voices):				  32
[2020.08.30-04.44.12:544][293]LogAudioMixer: Display: 	Number of Async Source Workers:		  0
[2020.08.30-04.44.12:544][293]LogAudio: Display: AudioDevice MaxSources: 32
[2020.08.30-04.44.12:545][293]LogAudio: Display: Using built-in audio occlusion.
[2020.08.30-04.44.12:545][293]LogAudioMixer: Display: Initializing audio mixer.
[2020.08.30-04.44.12:548][293]LogAudioMixer: Display: 0: FrontLeft
[2020.08.30-04.44.12:548][293]LogAudioMixer: Display: 1: FrontRight
[2020.08.30-04.44.12:575][293]LogAudioMixer: Display: Using Audio Device Headset Earphone (HyperX Virtual Surround Sound)
[2020.08.30-04.44.12:575][293]LogAudioMixer: Display: Initializing Sound Submixes...
[2020.08.30-04.44.12:575][293]LogAudioMixer: Display: Creating Master Submix 'MasterSubmixDefault'
[2020.08.30-04.44.12:576][293]LogAudioMixer: Display: Creating Master Submix 'MasterReverbSubmixDefault'
[2020.08.30-04.44.12:577][293]LogAudioMixer: Display: Creating Master Submix 'MasterEQSubmixDefault'
[2020.08.30-04.44.12:590][293]LogInit: FAudioDevice initialized.
[2020.08.30-04.44.12:603][293]LogLoad: Game class is 'BP_GameMode_C'
[2020.08.30-04.44.12:605][293]LogWorld: Bringing World /Game/Maps/UEDPIE_0_FirstPersonExampleMap.FirstPersonExampleMap up for play (max tick rate 0) at 2020.08.30-00.44.12
[2020.08.30-04.44.12:606][293]LogWorld: Bringing up level for play took: 0.001893
[2020.08.30-04.44.12:606][293]LogOnline: OSS: Creating online subsystem instance for: :Context_8
[2020.08.30-04.44.12:619][293]LogContentBrowser: Native class hierarchy updated for 'MovieSceneCapture' in 0.0005 seconds. Added 20 classes and 0 folders.
[2020.08.30-04.44.12:621][293]PIE: Server logged in
[2020.08.30-04.44.12:623][293]PIE: Play in editor total start time 0.133 seconds.
[2020.08.30-04.44.51:117][862]LogSlate: Updating window title bar state: overlay mode, drag disabled, window buttons hidden, title bar hidden
[2020.08.30-04.44.51:117][862]LogWorld: BeginTearingDown for /Game/Maps/UEDPIE_0_FirstPersonExampleMap
[2020.08.30-04.44.51:118][862]LogWorld: UWorld::CleanupWorld for FirstPersonExampleMap, bSessionEnded=true, bCleanupResources=true
[2020.08.30-04.44.51:118][862]LogSlate: InvalidateAllWidgets triggered.  All widgets were invalidated
[2020.08.30-04.44.51:134][862]LogPlayLevel: Display: Shutting down PIE online subsystems
[2020.08.30-04.44.51:140][862]LogSlate: InvalidateAllWidgets triggered.  All widgets were invalidated
[2020.08.30-04.44.51:170][862]LogSlate: Updating window title bar state: overlay mode, drag disabled, window buttons hidden, title bar hidden
[2020.08.30-04.44.51:207][862]LogAISub: UAISubsystem::~UAISubsystem AIPerceptionSystem (0000024B08872700), frame # 30862
[2020.08.30-04.44.51:207][862]LogAISub: UAISubsystem::~UAISubsystem EnvQueryManager (0000024B13A55A00), frame # 30862
[2020.08.30-04.44.51:243][862]LogUObjectHash: Compacting FUObjectHashTables data took   4.04ms
[2020.08.30-04.44.51:279][863]LogPlayLevel: Display: Destroying online subsystem :Context_8
[2020.08.30-04.44.52:662][ 23]LogTemp: Repeating last play command: Selected Viewport
[2020.08.30-04.44.52:679][ 23]LogPlayLevel: PlayLevel: No blueprints needed recompiling
[2020.08.30-04.44.52:679][ 23]PIE: New page: PIE session: FirstPersonExampleMap (Aug. 29, 2020, 8:44:52 p.m.)
[2020.08.30-04.44.52:716][ 23]LogPlayLevel: Creating play world package: /Game/Maps/UEDPIE_0_FirstPersonExampleMap
[2020.08.30-04.44.52:728][ 23]LogPlayLevel: PIE: StaticDuplicateObject took: (0.011753s)
[2020.08.30-04.44.52:729][ 23]LogAIModule: Creating AISystem for world FirstPersonExampleMap
[2020.08.30-04.44.52:729][ 23]LogAISub: UAISubsystem::UAISubsystem EnvQueryManager (0000024B28DC4600), frame # 31023
[2020.08.30-04.44.52:729][ 23]LogAISub: UAISubsystem::UAISubsystem AIPerceptionSystem (0000024AA9D00CC0), frame # 31023
[2020.08.30-04.44.52:730][ 23]LogPlayLevel: PIE: World Init took: (0.001469s)
[2020.08.30-04.44.52:730][ 23]LogPlayLevel: PIE: Created PIE world by copying editor world from /Game/Maps/FirstPersonExampleMap.FirstPersonExampleMap to /Game/Maps/UEDPIE_0_FirstPersonExampleMap.FirstPersonExampleMap (0.013709s)
[2020.08.30-04.44.52:783][ 23]LogUObjectHash: Compacting FUObjectHashTables data took   3.38ms
[2020.08.30-04.44.52:786][ 23]LogAudioMixer: Display: Audio Mixer Platform Settings:
[2020.08.30-04.44.52:786][ 23]LogAudioMixer: Display: 	Sample Rate:						  48000
[2020.08.30-04.44.52:786][ 23]LogAudioMixer: Display: 	Callback Buffer Frame Size Requested: 1024
[2020.08.30-04.44.52:786][ 23]LogAudioMixer: Display: 	Callback Buffer Frame Size To Use:	  1024
[2020.08.30-04.44.52:786][ 23]LogAudioMixer: Display: 	Number of buffers to queue:			  2
[2020.08.30-04.44.52:786][ 23]LogAudioMixer: Display: 	Max Channels (voices):				  32
[2020.08.30-04.44.52:786][ 23]LogAudioMixer: Display: 	Number of Async Source Workers:		  0
[2020.08.30-04.44.52:786][ 23]LogAudio: Display: AudioDevice MaxSources: 32
[2020.08.30-04.44.52:787][ 23]LogAudio: Display: Using built-in audio occlusion.
[2020.08.30-04.44.52:787][ 23]LogAudioMixer: Display: Initializing audio mixer.
[2020.08.30-04.44.52:789][ 23]LogAudioMixer: Display: 0: FrontLeft
[2020.08.30-04.44.52:790][ 23]LogAudioMixer: Display: 1: FrontRight
[2020.08.30-04.44.52:816][ 23]LogAudioMixer: Display: Using Audio Device Headset Earphone (HyperX Virtual Surround Sound)
[2020.08.30-04.44.52:816][ 23]LogAudioMixer: Display: Initializing Sound Submixes...
[2020.08.30-04.44.52:816][ 23]LogAudioMixer: Display: Creating Master Submix 'MasterSubmixDefault'
[2020.08.30-04.44.52:816][ 23]LogAudioMixer: Display: Creating Master Submix 'MasterReverbSubmixDefault'
[2020.08.30-04.44.52:817][ 23]LogAudioMixer: Display: Creating Master Submix 'MasterEQSubmixDefault'
[2020.08.30-04.44.52:829][ 23]LogInit: FAudioDevice initialized.
[2020.08.30-04.44.52:838][ 23]LogLoad: Game class is 'BP_GameMode_C'
[2020.08.30-04.44.52:840][ 23]LogWorld: Bringing World /Game/Maps/UEDPIE_0_FirstPersonExampleMap.FirstPersonExampleMap up for play (max tick rate 0) at 2020.08.30-00.44.52
[2020.08.30-04.44.52:840][ 23]LogWorld: Bringing up level for play took: 0.001662
[2020.08.30-04.44.52:840][ 23]LogOnline: OSS: Creating online subsystem instance for: :Context_9
[2020.08.30-04.44.52:844][ 23]PIE: Server logged in
[2020.08.30-04.44.52:845][ 23]PIE: Play in editor total start time 0.166 seconds.
[2020.08.30-04.44.56:870][503]LogTemp: Overlapped with extraction zone!
[2020.08.30-04.45.00:557][941]LogSlate: Updating window title bar state: overlay mode, drag disabled, window buttons hidden, title bar hidden
[2020.08.30-04.45.00:557][941]LogWorld: BeginTearingDown for /Game/Maps/UEDPIE_0_FirstPersonExampleMap
[2020.08.30-04.45.00:558][941]LogWorld: UWorld::CleanupWorld for FirstPersonExampleMap, bSessionEnded=true, bCleanupResources=true
[2020.08.30-04.45.00:558][941]LogSlate: InvalidateAllWidgets triggered.  All widgets were invalidated
[2020.08.30-04.45.00:568][941]LogPlayLevel: Display: Shutting down PIE online subsystems
[2020.08.30-04.45.00:572][941]LogSlate: InvalidateAllWidgets triggered.  All widgets were invalidated
[2020.08.30-04.45.00:595][941]LogSlate: Updating window title bar state: overlay mode, drag disabled, window buttons hidden, title bar hidden
[2020.08.30-04.45.00:620][941]LogAISub: UAISubsystem::~UAISubsystem AIPerceptionSystem (0000024AA9D00CC0), frame # 31941
[2020.08.30-04.45.00:620][941]LogAISub: UAISubsystem::~UAISubsystem EnvQueryManager (0000024B28DC4600), frame # 31941
[2020.08.30-04.45.00:623][941]LogUObjectHash: Compacting FUObjectHashTables data took   2.32ms
[2020.08.30-04.45.00:657][942]LogPlayLevel: Display: Destroying online subsystem :Context_9
[2020.08.30-04.45.47:677][883]BlueprintLog: New page: Compile WPB_GuardState
[2020.08.30-04.45.47:723][883]LogUObjectHash: Compacting FUObjectHashTables data took   2.60ms
[2020.08.30-04.45.47:753][883]Cmd: OBJ SAVEPACKAGE PACKAGE="/Game/UI/WPB_GuardState" FILE="../../../../../../Users/iylek/Desktop/Unreal/StealthGame/StealthGame_ProjectBase_4.25/StealthGame/Content/UI/WPB_GuardState.uasset" SILENT=true
[2020.08.30-04.45.47:772][883]LogSavePackage: Moving '../../../../../../Users/iylek/Desktop/Unreal/StealthGame/StealthGame_ProjectBase_4.25/StealthGame/Saved/WPB_GuardState4FEE54DD493DE52F254AB1998EF0E782.tmp' to '../../../../../../Users/iylek/Desktop/Unreal/StealthGame/StealthGame_ProjectBase_4.25/StealthGame/Content/UI/WPB_GuardState.uasset'
[2020.08.30-04.45.47:790][883]AssetCheck: New page: Asset Save: WPB_GuardState
[2020.08.30-04.45.47:790][883]LogContentValidation: Display: Validating WidgetBlueprint /Game/UI/WPB_GuardState.WPB_GuardState
[2020.08.30-04.45.48:533][968]Cmd: OBJ SAVEPACKAGE PACKAGE="/Game/UI/WPB_GuardState" FILE="../../../../../../Users/iylek/Desktop/Unreal/StealthGame/StealthGame_ProjectBase_4.25/StealthGame/Content/UI/WPB_GuardState.uasset" SILENT=true
[2020.08.30-04.45.48:549][968]LogSavePackage: Moving '../../../../../../Users/iylek/Desktop/Unreal/StealthGame/StealthGame_ProjectBase_4.25/StealthGame/Saved/WPB_GuardState1AE300EF45CCE1E0BD2538830716679C.tmp' to '../../../../../../Users/iylek/Desktop/Unreal/StealthGame/StealthGame_ProjectBase_4.25/StealthGame/Content/UI/WPB_GuardState.uasset'
[2020.08.30-04.45.48:561][968]AssetCheck: New page: Asset Save: WPB_GuardState
[2020.08.30-04.45.48:561][968]LogContentValidation: Display: Validating WidgetBlueprint /Game/UI/WPB_GuardState.WPB_GuardState
[2020.08.30-04.46.36:472][143]Cmd: OBJ SAVEPACKAGE PACKAGE="/Game/UI/WPB_GuardState" FILE="../../../../../../Users/iylek/Desktop/Unreal/StealthGame/StealthGame_ProjectBase_4.25/StealthGame/Content/UI/WPB_GuardState.uasset" SILENT=true
[2020.08.30-04.46.36:492][143]LogSavePackage: Moving '../../../../../../Users/iylek/Desktop/Unreal/StealthGame/StealthGame_ProjectBase_4.25/StealthGame/Saved/WPB_GuardStateE7E5049B4C8BF532086FFD9DEE101073.tmp' to '../../../../../../Users/iylek/Desktop/Unreal/StealthGame/StealthGame_ProjectBase_4.25/StealthGame/Content/UI/WPB_GuardState.uasset'
[2020.08.30-04.46.36:514][143]AssetCheck: New page: Asset Save: WPB_GuardState
[2020.08.30-04.46.36:515][143]LogContentValidation: Display: Validating WidgetBlueprint /Game/UI/WPB_GuardState.WPB_GuardState
[2020.08.30-04.46.38:044][309]LogUObjectHash: Compacting FUObjectHashTables data took   3.24ms
[2020.08.30-04.46.38:081][309]LogSavePackage: Moving '../../../../../../Users/iylek/Desktop/Unreal/StealthGame/StealthGame_ProjectBase_4.25/StealthGame/Saved/FirstPersonExampleMap052504484BF4AB52EA1D1C87FAC6A1FB.tmp' to '../../../../../../Users/iylek/Desktop/Unreal/StealthGame/StealthGame_ProjectBase_4.25/StealthGame/Content/Maps/FirstPersonExampleMap.umap'
[2020.08.30-04.46.38:126][309]AssetCheck: New page: Asset Save: FirstPersonExampleMap
[2020.08.30-04.46.38:126][309]LogContentValidation: Display: Validating World /Game/Maps/FirstPersonExampleMap.FirstPersonExampleMap
[2020.08.30-04.46.39:147][421]LogTemp: Repeating last play command: Selected Viewport
[2020.08.30-04.46.39:168][421]LogPlayLevel: PlayLevel: No blueprints needed recompiling
[2020.08.30-04.46.39:169][421]PIE: New page: PIE session: FirstPersonExampleMap (Aug. 29, 2020, 8:46:39 p.m.)
[2020.08.30-04.46.39:197][421]LogPlayLevel: Creating play world package: /Game/Maps/UEDPIE_0_FirstPersonExampleMap
[2020.08.30-04.46.39:210][421]LogPlayLevel: PIE: StaticDuplicateObject took: (0.013348s)
[2020.08.30-04.46.39:211][421]LogAIModule: Creating AISystem for world FirstPersonExampleMap
[2020.08.30-04.46.39:211][421]LogAISub: UAISubsystem::UAISubsystem EnvQueryManager (0000024AF0D27800), frame # 35421
[2020.08.30-04.46.39:212][421]LogAISub: UAISubsystem::UAISubsystem AIPerceptionSystem (0000024B062F4400), frame # 35421
[2020.08.30-04.46.39:212][421]LogPlayLevel: PIE: World Init took: (0.001866s)
[2020.08.30-04.46.39:212][421]LogPlayLevel: PIE: Created PIE world by copying editor world from /Game/Maps/FirstPersonExampleMap.FirstPersonExampleMap to /Game/Maps/UEDPIE_0_FirstPersonExampleMap.FirstPersonExampleMap (0.015798s)
[2020.08.30-04.46.39:239][421]LogUObjectHash: Compacting FUObjectHashTables data took   2.34ms
[2020.08.30-04.46.39:240][421]LogAudioMixer: Display: Audio Mixer Platform Settings:
[2020.08.30-04.46.39:240][421]LogAudioMixer: Display: 	Sample Rate:						  48000
[2020.08.30-04.46.39:240][421]LogAudioMixer: Display: 	Callback Buffer Frame Size Requested: 1024
[2020.08.30-04.46.39:240][421]LogAudioMixer: Display: 	Callback Buffer Frame Size To Use:	  1024
[2020.08.30-04.46.39:240][421]LogAudioMixer: Display: 	Number of buffers to queue:			  2
[2020.08.30-04.46.39:240][421]LogAudioMixer: Display: 	Max Channels (voices):				  32
[2020.08.30-04.46.39:240][421]LogAudioMixer: Display: 	Number of Async Source Workers:		  0
[2020.08.30-04.46.39:240][421]LogAudio: Display: AudioDevice MaxSources: 32
[2020.08.30-04.46.39:241][421]LogAudio: Display: Using built-in audio occlusion.
[2020.08.30-04.46.39:241][421]LogAudioMixer: Display: Initializing audio mixer.
[2020.08.30-04.46.39:243][421]LogAudioMixer: Display: 0: FrontLeft
[2020.08.30-04.46.39:244][421]LogAudioMixer: Display: 1: FrontRight
[2020.08.30-04.46.39:272][421]LogAudioMixer: Display: Using Audio Device Headset Earphone (HyperX Virtual Surround Sound)
[2020.08.30-04.46.39:272][421]LogAudioMixer: Display: Initializing Sound Submixes...
[2020.08.30-04.46.39:272][421]LogAudioMixer: Display: Creating Master Submix 'MasterSubmixDefault'
[2020.08.30-04.46.39:272][421]LogAudioMixer: Display: Creating Master Submix 'MasterReverbSubmixDefault'
[2020.08.30-04.46.39:273][421]LogAudioMixer: Display: Creating Master Submix 'MasterEQSubmixDefault'
[2020.08.30-04.46.39:285][421]LogInit: FAudioDevice initialized.
[2020.08.30-04.46.39:300][421]LogLoad: Game class is 'BP_GameMode_C'
[2020.08.30-04.46.39:302][421]LogWorld: Bringing World /Game/Maps/UEDPIE_0_FirstPersonExampleMap.FirstPersonExampleMap up for play (max tick rate 0) at 2020.08.30-00.46.39
[2020.08.30-04.46.39:303][421]LogWorld: Bringing up level for play took: 0.001905
[2020.08.30-04.46.39:303][421]LogOnline: OSS: Creating online subsystem instance for: :Context_10
[2020.08.30-04.46.39:307][421]PIE: Server logged in
[2020.08.30-04.46.39:308][421]PIE: Play in editor total start time 0.143 seconds.
[2020.08.30-04.46.59:757][864]LogSlate: Updating window title bar state: overlay mode, drag disabled, window buttons hidden, title bar hidden
[2020.08.30-04.46.59:757][864]LogWorld: BeginTearingDown for /Game/Maps/UEDPIE_0_FirstPersonExampleMap
[2020.08.30-04.46.59:758][864]LogWorld: UWorld::CleanupWorld for FirstPersonExampleMap, bSessionEnded=true, bCleanupResources=true
[2020.08.30-04.46.59:758][864]LogSlate: InvalidateAllWidgets triggered.  All widgets were invalidated
[2020.08.30-04.46.59:768][864]LogPlayLevel: Display: Shutting down PIE online subsystems
[2020.08.30-04.46.59:774][864]LogSlate: InvalidateAllWidgets triggered.  All widgets were invalidated
[2020.08.30-04.46.59:828][864]LogSlate: Updating window title bar state: overlay mode, drag disabled, window buttons hidden, title bar hidden
[2020.08.30-04.46.59:829][864]LogAISub: UAISubsystem::~UAISubsystem AIPerceptionSystem (0000024B062F4400), frame # 37864
[2020.08.30-04.46.59:829][864]LogAISub: UAISubsystem::~UAISubsystem EnvQueryManager (0000024AF0D27800), frame # 37864
[2020.08.30-04.46.59:832][864]LogUObjectHash: Compacting FUObjectHashTables data took   2.56ms
[2020.08.30-04.46.59:868][865]LogPlayLevel: Display: Destroying online subsystem :Context_10
