Log file open, 08/30/20 00:02:16
LogInit: Display: Running engine for game: FPSGame
LogPlatformFile: Not using cached read wrapper
LogTaskGraph: Started task graph with 5 named threads and 35 total threads with 3 sets of task threads.
LogStats: Stats thread started at 0.279629
LogD3D11RHI: Loaded GFSDK_Aftermath_Lib.x64.dll
LogICUInternationalization: ICU TimeZone Detection - Raw Offset: -5:00, Platform Override: ''
LogPluginManager: Mounting plugin Paper2D
LogPluginManager: Mounting plugin AISupport
LogPluginManager: Mounting plugin LightPropagationVolume
LogPluginManager: Mounting plugin CameraShakePreviewer
LogPluginManager: Mounting plugin ActorLayerUtilities
LogPluginManager: Mounting plugin AnimationSharing
LogPluginManager: Mounting plugin CLionSourceCodeAccess
LogPluginManager: Mounting plugin CodeLiteSourceCodeAccess
LogPluginManager: Mounting plugin GitSourceControl
LogPluginManager: Mounting plugin KDevelopSourceCodeAccess
LogPluginManager: Mounting plugin NullSourceCodeAccess
LogPluginManager: Mounting plugin PerforceSourceControl
LogPluginManager: Mounting plugin PlasticSourceControl
LogPluginManager: Mounting plugin RiderSourceCodeAccess
LogPluginManager: Mounting plugin SubversionSourceControl
LogPluginManager: Mounting plugin UObjectPlugin
LogPluginManager: Mounting plugin VisualStudioCodeSourceCodeAccess
LogPluginManager: Mounting plugin VisualStudioSourceCodeAccess
LogPluginManager: Mounting plugin XCodeSourceCodeAccess
LogPluginManager: Mounting plugin AssetManagerEditor
LogPluginManager: Mounting plugin CryptoKeys
LogPluginManager: Mounting plugin CurveEditorTools
LogPluginManager: Mounting plugin DataValidation
LogPluginManager: Mounting plugin EditorScriptingUtilities
LogPluginManager: Mounting plugin FacialAnimation
LogPluginManager: Mounting plugin GameplayTagsEditor
LogPluginManager: Mounting plugin GeometryMode
LogPluginManager: Mounting plugin MacGraphicsSwitching
LogPluginManager: Mounting plugin MaterialAnalyzer
LogPluginManager: Mounting plugin MobileLauncherProfileWizard
LogPluginManager: Mounting plugin PluginBrowser
LogPluginManager: Mounting plugin SpeedTreeImporter
LogPluginManager: Mounting plugin DatasmithContent
LogPluginManager: Mounting plugin VariantManagerContent
LogPluginManager: Mounting plugin AlembicImporter
LogPluginManager: Mounting plugin AutomationUtils
LogPluginManager: Mounting plugin BackChannel
LogPluginManager: Mounting plugin ChaosCloth
LogPluginManager: Mounting plugin ChaosClothEditor
LogPluginManager: Mounting plugin ChaosEditor
LogPluginManager: Mounting plugin ChaosNiagara
LogPluginManager: Mounting plugin ChaosSolverPlugin
LogPluginManager: Mounting plugin CharacterAI
LogPluginManager: Mounting plugin GeometryCache
LogPluginManager: Mounting plugin GeometryCollectionPlugin
LogPluginManager: Mounting plugin GeometryProcessing
LogPluginManager: Mounting plugin PlanarCut
LogPluginManager: Mounting plugin PlatformCrypto
LogPluginManager: Mounting plugin ProxyLODPlugin
LogPluginManager: Mounting plugin SkeletalReduction
LogPluginManager: Mounting plugin Niagara
LogPluginManager: Mounting plugin MagicLeap
LogPluginManager: Mounting plugin MagicLeapLightEstimation
LogPluginManager: Mounting plugin MagicLeapMedia
LogPluginManager: Mounting plugin MagicLeapPassableWorld
LogPluginManager: Mounting plugin MLSDK
LogPluginManager: Mounting plugin AndroidMedia
LogPluginManager: Mounting plugin AvfMedia
LogPluginManager: Mounting plugin ImgMedia
LogPluginManager: Mounting plugin MediaCompositing
LogPluginManager: Mounting plugin MediaPlayerEditor
LogPluginManager: Mounting plugin WebMMedia
LogPluginManager: Mounting plugin WmfMedia
LogPluginManager: Mounting plugin MeshPainting
LogPluginManager: Mounting plugin TcpMessaging
LogPluginManager: Mounting plugin UdpMessaging
LogPluginManager: Mounting plugin ActorSequence
LogPluginManager: Mounting plugin LevelSequenceEditor
LogPluginManager: Mounting plugin MatineeToLevelSequence
LogPluginManager: Mounting plugin MovieRenderPipeline
LogPluginManager: Mounting plugin TemplateSequence
LogPluginManager: Mounting plugin NetcodeUnitTest
LogPluginManager: Mounting plugin NUTUnrealEngine4
LogPluginManager: Mounting plugin OnlineSubsystemGooglePlay
LogPluginManager: Mounting plugin OnlineSubsystemIOS
LogPluginManager: Mounting plugin OnlineSubsystem
LogPluginManager: Mounting plugin OnlineSubsystemNull
LogPluginManager: Mounting plugin OnlineSubsystemUtils
LogPluginManager: Mounting plugin LauncherChunkInstaller
LogPluginManager: Mounting plugin AndroidDeviceProfileSelector
LogPluginManager: Mounting plugin AndroidMoviePlayer
LogPluginManager: Mounting plugin AndroidPermission
LogPluginManager: Mounting plugin AppleImageUtils
LogPluginManager: Mounting plugin AppleMoviePlayer
LogPluginManager: Mounting plugin ArchVisCharacter
LogPluginManager: Mounting plugin AssetTags
LogPluginManager: Mounting plugin AudioCapture
LogPluginManager: Mounting plugin CableComponent
LogPluginManager: Mounting plugin CustomMeshComponent
LogPluginManager: Mounting plugin EditableMesh
LogPluginManager: Mounting plugin ExampleDeviceProfileSelector
LogPluginManager: Mounting plugin GoogleCloudMessaging
LogPluginManager: Mounting plugin GooglePAD
LogPluginManager: Mounting plugin IOSDeviceProfileSelector
LogPluginManager: Mounting plugin LinuxDeviceProfileSelector
LogPluginManager: Mounting plugin LocationServicesBPLibrary
LogPluginManager: Mounting plugin MobilePatchingUtils
LogPluginManager: Mounting plugin OculusVR
LogPluginManager: Mounting plugin PhysXVehicles
LogPluginManager: Mounting plugin PostSplashScreen
LogPluginManager: Mounting plugin ProceduralMeshComponent
LogPluginManager: Mounting plugin RuntimePhysXCooking
LogPluginManager: Mounting plugin SignificanceManager
LogPluginManager: Mounting plugin SoundFields
LogPluginManager: Mounting plugin SteamVR
LogPluginManager: Mounting plugin Synthesis
LogPluginManager: Mounting plugin WebMMoviePlayer
LogPluginManager: Mounting plugin WindowsMoviePlayer
LogPluginManager: Mounting plugin ScreenshotTools
LogInit: Using libcurl 7.55.1-DEV
LogInit:  - built for x86_64-pc-win32
LogInit:  - supports SSL with OpenSSL/1.1.1
LogInit:  - supports HTTP deflate (compression) using libz 1.2.8
LogInit:  - other features:
LogInit:      CURL_VERSION_SSL
LogInit:      CURL_VERSION_LIBZ
LogInit:      CURL_VERSION_IPV6
LogInit:      CURL_VERSION_ASYNCHDNS
LogInit:      CURL_VERSION_LARGEFILE
LogInit:      CURL_VERSION_IDN
LogInit:  CurlRequestOptions (configurable via config and command line):
LogInit:  - bVerifyPeer = true  - Libcurl will verify peer certificate
LogInit:  - bUseHttpProxy = false  - Libcurl will NOT use HTTP proxy
LogInit:  - bDontReuseConnections = false  - Libcurl will reuse connections
LogInit:  - MaxHostConnections = 16  - Libcurl will limit the number of connections to a host
LogInit:  - LocalHostAddr = Default
LogInit:  - BufferSize = 65536
LogOnline: OSS: Creating online subsystem instance for: NULL
LogInit: WinSock: version 1.1 (2.2), MaxSocks=32767, MaxUdp=65467
LogOnline: OSS: TryLoadSubsystemAndSetDefault: Loaded subsystem for module [NULL]
LogInit: Build: ++UE4+Release-4.25-CL-13942748
LogInit: Engine Version: 4.25.3-13942748+++UE4+Release-4.25
LogInit: Compatible Engine Version: 4.25.0-13144385+++UE4+Release-4.25
LogInit: Net CL: 13144385
LogInit: OS: Windows 10 (Release 1909) (), CPU: AMD Ryzen 5 3600 6-Core Processor              , GPU: NVIDIA GeForce RTX 2060
LogInit: Compiled (64-bit): Jul 25 2020 02:07:48
LogInit: Compiled with Visual C++: 19.24.28315.00
LogInit: Build Configuration: Development
LogInit: Branch Name: ++UE4+Release-4.25
LogInit: Command Line:  -skipcompile
LogInit: Base Directory: C:/Program Files/Epic Games/UE_4.25/Engine/Binaries/Win64/
LogInit: Allocator: TBB
LogInit: Installed Engine Build: 1
LogDevObjectVersion: Number of dev versions registered: 26
LogDevObjectVersion:   Dev-Blueprints (B0D832E4-1F89-4F0D-ACCF-7EB736FD4AA2): 10
LogDevObjectVersion:   Dev-Build (E1C64328-A22C-4D53-A36C-8E866417BD8C): 0
LogDevObjectVersion:   Dev-Core (375EC13C-06E4-48FB-B500-84F0262A717E): 4
LogDevObjectVersion:   Dev-Editor (E4B068ED-F494-42E9-A231-DA0B2E46BB41): 38
LogDevObjectVersion:   Dev-Framework (CFFC743F-43B0-4480-9391-14DF171D2073): 37
LogDevObjectVersion:   Dev-Mobile (B02B49B5-BB20-44E9-A304-32B752E40360): 2
LogDevObjectVersion:   Dev-Networking (A4E4105C-59A1-49B5-A7C5-40C4547EDFEE): 0
LogDevObjectVersion:   Dev-Online (39C831C9-5AE6-47DC-9A44-9C173E1C8E7C): 0
LogDevObjectVersion:   Dev-Physics (78F01B33-EBEA-4F98-B9B4-84EACCB95AA2): 4
LogDevObjectVersion:   Dev-Platform (6631380F-2D4D-43E0-8009-CF276956A95A): 0
LogDevObjectVersion:   Dev-Rendering (12F88B9F-8875-4AFC-A67C-D90C383ABD29): 43
LogDevObjectVersion:   Dev-Sequencer (7B5AE74C-D270-4C10-A958-57980B212A5A): 12
LogDevObjectVersion:   Dev-VR (D7296918-1DD6-4BDD-9DE2-64A83CC13884): 3
LogDevObjectVersion:   Dev-LoadTimes (C2A15278-BFE7-4AFE-6C17-90FF531DF755): 1
LogDevObjectVersion:   Private-Geometry (6EACA3D4-40EC-4CC1-B786-8BED09428FC5): 3
LogDevObjectVersion:   Dev-AnimPhys (29E575DD-E0A3-4627-9D10-D276232CDCEA): 17
LogDevObjectVersion:   Dev-Anim (AF43A65D-7FD3-4947-9873-3E8ED9C1BB05): 7
LogDevObjectVersion:   Dev-ReflectionCapture (6B266CEC-1EC7-4B8F-A30B-E4D90942FC07): 1
LogDevObjectVersion:   Dev-Automation (0DF73D61-A23F-47EA-B727-89E90C41499A): 1
LogDevObjectVersion:   FortniteMain (601D1886-AC64-4F84-AA16-D3DE0DEAC7D6): 31
LogDevObjectVersion:   Dev-Enterprise (9DFFBCD6-494F-0158-E221-12823C92A888): 10
LogDevObjectVersion:   Dev-Niagara (F2AED0AC-9AFE-416F-8664-AA7FFA26D6FC): 1
LogDevObjectVersion:   Dev-Destruction (174F1F0B-B4C6-45A5-B13F-2EE8D0FB917D): 10
LogDevObjectVersion:   Dev-Physics-Ext (35F94A83-E258-406C-A318-09F59610247C): 37
LogDevObjectVersion:   Dev-PhysicsMaterial-Chaos (B68FC16E-8B1B-42E2-B453-215C058844FE): 1
LogDevObjectVersion:   Dev-CineCamera (B2E18506-4273-CFC2-A54E-F4BB758BBA07): 1
LogInit: Presizing for max 25165824 objects, including 0 objects not considered by GC, pre-allocating 0 bytes for permanent pool.
LogConfig: Applying CVar settings from Section [/Script/Engine.StreamingSettings] File [C:/Users/iylek/Desktop/Unreal/StealthGame/StealthGame_ProjectBase_4.25/StealthGame/Saved/Config/Windows/Engine.ini]
LogConfig: Setting CVar [[s.MinBulkDataSizeForAsyncLoading:131072]]
LogConfig: Setting CVar [[s.AsyncLoadingThreadEnabled:0]]
LogConfig: Setting CVar [[s.EventDrivenLoaderEnabled:1]]
LogConfig: Setting CVar [[s.WarnIfTimeLimitExceeded:0]]
LogConfig: Setting CVar [[s.TimeLimitExceededMultiplier:1.5]]
LogConfig: Setting CVar [[s.TimeLimitExceededMinTime:0.005]]
LogConfig: Setting CVar [[s.UseBackgroundLevelStreaming:1]]
LogConfig: Setting CVar [[s.PriorityAsyncLoadingExtraTime:15.0]]
LogConfig: Setting CVar [[s.LevelStreamingActorsUpdateTimeLimit:5.0]]
LogConfig: Setting CVar [[s.PriorityLevelStreamingActorsUpdateExtraTime:5.0]]
LogConfig: Setting CVar [[s.LevelStreamingComponentsRegistrationGranularity:10]]
LogConfig: Setting CVar [[s.UnregisterComponentsTimeLimit:1.0]]
LogConfig: Setting CVar [[s.LevelStreamingComponentsUnregistrationGranularity:5]]
LogConfig: Setting CVar [[s.FlushStreamingOnExit:1]]
LogInit: Object subsystem initialized
LogConfig: Setting CVar [[con.DebugEarlyDefault:1]]
LogConfig: Setting CVar [[r.setres:1280x720]]
[2020.08.30-04.02.16:856][  0]LogConfig: Setting CVar [[r.VSync:0]]
[2020.08.30-04.02.16:856][  0]LogConfig: Setting CVar [[r.RHICmdBypass:0]]
[2020.08.30-04.02.16:856][  0]LogConfig: Applying CVar settings from Section [/Script/Engine.RendererSettings] File [C:/Users/iylek/Desktop/Unreal/StealthGame/StealthGame_ProjectBase_4.25/StealthGame/Saved/Config/Windows/Engine.ini]
[2020.08.30-04.02.16:856][  0]LogConfig: Setting CVar [[r.GPUCrashDebugging:0]]
[2020.08.30-04.02.16:856][  0]LogConfig: Applying CVar settings from Section [/Script/Engine.RendererOverrideSettings] File [C:/Users/iylek/Desktop/Unreal/StealthGame/StealthGame_ProjectBase_4.25/StealthGame/Saved/Config/Windows/Engine.ini]
[2020.08.30-04.02.16:856][  0]LogConfig: Applying CVar settings from Section [/Script/Engine.StreamingSettings] File [C:/Users/iylek/Desktop/Unreal/StealthGame/StealthGame_ProjectBase_4.25/StealthGame/Saved/Config/Windows/Engine.ini]
[2020.08.30-04.02.16:856][  0]LogConfig: Setting CVar [[s.MinBulkDataSizeForAsyncLoading:131072]]
[2020.08.30-04.02.16:856][  0]LogConfig: Setting CVar [[s.AsyncLoadingThreadEnabled:0]]
[2020.08.30-04.02.16:856][  0]LogConfig: Setting CVar [[s.EventDrivenLoaderEnabled:1]]
[2020.08.30-04.02.16:856][  0]LogConfig: Setting CVar [[s.WarnIfTimeLimitExceeded:0]]
[2020.08.30-04.02.16:857][  0]LogConfig: Setting CVar [[s.TimeLimitExceededMultiplier:1.5]]
[2020.08.30-04.02.16:857][  0]LogConfig: Setting CVar [[s.TimeLimitExceededMinTime:0.005]]
[2020.08.30-04.02.16:857][  0]LogConfig: Setting CVar [[s.UseBackgroundLevelStreaming:1]]
[2020.08.30-04.02.16:857][  0]LogConfig: Setting CVar [[s.PriorityAsyncLoadingExtraTime:15.0]]
[2020.08.30-04.02.16:857][  0]LogConfig: Setting CVar [[s.LevelStreamingActorsUpdateTimeLimit:5.0]]
[2020.08.30-04.02.16:857][  0]LogConfig: Setting CVar [[s.PriorityLevelStreamingActorsUpdateExtraTime:5.0]]
[2020.08.30-04.02.16:857][  0]LogConfig: Setting CVar [[s.LevelStreamingComponentsRegistrationGranularity:10]]
[2020.08.30-04.02.16:857][  0]LogConfig: Setting CVar [[s.UnregisterComponentsTimeLimit:1.0]]
[2020.08.30-04.02.16:857][  0]LogConfig: Setting CVar [[s.LevelStreamingComponentsUnregistrationGranularity:5]]
[2020.08.30-04.02.16:857][  0]LogConfig: Setting CVar [[s.FlushStreamingOnExit:1]]
[2020.08.30-04.02.16:857][  0]LogConfig: Applying CVar settings from Section [/Script/Engine.GarbageCollectionSettings] File [C:/Users/iylek/Desktop/Unreal/StealthGame/StealthGame_ProjectBase_4.25/StealthGame/Saved/Config/Windows/Engine.ini]
[2020.08.30-04.02.16:857][  0]LogConfig: Setting CVar [[gc.MaxObjectsNotConsideredByGC:1]]
[2020.08.30-04.02.16:857][  0]LogConfig: Setting CVar [[gc.SizeOfPermanentObjectPool:0]]
[2020.08.30-04.02.16:857][  0]LogConfig: Setting CVar [[gc.FlushStreamingOnGC:0]]
[2020.08.30-04.02.16:857][  0]LogConfig: Setting CVar [[gc.NumRetriesBeforeForcingGC:10]]
[2020.08.30-04.02.16:857][  0]LogConfig: Setting CVar [[gc.AllowParallelGC:1]]
[2020.08.30-04.02.16:857][  0]LogConfig: Setting CVar [[gc.TimeBetweenPurgingPendingKillObjects:61.1]]
[2020.08.30-04.02.16:857][  0]LogConfig: Setting CVar [[gc.MaxObjectsInEditor:25165824]]
[2020.08.30-04.02.16:858][  0]LogConfig: Setting CVar [[gc.IncrementalBeginDestroyEnabled:1]]
[2020.08.30-04.02.16:858][  0]LogConfig: Setting CVar [[gc.CreateGCClusters:1]]
[2020.08.30-04.02.16:858][  0]LogConfig: Setting CVar [[gc.MinGCClusterSize:5]]
[2020.08.30-04.02.16:858][  0]LogConfig: Setting CVar [[gc.ActorClusteringEnabled:0]]
[2020.08.30-04.02.16:858][  0]LogConfig: Setting CVar [[gc.BlueprintClusteringEnabled:0]]
[2020.08.30-04.02.16:858][  0]LogConfig: Setting CVar [[gc.UseDisregardForGCOnDedicatedServers:0]]
[2020.08.30-04.02.16:858][  0]LogConfig: Applying CVar settings from Section [/Script/Engine.NetworkSettings] File [C:/Users/iylek/Desktop/Unreal/StealthGame/StealthGame_ProjectBase_4.25/StealthGame/Saved/Config/Windows/Engine.ini]
[2020.08.30-04.02.16:858][  0]LogConfig: Applying CVar settings from Section [/Script/UnrealEd.CookerSettings] File [C:/Users/iylek/Desktop/Unreal/StealthGame/StealthGame_ProjectBase_4.25/StealthGame/Saved/Config/Windows/Engine.ini]
[2020.08.30-04.02.16:865][  0]LogConfig: Applying CVar settings from Section [ViewDistanceQuality@3] File [C:/Users/iylek/Desktop/Unreal/StealthGame/StealthGame_ProjectBase_4.25/StealthGame/Saved/Config/Windows/Scalability.ini]
[2020.08.30-04.02.16:865][  0]LogConfig: Setting CVar [[r.SkeletalMeshLODBias:0]]
[2020.08.30-04.02.16:865][  0]LogConfig: Setting CVar [[r.ViewDistanceScale:1.0]]
[2020.08.30-04.02.16:865][  0]LogConfig: Applying CVar settings from Section [AntiAliasingQuality@3] File [C:/Users/iylek/Desktop/Unreal/StealthGame/StealthGame_ProjectBase_4.25/StealthGame/Saved/Config/Windows/Scalability.ini]
[2020.08.30-04.02.16:865][  0]LogConfig: Setting CVar [[r.PostProcessAAQuality:4]]
[2020.08.30-04.02.16:865][  0]LogConfig: Applying CVar settings from Section [ShadowQuality@3] File [C:/Users/iylek/Desktop/Unreal/StealthGame/StealthGame_ProjectBase_4.25/StealthGame/Saved/Config/Windows/Scalability.ini]
[2020.08.30-04.02.16:865][  0]LogConfig: Setting CVar [[r.LightFunctionQuality:1]]
[2020.08.30-04.02.16:865][  0]LogConfig: Setting CVar [[r.ShadowQuality:5]]
[2020.08.30-04.02.16:865][  0]LogConfig: Setting CVar [[r.Shadow.CSM.MaxCascades:10]]
[2020.08.30-04.02.16:865][  0]LogConfig: Setting CVar [[r.Shadow.MaxResolution:2048]]
[2020.08.30-04.02.16:865][  0]LogConfig: Setting CVar [[r.Shadow.MaxCSMResolution:2048]]
[2020.08.30-04.02.16:865][  0]LogConfig: Setting CVar [[r.Shadow.RadiusThreshold:0.01]]
[2020.08.30-04.02.16:865][  0]LogConfig: Setting CVar [[r.Shadow.DistanceScale:1.0]]
[2020.08.30-04.02.16:866][  0]LogConfig: Setting CVar [[r.Shadow.CSM.TransitionScale:1.0]]
[2020.08.30-04.02.16:866][  0]LogConfig: Setting CVar [[r.Shadow.PreShadowResolutionFactor:1.0]]
[2020.08.30-04.02.16:866][  0]LogConfig: Setting CVar [[r.DistanceFieldShadowing:1]]
[2020.08.30-04.02.16:866][  0]LogConfig: Setting CVar [[r.DistanceFieldAO:1]]
[2020.08.30-04.02.16:866][  0]LogConfig: Setting CVar [[r.AOQuality:2]]
[2020.08.30-04.02.16:866][  0]LogConfig: Setting CVar [[r.VolumetricFog:1]]
[2020.08.30-04.02.16:866][  0]LogConfig: Setting CVar [[r.VolumetricFog.GridPixelSize:8]]
[2020.08.30-04.02.16:866][  0]LogConfig: Setting CVar [[r.VolumetricFog.GridSizeZ:128]]
[2020.08.30-04.02.16:866][  0]LogConfig: Setting CVar [[r.VolumetricFog.HistoryMissSupersampleCount:4]]
[2020.08.30-04.02.16:866][  0]LogConfig: Setting CVar [[r.LightMaxDrawDistanceScale:1]]
[2020.08.30-04.02.16:866][  0]LogConfig: Setting CVar [[r.CapsuleShadows:1]]
[2020.08.30-04.02.16:866][  0]LogConfig: Applying CVar settings from Section [PostProcessQuality@3] File [C:/Users/iylek/Desktop/Unreal/StealthGame/StealthGame_ProjectBase_4.25/StealthGame/Saved/Config/Windows/Scalability.ini]
[2020.08.30-04.02.16:866][  0]LogConfig: Setting CVar [[r.MotionBlurQuality:4]]
[2020.08.30-04.02.16:866][  0]LogConfig: Setting CVar [[r.AmbientOcclusionMipLevelFactor:0.4]]
[2020.08.30-04.02.16:866][  0]LogConfig: Setting CVar [[r.AmbientOcclusionMaxQuality:100]]
[2020.08.30-04.02.16:866][  0]LogConfig: Setting CVar [[r.AmbientOcclusionLevels:-1]]
[2020.08.30-04.02.16:866][  0]LogConfig: Setting CVar [[r.AmbientOcclusionRadiusScale:1.0]]
[2020.08.30-04.02.16:866][  0]LogConfig: Setting CVar [[r.DepthOfFieldQuality:2]]
[2020.08.30-04.02.16:866][  0]LogConfig: Setting CVar [[r.RenderTargetPoolMin:400]]
[2020.08.30-04.02.16:866][  0]LogConfig: Setting CVar [[r.LensFlareQuality:2]]
[2020.08.30-04.02.16:867][  0]LogConfig: Setting CVar [[r.SceneColorFringeQuality:1]]
[2020.08.30-04.02.16:867][  0]LogConfig: Setting CVar [[r.EyeAdaptationQuality:2]]
[2020.08.30-04.02.16:867][  0]LogConfig: Setting CVar [[r.BloomQuality:5]]
[2020.08.30-04.02.16:867][  0]LogConfig: Setting CVar [[r.FastBlurThreshold:100]]
[2020.08.30-04.02.16:867][  0]LogConfig: Setting CVar [[r.Upscale.Quality:3]]
[2020.08.30-04.02.16:867][  0]LogConfig: Setting CVar [[r.Tonemapper.GrainQuantization:1]]
[2020.08.30-04.02.16:867][  0]LogConfig: Setting CVar [[r.LightShaftQuality:1]]
[2020.08.30-04.02.16:867][  0]LogConfig: Setting CVar [[r.Filter.SizeScale:1]]
[2020.08.30-04.02.16:867][  0]LogConfig: Setting CVar [[r.Tonemapper.Quality:5]]
[2020.08.30-04.02.16:867][  0]LogConfig: Setting CVar [[r.DOF.Gather.AccumulatorQuality:1        ; higher gathering accumulator quality]]
[2020.08.30-04.02.16:867][  0]LogConfig: Setting CVar [[r.DOF.Gather.PostfilterMethod:1          ; Median3x3 postfilering method]]
[2020.08.30-04.02.16:867][  0]LogConfig: Setting CVar [[r.DOF.Gather.EnableBokehSettings:0       ; no bokeh simulation when gathering]]
[2020.08.30-04.02.16:868][  0]LogConfig: Setting CVar [[r.DOF.Gather.RingCount:4                 ; medium number of samples when gathering]]
[2020.08.30-04.02.16:868][  0]LogConfig: Setting CVar [[r.DOF.Scatter.ForegroundCompositing:1    ; additive foreground scattering]]
[2020.08.30-04.02.16:868][  0]LogConfig: Setting CVar [[r.DOF.Scatter.BackgroundCompositing:2    ; additive background scattering]]
[2020.08.30-04.02.16:868][  0]LogConfig: Setting CVar [[r.DOF.Scatter.EnableBokehSettings:1      ; bokeh simulation when scattering]]
[2020.08.30-04.02.16:868][  0]LogConfig: Setting CVar [[r.DOF.Scatter.MaxSpriteRatio:0.1         ; only a maximum of 10% of scattered bokeh]]
[2020.08.30-04.02.16:868][  0]LogConfig: Setting CVar [[r.DOF.Recombine.Quality:1                ; cheap slight out of focus]]
[2020.08.30-04.02.16:868][  0]LogConfig: Setting CVar [[r.DOF.Recombine.EnableBokehSettings:0    ; no bokeh simulation on slight out of focus]]
[2020.08.30-04.02.16:868][  0]LogConfig: Setting CVar [[r.DOF.TemporalAAQuality:1                ; more stable temporal accumulation]]
[2020.08.30-04.02.16:868][  0]LogConfig: Setting CVar [[r.DOF.Kernel.MaxForegroundRadius:0.025]]
[2020.08.30-04.02.16:868][  0]LogConfig: Setting CVar [[r.DOF.Kernel.MaxBackgroundRadius:0.025]]
[2020.08.30-04.02.16:868][  0]LogConfig: Applying CVar settings from Section [TextureQuality@3] File [C:/Users/iylek/Desktop/Unreal/StealthGame/StealthGame_ProjectBase_4.25/StealthGame/Saved/Config/Windows/Scalability.ini]
[2020.08.30-04.02.16:868][  0]LogConfig: Setting CVar [[r.Streaming.MipBias:0]]
[2020.08.30-04.02.16:868][  0]LogConfig: Setting CVar [[r.Streaming.AmortizeCPUToGPUCopy:0]]
[2020.08.30-04.02.16:868][  0]LogConfig: Setting CVar [[r.Streaming.MaxNumTexturesToStreamPerFrame:0]]
[2020.08.30-04.02.16:868][  0]LogConfig: Setting CVar [[r.Streaming.Boost:1]]
[2020.08.30-04.02.16:869][  0]LogConfig: Setting CVar [[r.MaxAnisotropy:8]]
[2020.08.30-04.02.16:869][  0]LogConfig: Setting CVar [[r.VT.MaxAnisotropy:8]]
[2020.08.30-04.02.16:869][  0]LogConfig: Setting CVar [[r.Streaming.LimitPoolSizeToVRAM:0]]
[2020.08.30-04.02.16:869][  0]LogConfig: Setting CVar [[r.Streaming.PoolSize:1000]]
[2020.08.30-04.02.16:869][  0]LogConfig: Setting CVar [[r.Streaming.MaxEffectiveScreenSize:0]]
[2020.08.30-04.02.16:869][  0]LogConfig: Applying CVar settings from Section [EffectsQuality@3] File [C:/Users/iylek/Desktop/Unreal/StealthGame/StealthGame_ProjectBase_4.25/StealthGame/Saved/Config/Windows/Scalability.ini]
[2020.08.30-04.02.16:869][  0]LogConfig: Setting CVar [[r.TranslucencyLightingVolumeDim:64]]
[2020.08.30-04.02.16:869][  0]LogConfig: Setting CVar [[r.RefractionQuality:2]]
[2020.08.30-04.02.16:869][  0]LogConfig: Setting CVar [[r.SSR.Quality:3]]
[2020.08.30-04.02.16:869][  0]LogConfig: Setting CVar [[r.SSR.HalfResSceneColor:0]]
[2020.08.30-04.02.16:869][  0]LogConfig: Setting CVar [[r.SceneColorFormat:4]]
[2020.08.30-04.02.16:869][  0]LogConfig: Setting CVar [[r.DetailMode:2]]
[2020.08.30-04.02.16:869][  0]LogConfig: Setting CVar [[r.TranslucencyVolumeBlur:1]]
[2020.08.30-04.02.16:869][  0]LogConfig: Setting CVar [[r.MaterialQualityLevel:1 ; High quality]]
[2020.08.30-04.02.16:869][  0]LogConfig: Setting CVar [[r.SSS.Scale:1]]
[2020.08.30-04.02.16:869][  0]LogConfig: Setting CVar [[r.SSS.SampleSet:2]]
[2020.08.30-04.02.16:869][  0]LogConfig: Setting CVar [[r.SSS.Quality:1]]
[2020.08.30-04.02.16:870][  0]LogConfig: Setting CVar [[r.SSS.HalfRes:0]]
[2020.08.30-04.02.16:870][  0]LogConfig: Setting CVar [[r.SSGI.Quality:3]]
[2020.08.30-04.02.16:870][  0]LogConfig: Setting CVar [[r.EmitterSpawnRateScale:1.0]]
[2020.08.30-04.02.16:870][  0]LogConfig: Setting CVar [[r.ParticleLightQuality:2]]
[2020.08.30-04.02.16:870][  0]LogConfig: Setting CVar [[r.SkyAtmosphere.AerialPerspectiveLUT.FastApplyOnOpaque:1 ; Always have FastSkyLUT 1 in this case to avoid wrong sky]]
[2020.08.30-04.02.16:870][  0]LogConfig: Setting CVar [[r.SkyAtmosphere.AerialPerspectiveLUT.SampleCountPerSlice:1]]
[2020.08.30-04.02.16:870][  0]LogConfig: Setting CVar [[r.SkyAtmosphere.AerialPerspectiveLUT.DepthResolution:16.0]]
[2020.08.30-04.02.16:870][  0]LogConfig: Setting CVar [[r.SkyAtmosphere.FastSkyLUT:1]]
[2020.08.30-04.02.16:870][  0]LogConfig: Setting CVar [[r.SkyAtmosphere.FastSkyLUT.SampleCountMin:4.0]]
[2020.08.30-04.02.16:870][  0]LogConfig: Setting CVar [[r.SkyAtmosphere.FastSkyLUT.SampleCountMax:32.0]]
[2020.08.30-04.02.16:870][  0]LogConfig: Setting CVar [[r.SkyAtmosphere.SampleCountMin:4.0]]
[2020.08.30-04.02.16:870][  0]LogConfig: Setting CVar [[r.SkyAtmosphere.SampleCountMax:32.0]]
[2020.08.30-04.02.16:870][  0]LogConfig: Setting CVar [[r.SkyAtmosphere.TransmittanceLUT.UseSmallFormat:0]]
[2020.08.30-04.02.16:870][  0]LogConfig: Setting CVar [[r.SkyAtmosphere.TransmittanceLUT.SampleCount:10.0]]
[2020.08.30-04.02.16:870][  0]LogConfig: Setting CVar [[r.SkyAtmosphere.MultiScatteringLUT.SampleCount:15.0]]
[2020.08.30-04.02.16:870][  0]LogConfig: Applying CVar settings from Section [FoliageQuality@3] File [C:/Users/iylek/Desktop/Unreal/StealthGame/StealthGame_ProjectBase_4.25/StealthGame/Saved/Config/Windows/Scalability.ini]
[2020.08.30-04.02.16:870][  0]LogConfig: Setting CVar [[foliage.DensityScale:1.0]]
[2020.08.30-04.02.16:870][  0]LogConfig: Setting CVar [[grass.DensityScale:1.0]]
[2020.08.30-04.02.16:871][  0]LogConfig: Applying CVar settings from Section [ShadingQuality@3] File [C:/Users/iylek/Desktop/Unreal/StealthGame/StealthGame_ProjectBase_4.25/StealthGame/Saved/Config/Windows/Scalability.ini]
[2020.08.30-04.02.16:871][  0]LogConfig: Setting CVar [[r.HairStrands.SkyLighting.SampleCount:16]]
[2020.08.30-04.02.16:871][  0]LogConfig: Setting CVar [[r.HairStrands.SkyLighting.JitterIntegration:0]]
[2020.08.30-04.02.16:871][  0]LogConfig: Setting CVar [[r.HairStrands.SkyAO.SampleCount:16]]
[2020.08.30-04.02.16:871][  0]LogConfig: Setting CVar [[r.HairStrands.DeepShadow.SuperSampling:0]]
[2020.08.30-04.02.16:871][  0]LogConfig: Setting CVar [[r.HairStrands.VisibilityPPLL:0]]
[2020.08.30-04.02.16:871][  0]LogConfig: Setting CVar [[r.HairStrands.RasterizationScale:0.5]]
[2020.08.30-04.02.16:871][  0]LogConfig: Setting CVar [[r.HairStrands.VelocityRasterizationScale:1]]
[2020.08.30-04.02.16:871][  0]LogInit: Selected Device Profile: [Windows]
[2020.08.30-04.02.16:871][  0]LogInit: Applying CVar settings loaded from the selected device profile: [Windows]
[2020.08.30-04.02.16:871][  0]LogHAL: Display: Platform has ~ 16 GB [17126752256 / 17179869184 / 16], which maps to Larger [LargestMinGB=32, LargerMinGB=12, DefaultMinGB=8, SmallerMinGB=6, SmallestMinGB=0)
[2020.08.30-04.02.16:871][  0]LogInit: Going up to parent DeviceProfile []
[2020.08.30-04.02.16:871][  0]LogConfig: Applying CVar settings from Section [ViewDistanceQuality@3] File [C:/Users/iylek/Desktop/Unreal/StealthGame/StealthGame_ProjectBase_4.25/StealthGame/Saved/Config/Windows/Scalability.ini]
[2020.08.30-04.02.16:871][  0]LogConfig: Setting CVar [[r.SkeletalMeshLODBias:0]]
[2020.08.30-04.02.16:872][  0]LogConfig: Setting CVar [[r.ViewDistanceScale:1.0]]
[2020.08.30-04.02.16:872][  0]LogConfig: Applying CVar settings from Section [AntiAliasingQuality@3] File [C:/Users/iylek/Desktop/Unreal/StealthGame/StealthGame_ProjectBase_4.25/StealthGame/Saved/Config/Windows/Scalability.ini]
[2020.08.30-04.02.16:872][  0]LogConfig: Setting CVar [[r.PostProcessAAQuality:4]]
[2020.08.30-04.02.16:872][  0]LogConfig: Applying CVar settings from Section [ShadowQuality@3] File [C:/Users/iylek/Desktop/Unreal/StealthGame/StealthGame_ProjectBase_4.25/StealthGame/Saved/Config/Windows/Scalability.ini]
[2020.08.30-04.02.16:872][  0]LogConfig: Setting CVar [[r.LightFunctionQuality:1]]
[2020.08.30-04.02.16:872][  0]LogConfig: Setting CVar [[r.ShadowQuality:5]]
[2020.08.30-04.02.16:872][  0]LogConfig: Setting CVar [[r.Shadow.CSM.MaxCascades:10]]
[2020.08.30-04.02.16:872][  0]LogConfig: Setting CVar [[r.Shadow.MaxResolution:2048]]
[2020.08.30-04.02.16:872][  0]LogConfig: Setting CVar [[r.Shadow.MaxCSMResolution:2048]]
[2020.08.30-04.02.16:872][  0]LogConfig: Setting CVar [[r.Shadow.RadiusThreshold:0.01]]
[2020.08.30-04.02.16:872][  0]LogConfig: Setting CVar [[r.Shadow.DistanceScale:1.0]]
[2020.08.30-04.02.16:872][  0]LogConfig: Setting CVar [[r.Shadow.CSM.TransitionScale:1.0]]
[2020.08.30-04.02.16:872][  0]LogConfig: Setting CVar [[r.Shadow.PreShadowResolutionFactor:1.0]]
[2020.08.30-04.02.16:872][  0]LogConfig: Setting CVar [[r.DistanceFieldShadowing:1]]
[2020.08.30-04.02.16:872][  0]LogConfig: Setting CVar [[r.DistanceFieldAO:1]]
[2020.08.30-04.02.16:872][  0]LogConfig: Setting CVar [[r.AOQuality:2]]
[2020.08.30-04.02.16:872][  0]LogConfig: Setting CVar [[r.VolumetricFog:1]]
[2020.08.30-04.02.16:872][  0]LogConfig: Setting CVar [[r.VolumetricFog.GridPixelSize:8]]
[2020.08.30-04.02.16:872][  0]LogConfig: Setting CVar [[r.VolumetricFog.GridSizeZ:128]]
[2020.08.30-04.02.16:872][  0]LogConfig: Setting CVar [[r.VolumetricFog.HistoryMissSupersampleCount:4]]
[2020.08.30-04.02.16:872][  0]LogConfig: Setting CVar [[r.LightMaxDrawDistanceScale:1]]
[2020.08.30-04.02.16:873][  0]LogConfig: Setting CVar [[r.CapsuleShadows:1]]
[2020.08.30-04.02.16:873][  0]LogConfig: Applying CVar settings from Section [PostProcessQuality@3] File [C:/Users/iylek/Desktop/Unreal/StealthGame/StealthGame_ProjectBase_4.25/StealthGame/Saved/Config/Windows/Scalability.ini]
[2020.08.30-04.02.16:873][  0]LogConfig: Setting CVar [[r.MotionBlurQuality:4]]
[2020.08.30-04.02.16:873][  0]LogConfig: Setting CVar [[r.AmbientOcclusionMipLevelFactor:0.4]]
[2020.08.30-04.02.16:873][  0]LogConfig: Setting CVar [[r.AmbientOcclusionMaxQuality:100]]
[2020.08.30-04.02.16:873][  0]LogConfig: Setting CVar [[r.AmbientOcclusionLevels:-1]]
[2020.08.30-04.02.16:873][  0]LogConfig: Setting CVar [[r.AmbientOcclusionRadiusScale:1.0]]
[2020.08.30-04.02.16:873][  0]LogConfig: Setting CVar [[r.DepthOfFieldQuality:2]]
[2020.08.30-04.02.16:873][  0]LogConfig: Setting CVar [[r.RenderTargetPoolMin:400]]
[2020.08.30-04.02.16:873][  0]LogConfig: Setting CVar [[r.LensFlareQuality:2]]
[2020.08.30-04.02.16:873][  0]LogConfig: Setting CVar [[r.SceneColorFringeQuality:1]]
[2020.08.30-04.02.16:873][  0]LogConfig: Setting CVar [[r.EyeAdaptationQuality:2]]
[2020.08.30-04.02.16:873][  0]LogConfig: Setting CVar [[r.BloomQuality:5]]
[2020.08.30-04.02.16:873][  0]LogConfig: Setting CVar [[r.FastBlurThreshold:100]]
[2020.08.30-04.02.16:873][  0]LogConfig: Setting CVar [[r.Upscale.Quality:3]]
[2020.08.30-04.02.16:873][  0]LogConfig: Setting CVar [[r.Tonemapper.GrainQuantization:1]]
[2020.08.30-04.02.16:873][  0]LogConfig: Setting CVar [[r.LightShaftQuality:1]]
[2020.08.30-04.02.16:874][  0]LogConfig: Setting CVar [[r.Filter.SizeScale:1]]
[2020.08.30-04.02.16:874][  0]LogConfig: Setting CVar [[r.Tonemapper.Quality:5]]
[2020.08.30-04.02.16:874][  0]LogConfig: Setting CVar [[r.DOF.Gather.AccumulatorQuality:1        ; higher gathering accumulator quality]]
[2020.08.30-04.02.16:874][  0]LogConfig: Setting CVar [[r.DOF.Gather.PostfilterMethod:1          ; Median3x3 postfilering method]]
[2020.08.30-04.02.16:874][  0]LogConfig: Setting CVar [[r.DOF.Gather.EnableBokehSettings:0       ; no bokeh simulation when gathering]]
[2020.08.30-04.02.16:874][  0]LogConfig: Setting CVar [[r.DOF.Gather.RingCount:4                 ; medium number of samples when gathering]]
[2020.08.30-04.02.16:874][  0]LogConfig: Setting CVar [[r.DOF.Scatter.ForegroundCompositing:1    ; additive foreground scattering]]
[2020.08.30-04.02.16:874][  0]LogConfig: Setting CVar [[r.DOF.Scatter.BackgroundCompositing:2    ; additive background scattering]]
[2020.08.30-04.02.16:874][  0]LogConfig: Setting CVar [[r.DOF.Scatter.EnableBokehSettings:1      ; bokeh simulation when scattering]]
[2020.08.30-04.02.16:874][  0]LogConfig: Setting CVar [[r.DOF.Scatter.MaxSpriteRatio:0.1         ; only a maximum of 10% of scattered bokeh]]
[2020.08.30-04.02.16:874][  0]LogConfig: Setting CVar [[r.DOF.Recombine.Quality:1                ; cheap slight out of focus]]
[2020.08.30-04.02.16:874][  0]LogConfig: Setting CVar [[r.DOF.Recombine.EnableBokehSettings:0    ; no bokeh simulation on slight out of focus]]
[2020.08.30-04.02.16:874][  0]LogConfig: Setting CVar [[r.DOF.TemporalAAQuality:1                ; more stable temporal accumulation]]
[2020.08.30-04.02.16:874][  0]LogConfig: Setting CVar [[r.DOF.Kernel.MaxForegroundRadius:0.025]]
[2020.08.30-04.02.16:874][  0]LogConfig: Setting CVar [[r.DOF.Kernel.MaxBackgroundRadius:0.025]]
[2020.08.30-04.02.16:875][  0]LogConfig: Applying CVar settings from Section [TextureQuality@3] File [C:/Users/iylek/Desktop/Unreal/StealthGame/StealthGame_ProjectBase_4.25/StealthGame/Saved/Config/Windows/Scalability.ini]
[2020.08.30-04.02.16:875][  0]LogConfig: Setting CVar [[r.Streaming.MipBias:0]]
[2020.08.30-04.02.16:875][  0]LogConfig: Setting CVar [[r.Streaming.AmortizeCPUToGPUCopy:0]]
[2020.08.30-04.02.16:875][  0]LogConfig: Setting CVar [[r.Streaming.MaxNumTexturesToStreamPerFrame:0]]
[2020.08.30-04.02.16:875][  0]LogConfig: Setting CVar [[r.Streaming.Boost:1]]
[2020.08.30-04.02.16:875][  0]LogConfig: Setting CVar [[r.MaxAnisotropy:8]]
[2020.08.30-04.02.16:875][  0]LogConfig: Setting CVar [[r.VT.MaxAnisotropy:8]]
[2020.08.30-04.02.16:875][  0]LogConfig: Setting CVar [[r.Streaming.LimitPoolSizeToVRAM:0]]
[2020.08.30-04.02.16:875][  0]LogConfig: Setting CVar [[r.Streaming.PoolSize:1000]]
[2020.08.30-04.02.16:875][  0]LogConfig: Setting CVar [[r.Streaming.MaxEffectiveScreenSize:0]]
[2020.08.30-04.02.16:875][  0]LogConfig: Applying CVar settings from Section [EffectsQuality@3] File [C:/Users/iylek/Desktop/Unreal/StealthGame/StealthGame_ProjectBase_4.25/StealthGame/Saved/Config/Windows/Scalability.ini]
[2020.08.30-04.02.16:875][  0]LogConfig: Setting CVar [[r.TranslucencyLightingVolumeDim:64]]
[2020.08.30-04.02.16:875][  0]LogConfig: Setting CVar [[r.RefractionQuality:2]]
[2020.08.30-04.02.16:875][  0]LogConfig: Setting CVar [[r.SSR.Quality:3]]
[2020.08.30-04.02.16:875][  0]LogConfig: Setting CVar [[r.SSR.HalfResSceneColor:0]]
[2020.08.30-04.02.16:875][  0]LogConfig: Setting CVar [[r.SceneColorFormat:4]]
[2020.08.30-04.02.16:875][  0]LogConfig: Setting CVar [[r.DetailMode:2]]
[2020.08.30-04.02.16:875][  0]LogConfig: Setting CVar [[r.TranslucencyVolumeBlur:1]]
[2020.08.30-04.02.16:876][  0]LogConfig: Setting CVar [[r.MaterialQualityLevel:1 ; High quality]]
[2020.08.30-04.02.16:876][  0]LogConfig: Setting CVar [[r.SSS.Scale:1]]
[2020.08.30-04.02.16:876][  0]LogConfig: Setting CVar [[r.SSS.SampleSet:2]]
[2020.08.30-04.02.16:876][  0]LogConfig: Setting CVar [[r.SSS.Quality:1]]
[2020.08.30-04.02.16:876][  0]LogConfig: Setting CVar [[r.SSS.HalfRes:0]]
[2020.08.30-04.02.16:876][  0]LogConfig: Setting CVar [[r.SSGI.Quality:3]]
[2020.08.30-04.02.16:876][  0]LogConfig: Setting CVar [[r.EmitterSpawnRateScale:1.0]]
[2020.08.30-04.02.16:876][  0]LogConfig: Setting CVar [[r.ParticleLightQuality:2]]
[2020.08.30-04.02.16:876][  0]LogConfig: Setting CVar [[r.SkyAtmosphere.AerialPerspectiveLUT.FastApplyOnOpaque:1 ; Always have FastSkyLUT 1 in this case to avoid wrong sky]]
[2020.08.30-04.02.16:876][  0]LogConfig: Setting CVar [[r.SkyAtmosphere.AerialPerspectiveLUT.SampleCountPerSlice:1]]
[2020.08.30-04.02.16:876][  0]LogConfig: Setting CVar [[r.SkyAtmosphere.AerialPerspectiveLUT.DepthResolution:16.0]]
[2020.08.30-04.02.16:876][  0]LogConfig: Setting CVar [[r.SkyAtmosphere.FastSkyLUT:1]]
[2020.08.30-04.02.16:876][  0]LogConfig: Setting CVar [[r.SkyAtmosphere.FastSkyLUT.SampleCountMin:4.0]]
[2020.08.30-04.02.16:876][  0]LogConfig: Setting CVar [[r.SkyAtmosphere.FastSkyLUT.SampleCountMax:32.0]]
[2020.08.30-04.02.16:876][  0]LogConfig: Setting CVar [[r.SkyAtmosphere.SampleCountMin:4.0]]
[2020.08.30-04.02.16:877][  0]LogConfig: Setting CVar [[r.SkyAtmosphere.SampleCountMax:32.0]]
[2020.08.30-04.02.16:877][  0]LogConfig: Setting CVar [[r.SkyAtmosphere.TransmittanceLUT.UseSmallFormat:0]]
[2020.08.30-04.02.16:877][  0]LogConfig: Setting CVar [[r.SkyAtmosphere.TransmittanceLUT.SampleCount:10.0]]
[2020.08.30-04.02.16:877][  0]LogConfig: Setting CVar [[r.SkyAtmosphere.MultiScatteringLUT.SampleCount:15.0]]
[2020.08.30-04.02.16:877][  0]LogConfig: Applying CVar settings from Section [FoliageQuality@3] File [C:/Users/iylek/Desktop/Unreal/StealthGame/StealthGame_ProjectBase_4.25/StealthGame/Saved/Config/Windows/Scalability.ini]
[2020.08.30-04.02.16:877][  0]LogConfig: Setting CVar [[foliage.DensityScale:1.0]]
[2020.08.30-04.02.16:877][  0]LogConfig: Setting CVar [[grass.DensityScale:1.0]]
[2020.08.30-04.02.16:877][  0]LogConfig: Applying CVar settings from Section [ShadingQuality@3] File [C:/Users/iylek/Desktop/Unreal/StealthGame/StealthGame_ProjectBase_4.25/StealthGame/Saved/Config/Windows/Scalability.ini]
[2020.08.30-04.02.16:877][  0]LogConfig: Setting CVar [[r.HairStrands.SkyLighting.SampleCount:16]]
[2020.08.30-04.02.16:877][  0]LogConfig: Setting CVar [[r.HairStrands.SkyLighting.JitterIntegration:0]]
[2020.08.30-04.02.16:877][  0]LogConfig: Setting CVar [[r.HairStrands.SkyAO.SampleCount:16]]
[2020.08.30-04.02.16:877][  0]LogConfig: Setting CVar [[r.HairStrands.DeepShadow.SuperSampling:0]]
[2020.08.30-04.02.16:877][  0]LogConfig: Setting CVar [[r.HairStrands.VisibilityPPLL:0]]
[2020.08.30-04.02.16:877][  0]LogConfig: Setting CVar [[r.HairStrands.RasterizationScale:0.5]]
[2020.08.30-04.02.16:877][  0]LogConfig: Setting CVar [[r.HairStrands.VelocityRasterizationScale:1]]
[2020.08.30-04.02.16:877][  0]LogConfig: Applying CVar settings from Section [Startup] File [../../../Engine/Config/ConsoleVariables.ini]
[2020.08.30-04.02.16:878][  0]LogConfig: Setting CVar [[net.UseAdaptiveNetUpdateFrequency:0]]
[2020.08.30-04.02.16:878][  0]LogConfig: Setting CVar [[p.chaos.AllowCreatePhysxBodies:1]]
[2020.08.30-04.02.16:878][  0]LogConfig: Setting CVar [[fx.SkipVectorVMBackendOptimizations:1]]
[2020.08.30-04.02.16:878][  0]LogConfig: Applying CVar settings from Section [ConsoleVariables] File [C:/Users/iylek/Desktop/Unreal/StealthGame/StealthGame_ProjectBase_4.25/StealthGame/Saved/Config/Windows/Engine.ini]
[2020.08.30-04.02.16:878][  0]LogInit: Computer: DESKTOP-AOUSEP6
[2020.08.30-04.02.16:878][  0]LogInit: User: iylek
[2020.08.30-04.02.16:878][  0]LogInit: CPU Page size=4096, Cores=6
[2020.08.30-04.02.16:878][  0]LogInit: High frequency timer resolution =10.000000 MHz
[2020.08.30-04.02.16:879][  0]LogMemory: Memory total: Physical=16.0GB (16GB approx)
[2020.08.30-04.02.16:879][  0]LogMemory: Platform Memory Stats for Windows
[2020.08.30-04.02.16:879][  0]LogMemory: Process Physical Memory: 115.25 MB used, 115.25 MB peak
[2020.08.30-04.02.16:879][  0]LogMemory: Process Virtual Memory: 98.98 MB used, 98.98 MB peak
[2020.08.30-04.02.16:879][  0]LogMemory: Physical Memory: 8913.06 MB used,  7420.28 MB free, 16333.34 MB total
[2020.08.30-04.02.16:879][  0]LogMemory: Virtual Memory: 5166.95 MB used,  134212560.00 MB free, 134217728.00 MB total
[2020.08.30-04.02.16:890][  0]LogWindows: WindowsPlatformFeatures enabled
[2020.08.30-04.02.17:061][  0]LogInit: Physics initialised using underlying interface: PhysX
[2020.08.30-04.02.17:062][  0]LogInit: Using OS detected language (en-US).
[2020.08.30-04.02.17:063][  0]LogInit: Using OS detected locale (en-CA).
[2020.08.30-04.02.17:065][  0]LogTextLocalizationManager: No specific localization for 'en-US' exists, so the 'en' localization will be used.
[2020.08.30-04.02.17:235][  0]LogInit: Setting process to per monitor DPI aware
[2020.08.30-04.02.17:290][  0]LogSlate: New Slate User Created.  User Index 0, Is Virtual User: 0
[2020.08.30-04.02.17:290][  0]LogSlate: Slate User Registered.  User Index 0, Is Virtual User: 0
[2020.08.30-04.02.17:415][  0]LogHMD: Failed to initialize OpenVR with code 110
[2020.08.30-04.02.17:416][  0]LogD3D11RHI: D3D11 min allowed feature level: 11_0
[2020.08.30-04.02.17:416][  0]LogD3D11RHI: D3D11 max allowed feature level: 11_0
[2020.08.30-04.02.17:416][  0]LogD3D11RHI: D3D11 adapters:
[2020.08.30-04.02.17:511][  0]LogD3D11RHI:    0. 'NVIDIA GeForce RTX 2060' (Feature Level 11_0)
[2020.08.30-04.02.17:512][  0]LogD3D11RHI:       5980/0/8166 MB DedicatedVideo/DedicatedSystem/SharedSystem, Outputs:2, VendorId:0x10de
[2020.08.30-04.02.17:518][  0]LogD3D11RHI:    1. 'Microsoft Basic Render Driver' (Feature Level 11_0)
[2020.08.30-04.02.17:518][  0]LogD3D11RHI:       0/0/8166 MB DedicatedVideo/DedicatedSystem/SharedSystem, Outputs:0, VendorId:0x1414
[2020.08.30-04.02.17:518][  0]LogD3D11RHI: Chosen D3D11 Adapter: 0
[2020.08.30-04.02.17:528][  0]LogD3D11RHI: Creating new Direct3DDevice
[2020.08.30-04.02.17:528][  0]LogD3D11RHI:     GPU DeviceId: 0x1f08 (for the marketing name, search the web for "GPU Device Id")
[2020.08.30-04.02.17:528][  0]LogWindows: EnumDisplayDevices:
[2020.08.30-04.02.17:528][  0]LogWindows:    0. 'NVIDIA GeForce RTX 2060' (P:1 D:1)
[2020.08.30-04.02.17:529][  0]LogWindows:    1. 'NVIDIA GeForce RTX 2060' (P:0 D:1)
[2020.08.30-04.02.17:529][  0]LogWindows:    2. 'NVIDIA GeForce RTX 2060' (P:0 D:0)
[2020.08.30-04.02.17:529][  0]LogWindows:    3. 'NVIDIA GeForce RTX 2060' (P:0 D:0)
[2020.08.30-04.02.17:530][  0]LogWindows: DebugString: FoundDriverCount:4 
[2020.08.30-04.02.17:530][  0]LogD3D11RHI:     Adapter Name: NVIDIA GeForce RTX 2060
[2020.08.30-04.02.17:530][  0]LogD3D11RHI:   Driver Version: 452.06 (internal:27.21.14.5206, unified:452.06)
[2020.08.30-04.02.17:530][  0]LogD3D11RHI:      Driver Date: 8-12-2020
[2020.08.30-04.02.17:530][  0]LogRHI: Texture pool is 4186 MB (70% of 5980 MB)
[2020.08.30-04.02.17:593][  0]LogD3D11RHI: RHI has support for 64 bit atomics
[2020.08.30-04.02.17:595][  0]LogD3D11RHI: [Aftermath] Enabled and primed
[2020.08.30-04.02.17:595][  0]LogD3D11RHI: Async texture creation enabled
[2020.08.30-04.02.17:595][  0]LogD3D11RHI: Array index from any shader is supported
[2020.08.30-04.02.17:623][  0]LogD3D11RHI: GPU Timing Frequency: 1000.000000 (Debug: 2 1)
[2020.08.30-04.02.17:880][  0]LogTargetPlatformManager: Display: Loaded TargetPlatform 'AllDesktop'
[2020.08.30-04.02.17:905][  0]LogTargetPlatformManager: Display: Loaded TargetPlatform 'Android'
[2020.08.30-04.02.17:905][  0]LogTargetPlatformManager: Display: Loaded TargetPlatform 'Android_ASTC'
[2020.08.30-04.02.17:905][  0]LogTargetPlatformManager: Display: Loaded TargetPlatform 'Android_DXT'
[2020.08.30-04.02.17:905][  0]LogTargetPlatformManager: Display: Loaded TargetPlatform 'Android_ETC2'
[2020.08.30-04.02.17:905][  0]LogTargetPlatformManager: Display: Loaded TargetPlatform 'AndroidClient'
[2020.08.30-04.02.17:906][  0]LogTargetPlatformManager: Display: Loaded TargetPlatform 'Android_ASTCClient'
[2020.08.30-04.02.17:906][  0]LogTargetPlatformManager: Display: Loaded TargetPlatform 'Android_DXTClient'
[2020.08.30-04.02.17:906][  0]LogTargetPlatformManager: Display: Loaded TargetPlatform 'Android_ETC2Client'
[2020.08.30-04.02.17:906][  0]LogTargetPlatformManager: Display: Loaded TargetPlatform 'Android_Multi'
[2020.08.30-04.02.17:906][  0]LogTargetPlatformManager: Display: Loaded TargetPlatform 'Android_MultiClient'
[2020.08.30-04.02.17:937][  0]LogTargetPlatformManager: Display: Loaded TargetPlatform 'IOSClient'
[2020.08.30-04.02.17:937][  0]LogTargetPlatformManager: Display: Loaded TargetPlatform 'IOS'
[2020.08.30-04.02.17:949][  0]LogTargetPlatformManager: Display: Loaded TargetPlatform 'Linux'
[2020.08.30-04.02.17:961][  0]LogTargetPlatformManager: Display: Loaded TargetPlatform 'LinuxNoEditor'
[2020.08.30-04.02.17:971][  0]LogTargetPlatformManager: Display: Loaded TargetPlatform 'LinuxClient'
[2020.08.30-04.02.17:982][  0]LogTargetPlatformManager: Display: Loaded TargetPlatform 'LinuxServer'
[2020.08.30-04.02.17:994][  0]LogTargetPlatformManager: Display: Loaded TargetPlatform 'LinuxAArch64NoEditor'
[2020.08.30-04.02.18:004][  0]LogTargetPlatformManager: Display: Loaded TargetPlatform 'LinuxAArch64Client'
[2020.08.30-04.02.18:016][  0]LogTargetPlatformManager: Display: Loaded TargetPlatform 'LinuxAArch64Server'
[2020.08.30-04.02.18:044][  0]LogTargetPlatformManager: Display: Loaded TargetPlatform 'Lumin'
[2020.08.30-04.02.18:044][  0]LogTargetPlatformManager: Display: Loaded TargetPlatform 'LuminClient'
[2020.08.30-04.02.18:061][  0]LogTargetPlatformManager: Display: Loaded TargetPlatform 'TVOSClient'
[2020.08.30-04.02.18:061][  0]LogTargetPlatformManager: Display: Loaded TargetPlatform 'TVOS'
[2020.08.30-04.02.18:072][  0]LogTargetPlatformManager: Display: Loaded TargetPlatform 'WindowsNoEditor'
[2020.08.30-04.02.18:084][  0]LogTargetPlatformManager: Display: Loaded TargetPlatform 'Windows'
[2020.08.30-04.02.18:095][  0]LogTargetPlatformManager: Display: Loaded TargetPlatform 'WindowsClient'
[2020.08.30-04.02.18:107][  0]LogTargetPlatformManager: Display: Loaded TargetPlatform 'WindowsServer'
[2020.08.30-04.02.18:107][  0]LogTargetPlatformManager: Display: Building Assets For Windows
[2020.08.30-04.02.18:127][  0]LogAudioDebug: Display: Lib vorbis DLL was dynamically loaded.
[2020.08.30-04.02.18:233][  0]LogShaderCompilers: Guid format shader working directory is -52 characters bigger than the processId version (../../../../../../Users/iylek/Desktop/Unreal/StealthGame/StealthGame_ProjectBase_4.25/StealthGame/Intermediate/Shaders/WorkingDirectory/15436/).
[2020.08.30-04.02.18:233][  0]LogShaderCompilers: Cleaned the shader compiler working directory 'C:/Users/iylek/AppData/Local/Temp/UnrealShaderWorkingDir/90986F9345DA7D1318EDB3AF35473812/'.
[2020.08.30-04.02.18:234][  0]LogXGEController: Cleaning working directory: C:/Users/iylek/AppData/Local/Temp/UnrealXGEWorkingDir/
[2020.08.30-04.02.18:234][  0]LogXGEController: Cannot use XGE Controller as Incredibuild is not installed on this machine.
[2020.08.30-04.02.18:234][  0]LogShaderCompilers: Cannot use XGE Shader Compiler as Incredibuild is not installed on this machine.
[2020.08.30-04.02.18:234][  0]LogShaderCompilers: Display: Using Local Shader Compiler.
[2020.08.30-04.02.18:932][  0]LogDerivedDataCache: Display: Max Cache Size: 512 MB
[2020.08.30-04.02.18:980][  0]LogDerivedDataCache: Loaded boot cache 0.05s 77MB C:/Users/iylek/AppData/Local/UnrealEngine/4.25/DerivedDataCache/Boot.ddc.
[2020.08.30-04.02.18:980][  0]LogDerivedDataCache: Display: Loaded Boot cache: C:/Users/iylek/AppData/Local/UnrealEngine/4.25/DerivedDataCache/Boot.ddc
[2020.08.30-04.02.18:980][  0]LogDerivedDataCache: FDerivedDataBackendGraph:  Pak pak cache file ../../../../../../Users/iylek/Desktop/Unreal/StealthGame/StealthGame_ProjectBase_4.25/StealthGame/DerivedDataCache/DDC.ddp not found, will not use a pak cache.
[2020.08.30-04.02.18:980][  0]LogDerivedDataCache: Unable to find inner node Pak for hierarchical cache Hierarchy.
[2020.08.30-04.02.18:980][  0]LogDerivedDataCache: FDerivedDataBackendGraph:  CompressedPak pak cache file ../../../../../../Users/iylek/Desktop/Unreal/StealthGame/StealthGame_ProjectBase_4.25/StealthGame/DerivedDataCache/Compressed.ddp not found, will not use a pak cache.
[2020.08.30-04.02.18:980][  0]LogDerivedDataCache: Unable to find inner node CompressedPak for hierarchical cache Hierarchy.
[2020.08.30-04.02.18:991][  0]LogDerivedDataCache: Display: Pak cache opened for reading ../../../Engine/DerivedDataCache/Compressed.ddp.
[2020.08.30-04.02.18:991][  0]LogDerivedDataCache: FDerivedDataBackendGraph:  EnterprisePak pak cache file ../../../Enterprise/DerivedDataCache/Compressed.ddp not found, will not use a pak cache.
[2020.08.30-04.02.18:991][  0]LogDerivedDataCache: Unable to find inner node EnterprisePak for hierarchical cache Hierarchy.
[2020.08.30-04.02.18:993][  0]LogDerivedDataCache: Using Local data cache path C:/Users/iylek/AppData/Local/UnrealEngine/Common/DerivedDataCache: Writable
[2020.08.30-04.02.18:993][  0]LogDerivedDataCache: Shared data cache path not found in *engine.ini, will not use an Shared cache.
[2020.08.30-04.02.18:993][  0]LogDerivedDataCache: Unable to find inner node Shared for hierarchical cache Hierarchy.
[2020.08.30-04.02.19:041][  0]LogSlate: Using FreeType 2.10.0
[2020.08.30-04.02.19:042][  0]LogSlate: SlateFontServices - WITH_FREETYPE: 1, WITH_HARFBUZZ: 1
[2020.08.30-04.02.19:066][  0]LogAssetRegistry: FAssetRegistry took 0.0039 seconds to start up
[2020.08.30-04.02.19:286][  0]LogInit: Selected Device Profile: [Windows]
[2020.08.30-04.02.19:411][  0]LogMeshReduction: Using QuadricMeshReduction for automatic static mesh reduction
[2020.08.30-04.02.19:411][  0]LogMeshReduction: Using SimplygonMeshReduction for automatic skeletal mesh reduction
[2020.08.30-04.02.19:412][  0]LogMeshReduction: Using ProxyLODMeshReduction for automatic mesh merging
[2020.08.30-04.02.19:412][  0]LogMeshReduction: No distributed automatic mesh merging module available
[2020.08.30-04.02.19:412][  0]LogMeshMerging: No distributed automatic mesh merging module available
[2020.08.30-04.02.19:429][  0]LogNetVersion: FPSGame 1.0.0, NetCL: 13144385, EngineNetVer: 14, GameNetVer: 0 (Checksum: 1304077534)
[2020.08.30-04.02.19:804][  0]LogAISub: UAISubsystem::UAISubsystem AISubsystem (000001C64EF34380), frame # 0
[2020.08.30-04.02.19:804][  0]LogAISub: UAISubsystem::UAISubsystem AIPerceptionSystem (000001C64EE6F740), frame # 0
[2020.08.30-04.02.19:806][  0]LogAISub: UAISubsystem::UAISubsystem EnvQueryManager (000001C64EEC5E00), frame # 0
[2020.08.30-04.02.19:876][  0]LogPackageLocalizationCache: Processed 19 localized package path(s) for 1 prioritized culture(s) in 0.063619 seconds
[2020.08.30-04.02.19:882][  0]LogUObjectArray: 15917 objects as part of root set at end of initial load.
[2020.08.30-04.02.19:882][  0]LogUObjectAllocator: 3965568 out of 0 bytes used by permanent object pool.
[2020.08.30-04.02.19:882][  0]LogUObjectArray: CloseDisregardForGC: 0/0 objects in disregard for GC pool
[2020.08.30-04.02.20:380][  0]LogTcpMessaging: Initializing TcpMessaging bridge
[2020.08.30-04.02.20:392][  0]LogUdpMessaging: Initializing bridge on interface 0.0.0.0:0 to multicast group 230.0.0.1:6666.
[2020.08.30-04.02.20:652][  0]SourceControl: Source control is disabled
[2020.08.30-04.02.20:653][  0]SourceControl: Source control is disabled
[2020.08.30-04.02.20:658][  0]SourceControl: Source control is disabled
[2020.08.30-04.02.20:663][  0]SourceControl: Source control is disabled
[2020.08.30-04.02.20:673][  0]SourceControl: Source control is disabled
[2020.08.30-04.02.21:053][  0]LogAndroidPermission: UAndroidPermissionCallbackProxy::GetInstance
[2020.08.30-04.02.21:086][  0]LogAudioCaptureCore: Display: No Audio Capture implementations found. Audio input will be silent.
[2020.08.30-04.02.21:087][  0]LogAudioCaptureCore: Display: No Audio Capture implementations found. Audio input will be silent.
[2020.08.30-04.02.21:159][  0]LogOcInput: OculusInput pre-init called
[2020.08.30-04.02.21:176][  0]LogWindows: Failed to load 'OVRPlugin.dll' (GetLastError=126)
[2020.08.30-04.02.21:176][  0]LogWindows: File 'OVRPlugin.dll' does not exist
[2020.08.30-04.02.21:262][  0]LogEngine: Initializing Engine...
[2020.08.30-04.02.21:263][  0]LogHMD: Failed to initialize OpenVR with code 110
[2020.08.30-04.02.21:263][  0]LogMagicLeap: Warning: VR disabled because ZI is not enabled.  To enable, in the editor, Edit -> Project Settings -> Plugins -> Magic Leap Plugin -> Enable Zero Iteration
[2020.08.30-04.02.21:264][  0]LogStats: UGameplayTagsManager::InitializeManager -  0.000 s
[2020.08.30-04.02.21:364][  0]LogInit: Initializing FReadOnlyCVARCache
[2020.08.30-04.02.21:375][  0]LogAIModule: Creating AISystem for world Untitled
[2020.08.30-04.02.21:375][  0]LogAISub: UAISubsystem::UAISubsystem EnvQueryManager (000001C653E8E000), frame # 0
[2020.08.30-04.02.21:376][  0]LogAISub: UAISubsystem::UAISubsystem AIPerceptionSystem (000001C653E6FB00), frame # 0
[2020.08.30-04.02.21:390][  0]LogAudioMixer: Display: Audio Mixer Platform Settings:
[2020.08.30-04.02.21:390][  0]LogAudioMixer: Display: 	Sample Rate:						  48000
[2020.08.30-04.02.21:391][  0]LogAudioMixer: Display: 	Callback Buffer Frame Size Requested: 1024
[2020.08.30-04.02.21:391][  0]LogAudioMixer: Display: 	Callback Buffer Frame Size To Use:	  1024
[2020.08.30-04.02.21:391][  0]LogAudioMixer: Display: 	Number of buffers to queue:			  2
[2020.08.30-04.02.21:391][  0]LogAudioMixer: Display: 	Max Channels (voices):				  32
[2020.08.30-04.02.21:391][  0]LogAudioMixer: Display: 	Number of Async Source Workers:		  0
[2020.08.30-04.02.21:391][  0]LogAudio: Display: AudioDevice MaxSources: 32
[2020.08.30-04.02.21:391][  0]LogAudio: Display: Using built-in audio occlusion.
[2020.08.30-04.02.21:391][  0]LogAudioMixer: Display: Initializing audio mixer.
[2020.08.30-04.02.21:407][  0]LogAudioMixer: Display: 0: FrontLeft
[2020.08.30-04.02.21:407][  0]LogAudioMixer: Display: 1: FrontRight
[2020.08.30-04.02.21:458][  0]LogAudioMixer: Display: Using Audio Device Headset Earphone (HyperX Virtual Surround Sound)
[2020.08.30-04.02.21:461][  0]LogAudioMixer: Display: Initializing Sound Submixes...
[2020.08.30-04.02.21:464][  0]LogAudioMixer: Display: Creating Master Submix 'MasterSubmixDefault'
[2020.08.30-04.02.21:464][  0]LogAudioMixer: Display: Creating Master Submix 'MasterReverbSubmixDefault'
[2020.08.30-04.02.21:465][  0]LogAudioMixer: Display: Creating Master Submix 'MasterEQSubmixDefault'
[2020.08.30-04.02.21:467][  0]LogInit: FAudioDevice initialized.
[2020.08.30-04.02.21:467][  0]LogNetVersion: Set ProjectVersion to 1.0.0.0. Version Checksum will be recalculated on next use.
[2020.08.30-04.02.21:572][  0]LogDerivedDataCache: Saved boot cache 0.10s 77MB C:/Users/iylek/AppData/Local/UnrealEngine/4.25/DerivedDataCache/Boot.ddc.
[2020.08.30-04.02.21:579][  0]LogInit: Texture streaming: Enabled
[2020.08.30-04.02.21:604][  0]LogEngineSessionManager: EngineSessionManager initialized
[2020.08.30-04.02.21:604][  0]LogEditorSessionSummary: Verbose: Initializing EditorSessionSummaryWriter for editor session tracking
[2020.08.30-04.02.21:608][  0]LogEditorSessionSummary: EditorSessionSummaryWriter initialized
[2020.08.30-04.02.21:666][  0]LogInit: Transaction tracking system initialized
[2020.08.30-04.02.21:699][  0]BlueprintLog: New page: Editor Load
[2020.08.30-04.02.21:808][  0]LocalizationService: Localization service is disabled
[2020.08.30-04.02.21:997][  0]LogCook: Display: Max memory allowance for cook 16384mb min free memory 0mb
[2020.08.30-04.02.21:998][  0]LogCook: Display: Mobile HDR setting 1
[2020.08.30-04.02.22:107][  0]LogFileCache: Scanning file cache for directory 'C:/Users/iylek/Desktop/Unreal/StealthGame/StealthGame_ProjectBase_4.25/StealthGame/Content/' took 0.00s
[2020.08.30-04.02.22:364][  0]SourceControl: Source control is disabled
[2020.08.30-04.02.22:364][  0]LogUnrealEdMisc: Loading editor; pre map load, took 7.093
[2020.08.30-04.02.22:364][  0]Cmd: MAP LOAD FILE="../../../../../../Users/iylek/Desktop/Unreal/StealthGame/StealthGame_ProjectBase_4.25/StealthGame/Content/Maps/FirstPersonExampleMap.umap" TEMPLATE=0 SHOWPROGRESS=1 FEATURELEVEL=3
[2020.08.30-04.02.22:365][  0]LightingResults: New page: Lighting Build
[2020.08.30-04.02.22:365][  0]LogWorld: UWorld::CleanupWorld for Untitled, bSessionEnded=true, bCleanupResources=true
[2020.08.30-04.02.22:366][  0]LogSlate: InvalidateAllWidgets triggered.  All widgets were invalidated
[2020.08.30-04.02.22:366][  0]MapCheck: New page: Map Check
[2020.08.30-04.02.22:366][  0]LightingResults: New page: Lighting Build
[2020.08.30-04.02.22:380][  0]LogAISub: UAISubsystem::~UAISubsystem EnvQueryManager (000001C653E8E000), frame # 0
[2020.08.30-04.02.22:380][  0]LogAISub: UAISubsystem::~UAISubsystem AIPerceptionSystem (000001C653E6FB00), frame # 0
[2020.08.30-04.02.22:381][  0]LogUObjectHash: Compacting FUObjectHashTables data took   0.79ms
[2020.08.30-04.02.22:477][  0]LogAIModule: Creating AISystem for world FirstPersonExampleMap
[2020.08.30-04.02.22:477][  0]LogAISub: UAISubsystem::UAISubsystem EnvQueryManager (000001C654105C00), frame # 0
[2020.08.30-04.02.22:477][  0]LogAISub: UAISubsystem::UAISubsystem AIPerceptionSystem (000001C6541265C0), frame # 0
[2020.08.30-04.02.22:483][  0]LogEditorServer: Finished looking for orphan Actors (0.000 secs)
[2020.08.30-04.02.22:499][  0]LogUObjectHash: Compacting FUObjectHashTables data took   0.77ms
[2020.08.30-04.02.22:500][  0]Cmd: MAP CHECKDEP NOCLEARLOG
[2020.08.30-04.02.22:500][  0]MapCheck: Map check complete: 0 Error(s), 0 Warning(s), took 0.195ms to complete.
[2020.08.30-04.02.22:500][  0]LogFileHelpers: Loading map 'FirstPersonExampleMap' took 0.136
[2020.08.30-04.02.22:503][  0]LogUnrealEdMisc: Total Editor Startup Time, took 7.231
[2020.08.30-04.02.22:647][  0]LogSlate: Updating window title bar state: overlay mode, drag disabled, window buttons hidden, title bar hidden
[2020.08.30-04.02.22:654][  0]LogSlate: Updating window title bar state: overlay mode, drag disabled, window buttons hidden, title bar hidden
[2020.08.30-04.02.22:660][  0]LogSlate: Updating window title bar state: overlay mode, drag disabled, window buttons hidden, title bar hidden
[2020.08.30-04.02.22:666][  0]LogSlate: Updating window title bar state: overlay mode, drag disabled, window buttons hidden, title bar hidden
[2020.08.30-04.02.22:676][  0]LogCollectionManager: Loaded 0 collections in 0.001757 seconds
[2020.08.30-04.02.22:696][  0]LogFileCache: Scanning file cache for directory 'C:/Users/iylek/Desktop/Unreal/StealthGame/StealthGame_ProjectBase_4.25/StealthGame/Saved/Collections/' took 0.00s
[2020.08.30-04.02.22:696][  0]LogFileCache: Scanning file cache for directory 'C:/Users/iylek/Desktop/Unreal/StealthGame/StealthGame_ProjectBase_4.25/StealthGame/Content/Developers/iylek/Collections/' took 0.00s
[2020.08.30-04.02.22:696][  0]LogFileCache: Scanning file cache for directory 'C:/Users/iylek/Desktop/Unreal/StealthGame/StealthGame_ProjectBase_4.25/StealthGame/Content/Collections/' took 0.00s
[2020.08.30-04.02.22:696][  0]LogContentBrowser: Native class hierarchy populated in 0.0094 seconds. Added 3437 classes and 824 folders.
[2020.08.30-04.02.22:700][  0]LogContentBrowser: Native class hierarchy updated for 'WidgetCarousel' in 0.0003 seconds. Added 0 classes and 0 folders.
[2020.08.30-04.02.22:740][  0]LogContentBrowser: Native class hierarchy updated for 'AddContentDialog' in 0.0004 seconds. Added 0 classes and 0 folders.
[2020.08.30-04.02.22:741][  0]LogContentBrowser: Native class hierarchy updated for 'SceneOutliner' in 0.0002 seconds. Added 2 classes and 0 folders.
[2020.08.30-04.02.22:785][  0]LogSlate: Took 0.000176 seconds to synchronously load lazily loaded font '../../../Engine/Content/Slate/Fonts/Roboto-Regular.ttf' (155K)
[2020.08.30-04.02.22:787][  0]LogSlate: Took 0.000290 seconds to synchronously load lazily loaded font '../../../Engine/Content/Slate/Fonts/Roboto-Bold.ttf' (160K)
[2020.08.30-04.02.22:791][  0]LogSlate: Took 0.000174 seconds to synchronously load lazily loaded font '../../../Engine/Content/Editor/Slate/Fonts/FontAwesome.ttf' (139K)
[2020.08.30-04.02.22:849][  0]LogRenderer: Reallocating scene render targets to support 1208x600 Format 10 NumSamples 1 (Frame:1).
[2020.08.30-04.02.22:929][  0]LogContentBrowser: Native class hierarchy updated for 'HierarchicalLODOutliner' in 0.0004 seconds. Added 0 classes and 0 folders.
[2020.08.30-04.02.22:929][  0]LogLoad: (Engine Initialization) Total time: 7.66 seconds
[2020.08.30-04.02.22:929][  0]LogLoad: (Engine Initialization) Total Blueprint compile time: 0.00 seconds
[2020.08.30-04.02.22:967][  0]LogAssetRegistry: Asset discovery search completed in 3.9031 seconds
[2020.08.30-04.02.22:971][  0]LogCollectionManager: Fixed up redirectors for 0 collections in 0.000002 seconds (updated 0 objects)
[2020.08.30-04.02.22:972][  0]LogContentStreaming: Texture pool size now 1000 MB
[2020.08.30-04.02.23:007][  0]LogSlate: Took 0.000119 seconds to synchronously load lazily loaded font '../../../Engine/Content/Slate/Fonts/Roboto-Light.ttf' (167K)
[2020.08.30-04.02.25:276][248]LogTemp: Repeating last play command: Selected Viewport
[2020.08.30-04.02.25:293][248]LogPlayLevel: PlayLevel: No blueprints needed recompiling
[2020.08.30-04.02.25:294][248]PIE: New page: PIE session: FirstPersonExampleMap (Aug. 29, 2020, 8:02:25 p.m.)
[2020.08.30-04.02.25:296][248]LogOnline: OSS: Creating online subsystem instance for: NULL
[2020.08.30-04.02.25:298][248]LogOnline: OSS: TryLoadSubsystemAndSetDefault: Loaded subsystem for module [NULL]
[2020.08.30-04.02.25:298][248]LogPlayLevel: Creating play world package: /Game/Maps/UEDPIE_0_FirstPersonExampleMap
[2020.08.30-04.02.25:317][248]LogPlayLevel: PIE: StaticDuplicateObject took: (0.018954s)
[2020.08.30-04.02.25:319][248]LogAIModule: Creating AISystem for world FirstPersonExampleMap
[2020.08.30-04.02.25:319][248]LogAISub: UAISubsystem::UAISubsystem EnvQueryManager (000001C67B4A7E00), frame # 248
[2020.08.30-04.02.25:319][248]LogAISub: UAISubsystem::UAISubsystem AIPerceptionSystem (000001C6540B8680), frame # 248
[2020.08.30-04.02.25:320][248]LogPlayLevel: PIE: World Init took: (0.002110s)
[2020.08.30-04.02.25:320][248]LogPlayLevel: PIE: Created PIE world by copying editor world from /Game/Maps/FirstPersonExampleMap.FirstPersonExampleMap to /Game/Maps/UEDPIE_0_FirstPersonExampleMap.FirstPersonExampleMap (0.021656s)
[2020.08.30-04.02.25:334][248]LogUObjectHash: Compacting FUObjectHashTables data took   0.66ms
[2020.08.30-04.02.25:336][248]LogAudioMixer: Display: Audio Mixer Platform Settings:
[2020.08.30-04.02.25:336][248]LogAudioMixer: Display: 	Sample Rate:						  48000
[2020.08.30-04.02.25:336][248]LogAudioMixer: Display: 	Callback Buffer Frame Size Requested: 1024
[2020.08.30-04.02.25:336][248]LogAudioMixer: Display: 	Callback Buffer Frame Size To Use:	  1024
[2020.08.30-04.02.25:336][248]LogAudioMixer: Display: 	Number of buffers to queue:			  2
[2020.08.30-04.02.25:336][248]LogAudioMixer: Display: 	Max Channels (voices):				  32
[2020.08.30-04.02.25:336][248]LogAudioMixer: Display: 	Number of Async Source Workers:		  0
[2020.08.30-04.02.25:336][248]LogAudio: Display: AudioDevice MaxSources: 32
[2020.08.30-04.02.25:337][248]LogAudio: Display: Using built-in audio occlusion.
[2020.08.30-04.02.25:337][248]LogAudioMixer: Display: Initializing audio mixer.
[2020.08.30-04.02.25:340][248]LogAudioMixer: Display: 0: FrontLeft
[2020.08.30-04.02.25:340][248]LogAudioMixer: Display: 1: FrontRight
[2020.08.30-04.02.25:370][248]LogAudioMixer: Display: Using Audio Device Headset Earphone (HyperX Virtual Surround Sound)
[2020.08.30-04.02.25:370][248]LogAudioMixer: Display: Initializing Sound Submixes...
[2020.08.30-04.02.25:370][248]LogAudioMixer: Display: Creating Master Submix 'MasterSubmixDefault'
[2020.08.30-04.02.25:371][248]LogAudioMixer: Display: Creating Master Submix 'MasterReverbSubmixDefault'
[2020.08.30-04.02.25:371][248]LogAudioMixer: Display: Creating Master Submix 'MasterEQSubmixDefault'
[2020.08.30-04.02.25:385][248]LogInit: FAudioDevice initialized.
[2020.08.30-04.02.25:400][248]LogLoad: Game class is 'BP_GameMode_C'
[2020.08.30-04.02.25:403][248]LogWorld: Bringing World /Game/Maps/UEDPIE_0_FirstPersonExampleMap.FirstPersonExampleMap up for play (max tick rate 0) at 2020.08.30-00.02.25
[2020.08.30-04.02.25:404][248]LogWorld: Bringing up level for play took: 0.002346
[2020.08.30-04.02.25:404][248]LogOnline: OSS: Creating online subsystem instance for: :Context_4
[2020.08.30-04.02.25:409][248]LogContentBrowser: Native class hierarchy updated for 'MovieSceneCapture' in 0.0005 seconds. Added 20 classes and 0 folders.
[2020.08.30-04.02.25:411][248]PIE: Server logged in
[2020.08.30-04.02.25:413][248]PIE: Play in editor total start time 0.12 seconds.
[2020.08.30-04.02.49:468][124]LogSlate: Updating window title bar state: overlay mode, drag disabled, window buttons hidden, title bar hidden
[2020.08.30-04.02.49:468][124]LogWorld: BeginTearingDown for /Game/Maps/UEDPIE_0_FirstPersonExampleMap
[2020.08.30-04.02.49:468][124]LogWorld: UWorld::CleanupWorld for FirstPersonExampleMap, bSessionEnded=true, bCleanupResources=true
[2020.08.30-04.02.49:469][124]LogSlate: InvalidateAllWidgets triggered.  All widgets were invalidated
[2020.08.30-04.02.49:480][124]LogPlayLevel: Display: Shutting down PIE online subsystems
[2020.08.30-04.02.49:482][124]LogSlate: InvalidateAllWidgets triggered.  All widgets were invalidated
[2020.08.30-04.02.49:518][124]LogSlate: Updating window title bar state: overlay mode, drag disabled, window buttons hidden, title bar hidden
[2020.08.30-04.02.49:520][124]LogAISub: UAISubsystem::~UAISubsystem EnvQueryManager (000001C67B4A7E00), frame # 3124
[2020.08.30-04.02.49:520][124]LogAISub: UAISubsystem::~UAISubsystem AIPerceptionSystem (000001C6540B8680), frame # 3124
[2020.08.30-04.02.49:521][124]LogUObjectHash: Compacting FUObjectHashTables data took   0.67ms
[2020.08.30-04.02.49:557][125]LogPlayLevel: Display: Destroying online subsystem :Context_4
