Log file open, 08/30/20 01:02:46
LogInit: Display: Running engine for game: FPSGame
LogPlatformFile: Not using cached read wrapper
LogTaskGraph: Started task graph with 5 named threads and 35 total threads with 3 sets of task threads.
LogStats: Stats thread started at 0.256041
LogD3D11RHI: Loaded GFSDK_Aftermath_Lib.x64.dll
LogICUInternationalization: ICU TimeZone Detection - Raw Offset: -5:00, Platform Override: ''
LogPluginManager: Mounting plugin Paper2D
LogPluginManager: Mounting plugin AISupport
LogPluginManager: Mounting plugin LightPropagationVolume
LogPluginManager: Mounting plugin CameraShakePreviewer
LogPluginManager: Mounting plugin ActorLayerUtilities
LogPluginManager: Mounting plugin AnimationSharing
LogPluginManager: Mounting plugin CLionSourceCodeAccess
LogPluginManager: Mounting plugin CodeLiteSourceCodeAccess
LogPluginManager: Mounting plugin GitSourceControl
LogPluginManager: Mounting plugin KDevelopSourceCodeAccess
LogPluginManager: Mounting plugin NullSourceCodeAccess
LogPluginManager: Mounting plugin PerforceSourceControl
LogPluginManager: Mounting plugin PlasticSourceControl
LogPluginManager: Mounting plugin RiderSourceCodeAccess
LogPluginManager: Mounting plugin SubversionSourceControl
LogPluginManager: Mounting plugin UObjectPlugin
LogPluginManager: Mounting plugin VisualStudioCodeSourceCodeAccess
LogPluginManager: Mounting plugin VisualStudioSourceCodeAccess
LogPluginManager: Mounting plugin XCodeSourceCodeAccess
LogPluginManager: Mounting plugin AssetManagerEditor
LogPluginManager: Mounting plugin CryptoKeys
LogPluginManager: Mounting plugin CurveEditorTools
LogPluginManager: Mounting plugin DataValidation
LogPluginManager: Mounting plugin EditorScriptingUtilities
LogPluginManager: Mounting plugin FacialAnimation
LogPluginManager: Mounting plugin GameplayTagsEditor
LogPluginManager: Mounting plugin GeometryMode
LogPluginManager: Mounting plugin MacGraphicsSwitching
LogPluginManager: Mounting plugin MaterialAnalyzer
LogPluginManager: Mounting plugin MobileLauncherProfileWizard
LogPluginManager: Mounting plugin PluginBrowser
LogPluginManager: Mounting plugin SpeedTreeImporter
LogPluginManager: Mounting plugin DatasmithContent
LogPluginManager: Mounting plugin VariantManagerContent
LogPluginManager: Mounting plugin AlembicImporter
LogPluginManager: Mounting plugin AutomationUtils
LogPluginManager: Mounting plugin BackChannel
LogPluginManager: Mounting plugin ChaosCloth
LogPluginManager: Mounting plugin ChaosClothEditor
LogPluginManager: Mounting plugin ChaosEditor
LogPluginManager: Mounting plugin ChaosNiagara
LogPluginManager: Mounting plugin ChaosSolverPlugin
LogPluginManager: Mounting plugin CharacterAI
LogPluginManager: Mounting plugin GeometryCache
LogPluginManager: Mounting plugin GeometryCollectionPlugin
LogPluginManager: Mounting plugin GeometryProcessing
LogPluginManager: Mounting plugin PlanarCut
LogPluginManager: Mounting plugin PlatformCrypto
LogPluginManager: Mounting plugin ProxyLODPlugin
LogPluginManager: Mounting plugin SkeletalReduction
LogPluginManager: Mounting plugin Niagara
LogPluginManager: Mounting plugin MagicLeap
LogPluginManager: Mounting plugin MagicLeapLightEstimation
LogPluginManager: Mounting plugin MagicLeapMedia
LogPluginManager: Mounting plugin MagicLeapPassableWorld
LogPluginManager: Mounting plugin MLSDK
LogPluginManager: Mounting plugin AndroidMedia
LogPluginManager: Mounting plugin AvfMedia
LogPluginManager: Mounting plugin ImgMedia
LogPluginManager: Mounting plugin MediaCompositing
LogPluginManager: Mounting plugin MediaPlayerEditor
LogPluginManager: Mounting plugin WebMMedia
LogPluginManager: Mounting plugin WmfMedia
LogPluginManager: Mounting plugin MeshPainting
LogPluginManager: Mounting plugin TcpMessaging
LogPluginManager: Mounting plugin UdpMessaging
LogPluginManager: Mounting plugin ActorSequence
LogPluginManager: Mounting plugin LevelSequenceEditor
LogPluginManager: Mounting plugin MatineeToLevelSequence
LogPluginManager: Mounting plugin MovieRenderPipeline
LogPluginManager: Mounting plugin TemplateSequence
LogPluginManager: Mounting plugin NetcodeUnitTest
LogPluginManager: Mounting plugin NUTUnrealEngine4
LogPluginManager: Mounting plugin OnlineSubsystemGooglePlay
LogPluginManager: Mounting plugin OnlineSubsystemIOS
LogPluginManager: Mounting plugin OnlineSubsystem
LogPluginManager: Mounting plugin OnlineSubsystemNull
LogPluginManager: Mounting plugin OnlineSubsystemUtils
LogPluginManager: Mounting plugin LauncherChunkInstaller
LogPluginManager: Mounting plugin AndroidDeviceProfileSelector
LogPluginManager: Mounting plugin AndroidMoviePlayer
LogPluginManager: Mounting plugin AndroidPermission
LogPluginManager: Mounting plugin AppleImageUtils
LogPluginManager: Mounting plugin AppleMoviePlayer
LogPluginManager: Mounting plugin ArchVisCharacter
LogPluginManager: Mounting plugin AssetTags
LogPluginManager: Mounting plugin AudioCapture
LogPluginManager: Mounting plugin CableComponent
LogPluginManager: Mounting plugin CustomMeshComponent
LogPluginManager: Mounting plugin EditableMesh
LogPluginManager: Mounting plugin ExampleDeviceProfileSelector
LogPluginManager: Mounting plugin GoogleCloudMessaging
LogPluginManager: Mounting plugin GooglePAD
LogPluginManager: Mounting plugin IOSDeviceProfileSelector
LogPluginManager: Mounting plugin LinuxDeviceProfileSelector
LogPluginManager: Mounting plugin LocationServicesBPLibrary
LogPluginManager: Mounting plugin MobilePatchingUtils
LogPluginManager: Mounting plugin OculusVR
LogPluginManager: Mounting plugin PhysXVehicles
LogPluginManager: Mounting plugin PostSplashScreen
LogPluginManager: Mounting plugin ProceduralMeshComponent
LogPluginManager: Mounting plugin RuntimePhysXCooking
LogPluginManager: Mounting plugin SignificanceManager
LogPluginManager: Mounting plugin SoundFields
LogPluginManager: Mounting plugin SteamVR
LogPluginManager: Mounting plugin Synthesis
LogPluginManager: Mounting plugin WebMMoviePlayer
LogPluginManager: Mounting plugin WindowsMoviePlayer
LogPluginManager: Mounting plugin ScreenshotTools
LogInit: Using libcurl 7.55.1-DEV
LogInit:  - built for x86_64-pc-win32
LogInit:  - supports SSL with OpenSSL/1.1.1
LogInit:  - supports HTTP deflate (compression) using libz 1.2.8
LogInit:  - other features:
LogInit:      CURL_VERSION_SSL
LogInit:      CURL_VERSION_LIBZ
LogInit:      CURL_VERSION_IPV6
LogInit:      CURL_VERSION_ASYNCHDNS
LogInit:      CURL_VERSION_LARGEFILE
LogInit:      CURL_VERSION_IDN
LogInit:  CurlRequestOptions (configurable via config and command line):
LogInit:  - bVerifyPeer = true  - Libcurl will verify peer certificate
LogInit:  - bUseHttpProxy = false  - Libcurl will NOT use HTTP proxy
LogInit:  - bDontReuseConnections = false  - Libcurl will reuse connections
LogInit:  - MaxHostConnections = 16  - Libcurl will limit the number of connections to a host
LogInit:  - LocalHostAddr = Default
LogInit:  - BufferSize = 65536
LogOnline: OSS: Creating online subsystem instance for: NULL
LogInit: WinSock: version 1.1 (2.2), MaxSocks=32767, MaxUdp=65467
LogOnline: OSS: TryLoadSubsystemAndSetDefault: Loaded subsystem for module [NULL]
LogInit: Build: ++UE4+Release-4.25-CL-13942748
LogInit: Engine Version: 4.25.3-13942748+++UE4+Release-4.25
LogInit: Compatible Engine Version: 4.25.0-13144385+++UE4+Release-4.25
LogInit: Net CL: 13144385
LogInit: OS: Windows 10 (Release 1909) (), CPU: AMD Ryzen 5 3600 6-Core Processor              , GPU: NVIDIA GeForce RTX 2060
LogInit: Compiled (64-bit): Jul 25 2020 02:07:48
LogInit: Compiled with Visual C++: 19.24.28315.00
LogInit: Build Configuration: Development
LogInit: Branch Name: ++UE4+Release-4.25
LogInit: Command Line:  -skipcompile
LogInit: Base Directory: C:/Program Files/Epic Games/UE_4.25/Engine/Binaries/Win64/
LogInit: Allocator: TBB
LogInit: Installed Engine Build: 1
LogDevObjectVersion: Number of dev versions registered: 26
LogDevObjectVersion:   Dev-Blueprints (B0D832E4-1F89-4F0D-ACCF-7EB736FD4AA2): 10
LogDevObjectVersion:   Dev-Build (E1C64328-A22C-4D53-A36C-8E866417BD8C): 0
LogDevObjectVersion:   Dev-Core (375EC13C-06E4-48FB-B500-84F0262A717E): 4
LogDevObjectVersion:   Dev-Editor (E4B068ED-F494-42E9-A231-DA0B2E46BB41): 38
LogDevObjectVersion:   Dev-Framework (CFFC743F-43B0-4480-9391-14DF171D2073): 37
LogDevObjectVersion:   Dev-Mobile (B02B49B5-BB20-44E9-A304-32B752E40360): 2
LogDevObjectVersion:   Dev-Networking (A4E4105C-59A1-49B5-A7C5-40C4547EDFEE): 0
LogDevObjectVersion:   Dev-Online (39C831C9-5AE6-47DC-9A44-9C173E1C8E7C): 0
LogDevObjectVersion:   Dev-Physics (78F01B33-EBEA-4F98-B9B4-84EACCB95AA2): 4
LogDevObjectVersion:   Dev-Platform (6631380F-2D4D-43E0-8009-CF276956A95A): 0
LogDevObjectVersion:   Dev-Rendering (12F88B9F-8875-4AFC-A67C-D90C383ABD29): 43
LogDevObjectVersion:   Dev-Sequencer (7B5AE74C-D270-4C10-A958-57980B212A5A): 12
LogDevObjectVersion:   Dev-VR (D7296918-1DD6-4BDD-9DE2-64A83CC13884): 3
LogDevObjectVersion:   Dev-LoadTimes (C2A15278-BFE7-4AFE-6C17-90FF531DF755): 1
LogDevObjectVersion:   Private-Geometry (6EACA3D4-40EC-4CC1-B786-8BED09428FC5): 3
LogDevObjectVersion:   Dev-AnimPhys (29E575DD-E0A3-4627-9D10-D276232CDCEA): 17
LogDevObjectVersion:   Dev-Anim (AF43A65D-7FD3-4947-9873-3E8ED9C1BB05): 7
LogDevObjectVersion:   Dev-ReflectionCapture (6B266CEC-1EC7-4B8F-A30B-E4D90942FC07): 1
LogDevObjectVersion:   Dev-Automation (0DF73D61-A23F-47EA-B727-89E90C41499A): 1
LogDevObjectVersion:   FortniteMain (601D1886-AC64-4F84-AA16-D3DE0DEAC7D6): 31
LogDevObjectVersion:   Dev-Enterprise (9DFFBCD6-494F-0158-E221-12823C92A888): 10
LogDevObjectVersion:   Dev-Niagara (F2AED0AC-9AFE-416F-8664-AA7FFA26D6FC): 1
LogDevObjectVersion:   Dev-Destruction (174F1F0B-B4C6-45A5-B13F-2EE8D0FB917D): 10
LogDevObjectVersion:   Dev-Physics-Ext (35F94A83-E258-406C-A318-09F59610247C): 37
LogDevObjectVersion:   Dev-PhysicsMaterial-Chaos (B68FC16E-8B1B-42E2-B453-215C058844FE): 1
LogDevObjectVersion:   Dev-CineCamera (B2E18506-4273-CFC2-A54E-F4BB758BBA07): 1
LogInit: Presizing for max 25165824 objects, including 0 objects not considered by GC, pre-allocating 0 bytes for permanent pool.
LogConfig: Applying CVar settings from Section [/Script/Engine.StreamingSettings] File [C:/Users/iylek/Desktop/Unreal/StealthGame/StealthGame_ProjectBase_4.25/StealthGame/Saved/Config/Windows/Engine.ini]
LogConfig: Setting CVar [[s.MinBulkDataSizeForAsyncLoading:131072]]
LogConfig: Setting CVar [[s.AsyncLoadingThreadEnabled:0]]
LogConfig: Setting CVar [[s.EventDrivenLoaderEnabled:1]]
LogConfig: Setting CVar [[s.WarnIfTimeLimitExceeded:0]]
LogConfig: Setting CVar [[s.TimeLimitExceededMultiplier:1.5]]
LogConfig: Setting CVar [[s.TimeLimitExceededMinTime:0.005]]
LogConfig: Setting CVar [[s.UseBackgroundLevelStreaming:1]]
LogConfig: Setting CVar [[s.PriorityAsyncLoadingExtraTime:15.0]]
LogConfig: Setting CVar [[s.LevelStreamingActorsUpdateTimeLimit:5.0]]
LogConfig: Setting CVar [[s.PriorityLevelStreamingActorsUpdateExtraTime:5.0]]
LogConfig: Setting CVar [[s.LevelStreamingComponentsRegistrationGranularity:10]]
LogConfig: Setting CVar [[s.UnregisterComponentsTimeLimit:1.0]]
LogConfig: Setting CVar [[s.LevelStreamingComponentsUnregistrationGranularity:5]]
LogConfig: Setting CVar [[s.FlushStreamingOnExit:1]]
LogInit: Object subsystem initialized
LogConfig: Setting CVar [[con.DebugEarlyDefault:1]]
LogConfig: Setting CVar [[r.setres:1280x720]]
[2020.08.30-05.02.46:525][  0]LogConfig: Setting CVar [[r.VSync:0]]
[2020.08.30-05.02.46:525][  0]LogConfig: Setting CVar [[r.RHICmdBypass:0]]
[2020.08.30-05.02.46:525][  0]LogConfig: Applying CVar settings from Section [/Script/Engine.RendererSettings] File [C:/Users/iylek/Desktop/Unreal/StealthGame/StealthGame_ProjectBase_4.25/StealthGame/Saved/Config/Windows/Engine.ini]
[2020.08.30-05.02.46:525][  0]LogConfig: Setting CVar [[r.GPUCrashDebugging:0]]
[2020.08.30-05.02.46:525][  0]LogConfig: Applying CVar settings from Section [/Script/Engine.RendererOverrideSettings] File [C:/Users/iylek/Desktop/Unreal/StealthGame/StealthGame_ProjectBase_4.25/StealthGame/Saved/Config/Windows/Engine.ini]
[2020.08.30-05.02.46:525][  0]LogConfig: Applying CVar settings from Section [/Script/Engine.StreamingSettings] File [C:/Users/iylek/Desktop/Unreal/StealthGame/StealthGame_ProjectBase_4.25/StealthGame/Saved/Config/Windows/Engine.ini]
[2020.08.30-05.02.46:525][  0]LogConfig: Setting CVar [[s.MinBulkDataSizeForAsyncLoading:131072]]
[2020.08.30-05.02.46:526][  0]LogConfig: Setting CVar [[s.AsyncLoadingThreadEnabled:0]]
[2020.08.30-05.02.46:526][  0]LogConfig: Setting CVar [[s.EventDrivenLoaderEnabled:1]]
[2020.08.30-05.02.46:526][  0]LogConfig: Setting CVar [[s.WarnIfTimeLimitExceeded:0]]
[2020.08.30-05.02.46:526][  0]LogConfig: Setting CVar [[s.TimeLimitExceededMultiplier:1.5]]
[2020.08.30-05.02.46:526][  0]LogConfig: Setting CVar [[s.TimeLimitExceededMinTime:0.005]]
[2020.08.30-05.02.46:526][  0]LogConfig: Setting CVar [[s.UseBackgroundLevelStreaming:1]]
[2020.08.30-05.02.46:526][  0]LogConfig: Setting CVar [[s.PriorityAsyncLoadingExtraTime:15.0]]
[2020.08.30-05.02.46:526][  0]LogConfig: Setting CVar [[s.LevelStreamingActorsUpdateTimeLimit:5.0]]
[2020.08.30-05.02.46:526][  0]LogConfig: Setting CVar [[s.PriorityLevelStreamingActorsUpdateExtraTime:5.0]]
[2020.08.30-05.02.46:526][  0]LogConfig: Setting CVar [[s.LevelStreamingComponentsRegistrationGranularity:10]]
[2020.08.30-05.02.46:526][  0]LogConfig: Setting CVar [[s.UnregisterComponentsTimeLimit:1.0]]
[2020.08.30-05.02.46:526][  0]LogConfig: Setting CVar [[s.LevelStreamingComponentsUnregistrationGranularity:5]]
[2020.08.30-05.02.46:526][  0]LogConfig: Setting CVar [[s.FlushStreamingOnExit:1]]
[2020.08.30-05.02.46:526][  0]LogConfig: Applying CVar settings from Section [/Script/Engine.GarbageCollectionSettings] File [C:/Users/iylek/Desktop/Unreal/StealthGame/StealthGame_ProjectBase_4.25/StealthGame/Saved/Config/Windows/Engine.ini]
[2020.08.30-05.02.46:526][  0]LogConfig: Setting CVar [[gc.MaxObjectsNotConsideredByGC:1]]
[2020.08.30-05.02.46:526][  0]LogConfig: Setting CVar [[gc.SizeOfPermanentObjectPool:0]]
[2020.08.30-05.02.46:526][  0]LogConfig: Setting CVar [[gc.FlushStreamingOnGC:0]]
[2020.08.30-05.02.46:526][  0]LogConfig: Setting CVar [[gc.NumRetriesBeforeForcingGC:10]]
[2020.08.30-05.02.46:526][  0]LogConfig: Setting CVar [[gc.AllowParallelGC:1]]
[2020.08.30-05.02.46:526][  0]LogConfig: Setting CVar [[gc.TimeBetweenPurgingPendingKillObjects:61.1]]
[2020.08.30-05.02.46:526][  0]LogConfig: Setting CVar [[gc.MaxObjectsInEditor:25165824]]
[2020.08.30-05.02.46:526][  0]LogConfig: Setting CVar [[gc.IncrementalBeginDestroyEnabled:1]]
[2020.08.30-05.02.46:527][  0]LogConfig: Setting CVar [[gc.CreateGCClusters:1]]
[2020.08.30-05.02.46:527][  0]LogConfig: Setting CVar [[gc.MinGCClusterSize:5]]
[2020.08.30-05.02.46:527][  0]LogConfig: Setting CVar [[gc.ActorClusteringEnabled:0]]
[2020.08.30-05.02.46:527][  0]LogConfig: Setting CVar [[gc.BlueprintClusteringEnabled:0]]
[2020.08.30-05.02.46:527][  0]LogConfig: Setting CVar [[gc.UseDisregardForGCOnDedicatedServers:0]]
[2020.08.30-05.02.46:527][  0]LogConfig: Applying CVar settings from Section [/Script/Engine.NetworkSettings] File [C:/Users/iylek/Desktop/Unreal/StealthGame/StealthGame_ProjectBase_4.25/StealthGame/Saved/Config/Windows/Engine.ini]
[2020.08.30-05.02.46:527][  0]LogConfig: Applying CVar settings from Section [/Script/UnrealEd.CookerSettings] File [C:/Users/iylek/Desktop/Unreal/StealthGame/StealthGame_ProjectBase_4.25/StealthGame/Saved/Config/Windows/Engine.ini]
[2020.08.30-05.02.46:533][  0]LogConfig: Applying CVar settings from Section [ViewDistanceQuality@3] File [C:/Users/iylek/Desktop/Unreal/StealthGame/StealthGame_ProjectBase_4.25/StealthGame/Saved/Config/Windows/Scalability.ini]
[2020.08.30-05.02.46:533][  0]LogConfig: Setting CVar [[r.SkeletalMeshLODBias:0]]
[2020.08.30-05.02.46:533][  0]LogConfig: Setting CVar [[r.ViewDistanceScale:1.0]]
[2020.08.30-05.02.46:533][  0]LogConfig: Applying CVar settings from Section [AntiAliasingQuality@3] File [C:/Users/iylek/Desktop/Unreal/StealthGame/StealthGame_ProjectBase_4.25/StealthGame/Saved/Config/Windows/Scalability.ini]
[2020.08.30-05.02.46:533][  0]LogConfig: Setting CVar [[r.PostProcessAAQuality:4]]
[2020.08.30-05.02.46:533][  0]LogConfig: Applying CVar settings from Section [ShadowQuality@3] File [C:/Users/iylek/Desktop/Unreal/StealthGame/StealthGame_ProjectBase_4.25/StealthGame/Saved/Config/Windows/Scalability.ini]
[2020.08.30-05.02.46:533][  0]LogConfig: Setting CVar [[r.LightFunctionQuality:1]]
[2020.08.30-05.02.46:533][  0]LogConfig: Setting CVar [[r.ShadowQuality:5]]
[2020.08.30-05.02.46:533][  0]LogConfig: Setting CVar [[r.Shadow.CSM.MaxCascades:10]]
[2020.08.30-05.02.46:533][  0]LogConfig: Setting CVar [[r.Shadow.MaxResolution:2048]]
[2020.08.30-05.02.46:533][  0]LogConfig: Setting CVar [[r.Shadow.MaxCSMResolution:2048]]
[2020.08.30-05.02.46:533][  0]LogConfig: Setting CVar [[r.Shadow.RadiusThreshold:0.01]]
[2020.08.30-05.02.46:533][  0]LogConfig: Setting CVar [[r.Shadow.DistanceScale:1.0]]
[2020.08.30-05.02.46:533][  0]LogConfig: Setting CVar [[r.Shadow.CSM.TransitionScale:1.0]]
[2020.08.30-05.02.46:533][  0]LogConfig: Setting CVar [[r.Shadow.PreShadowResolutionFactor:1.0]]
[2020.08.30-05.02.46:533][  0]LogConfig: Setting CVar [[r.DistanceFieldShadowing:1]]
[2020.08.30-05.02.46:533][  0]LogConfig: Setting CVar [[r.DistanceFieldAO:1]]
[2020.08.30-05.02.46:534][  0]LogConfig: Setting CVar [[r.AOQuality:2]]
[2020.08.30-05.02.46:534][  0]LogConfig: Setting CVar [[r.VolumetricFog:1]]
[2020.08.30-05.02.46:534][  0]LogConfig: Setting CVar [[r.VolumetricFog.GridPixelSize:8]]
[2020.08.30-05.02.46:534][  0]LogConfig: Setting CVar [[r.VolumetricFog.GridSizeZ:128]]
[2020.08.30-05.02.46:534][  0]LogConfig: Setting CVar [[r.VolumetricFog.HistoryMissSupersampleCount:4]]
[2020.08.30-05.02.46:534][  0]LogConfig: Setting CVar [[r.LightMaxDrawDistanceScale:1]]
[2020.08.30-05.02.46:534][  0]LogConfig: Setting CVar [[r.CapsuleShadows:1]]
[2020.08.30-05.02.46:534][  0]LogConfig: Applying CVar settings from Section [PostProcessQuality@3] File [C:/Users/iylek/Desktop/Unreal/StealthGame/StealthGame_ProjectBase_4.25/StealthGame/Saved/Config/Windows/Scalability.ini]
[2020.08.30-05.02.46:534][  0]LogConfig: Setting CVar [[r.MotionBlurQuality:4]]
[2020.08.30-05.02.46:534][  0]LogConfig: Setting CVar [[r.AmbientOcclusionMipLevelFactor:0.4]]
[2020.08.30-05.02.46:534][  0]LogConfig: Setting CVar [[r.AmbientOcclusionMaxQuality:100]]
[2020.08.30-05.02.46:534][  0]LogConfig: Setting CVar [[r.AmbientOcclusionLevels:-1]]
[2020.08.30-05.02.46:534][  0]LogConfig: Setting CVar [[r.AmbientOcclusionRadiusScale:1.0]]
[2020.08.30-05.02.46:534][  0]LogConfig: Setting CVar [[r.DepthOfFieldQuality:2]]
[2020.08.30-05.02.46:534][  0]LogConfig: Setting CVar [[r.RenderTargetPoolMin:400]]
[2020.08.30-05.02.46:534][  0]LogConfig: Setting CVar [[r.LensFlareQuality:2]]
[2020.08.30-05.02.46:534][  0]LogConfig: Setting CVar [[r.SceneColorFringeQuality:1]]
[2020.08.30-05.02.46:534][  0]LogConfig: Setting CVar [[r.EyeAdaptationQuality:2]]
[2020.08.30-05.02.46:534][  0]LogConfig: Setting CVar [[r.BloomQuality:5]]
[2020.08.30-05.02.46:534][  0]LogConfig: Setting CVar [[r.FastBlurThreshold:100]]
[2020.08.30-05.02.46:534][  0]LogConfig: Setting CVar [[r.Upscale.Quality:3]]
[2020.08.30-05.02.46:534][  0]LogConfig: Setting CVar [[r.Tonemapper.GrainQuantization:1]]
[2020.08.30-05.02.46:535][  0]LogConfig: Setting CVar [[r.LightShaftQuality:1]]
[2020.08.30-05.02.46:535][  0]LogConfig: Setting CVar [[r.Filter.SizeScale:1]]
[2020.08.30-05.02.46:535][  0]LogConfig: Setting CVar [[r.Tonemapper.Quality:5]]
[2020.08.30-05.02.46:535][  0]LogConfig: Setting CVar [[r.DOF.Gather.AccumulatorQuality:1        ; higher gathering accumulator quality]]
[2020.08.30-05.02.46:535][  0]LogConfig: Setting CVar [[r.DOF.Gather.PostfilterMethod:1          ; Median3x3 postfilering method]]
[2020.08.30-05.02.46:535][  0]LogConfig: Setting CVar [[r.DOF.Gather.EnableBokehSettings:0       ; no bokeh simulation when gathering]]
[2020.08.30-05.02.46:535][  0]LogConfig: Setting CVar [[r.DOF.Gather.RingCount:4                 ; medium number of samples when gathering]]
[2020.08.30-05.02.46:535][  0]LogConfig: Setting CVar [[r.DOF.Scatter.ForegroundCompositing:1    ; additive foreground scattering]]
[2020.08.30-05.02.46:535][  0]LogConfig: Setting CVar [[r.DOF.Scatter.BackgroundCompositing:2    ; additive background scattering]]
[2020.08.30-05.02.46:535][  0]LogConfig: Setting CVar [[r.DOF.Scatter.EnableBokehSettings:1      ; bokeh simulation when scattering]]
[2020.08.30-05.02.46:535][  0]LogConfig: Setting CVar [[r.DOF.Scatter.MaxSpriteRatio:0.1         ; only a maximum of 10% of scattered bokeh]]
[2020.08.30-05.02.46:535][  0]LogConfig: Setting CVar [[r.DOF.Recombine.Quality:1                ; cheap slight out of focus]]
[2020.08.30-05.02.46:535][  0]LogConfig: Setting CVar [[r.DOF.Recombine.EnableBokehSettings:0    ; no bokeh simulation on slight out of focus]]
[2020.08.30-05.02.46:535][  0]LogConfig: Setting CVar [[r.DOF.TemporalAAQuality:1                ; more stable temporal accumulation]]
[2020.08.30-05.02.46:535][  0]LogConfig: Setting CVar [[r.DOF.Kernel.MaxForegroundRadius:0.025]]
[2020.08.30-05.02.46:535][  0]LogConfig: Setting CVar [[r.DOF.Kernel.MaxBackgroundRadius:0.025]]
[2020.08.30-05.02.46:535][  0]LogConfig: Applying CVar settings from Section [TextureQuality@3] File [C:/Users/iylek/Desktop/Unreal/StealthGame/StealthGame_ProjectBase_4.25/StealthGame/Saved/Config/Windows/Scalability.ini]
[2020.08.30-05.02.46:535][  0]LogConfig: Setting CVar [[r.Streaming.MipBias:0]]
[2020.08.30-05.02.46:535][  0]LogConfig: Setting CVar [[r.Streaming.AmortizeCPUToGPUCopy:0]]
[2020.08.30-05.02.46:535][  0]LogConfig: Setting CVar [[r.Streaming.MaxNumTexturesToStreamPerFrame:0]]
[2020.08.30-05.02.46:536][  0]LogConfig: Setting CVar [[r.Streaming.Boost:1]]
[2020.08.30-05.02.46:536][  0]LogConfig: Setting CVar [[r.MaxAnisotropy:8]]
[2020.08.30-05.02.46:536][  0]LogConfig: Setting CVar [[r.VT.MaxAnisotropy:8]]
[2020.08.30-05.02.46:536][  0]LogConfig: Setting CVar [[r.Streaming.LimitPoolSizeToVRAM:0]]
[2020.08.30-05.02.46:536][  0]LogConfig: Setting CVar [[r.Streaming.PoolSize:1000]]
[2020.08.30-05.02.46:536][  0]LogConfig: Setting CVar [[r.Streaming.MaxEffectiveScreenSize:0]]
[2020.08.30-05.02.46:536][  0]LogConfig: Applying CVar settings from Section [EffectsQuality@3] File [C:/Users/iylek/Desktop/Unreal/StealthGame/StealthGame_ProjectBase_4.25/StealthGame/Saved/Config/Windows/Scalability.ini]
[2020.08.30-05.02.46:536][  0]LogConfig: Setting CVar [[r.TranslucencyLightingVolumeDim:64]]
[2020.08.30-05.02.46:536][  0]LogConfig: Setting CVar [[r.RefractionQuality:2]]
[2020.08.30-05.02.46:536][  0]LogConfig: Setting CVar [[r.SSR.Quality:3]]
[2020.08.30-05.02.46:536][  0]LogConfig: Setting CVar [[r.SSR.HalfResSceneColor:0]]
[2020.08.30-05.02.46:536][  0]LogConfig: Setting CVar [[r.SceneColorFormat:4]]
[2020.08.30-05.02.46:536][  0]LogConfig: Setting CVar [[r.DetailMode:2]]
[2020.08.30-05.02.46:536][  0]LogConfig: Setting CVar [[r.TranslucencyVolumeBlur:1]]
[2020.08.30-05.02.46:536][  0]LogConfig: Setting CVar [[r.MaterialQualityLevel:1 ; High quality]]
[2020.08.30-05.02.46:536][  0]LogConfig: Setting CVar [[r.SSS.Scale:1]]
[2020.08.30-05.02.46:536][  0]LogConfig: Setting CVar [[r.SSS.SampleSet:2]]
[2020.08.30-05.02.46:536][  0]LogConfig: Setting CVar [[r.SSS.Quality:1]]
[2020.08.30-05.02.46:536][  0]LogConfig: Setting CVar [[r.SSS.HalfRes:0]]
[2020.08.30-05.02.46:536][  0]LogConfig: Setting CVar [[r.SSGI.Quality:3]]
[2020.08.30-05.02.46:537][  0]LogConfig: Setting CVar [[r.EmitterSpawnRateScale:1.0]]
[2020.08.30-05.02.46:537][  0]LogConfig: Setting CVar [[r.ParticleLightQuality:2]]
[2020.08.30-05.02.46:537][  0]LogConfig: Setting CVar [[r.SkyAtmosphere.AerialPerspectiveLUT.FastApplyOnOpaque:1 ; Always have FastSkyLUT 1 in this case to avoid wrong sky]]
[2020.08.30-05.02.46:537][  0]LogConfig: Setting CVar [[r.SkyAtmosphere.AerialPerspectiveLUT.SampleCountPerSlice:1]]
[2020.08.30-05.02.46:537][  0]LogConfig: Setting CVar [[r.SkyAtmosphere.AerialPerspectiveLUT.DepthResolution:16.0]]
[2020.08.30-05.02.46:537][  0]LogConfig: Setting CVar [[r.SkyAtmosphere.FastSkyLUT:1]]
[2020.08.30-05.02.46:537][  0]LogConfig: Setting CVar [[r.SkyAtmosphere.FastSkyLUT.SampleCountMin:4.0]]
[2020.08.30-05.02.46:537][  0]LogConfig: Setting CVar [[r.SkyAtmosphere.FastSkyLUT.SampleCountMax:32.0]]
[2020.08.30-05.02.46:537][  0]LogConfig: Setting CVar [[r.SkyAtmosphere.SampleCountMin:4.0]]
[2020.08.30-05.02.46:537][  0]LogConfig: Setting CVar [[r.SkyAtmosphere.SampleCountMax:32.0]]
[2020.08.30-05.02.46:537][  0]LogConfig: Setting CVar [[r.SkyAtmosphere.TransmittanceLUT.UseSmallFormat:0]]
[2020.08.30-05.02.46:537][  0]LogConfig: Setting CVar [[r.SkyAtmosphere.TransmittanceLUT.SampleCount:10.0]]
[2020.08.30-05.02.46:537][  0]LogConfig: Setting CVar [[r.SkyAtmosphere.MultiScatteringLUT.SampleCount:15.0]]
[2020.08.30-05.02.46:537][  0]LogConfig: Applying CVar settings from Section [FoliageQuality@3] File [C:/Users/iylek/Desktop/Unreal/StealthGame/StealthGame_ProjectBase_4.25/StealthGame/Saved/Config/Windows/Scalability.ini]
[2020.08.30-05.02.46:537][  0]LogConfig: Setting CVar [[foliage.DensityScale:1.0]]
[2020.08.30-05.02.46:537][  0]LogConfig: Setting CVar [[grass.DensityScale:1.0]]
[2020.08.30-05.02.46:537][  0]LogConfig: Applying CVar settings from Section [ShadingQuality@3] File [C:/Users/iylek/Desktop/Unreal/StealthGame/StealthGame_ProjectBase_4.25/StealthGame/Saved/Config/Windows/Scalability.ini]
[2020.08.30-05.02.46:537][  0]LogConfig: Setting CVar [[r.HairStrands.SkyLighting.SampleCount:16]]
[2020.08.30-05.02.46:537][  0]LogConfig: Setting CVar [[r.HairStrands.SkyLighting.JitterIntegration:0]]
[2020.08.30-05.02.46:537][  0]LogConfig: Setting CVar [[r.HairStrands.SkyAO.SampleCount:16]]
[2020.08.30-05.02.46:537][  0]LogConfig: Setting CVar [[r.HairStrands.DeepShadow.SuperSampling:0]]
[2020.08.30-05.02.46:538][  0]LogConfig: Setting CVar [[r.HairStrands.VisibilityPPLL:0]]
[2020.08.30-05.02.46:538][  0]LogConfig: Setting CVar [[r.HairStrands.RasterizationScale:0.5]]
[2020.08.30-05.02.46:538][  0]LogConfig: Setting CVar [[r.HairStrands.VelocityRasterizationScale:1]]
[2020.08.30-05.02.46:538][  0]LogInit: Selected Device Profile: [Windows]
[2020.08.30-05.02.46:538][  0]LogInit: Applying CVar settings loaded from the selected device profile: [Windows]
[2020.08.30-05.02.46:538][  0]LogHAL: Display: Platform has ~ 16 GB [17126752256 / 17179869184 / 16], which maps to Larger [LargestMinGB=32, LargerMinGB=12, DefaultMinGB=8, SmallerMinGB=6, SmallestMinGB=0)
[2020.08.30-05.02.46:538][  0]LogInit: Going up to parent DeviceProfile []
[2020.08.30-05.02.46:538][  0]LogConfig: Applying CVar settings from Section [ViewDistanceQuality@3] File [C:/Users/iylek/Desktop/Unreal/StealthGame/StealthGame_ProjectBase_4.25/StealthGame/Saved/Config/Windows/Scalability.ini]
[2020.08.30-05.02.46:538][  0]LogConfig: Setting CVar [[r.SkeletalMeshLODBias:0]]
[2020.08.30-05.02.46:538][  0]LogConfig: Setting CVar [[r.ViewDistanceScale:1.0]]
[2020.08.30-05.02.46:538][  0]LogConfig: Applying CVar settings from Section [AntiAliasingQuality@3] File [C:/Users/iylek/Desktop/Unreal/StealthGame/StealthGame_ProjectBase_4.25/StealthGame/Saved/Config/Windows/Scalability.ini]
[2020.08.30-05.02.46:538][  0]LogConfig: Setting CVar [[r.PostProcessAAQuality:4]]
[2020.08.30-05.02.46:538][  0]LogConfig: Applying CVar settings from Section [ShadowQuality@3] File [C:/Users/iylek/Desktop/Unreal/StealthGame/StealthGame_ProjectBase_4.25/StealthGame/Saved/Config/Windows/Scalability.ini]
[2020.08.30-05.02.46:538][  0]LogConfig: Setting CVar [[r.LightFunctionQuality:1]]
[2020.08.30-05.02.46:538][  0]LogConfig: Setting CVar [[r.ShadowQuality:5]]
[2020.08.30-05.02.46:538][  0]LogConfig: Setting CVar [[r.Shadow.CSM.MaxCascades:10]]
[2020.08.30-05.02.46:538][  0]LogConfig: Setting CVar [[r.Shadow.MaxResolution:2048]]
[2020.08.30-05.02.46:538][  0]LogConfig: Setting CVar [[r.Shadow.MaxCSMResolution:2048]]
[2020.08.30-05.02.46:538][  0]LogConfig: Setting CVar [[r.Shadow.RadiusThreshold:0.01]]
[2020.08.30-05.02.46:539][  0]LogConfig: Setting CVar [[r.Shadow.DistanceScale:1.0]]
[2020.08.30-05.02.46:539][  0]LogConfig: Setting CVar [[r.Shadow.CSM.TransitionScale:1.0]]
[2020.08.30-05.02.46:539][  0]LogConfig: Setting CVar [[r.Shadow.PreShadowResolutionFactor:1.0]]
[2020.08.30-05.02.46:539][  0]LogConfig: Setting CVar [[r.DistanceFieldShadowing:1]]
[2020.08.30-05.02.46:539][  0]LogConfig: Setting CVar [[r.DistanceFieldAO:1]]
[2020.08.30-05.02.46:539][  0]LogConfig: Setting CVar [[r.AOQuality:2]]
[2020.08.30-05.02.46:539][  0]LogConfig: Setting CVar [[r.VolumetricFog:1]]
[2020.08.30-05.02.46:539][  0]LogConfig: Setting CVar [[r.VolumetricFog.GridPixelSize:8]]
[2020.08.30-05.02.46:539][  0]LogConfig: Setting CVar [[r.VolumetricFog.GridSizeZ:128]]
[2020.08.30-05.02.46:539][  0]LogConfig: Setting CVar [[r.VolumetricFog.HistoryMissSupersampleCount:4]]
[2020.08.30-05.02.46:539][  0]LogConfig: Setting CVar [[r.LightMaxDrawDistanceScale:1]]
[2020.08.30-05.02.46:539][  0]LogConfig: Setting CVar [[r.CapsuleShadows:1]]
[2020.08.30-05.02.46:539][  0]LogConfig: Applying CVar settings from Section [PostProcessQuality@3] File [C:/Users/iylek/Desktop/Unreal/StealthGame/StealthGame_ProjectBase_4.25/StealthGame/Saved/Config/Windows/Scalability.ini]
[2020.08.30-05.02.46:539][  0]LogConfig: Setting CVar [[r.MotionBlurQuality:4]]
[2020.08.30-05.02.46:539][  0]LogConfig: Setting CVar [[r.AmbientOcclusionMipLevelFactor:0.4]]
[2020.08.30-05.02.46:539][  0]LogConfig: Setting CVar [[r.AmbientOcclusionMaxQuality:100]]
[2020.08.30-05.02.46:539][  0]LogConfig: Setting CVar [[r.AmbientOcclusionLevels:-1]]
[2020.08.30-05.02.46:539][  0]LogConfig: Setting CVar [[r.AmbientOcclusionRadiusScale:1.0]]
[2020.08.30-05.02.46:539][  0]LogConfig: Setting CVar [[r.DepthOfFieldQuality:2]]
[2020.08.30-05.02.46:539][  0]LogConfig: Setting CVar [[r.RenderTargetPoolMin:400]]
[2020.08.30-05.02.46:539][  0]LogConfig: Setting CVar [[r.LensFlareQuality:2]]
[2020.08.30-05.02.46:539][  0]LogConfig: Setting CVar [[r.SceneColorFringeQuality:1]]
[2020.08.30-05.02.46:540][  0]LogConfig: Setting CVar [[r.EyeAdaptationQuality:2]]
[2020.08.30-05.02.46:540][  0]LogConfig: Setting CVar [[r.BloomQuality:5]]
[2020.08.30-05.02.46:540][  0]LogConfig: Setting CVar [[r.FastBlurThreshold:100]]
[2020.08.30-05.02.46:540][  0]LogConfig: Setting CVar [[r.Upscale.Quality:3]]
[2020.08.30-05.02.46:540][  0]LogConfig: Setting CVar [[r.Tonemapper.GrainQuantization:1]]
[2020.08.30-05.02.46:540][  0]LogConfig: Setting CVar [[r.LightShaftQuality:1]]
[2020.08.30-05.02.46:540][  0]LogConfig: Setting CVar [[r.Filter.SizeScale:1]]
[2020.08.30-05.02.46:540][  0]LogConfig: Setting CVar [[r.Tonemapper.Quality:5]]
[2020.08.30-05.02.46:540][  0]LogConfig: Setting CVar [[r.DOF.Gather.AccumulatorQuality:1        ; higher gathering accumulator quality]]
[2020.08.30-05.02.46:540][  0]LogConfig: Setting CVar [[r.DOF.Gather.PostfilterMethod:1          ; Median3x3 postfilering method]]
[2020.08.30-05.02.46:540][  0]LogConfig: Setting CVar [[r.DOF.Gather.EnableBokehSettings:0       ; no bokeh simulation when gathering]]
[2020.08.30-05.02.46:540][  0]LogConfig: Setting CVar [[r.DOF.Gather.RingCount:4                 ; medium number of samples when gathering]]
[2020.08.30-05.02.46:540][  0]LogConfig: Setting CVar [[r.DOF.Scatter.ForegroundCompositing:1    ; additive foreground scattering]]
[2020.08.30-05.02.46:540][  0]LogConfig: Setting CVar [[r.DOF.Scatter.BackgroundCompositing:2    ; additive background scattering]]
[2020.08.30-05.02.46:540][  0]LogConfig: Setting CVar [[r.DOF.Scatter.EnableBokehSettings:1      ; bokeh simulation when scattering]]
[2020.08.30-05.02.46:540][  0]LogConfig: Setting CVar [[r.DOF.Scatter.MaxSpriteRatio:0.1         ; only a maximum of 10% of scattered bokeh]]
[2020.08.30-05.02.46:540][  0]LogConfig: Setting CVar [[r.DOF.Recombine.Quality:1                ; cheap slight out of focus]]
[2020.08.30-05.02.46:540][  0]LogConfig: Setting CVar [[r.DOF.Recombine.EnableBokehSettings:0    ; no bokeh simulation on slight out of focus]]
[2020.08.30-05.02.46:540][  0]LogConfig: Setting CVar [[r.DOF.TemporalAAQuality:1                ; more stable temporal accumulation]]
[2020.08.30-05.02.46:540][  0]LogConfig: Setting CVar [[r.DOF.Kernel.MaxForegroundRadius:0.025]]
[2020.08.30-05.02.46:540][  0]LogConfig: Setting CVar [[r.DOF.Kernel.MaxBackgroundRadius:0.025]]
[2020.08.30-05.02.46:540][  0]LogConfig: Applying CVar settings from Section [TextureQuality@3] File [C:/Users/iylek/Desktop/Unreal/StealthGame/StealthGame_ProjectBase_4.25/StealthGame/Saved/Config/Windows/Scalability.ini]
[2020.08.30-05.02.46:540][  0]LogConfig: Setting CVar [[r.Streaming.MipBias:0]]
[2020.08.30-05.02.46:541][  0]LogConfig: Setting CVar [[r.Streaming.AmortizeCPUToGPUCopy:0]]
[2020.08.30-05.02.46:541][  0]LogConfig: Setting CVar [[r.Streaming.MaxNumTexturesToStreamPerFrame:0]]
[2020.08.30-05.02.46:541][  0]LogConfig: Setting CVar [[r.Streaming.Boost:1]]
[2020.08.30-05.02.46:541][  0]LogConfig: Setting CVar [[r.MaxAnisotropy:8]]
[2020.08.30-05.02.46:541][  0]LogConfig: Setting CVar [[r.VT.MaxAnisotropy:8]]
[2020.08.30-05.02.46:541][  0]LogConfig: Setting CVar [[r.Streaming.LimitPoolSizeToVRAM:0]]
[2020.08.30-05.02.46:541][  0]LogConfig: Setting CVar [[r.Streaming.PoolSize:1000]]
[2020.08.30-05.02.46:541][  0]LogConfig: Setting CVar [[r.Streaming.MaxEffectiveScreenSize:0]]
[2020.08.30-05.02.46:541][  0]LogConfig: Applying CVar settings from Section [EffectsQuality@3] File [C:/Users/iylek/Desktop/Unreal/StealthGame/StealthGame_ProjectBase_4.25/StealthGame/Saved/Config/Windows/Scalability.ini]
[2020.08.30-05.02.46:541][  0]LogConfig: Setting CVar [[r.TranslucencyLightingVolumeDim:64]]
[2020.08.30-05.02.46:541][  0]LogConfig: Setting CVar [[r.RefractionQuality:2]]
[2020.08.30-05.02.46:541][  0]LogConfig: Setting CVar [[r.SSR.Quality:3]]
[2020.08.30-05.02.46:542][  0]LogConfig: Setting CVar [[r.SSR.HalfResSceneColor:0]]
[2020.08.30-05.02.46:542][  0]LogConfig: Setting CVar [[r.SceneColorFormat:4]]
[2020.08.30-05.02.46:542][  0]LogConfig: Setting CVar [[r.DetailMode:2]]
[2020.08.30-05.02.46:542][  0]LogConfig: Setting CVar [[r.TranslucencyVolumeBlur:1]]
[2020.08.30-05.02.46:542][  0]LogConfig: Setting CVar [[r.MaterialQualityLevel:1 ; High quality]]
[2020.08.30-05.02.46:542][  0]LogConfig: Setting CVar [[r.SSS.Scale:1]]
[2020.08.30-05.02.46:542][  0]LogConfig: Setting CVar [[r.SSS.SampleSet:2]]
[2020.08.30-05.02.46:542][  0]LogConfig: Setting CVar [[r.SSS.Quality:1]]
[2020.08.30-05.02.46:542][  0]LogConfig: Setting CVar [[r.SSS.HalfRes:0]]
[2020.08.30-05.02.46:542][  0]LogConfig: Setting CVar [[r.SSGI.Quality:3]]
[2020.08.30-05.02.46:542][  0]LogConfig: Setting CVar [[r.EmitterSpawnRateScale:1.0]]
[2020.08.30-05.02.46:542][  0]LogConfig: Setting CVar [[r.ParticleLightQuality:2]]
[2020.08.30-05.02.46:542][  0]LogConfig: Setting CVar [[r.SkyAtmosphere.AerialPerspectiveLUT.FastApplyOnOpaque:1 ; Always have FastSkyLUT 1 in this case to avoid wrong sky]]
[2020.08.30-05.02.46:542][  0]LogConfig: Setting CVar [[r.SkyAtmosphere.AerialPerspectiveLUT.SampleCountPerSlice:1]]
[2020.08.30-05.02.46:542][  0]LogConfig: Setting CVar [[r.SkyAtmosphere.AerialPerspectiveLUT.DepthResolution:16.0]]
[2020.08.30-05.02.46:542][  0]LogConfig: Setting CVar [[r.SkyAtmosphere.FastSkyLUT:1]]
[2020.08.30-05.02.46:542][  0]LogConfig: Setting CVar [[r.SkyAtmosphere.FastSkyLUT.SampleCountMin:4.0]]
[2020.08.30-05.02.46:542][  0]LogConfig: Setting CVar [[r.SkyAtmosphere.FastSkyLUT.SampleCountMax:32.0]]
[2020.08.30-05.02.46:542][  0]LogConfig: Setting CVar [[r.SkyAtmosphere.SampleCountMin:4.0]]
[2020.08.30-05.02.46:542][  0]LogConfig: Setting CVar [[r.SkyAtmosphere.SampleCountMax:32.0]]
[2020.08.30-05.02.46:542][  0]LogConfig: Setting CVar [[r.SkyAtmosphere.TransmittanceLUT.UseSmallFormat:0]]
[2020.08.30-05.02.46:542][  0]LogConfig: Setting CVar [[r.SkyAtmosphere.TransmittanceLUT.SampleCount:10.0]]
[2020.08.30-05.02.46:543][  0]LogConfig: Setting CVar [[r.SkyAtmosphere.MultiScatteringLUT.SampleCount:15.0]]
[2020.08.30-05.02.46:543][  0]LogConfig: Applying CVar settings from Section [FoliageQuality@3] File [C:/Users/iylek/Desktop/Unreal/StealthGame/StealthGame_ProjectBase_4.25/StealthGame/Saved/Config/Windows/Scalability.ini]
[2020.08.30-05.02.46:543][  0]LogConfig: Setting CVar [[foliage.DensityScale:1.0]]
[2020.08.30-05.02.46:543][  0]LogConfig: Setting CVar [[grass.DensityScale:1.0]]
[2020.08.30-05.02.46:543][  0]LogConfig: Applying CVar settings from Section [ShadingQuality@3] File [C:/Users/iylek/Desktop/Unreal/StealthGame/StealthGame_ProjectBase_4.25/StealthGame/Saved/Config/Windows/Scalability.ini]
[2020.08.30-05.02.46:543][  0]LogConfig: Setting CVar [[r.HairStrands.SkyLighting.SampleCount:16]]
[2020.08.30-05.02.46:543][  0]LogConfig: Setting CVar [[r.HairStrands.SkyLighting.JitterIntegration:0]]
[2020.08.30-05.02.46:543][  0]LogConfig: Setting CVar [[r.HairStrands.SkyAO.SampleCount:16]]
[2020.08.30-05.02.46:543][  0]LogConfig: Setting CVar [[r.HairStrands.DeepShadow.SuperSampling:0]]
[2020.08.30-05.02.46:543][  0]LogConfig: Setting CVar [[r.HairStrands.VisibilityPPLL:0]]
[2020.08.30-05.02.46:543][  0]LogConfig: Setting CVar [[r.HairStrands.RasterizationScale:0.5]]
[2020.08.30-05.02.46:543][  0]LogConfig: Setting CVar [[r.HairStrands.VelocityRasterizationScale:1]]
[2020.08.30-05.02.46:543][  0]LogConfig: Applying CVar settings from Section [Startup] File [../../../Engine/Config/ConsoleVariables.ini]
[2020.08.30-05.02.46:543][  0]LogConfig: Setting CVar [[net.UseAdaptiveNetUpdateFrequency:0]]
[2020.08.30-05.02.46:543][  0]LogConfig: Setting CVar [[p.chaos.AllowCreatePhysxBodies:1]]
[2020.08.30-05.02.46:543][  0]LogConfig: Setting CVar [[fx.SkipVectorVMBackendOptimizations:1]]
[2020.08.30-05.02.46:544][  0]LogConfig: Applying CVar settings from Section [ConsoleVariables] File [C:/Users/iylek/Desktop/Unreal/StealthGame/StealthGame_ProjectBase_4.25/StealthGame/Saved/Config/Windows/Engine.ini]
[2020.08.30-05.02.46:544][  0]LogInit: Computer: DESKTOP-AOUSEP6
[2020.08.30-05.02.46:544][  0]LogInit: User: iylek
[2020.08.30-05.02.46:544][  0]LogInit: CPU Page size=4096, Cores=6
[2020.08.30-05.02.46:544][  0]LogInit: High frequency timer resolution =10.000000 MHz
[2020.08.30-05.02.46:544][  0]LogMemory: Memory total: Physical=16.0GB (16GB approx)
[2020.08.30-05.02.46:544][  0]LogMemory: Platform Memory Stats for Windows
[2020.08.30-05.02.46:544][  0]LogMemory: Process Physical Memory: 115.73 MB used, 115.73 MB peak
[2020.08.30-05.02.46:544][  0]LogMemory: Process Virtual Memory: 105.25 MB used, 105.25 MB peak
[2020.08.30-05.02.46:544][  0]LogMemory: Physical Memory: 11124.73 MB used,  5208.61 MB free, 16333.34 MB total
[2020.08.30-05.02.46:544][  0]LogMemory: Virtual Memory: 5173.13 MB used,  134212552.00 MB free, 134217728.00 MB total
[2020.08.30-05.02.46:552][  0]LogWindows: WindowsPlatformFeatures enabled
[2020.08.30-05.02.46:761][  0]LogInit: Physics initialised using underlying interface: PhysX
[2020.08.30-05.02.46:762][  0]LogInit: Using OS detected language (en-US).
[2020.08.30-05.02.46:762][  0]LogInit: Using OS detected locale (en-CA).
[2020.08.30-05.02.46:765][  0]LogTextLocalizationManager: No specific localization for 'en-US' exists, so the 'en' localization will be used.
[2020.08.30-05.02.46:920][  0]LogInit: Setting process to per monitor DPI aware
[2020.08.30-05.02.46:974][  0]LogSlate: New Slate User Created.  User Index 0, Is Virtual User: 0
[2020.08.30-05.02.46:974][  0]LogSlate: Slate User Registered.  User Index 0, Is Virtual User: 0
[2020.08.30-05.02.47:093][  0]LogHMD: Failed to initialize OpenVR with code 110
[2020.08.30-05.02.47:093][  0]LogD3D11RHI: D3D11 min allowed feature level: 11_0
[2020.08.30-05.02.47:093][  0]LogD3D11RHI: D3D11 max allowed feature level: 11_0
[2020.08.30-05.02.47:093][  0]LogD3D11RHI: D3D11 adapters:
[2020.08.30-05.02.47:222][  0]LogD3D11RHI:    0. 'NVIDIA GeForce RTX 2060' (Feature Level 11_0)
[2020.08.30-05.02.47:222][  0]LogD3D11RHI:       5980/0/8166 MB DedicatedVideo/DedicatedSystem/SharedSystem, Outputs:2, VendorId:0x10de
[2020.08.30-05.02.47:228][  0]LogD3D11RHI:    1. 'Microsoft Basic Render Driver' (Feature Level 11_0)
[2020.08.30-05.02.47:228][  0]LogD3D11RHI:       0/0/8166 MB DedicatedVideo/DedicatedSystem/SharedSystem, Outputs:0, VendorId:0x1414
[2020.08.30-05.02.47:228][  0]LogD3D11RHI: Chosen D3D11 Adapter: 0
[2020.08.30-05.02.47:237][  0]LogD3D11RHI: Creating new Direct3DDevice
[2020.08.30-05.02.47:237][  0]LogD3D11RHI:     GPU DeviceId: 0x1f08 (for the marketing name, search the web for "GPU Device Id")
[2020.08.30-05.02.47:237][  0]LogWindows: EnumDisplayDevices:
[2020.08.30-05.02.47:237][  0]LogWindows:    0. 'NVIDIA GeForce RTX 2060' (P:1 D:1)
[2020.08.30-05.02.47:238][  0]LogWindows:    1. 'NVIDIA GeForce RTX 2060' (P:0 D:1)
[2020.08.30-05.02.47:238][  0]LogWindows:    2. 'NVIDIA GeForce RTX 2060' (P:0 D:0)
[2020.08.30-05.02.47:238][  0]LogWindows:    3. 'NVIDIA GeForce RTX 2060' (P:0 D:0)
[2020.08.30-05.02.47:238][  0]LogWindows: DebugString: FoundDriverCount:4 
[2020.08.30-05.02.47:238][  0]LogD3D11RHI:     Adapter Name: NVIDIA GeForce RTX 2060
[2020.08.30-05.02.47:238][  0]LogD3D11RHI:   Driver Version: 452.06 (internal:27.21.14.5206, unified:452.06)
[2020.08.30-05.02.47:238][  0]LogD3D11RHI:      Driver Date: 8-12-2020
[2020.08.30-05.02.47:239][  0]LogRHI: Texture pool is 4186 MB (70% of 5980 MB)
[2020.08.30-05.02.47:296][  0]LogD3D11RHI: RHI has support for 64 bit atomics
[2020.08.30-05.02.47:298][  0]LogD3D11RHI: [Aftermath] Enabled and primed
[2020.08.30-05.02.47:298][  0]LogD3D11RHI: Async texture creation enabled
[2020.08.30-05.02.47:298][  0]LogD3D11RHI: Array index from any shader is supported
[2020.08.30-05.02.47:326][  0]LogD3D11RHI: GPU Timing Frequency: 1000.000000 (Debug: 2 1)
[2020.08.30-05.02.47:557][  0]LogTargetPlatformManager: Display: Loaded TargetPlatform 'AllDesktop'
[2020.08.30-05.02.47:579][  0]LogTargetPlatformManager: Display: Loaded TargetPlatform 'Android'
[2020.08.30-05.02.47:579][  0]LogTargetPlatformManager: Display: Loaded TargetPlatform 'Android_ASTC'
[2020.08.30-05.02.47:579][  0]LogTargetPlatformManager: Display: Loaded TargetPlatform 'Android_DXT'
[2020.08.30-05.02.47:579][  0]LogTargetPlatformManager: Display: Loaded TargetPlatform 'Android_ETC2'
[2020.08.30-05.02.47:579][  0]LogTargetPlatformManager: Display: Loaded TargetPlatform 'AndroidClient'
[2020.08.30-05.02.47:579][  0]LogTargetPlatformManager: Display: Loaded TargetPlatform 'Android_ASTCClient'
[2020.08.30-05.02.47:579][  0]LogTargetPlatformManager: Display: Loaded TargetPlatform 'Android_DXTClient'
[2020.08.30-05.02.47:579][  0]LogTargetPlatformManager: Display: Loaded TargetPlatform 'Android_ETC2Client'
[2020.08.30-05.02.47:579][  0]LogTargetPlatformManager: Display: Loaded TargetPlatform 'Android_Multi'
[2020.08.30-05.02.47:579][  0]LogTargetPlatformManager: Display: Loaded TargetPlatform 'Android_MultiClient'
[2020.08.30-05.02.47:609][  0]LogTargetPlatformManager: Display: Loaded TargetPlatform 'IOSClient'
[2020.08.30-05.02.47:609][  0]LogTargetPlatformManager: Display: Loaded TargetPlatform 'IOS'
[2020.08.30-05.02.47:620][  0]LogTargetPlatformManager: Display: Loaded TargetPlatform 'Linux'
[2020.08.30-05.02.47:631][  0]LogTargetPlatformManager: Display: Loaded TargetPlatform 'LinuxNoEditor'
[2020.08.30-05.02.47:642][  0]LogTargetPlatformManager: Display: Loaded TargetPlatform 'LinuxClient'
[2020.08.30-05.02.47:652][  0]LogTargetPlatformManager: Display: Loaded TargetPlatform 'LinuxServer'
[2020.08.30-05.02.47:663][  0]LogTargetPlatformManager: Display: Loaded TargetPlatform 'LinuxAArch64NoEditor'
[2020.08.30-05.02.47:674][  0]LogTargetPlatformManager: Display: Loaded TargetPlatform 'LinuxAArch64Client'
[2020.08.30-05.02.47:684][  0]LogTargetPlatformManager: Display: Loaded TargetPlatform 'LinuxAArch64Server'
[2020.08.30-05.02.47:710][  0]LogTargetPlatformManager: Display: Loaded TargetPlatform 'Lumin'
[2020.08.30-05.02.47:710][  0]LogTargetPlatformManager: Display: Loaded TargetPlatform 'LuminClient'
[2020.08.30-05.02.47:728][  0]LogTargetPlatformManager: Display: Loaded TargetPlatform 'TVOSClient'
[2020.08.30-05.02.47:728][  0]LogTargetPlatformManager: Display: Loaded TargetPlatform 'TVOS'
[2020.08.30-05.02.47:741][  0]LogTargetPlatformManager: Display: Loaded TargetPlatform 'WindowsNoEditor'
[2020.08.30-05.02.47:752][  0]LogTargetPlatformManager: Display: Loaded TargetPlatform 'Windows'
[2020.08.30-05.02.47:764][  0]LogTargetPlatformManager: Display: Loaded TargetPlatform 'WindowsClient'
[2020.08.30-05.02.47:774][  0]LogTargetPlatformManager: Display: Loaded TargetPlatform 'WindowsServer'
[2020.08.30-05.02.47:774][  0]LogTargetPlatformManager: Display: Building Assets For Windows
[2020.08.30-05.02.47:790][  0]LogAudioDebug: Display: Lib vorbis DLL was dynamically loaded.
[2020.08.30-05.02.47:882][  0]LogShaderCompilers: Guid format shader working directory is -51 characters bigger than the processId version (../../../../../../Users/iylek/Desktop/Unreal/StealthGame/StealthGame_ProjectBase_4.25/StealthGame/Intermediate/Shaders/WorkingDirectory/8148/).
[2020.08.30-05.02.47:882][  0]LogShaderCompilers: Cleaned the shader compiler working directory 'C:/Users/iylek/AppData/Local/Temp/UnrealShaderWorkingDir/ABC9670D47DF796C42D430BB2F499A94/'.
[2020.08.30-05.02.47:883][  0]LogXGEController: Cleaning working directory: C:/Users/iylek/AppData/Local/Temp/UnrealXGEWorkingDir/
[2020.08.30-05.02.47:883][  0]LogXGEController: Cannot use XGE Controller as Incredibuild is not installed on this machine.
[2020.08.30-05.02.47:883][  0]LogShaderCompilers: Cannot use XGE Shader Compiler as Incredibuild is not installed on this machine.
[2020.08.30-05.02.47:883][  0]LogShaderCompilers: Display: Using Local Shader Compiler.
[2020.08.30-05.02.48:567][  0]LogDerivedDataCache: Display: Max Cache Size: 512 MB
[2020.08.30-05.02.48:625][  0]LogDerivedDataCache: Loaded boot cache 0.06s 77MB C:/Users/iylek/AppData/Local/UnrealEngine/4.25/DerivedDataCache/Boot.ddc.
[2020.08.30-05.02.48:625][  0]LogDerivedDataCache: Display: Loaded Boot cache: C:/Users/iylek/AppData/Local/UnrealEngine/4.25/DerivedDataCache/Boot.ddc
[2020.08.30-05.02.48:625][  0]LogDerivedDataCache: FDerivedDataBackendGraph:  Pak pak cache file ../../../../../../Users/iylek/Desktop/Unreal/StealthGame/StealthGame_ProjectBase_4.25/StealthGame/DerivedDataCache/DDC.ddp not found, will not use a pak cache.
[2020.08.30-05.02.48:625][  0]LogDerivedDataCache: Unable to find inner node Pak for hierarchical cache Hierarchy.
[2020.08.30-05.02.48:625][  0]LogDerivedDataCache: FDerivedDataBackendGraph:  CompressedPak pak cache file ../../../../../../Users/iylek/Desktop/Unreal/StealthGame/StealthGame_ProjectBase_4.25/StealthGame/DerivedDataCache/Compressed.ddp not found, will not use a pak cache.
[2020.08.30-05.02.48:625][  0]LogDerivedDataCache: Unable to find inner node CompressedPak for hierarchical cache Hierarchy.
[2020.08.30-05.02.48:635][  0]LogDerivedDataCache: Display: Pak cache opened for reading ../../../Engine/DerivedDataCache/Compressed.ddp.
[2020.08.30-05.02.48:635][  0]LogDerivedDataCache: FDerivedDataBackendGraph:  EnterprisePak pak cache file ../../../Enterprise/DerivedDataCache/Compressed.ddp not found, will not use a pak cache.
[2020.08.30-05.02.48:636][  0]LogDerivedDataCache: Unable to find inner node EnterprisePak for hierarchical cache Hierarchy.
[2020.08.30-05.02.48:638][  0]LogDerivedDataCache: Using Local data cache path C:/Users/iylek/AppData/Local/UnrealEngine/Common/DerivedDataCache: Writable
[2020.08.30-05.02.48:638][  0]LogDerivedDataCache: Shared data cache path not found in *engine.ini, will not use an Shared cache.
[2020.08.30-05.02.48:638][  0]LogDerivedDataCache: Unable to find inner node Shared for hierarchical cache Hierarchy.
[2020.08.30-05.02.48:685][  0]LogSlate: Using FreeType 2.10.0
[2020.08.30-05.02.48:685][  0]LogSlate: SlateFontServices - WITH_FREETYPE: 1, WITH_HARFBUZZ: 1
[2020.08.30-05.02.48:708][  0]LogAssetRegistry: FAssetRegistry took 0.0039 seconds to start up
[2020.08.30-05.02.48:922][  0]LogInit: Selected Device Profile: [Windows]
[2020.08.30-05.02.49:044][  0]LogMeshReduction: Using QuadricMeshReduction for automatic static mesh reduction
[2020.08.30-05.02.49:044][  0]LogMeshReduction: Using SimplygonMeshReduction for automatic skeletal mesh reduction
[2020.08.30-05.02.49:044][  0]LogMeshReduction: Using ProxyLODMeshReduction for automatic mesh merging
[2020.08.30-05.02.49:044][  0]LogMeshReduction: No distributed automatic mesh merging module available
[2020.08.30-05.02.49:044][  0]LogMeshMerging: No distributed automatic mesh merging module available
[2020.08.30-05.02.49:059][  0]LogNetVersion: FPSGame 1.0.0, NetCL: 13144385, EngineNetVer: 14, GameNetVer: 0 (Checksum: 1304077534)
[2020.08.30-05.02.49:411][  0]LogAISub: UAISubsystem::UAISubsystem AISubsystem (000001E40A780380), frame # 0
[2020.08.30-05.02.49:411][  0]LogAISub: UAISubsystem::UAISubsystem AIPerceptionSystem (000001E40A6C3740), frame # 0
[2020.08.30-05.02.49:413][  0]LogAISub: UAISubsystem::UAISubsystem EnvQueryManager (000001E40A711E00), frame # 0
[2020.08.30-05.02.49:476][  0]LogPackageLocalizationCache: Processed 19 localized package path(s) for 1 prioritized culture(s) in 0.057212 seconds
[2020.08.30-05.02.49:481][  0]LogUObjectArray: 15917 objects as part of root set at end of initial load.
[2020.08.30-05.02.49:481][  0]LogUObjectAllocator: 3965568 out of 0 bytes used by permanent object pool.
[2020.08.30-05.02.49:481][  0]LogUObjectArray: CloseDisregardForGC: 0/0 objects in disregard for GC pool
[2020.08.30-05.02.49:942][  0]LogTcpMessaging: Initializing TcpMessaging bridge
[2020.08.30-05.02.49:949][  0]LogUdpMessaging: Initializing bridge on interface 0.0.0.0:0 to multicast group 230.0.0.1:6666.
[2020.08.30-05.02.50:189][  0]SourceControl: Source control is disabled
[2020.08.30-05.02.50:189][  0]SourceControl: Source control is disabled
[2020.08.30-05.02.50:194][  0]SourceControl: Source control is disabled
[2020.08.30-05.02.50:198][  0]SourceControl: Source control is disabled
[2020.08.30-05.02.50:209][  0]SourceControl: Source control is disabled
[2020.08.30-05.02.50:550][  0]LogAndroidPermission: UAndroidPermissionCallbackProxy::GetInstance
[2020.08.30-05.02.50:583][  0]LogAudioCaptureCore: Display: No Audio Capture implementations found. Audio input will be silent.
[2020.08.30-05.02.50:583][  0]LogAudioCaptureCore: Display: No Audio Capture implementations found. Audio input will be silent.
[2020.08.30-05.02.50:648][  0]LogOcInput: OculusInput pre-init called
[2020.08.30-05.02.50:662][  0]LogWindows: Failed to load 'OVRPlugin.dll' (GetLastError=126)
[2020.08.30-05.02.50:662][  0]LogWindows: File 'OVRPlugin.dll' does not exist
[2020.08.30-05.02.50:739][  0]LogEngine: Initializing Engine...
[2020.08.30-05.02.50:740][  0]LogHMD: Failed to initialize OpenVR with code 110
[2020.08.30-05.02.50:740][  0]LogMagicLeap: Warning: VR disabled because ZI is not enabled.  To enable, in the editor, Edit -> Project Settings -> Plugins -> Magic Leap Plugin -> Enable Zero Iteration
[2020.08.30-05.02.50:741][  0]LogStats: UGameplayTagsManager::InitializeManager -  0.000 s
[2020.08.30-05.02.50:840][  0]LogInit: Initializing FReadOnlyCVARCache
[2020.08.30-05.02.50:850][  0]LogAIModule: Creating AISystem for world Untitled
[2020.08.30-05.02.50:850][  0]LogAISub: UAISubsystem::UAISubsystem EnvQueryManager (000001E41AD86000), frame # 0
[2020.08.30-05.02.50:850][  0]LogAISub: UAISubsystem::UAISubsystem AIPerceptionSystem (000001E41AD6BB00), frame # 0
[2020.08.30-05.02.50:867][  0]LogAudioMixer: Display: Audio Mixer Platform Settings:
[2020.08.30-05.02.50:867][  0]LogAudioMixer: Display: 	Sample Rate:						  48000
[2020.08.30-05.02.50:868][  0]LogAudioMixer: Display: 	Callback Buffer Frame Size Requested: 1024
[2020.08.30-05.02.50:868][  0]LogAudioMixer: Display: 	Callback Buffer Frame Size To Use:	  1024
[2020.08.30-05.02.50:868][  0]LogAudioMixer: Display: 	Number of buffers to queue:			  2
[2020.08.30-05.02.50:868][  0]LogAudioMixer: Display: 	Max Channels (voices):				  32
[2020.08.30-05.02.50:868][  0]LogAudioMixer: Display: 	Number of Async Source Workers:		  0
[2020.08.30-05.02.50:868][  0]LogAudio: Display: AudioDevice MaxSources: 32
[2020.08.30-05.02.50:868][  0]LogAudio: Display: Using built-in audio occlusion.
[2020.08.30-05.02.50:868][  0]LogAudioMixer: Display: Initializing audio mixer.
[2020.08.30-05.02.50:884][  0]LogAudioMixer: Display: 0: FrontLeft
[2020.08.30-05.02.50:884][  0]LogAudioMixer: Display: 1: FrontRight
[2020.08.30-05.02.50:930][  0]LogAudioMixer: Display: Using Audio Device Headset Earphone (HyperX Virtual Surround Sound)
[2020.08.30-05.02.50:933][  0]LogAudioMixer: Display: Initializing Sound Submixes...
[2020.08.30-05.02.50:935][  0]LogAudioMixer: Display: Creating Master Submix 'MasterSubmixDefault'
[2020.08.30-05.02.50:935][  0]LogAudioMixer: Display: Creating Master Submix 'MasterReverbSubmixDefault'
[2020.08.30-05.02.50:936][  0]LogAudioMixer: Display: Creating Master Submix 'MasterEQSubmixDefault'
[2020.08.30-05.02.50:938][  0]LogInit: FAudioDevice initialized.
[2020.08.30-05.02.50:939][  0]LogNetVersion: Set ProjectVersion to 1.0.0.0. Version Checksum will be recalculated on next use.
[2020.08.30-05.02.51:037][  0]LogDerivedDataCache: Saved boot cache 0.10s 77MB C:/Users/iylek/AppData/Local/UnrealEngine/4.25/DerivedDataCache/Boot.ddc.
[2020.08.30-05.02.51:044][  0]LogInit: Texture streaming: Enabled
[2020.08.30-05.02.51:067][  0]LogEngineSessionManager: EngineSessionManager initialized
[2020.08.30-05.02.51:067][  0]LogEngineSessionManager: EngineSessionManager sent abnormal shutdown report. Type=Debugger, SessionId={B55EDDFB-4E91-6037-FE33-D08448D8B4E5}
[2020.08.30-05.02.51:067][  0]LogEngineSessionManager: EngineSessionManager sent abnormal shutdown report. Type=Debugger, SessionId={7DEE102D-4DD1-2690-6140-9AAF593C9D8A}
[2020.08.30-05.02.51:067][  0]LogEditorSessionSummary: Verbose: Initializing EditorSessionSummaryWriter for editor session tracking
[2020.08.30-05.02.51:069][  0]LogEditorSessionSummary: EditorSessionSummaryWriter initialized
[2020.08.30-05.02.51:123][  0]LogInit: Transaction tracking system initialized
[2020.08.30-05.02.51:156][  0]BlueprintLog: New page: Editor Load
[2020.08.30-05.02.51:258][  0]LocalizationService: Localization service is disabled
[2020.08.30-05.02.51:432][  0]LogCook: Display: Max memory allowance for cook 16384mb min free memory 0mb
[2020.08.30-05.02.51:432][  0]LogCook: Display: Mobile HDR setting 1
[2020.08.30-05.02.51:550][  0]LogFileCache: Scanning file cache for directory 'C:/Users/iylek/Desktop/Unreal/StealthGame/StealthGame_ProjectBase_4.25/StealthGame/Content/' took 0.00s
[2020.08.30-05.02.51:775][  0]SourceControl: Source control is disabled
[2020.08.30-05.02.51:775][  0]LogUnrealEdMisc: Loading editor; pre map load, took 6.758
[2020.08.30-05.02.51:775][  0]Cmd: MAP LOAD FILE="../../../../../../Users/iylek/Desktop/Unreal/StealthGame/StealthGame_ProjectBase_4.25/StealthGame/Content/Maps/FirstPersonExampleMap.umap" TEMPLATE=0 SHOWPROGRESS=1 FEATURELEVEL=3
[2020.08.30-05.02.51:776][  0]LightingResults: New page: Lighting Build
[2020.08.30-05.02.51:777][  0]LogWorld: UWorld::CleanupWorld for Untitled, bSessionEnded=true, bCleanupResources=true
[2020.08.30-05.02.51:777][  0]LogSlate: InvalidateAllWidgets triggered.  All widgets were invalidated
[2020.08.30-05.02.51:777][  0]MapCheck: New page: Map Check
[2020.08.30-05.02.51:777][  0]LightingResults: New page: Lighting Build
[2020.08.30-05.02.51:789][  0]LogAISub: UAISubsystem::~UAISubsystem EnvQueryManager (000001E41AD86000), frame # 0
[2020.08.30-05.02.51:789][  0]LogAISub: UAISubsystem::~UAISubsystem AIPerceptionSystem (000001E41AD6BB00), frame # 0
[2020.08.30-05.02.51:790][  0]LogUObjectHash: Compacting FUObjectHashTables data took   0.81ms
[2020.08.30-05.02.51:885][  0]LogAIModule: Creating AISystem for world FirstPersonExampleMap
[2020.08.30-05.02.51:885][  0]LogAISub: UAISubsystem::UAISubsystem EnvQueryManager (000001E41AF73E00), frame # 0
[2020.08.30-05.02.51:885][  0]LogAISub: UAISubsystem::UAISubsystem AIPerceptionSystem (000001E41B00A0C0), frame # 0
[2020.08.30-05.02.51:891][  0]LogEditorServer: Finished looking for orphan Actors (0.000 secs)
[2020.08.30-05.02.51:907][  0]LogUObjectHash: Compacting FUObjectHashTables data took   0.83ms
[2020.08.30-05.02.51:907][  0]Cmd: MAP CHECKDEP NOCLEARLOG
[2020.08.30-05.02.51:908][  0]MapCheck: Map check complete: 0 Error(s), 0 Warning(s), took 0.209ms to complete.
[2020.08.30-05.02.51:908][  0]LogFileHelpers: Loading map 'FirstPersonExampleMap' took 0.132
[2020.08.30-05.02.51:910][  0]LogUnrealEdMisc: Total Editor Startup Time, took 6.893
[2020.08.30-05.02.52:057][  0]LogSlate: Updating window title bar state: overlay mode, drag disabled, window buttons hidden, title bar hidden
[2020.08.30-05.02.52:064][  0]LogSlate: Updating window title bar state: overlay mode, drag disabled, window buttons hidden, title bar hidden
[2020.08.30-05.02.52:072][  0]LogSlate: Updating window title bar state: overlay mode, drag disabled, window buttons hidden, title bar hidden
[2020.08.30-05.02.52:079][  0]LogSlate: Updating window title bar state: overlay mode, drag disabled, window buttons hidden, title bar hidden
[2020.08.30-05.02.52:087][  0]LogCollectionManager: Loaded 0 collections in 0.001886 seconds
[2020.08.30-05.02.52:105][  0]LogFileCache: Scanning file cache for directory 'C:/Users/iylek/Desktop/Unreal/StealthGame/StealthGame_ProjectBase_4.25/StealthGame/Saved/Collections/' took 0.00s
[2020.08.30-05.02.52:105][  0]LogFileCache: Scanning file cache for directory 'C:/Users/iylek/Desktop/Unreal/StealthGame/StealthGame_ProjectBase_4.25/StealthGame/Content/Developers/iylek/Collections/' took 0.00s
[2020.08.30-05.02.52:106][  0]LogFileCache: Scanning file cache for directory 'C:/Users/iylek/Desktop/Unreal/StealthGame/StealthGame_ProjectBase_4.25/StealthGame/Content/Collections/' took 0.00s
[2020.08.30-05.02.52:106][  0]LogContentBrowser: Native class hierarchy populated in 0.0093 seconds. Added 3437 classes and 824 folders.
[2020.08.30-05.02.52:109][  0]LogContentBrowser: Native class hierarchy updated for 'WidgetCarousel' in 0.0003 seconds. Added 0 classes and 0 folders.
[2020.08.30-05.02.52:151][  0]LogContentBrowser: Native class hierarchy updated for 'AddContentDialog' in 0.0003 seconds. Added 0 classes and 0 folders.
[2020.08.30-05.02.52:152][  0]LogContentBrowser: Native class hierarchy updated for 'SceneOutliner' in 0.0002 seconds. Added 2 classes and 0 folders.
[2020.08.30-05.02.52:190][  0]LogSlate: Took 0.000152 seconds to synchronously load lazily loaded font '../../../Engine/Content/Slate/Fonts/Roboto-Regular.ttf' (155K)
[2020.08.30-05.02.52:192][  0]LogSlate: Took 0.000123 seconds to synchronously load lazily loaded font '../../../Engine/Content/Slate/Fonts/Roboto-Bold.ttf' (160K)
[2020.08.30-05.02.52:197][  0]LogSlate: Took 0.000162 seconds to synchronously load lazily loaded font '../../../Engine/Content/Editor/Slate/Fonts/FontAwesome.ttf' (139K)
[2020.08.30-05.02.52:252][  0]LogRenderer: Reallocating scene render targets to support 1208x600 Format 10 NumSamples 1 (Frame:1).
[2020.08.30-05.02.52:382][  0]LogContentBrowser: Native class hierarchy updated for 'HierarchicalLODOutliner' in 0.0004 seconds. Added 0 classes and 0 folders.
[2020.08.30-05.02.52:382][  0]LogLoad: (Engine Initialization) Total time: 7.37 seconds
[2020.08.30-05.02.52:382][  0]LogLoad: (Engine Initialization) Total Blueprint compile time: 0.00 seconds
[2020.08.30-05.02.52:419][  0]LogAssetRegistry: Asset discovery search completed in 3.7132 seconds
[2020.08.30-05.02.52:422][  0]LogCollectionManager: Fixed up redirectors for 0 collections in 0.000002 seconds (updated 0 objects)
[2020.08.30-05.02.52:424][  0]LogContentStreaming: Texture pool size now 1000 MB
[2020.08.30-05.02.52:514][  0]LogSlate: Took 0.000111 seconds to synchronously load lazily loaded font '../../../Engine/Content/Slate/Fonts/Roboto-Light.ttf' (167K)
[2020.08.30-05.02.57:170][538]LogTemp: Repeating last play command: Selected Viewport
[2020.08.30-05.02.57:187][538]LogPlayLevel: PlayLevel: No blueprints needed recompiling
[2020.08.30-05.02.57:188][538]PIE: New page: PIE session: FirstPersonExampleMap (Aug. 29, 2020, 9:02:57 p.m.)
[2020.08.30-05.02.57:190][538]LogOnline: OSS: Creating online subsystem instance for: NULL
[2020.08.30-05.02.57:192][538]LogOnline: OSS: TryLoadSubsystemAndSetDefault: Loaded subsystem for module [NULL]
[2020.08.30-05.02.57:192][538]LogPlayLevel: Creating play world package: /Game/Maps/UEDPIE_0_FirstPersonExampleMap
[2020.08.30-05.02.57:209][538]LogPlayLevel: PIE: StaticDuplicateObject took: (0.016220s)
[2020.08.30-05.02.57:210][538]LogAIModule: Creating AISystem for world FirstPersonExampleMap
[2020.08.30-05.02.57:211][538]LogAISub: UAISubsystem::UAISubsystem EnvQueryManager (000001E43C68FE00), frame # 538
[2020.08.30-05.02.57:211][538]LogAISub: UAISubsystem::UAISubsystem AIPerceptionSystem (000001E41B00A340), frame # 538
[2020.08.30-05.02.57:211][538]LogPlayLevel: PIE: World Init took: (0.001812s)
[2020.08.30-05.02.57:211][538]LogPlayLevel: PIE: Created PIE world by copying editor world from /Game/Maps/FirstPersonExampleMap.FirstPersonExampleMap to /Game/Maps/UEDPIE_0_FirstPersonExampleMap.FirstPersonExampleMap (0.018487s)
[2020.08.30-05.02.57:223][538]LogUObjectHash: Compacting FUObjectHashTables data took   0.63ms
[2020.08.30-05.02.57:225][538]LogAudioMixer: Display: Audio Mixer Platform Settings:
[2020.08.30-05.02.57:225][538]LogAudioMixer: Display: 	Sample Rate:						  48000
[2020.08.30-05.02.57:225][538]LogAudioMixer: Display: 	Callback Buffer Frame Size Requested: 1024
[2020.08.30-05.02.57:225][538]LogAudioMixer: Display: 	Callback Buffer Frame Size To Use:	  1024
[2020.08.30-05.02.57:225][538]LogAudioMixer: Display: 	Number of buffers to queue:			  2
[2020.08.30-05.02.57:225][538]LogAudioMixer: Display: 	Max Channels (voices):				  32
[2020.08.30-05.02.57:225][538]LogAudioMixer: Display: 	Number of Async Source Workers:		  0
[2020.08.30-05.02.57:225][538]LogAudio: Display: AudioDevice MaxSources: 32
[2020.08.30-05.02.57:226][538]LogAudio: Display: Using built-in audio occlusion.
[2020.08.30-05.02.57:226][538]LogAudioMixer: Display: Initializing audio mixer.
[2020.08.30-05.02.57:228][538]LogAudioMixer: Display: 0: FrontLeft
[2020.08.30-05.02.57:228][538]LogAudioMixer: Display: 1: FrontRight
[2020.08.30-05.02.57:254][538]LogAudioMixer: Display: Using Audio Device Headset Earphone (HyperX Virtual Surround Sound)
[2020.08.30-05.02.57:254][538]LogAudioMixer: Display: Initializing Sound Submixes...
[2020.08.30-05.02.57:255][538]LogAudioMixer: Display: Creating Master Submix 'MasterSubmixDefault'
[2020.08.30-05.02.57:255][538]LogAudioMixer: Display: Creating Master Submix 'MasterReverbSubmixDefault'
[2020.08.30-05.02.57:255][538]LogAudioMixer: Display: Creating Master Submix 'MasterEQSubmixDefault'
[2020.08.30-05.02.57:268][538]LogInit: FAudioDevice initialized.
[2020.08.30-05.02.57:281][538]LogLoad: Game class is 'BP_GameMode_C'
[2020.08.30-05.02.57:283][538]LogWorld: Bringing World /Game/Maps/UEDPIE_0_FirstPersonExampleMap.FirstPersonExampleMap up for play (max tick rate 0) at 2020.08.30-01.02.57
[2020.08.30-05.02.57:284][538]LogWorld: Bringing up level for play took: 0.002093
[2020.08.30-05.02.57:285][538]LogOnline: OSS: Creating online subsystem instance for: :Context_4
[2020.08.30-05.02.57:289][538]LogContentBrowser: Native class hierarchy updated for 'MovieSceneCapture' in 0.0004 seconds. Added 20 classes and 0 folders.
[2020.08.30-05.02.57:290][538]PIE: Server logged in
[2020.08.30-05.02.57:292][538]PIE: Play in editor total start time 0.105 seconds.
[2020.08.30-05.03.06:847][673]LogSlate: Updating window title bar state: overlay mode, drag disabled, window buttons hidden, title bar hidden
[2020.08.30-05.03.06:847][673]LogWorld: BeginTearingDown for /Game/Maps/UEDPIE_0_FirstPersonExampleMap
[2020.08.30-05.03.06:847][673]LogWorld: UWorld::CleanupWorld for FirstPersonExampleMap, bSessionEnded=true, bCleanupResources=true
[2020.08.30-05.03.06:847][673]LogSlate: InvalidateAllWidgets triggered.  All widgets were invalidated
[2020.08.30-05.03.06:860][673]LogPlayLevel: Display: Shutting down PIE online subsystems
[2020.08.30-05.03.06:861][673]LogSlate: InvalidateAllWidgets triggered.  All widgets were invalidated
[2020.08.30-05.03.06:895][673]LogSlate: Updating window title bar state: overlay mode, drag disabled, window buttons hidden, title bar hidden
[2020.08.30-05.03.06:896][673]LogAISub: UAISubsystem::~UAISubsystem EnvQueryManager (000001E43C68FE00), frame # 1673
[2020.08.30-05.03.06:896][673]LogAISub: UAISubsystem::~UAISubsystem AIPerceptionSystem (000001E41B00A340), frame # 1673
[2020.08.30-05.03.06:897][673]LogUObjectHash: Compacting FUObjectHashTables data took   0.65ms
[2020.08.30-05.03.06:929][674]LogPlayLevel: Display: Destroying online subsystem :Context_4
[2020.08.30-05.03.08:760][885]LogTemp: Repeating last play command: Selected Viewport
[2020.08.30-05.03.08:778][885]LogPlayLevel: PlayLevel: No blueprints needed recompiling
[2020.08.30-05.03.08:778][885]PIE: New page: PIE session: FirstPersonExampleMap (Aug. 29, 2020, 9:03:08 p.m.)
[2020.08.30-05.03.08:816][885]LogPlayLevel: Creating play world package: /Game/Maps/UEDPIE_0_FirstPersonExampleMap
[2020.08.30-05.03.08:828][885]LogPlayLevel: PIE: StaticDuplicateObject took: (0.011558s)
[2020.08.30-05.03.08:829][885]LogAIModule: Creating AISystem for world FirstPersonExampleMap
[2020.08.30-05.03.08:829][885]LogAISub: UAISubsystem::UAISubsystem EnvQueryManager (000001E43C68DA00), frame # 1885
[2020.08.30-05.03.08:829][885]LogAISub: UAISubsystem::UAISubsystem AIPerceptionSystem (000001E40CBF16C0), frame # 1885
[2020.08.30-05.03.08:829][885]LogPlayLevel: PIE: World Init took: (0.001381s)
[2020.08.30-05.03.08:829][885]LogPlayLevel: PIE: Created PIE world by copying editor world from /Game/Maps/FirstPersonExampleMap.FirstPersonExampleMap to /Game/Maps/UEDPIE_0_FirstPersonExampleMap.FirstPersonExampleMap (0.013360s)
[2020.08.30-05.03.08:842][885]LogUObjectHash: Compacting FUObjectHashTables data took   0.63ms
[2020.08.30-05.03.08:844][885]LogAudioMixer: Display: Audio Mixer Platform Settings:
[2020.08.30-05.03.08:844][885]LogAudioMixer: Display: 	Sample Rate:						  48000
[2020.08.30-05.03.08:845][885]LogAudioMixer: Display: 	Callback Buffer Frame Size Requested: 1024
[2020.08.30-05.03.08:845][885]LogAudioMixer: Display: 	Callback Buffer Frame Size To Use:	  1024
[2020.08.30-05.03.08:845][885]LogAudioMixer: Display: 	Number of buffers to queue:			  2
[2020.08.30-05.03.08:845][885]LogAudioMixer: Display: 	Max Channels (voices):				  32
[2020.08.30-05.03.08:845][885]LogAudioMixer: Display: 	Number of Async Source Workers:		  0
[2020.08.30-05.03.08:845][885]LogAudio: Display: AudioDevice MaxSources: 32
[2020.08.30-05.03.08:845][885]LogAudio: Display: Using built-in audio occlusion.
[2020.08.30-05.03.08:846][885]LogAudioMixer: Display: Initializing audio mixer.
[2020.08.30-05.03.08:848][885]LogAudioMixer: Display: 0: FrontLeft
[2020.08.30-05.03.08:848][885]LogAudioMixer: Display: 1: FrontRight
[2020.08.30-05.03.08:873][885]LogAudioMixer: Display: Using Audio Device Headset Earphone (HyperX Virtual Surround Sound)
[2020.08.30-05.03.08:874][885]LogAudioMixer: Display: Initializing Sound Submixes...
[2020.08.30-05.03.08:874][885]LogAudioMixer: Display: Creating Master Submix 'MasterSubmixDefault'
[2020.08.30-05.03.08:874][885]LogAudioMixer: Display: Creating Master Submix 'MasterReverbSubmixDefault'
[2020.08.30-05.03.08:874][885]LogAudioMixer: Display: Creating Master Submix 'MasterEQSubmixDefault'
[2020.08.30-05.03.08:887][885]LogInit: FAudioDevice initialized.
[2020.08.30-05.03.08:898][885]LogLoad: Game class is 'BP_GameMode_C'
[2020.08.30-05.03.08:900][885]LogWorld: Bringing World /Game/Maps/UEDPIE_0_FirstPersonExampleMap.FirstPersonExampleMap up for play (max tick rate 0) at 2020.08.30-01.03.08
[2020.08.30-05.03.08:900][885]LogWorld: Bringing up level for play took: 0.001691
[2020.08.30-05.03.08:901][885]LogOnline: OSS: Creating online subsystem instance for: :Context_5
[2020.08.30-05.03.08:904][885]PIE: Server logged in
[2020.08.30-05.03.08:905][885]PIE: Play in editor total start time 0.127 seconds.
[2020.08.30-05.03.34:067][898]LogSlate: Updating window title bar state: overlay mode, drag disabled, window buttons hidden, title bar hidden
[2020.08.30-05.03.34:067][898]LogWorld: BeginTearingDown for /Game/Maps/UEDPIE_0_FirstPersonExampleMap
[2020.08.30-05.03.34:068][898]LogWorld: UWorld::CleanupWorld for FirstPersonExampleMap, bSessionEnded=true, bCleanupResources=true
[2020.08.30-05.03.34:068][898]LogSlate: InvalidateAllWidgets triggered.  All widgets were invalidated
[2020.08.30-05.03.34:081][898]LogPlayLevel: Display: Shutting down PIE online subsystems
[2020.08.30-05.03.34:082][898]LogSlate: InvalidateAllWidgets triggered.  All widgets were invalidated
[2020.08.30-05.03.34:092][898]LogSlate: Updating window title bar state: overlay mode, drag disabled, window buttons hidden, title bar hidden
[2020.08.30-05.03.34:115][898]LogAISub: UAISubsystem::~UAISubsystem AIPerceptionSystem (000001E40CBF16C0), frame # 4898
[2020.08.30-05.03.34:115][898]LogAISub: UAISubsystem::~UAISubsystem EnvQueryManager (000001E43C68DA00), frame # 4898
[2020.08.30-05.03.34:117][898]LogUObjectHash: Compacting FUObjectHashTables data took   0.65ms
[2020.08.30-05.03.34:148][899]LogPlayLevel: Display: Destroying online subsystem :Context_5
[2020.08.30-05.03.40:297][582]LogUObjectHash: Compacting FUObjectHashTables data took   0.60ms
[2020.08.30-05.03.40:378][582]LogSlate: Window 'FPSGame - Unreal Editor' being destroyed
[2020.08.30-05.03.40:378][582]LogWindowsTextInputMethodSystem: Display: IME system now deactivated.
[2020.08.30-05.03.40:489][583]Cmd: QUIT_EDITOR
[2020.08.30-05.03.40:489][583]LogCore: Engine exit requested (reason: UUnrealEdEngine::CloseEditor())
[2020.08.30-05.03.40:499][583]LogCore: Engine exit requested (reason: EngineExit() was called; note: exit was already requested)
[2020.08.30-05.03.40:844][583]LogExit: Preparing to exit.
[2020.08.30-05.03.41:619][583]LogActorComponent: UnregisterComponent: (None.None) Not registered. Aborting.
[2020.08.30-05.03.41:619][583]LogActorComponent: UnregisterComponent: (None.None) Not registered. Aborting.
[2020.08.30-05.03.41:619][583]LogActorComponent: UnregisterComponent: (None.None) Not registered. Aborting.
[2020.08.30-05.03.41:619][583]LogActorComponent: UnregisterComponent: (None.None) Not registered. Aborting.
[2020.08.30-05.03.41:619][583]LogActorComponent: UnregisterComponent: (None.None) Not registered. Aborting.
[2020.08.30-05.03.41:620][583]LogActorComponent: UnregisterComponent: (None.None) Not registered. Aborting.
[2020.08.30-05.03.41:620][583]LogActorComponent: UnregisterComponent: (None.None) Not registered. Aborting.
[2020.08.30-05.03.41:620][583]LogWorld: UWorld::CleanupWorld for None, bSessionEnded=true, bCleanupResources=true
[2020.08.30-05.03.41:620][583]LogActorComponent: UnregisterComponent: (None.None) Not registered. Aborting.
[2020.08.30-05.03.41:620][583]LogActorComponent: UnregisterComponent: (None.None) Not registered. Aborting.
[2020.08.30-05.03.41:620][583]LogActorComponent: UnregisterComponent: (None.None) Not registered. Aborting.
[2020.08.30-05.03.41:620][583]LogActorComponent: UnregisterComponent: (None.None) Not registered. Aborting.
[2020.08.30-05.03.41:620][583]LogActorComponent: UnregisterComponent: (None.None) Not registered. Aborting.
[2020.08.30-05.03.41:620][583]LogActorComponent: UnregisterComponent: (None.None) Not registered. Aborting.
[2020.08.30-05.03.41:620][583]LogActorComponent: UnregisterComponent: (None.None) Not registered. Aborting.
[2020.08.30-05.03.41:620][583]LogWorld: UWorld::CleanupWorld for None, bSessionEnded=true, bCleanupResources=true
[2020.08.30-05.03.41:620][583]LogActorComponent: UnregisterComponent: (None.None) Not registered. Aborting.
[2020.08.30-05.03.41:621][583]LogActorComponent: UnregisterComponent: (None.None) Not registered. Aborting.
[2020.08.30-05.03.41:621][583]LogActorComponent: UnregisterComponent: (None.None) Not registered. Aborting.
[2020.08.30-05.03.41:621][583]LogActorComponent: UnregisterComponent: (None.None) Not registered. Aborting.
[2020.08.30-05.03.41:621][583]LogActorComponent: UnregisterComponent: (None.None) Not registered. Aborting.
[2020.08.30-05.03.41:621][583]LogActorComponent: UnregisterComponent: (None.None) Not registered. Aborting.
[2020.08.30-05.03.41:621][583]LogActorComponent: UnregisterComponent: (None.None) Not registered. Aborting.
[2020.08.30-05.03.41:621][583]LogWorld: UWorld::CleanupWorld for None, bSessionEnded=true, bCleanupResources=true
[2020.08.30-05.03.41:623][583]LogDemo: Cleaned up 0 splitscreen connections with owner deletion
[2020.08.30-05.03.41:625][583]LogExit: Transaction tracking system shut down
[2020.08.30-05.03.41:630][583]LogExit: Editor shut down
[2020.08.30-05.03.41:859][583]LogAISub: UAISubsystem::~UAISubsystem EnvQueryManager (000001E41AF73E00), frame # 5583
[2020.08.30-05.03.41:859][583]LogAISub: UAISubsystem::~UAISubsystem AIPerceptionSystem (000001E41B00A0C0), frame # 5583
[2020.08.30-05.03.41:881][583]LogAISub: UAISubsystem::~UAISubsystem AISubsystem (000001E40A780380), frame # 5583
[2020.08.30-05.03.41:881][583]LogAISub: UAISubsystem::~UAISubsystem AIPerceptionSystem (000001E40A6C3740), frame # 5583
[2020.08.30-05.03.41:882][583]LogAISub: UAISubsystem::~UAISubsystem EnvQueryManager (000001E40A711E00), frame # 5583
[2020.08.30-05.03.41:960][583]LogExit: Object subsystem successfully closed.
[2020.08.30-05.03.42:016][583]LogShaderCompilers: Display: Shaders left to compile 0
[2020.08.30-05.03.42:115][583]LogModuleManager: Shutting down and abandoning module MovieSceneCapture (796)
[2020.08.30-05.03.42:116][583]LogModuleManager: Shutting down and abandoning module Voice (794)
[2020.08.30-05.03.42:117][583]LogModuleManager: Shutting down and abandoning module HierarchicalLODOutliner (792)
[2020.08.30-05.03.42:117][583]LogModuleManager: Shutting down and abandoning module SceneOutliner (790)
[2020.08.30-05.03.42:117][583]LogModuleManager: Shutting down and abandoning module AddContentDialog (788)
[2020.08.30-05.03.42:118][583]LogModuleManager: Shutting down and abandoning module WidgetCarousel (787)
[2020.08.30-05.03.42:118][583]LogModuleManager: Shutting down and abandoning module EditorWidgets (784)
[2020.08.30-05.03.42:118][583]LogModuleManager: Shutting down and abandoning module CollectionManager (782)
[2020.08.30-05.03.42:119][583]LogModuleManager: Shutting down and abandoning module StatsViewer (780)
[2020.08.30-05.03.42:120][583]LogModuleManager: Shutting down and abandoning module VirtualTexturingEditor (778)
[2020.08.30-05.03.42:120][583]LogModuleManager: Shutting down and abandoning module FoliageEdit (776)
[2020.08.30-05.03.42:122][583]LogModuleManager: Shutting down and abandoning module LandscapeEditor (774)
[2020.08.30-05.03.42:125][583]LogModuleManager: Shutting down and abandoning module MeshPaintMode (772)
[2020.08.30-05.03.42:125][583]LogModuleManager: Shutting down and abandoning module SceneDepthPickerMode (770)
[2020.08.30-05.03.42:125][583]LogModuleManager: Shutting down and abandoning module ActorPickerMode (768)
[2020.08.30-05.03.42:126][583]LogModuleManager: Shutting down and abandoning module PIEPreviewDeviceProfileSelector (766)
[2020.08.30-05.03.42:127][583]LogModuleManager: Shutting down and abandoning module SequenceRecorderSections (764)
[2020.08.30-05.03.42:127][583]LogModuleManager: Shutting down and abandoning module AutomationWorker (762)
[2020.08.30-05.03.42:128][583]LogModuleManager: Shutting down and abandoning module SteamVREditor (760)
[2020.08.30-05.03.42:128][583]LogModuleManager: Shutting down and abandoning module OculusMR (758)
[2020.08.30-05.03.42:129][583]LogModuleManager: Shutting down and abandoning module GooglePADEditor (756)
[2020.08.30-05.03.42:129][583]LogModuleManager: Shutting down and abandoning module AudioCaptureEditor (754)
[2020.08.30-05.03.42:129][583]LogModuleManager: Shutting down and abandoning module TemplateSequenceEditor (752)
[2020.08.30-05.03.42:129][583]LogModuleManager: Shutting down and abandoning module MatineeToLevelSequence (750)
[2020.08.30-05.03.42:130][583]LogModuleManager: Shutting down and abandoning module LevelSequenceEditor (748)
[2020.08.30-05.03.42:131][583]LogModuleManager: Shutting down and abandoning module ActorSequenceEditor (746)
[2020.08.30-05.03.42:133][583]LogModuleManager: Shutting down and abandoning module WmfMediaFactory (744)
[2020.08.30-05.03.42:133][583]LogModuleManager: Shutting down and abandoning module WmfMediaEditor (742)
[2020.08.30-05.03.42:133][583]LogModuleManager: Shutting down and abandoning module WebMMediaFactory (740)
[2020.08.30-05.03.42:133][583]LogModuleManager: Shutting down and abandoning module WebMMediaEditor (738)
[2020.08.30-05.03.42:133][583]LogModuleManager: Shutting down and abandoning module WebMMedia (736)
[2020.08.30-05.03.42:134][583]LogModuleManager: Shutting down and abandoning module MediaPlayerEditor (734)
[2020.08.30-05.03.42:135][583]LogModuleManager: Shutting down and abandoning module MediaCompositingEditor (732)
[2020.08.30-05.03.42:136][583]LogModuleManager: Shutting down and abandoning module SequenceRecorder (731)
[2020.08.30-05.03.42:137][583]LogModuleManager: Shutting down and abandoning module OpenExrWrapper (728)
[2020.08.30-05.03.42:137][583]LogModuleManager: Shutting down and abandoning module ImgMediaFactory (726)
[2020.08.30-05.03.42:137][583]LogModuleManager: Shutting down and abandoning module ImgMediaEditor (724)
[2020.08.30-05.03.42:137][583]LogModuleManager: Shutting down and abandoning module AvfMediaFactory (722)
[2020.08.30-05.03.42:137][583]LogModuleManager: Shutting down and abandoning module AvfMediaEditor (720)
[2020.08.30-05.03.42:137][583]LogModuleManager: Shutting down and abandoning module AndroidMediaFactory (718)
[2020.08.30-05.03.42:137][583]LogModuleManager: Shutting down and abandoning module AndroidMediaEditor (716)
[2020.08.30-05.03.42:137][583]LogModuleManager: Shutting down and abandoning module MagicLeapMediaCodecFactory (714)
[2020.08.30-05.03.42:137][583]LogModuleManager: Shutting down and abandoning module MagicLeapMediaFactory (712)
[2020.08.30-05.03.42:137][583]LogModuleManager: Shutting down and abandoning module MagicLeapMediaEditor (710)
[2020.08.30-05.03.42:137][583]LogModuleManager: Shutting down and abandoning module PlanarCut (708)
[2020.08.30-05.03.42:138][583]LogModuleManager: Shutting down and abandoning module CharacterAI (706)
[2020.08.30-05.03.42:138][583]LogModuleManager: Shutting down and abandoning module TextureAlignMode (704)
[2020.08.30-05.03.42:138][583]LogModuleManager: Shutting down and abandoning module BspMode (702)
[2020.08.30-05.03.42:139][583]LogModuleManager: Shutting down and abandoning module PlacementMode (701)
[2020.08.30-05.03.42:139][583]LogModuleManager: Shutting down and abandoning module GeometryMode (698)
[2020.08.30-05.03.42:139][583]LogModuleManager: Shutting down and abandoning module CameraShakePreviewer (696)
[2020.08.30-05.03.42:141][583]LogModuleManager: Shutting down and abandoning module SmartSnapping (694)
[2020.08.30-05.03.42:141][583]LogModuleManager: Shutting down and abandoning module SessionServices (692)
[2020.08.30-05.03.42:141][583]LogModuleManager: Shutting down and abandoning module MeshPaint (690)
[2020.08.30-05.03.42:143][583]LogModuleManager: Shutting down and abandoning module ViewportSnapping (688)
[2020.08.30-05.03.42:143][583]LogModuleManager: Shutting down and abandoning module ViewportInteraction (686)
[2020.08.30-05.03.42:143][583]LogModuleManager: Shutting down and abandoning module ClothPainter (684)
[2020.08.30-05.03.42:144][583]LogModuleManager: Shutting down and abandoning module SkeletalMeshEditor (683)
[2020.08.30-05.03.42:147][583]LogModuleManager: Shutting down and abandoning module LogVisualizer (680)
[2020.08.30-05.03.42:149][583]LogModuleManager: Shutting down and abandoning module IntroTutorials (678)
[2020.08.30-05.03.42:150][583]LogModuleManager: Shutting down and abandoning module GameProjectGeneration (677)
[2020.08.30-05.03.42:150][583]LogModuleManager: Shutting down and abandoning module LuminPlatformEditor (674)
[2020.08.30-05.03.42:150][583]LogModuleManager: Shutting down and abandoning module IOSPlatformEditor (672)
[2020.08.30-05.03.42:150][583]LogModuleManager: Shutting down and abandoning module AndroidPlatformEditor (670)
[2020.08.30-05.03.42:150][583]LogModuleManager: Shutting down and abandoning module AndroidDeviceDetection (669)
